[0.506s] DEBUG:colcon:Command line arguments: ['/usr/bin/colcon', 'build']
[0.506s] DEBUG:colcon:Parsed command line arguments: Namespace(ament_cmake_args=None, base_paths=['.'], build_base='build', catkin_cmake_args=None, catkin_skip_building_tests=False, cmake_args=None, cmake_clean_cache=False, cmake_clean_first=False, cmake_force_configure=False, cmake_target=None, cmake_target_skip_unavailable=False, continue_on_error=False, event_handlers=None, executor='parallel', ignore_user_meta=False, install_base='install', log_base=None, log_level=None, main=<bound method BuildVerb.main of <colcon_core.verb.build.BuildVerb object at 0x7f7dc79ccb50>>, merge_install=False, metas=['./colcon.meta'], packages_above=None, packages_above_and_dependencies=None, packages_above_depth=None, packages_end=None, packages_ignore=None, packages_ignore_regex=None, packages_select=None, packages_select_build_failed=False, packages_select_by_dep=None, packages_select_regex=None, packages_select_test_failures=False, packages_skip=None, packages_skip_build_finished=False, packages_skip_by_dep=None, packages_skip_regex=None, packages_skip_test_passed=False, packages_skip_up_to=None, packages_start=None, packages_up_to=None, packages_up_to_regex=None, parallel_workers=3, paths=None, symlink_install=False, test_result_base=None, verb_extension=<colcon_core.verb.build.BuildVerb object at 0x7f7dc79ccb50>, verb_name='build', verb_parser=<colcon_defaults.argument_parser.defaults.DefaultArgumentsDecorator object at 0x7f7dc7b3a400>)
[0.520s] Level 1:colcon.colcon_core.package_discovery:discover_packages(colcon_meta) check parameters
[0.520s] Level 1:colcon.colcon_core.package_discovery:discover_packages(recursive) check parameters
[0.520s] Level 1:colcon.colcon_core.package_discovery:discover_packages(ignore) check parameters
[0.520s] Level 1:colcon.colcon_core.package_discovery:discover_packages(path) check parameters
[0.521s] Level 1:colcon.colcon_core.package_discovery:discover_packages(colcon_meta) discover
[0.521s] Level 1:colcon.colcon_core.package_discovery:discover_packages(recursive) discover
[0.521s] INFO:colcon.colcon_core.package_discovery:Crawling recursively for packages in '/home/rsa2021/py_pub_sub'
[0.521s] Level 1:colcon.colcon_core.package_identification:_identify(.) by extensions ['ignore', 'ignore_ament_install']
[0.522s] Level 1:colcon.colcon_core.package_identification:_identify(.) by extension 'ignore'
[0.522s] Level 1:colcon.colcon_core.package_identification:_identify(.) by extension 'ignore_ament_install'
[0.522s] Level 1:colcon.colcon_core.package_identification:_identify(.) by extensions ['colcon_pkg']
[0.522s] Level 1:colcon.colcon_core.package_identification:_identify(.) by extension 'colcon_pkg'
[0.522s] Level 1:colcon.colcon_core.package_identification:_identify(.) by extensions ['colcon_meta']
[0.522s] Level 1:colcon.colcon_core.package_identification:_identify(.) by extension 'colcon_meta'
[0.522s] Level 1:colcon.colcon_core.package_identification:_identify(.) by extensions ['ros']
[0.523s] Level 1:colcon.colcon_core.package_identification:_identify(.) by extension 'ros'
[0.546s] Level 1:colcon.colcon_core.package_identification:_identify(.) by extensions ['cmake', 'python']
[0.547s] Level 1:colcon.colcon_core.package_identification:_identify(.) by extension 'cmake'
[0.547s] Level 1:colcon.colcon_core.package_identification:_identify(.) by extension 'python'
[0.547s] Level 1:colcon.colcon_core.package_identification:_identify(.) by extensions ['python_setup_py']
[0.547s] Level 1:colcon.colcon_core.package_identification:_identify(.) by extension 'python_setup_py'
[0.547s] Level 1:colcon.colcon_core.package_identification:_identify(build) by extensions ['ignore', 'ignore_ament_install']
[0.547s] Level 1:colcon.colcon_core.package_identification:_identify(build) by extension 'ignore'
[0.547s] Level 1:colcon.colcon_core.package_identification:_identify(build) ignored
[0.547s] Level 1:colcon.colcon_core.package_identification:_identify(install) by extensions ['ignore', 'ignore_ament_install']
[0.548s] Level 1:colcon.colcon_core.package_identification:_identify(install) by extension 'ignore'
[0.548s] Level 1:colcon.colcon_core.package_identification:_identify(install) ignored
[0.548s] Level 1:colcon.colcon_core.package_identification:_identify(log) by extensions ['ignore', 'ignore_ament_install']
[0.548s] Level 1:colcon.colcon_core.package_identification:_identify(log) by extension 'ignore'
[0.549s] Level 1:colcon.colcon_core.package_identification:_identify(log) ignored
[0.549s] Level 1:colcon.colcon_core.package_identification:_identify(src) by extensions ['ignore', 'ignore_ament_install']
[0.549s] Level 1:colcon.colcon_core.package_identification:_identify(src) by extension 'ignore'
[0.549s] Level 1:colcon.colcon_core.package_identification:_identify(src) by extension 'ignore_ament_install'
[0.549s] Level 1:colcon.colcon_core.package_identification:_identify(src) by extensions ['colcon_pkg']
[0.549s] Level 1:colcon.colcon_core.package_identification:_identify(src) by extension 'colcon_pkg'
[0.549s] Level 1:colcon.colcon_core.package_identification:_identify(src) by extensions ['colcon_meta']
[0.549s] Level 1:colcon.colcon_core.package_identification:_identify(src) by extension 'colcon_meta'
[0.549s] Level 1:colcon.colcon_core.package_identification:_identify(src) by extensions ['ros']
[0.550s] Level 1:colcon.colcon_core.package_identification:_identify(src) by extension 'ros'
[0.550s] Level 1:colcon.colcon_core.package_identification:_identify(src) by extensions ['cmake', 'python']
[0.550s] Level 1:colcon.colcon_core.package_identification:_identify(src) by extension 'cmake'
[0.550s] Level 1:colcon.colcon_core.package_identification:_identify(src) by extension 'python'
[0.550s] Level 1:colcon.colcon_core.package_identification:_identify(src) by extensions ['python_setup_py']
[0.550s] Level 1:colcon.colcon_core.package_identification:_identify(src) by extension 'python_setup_py'
[0.550s] Level 1:colcon.colcon_core.package_identification:_identify(src/FF-X) by extensions ['ignore', 'ignore_ament_install']
[0.551s] Level 1:colcon.colcon_core.package_identification:_identify(src/FF-X) by extension 'ignore'
[0.551s] Level 1:colcon.colcon_core.package_identification:_identify(src/FF-X) by extension 'ignore_ament_install'
[0.551s] Level 1:colcon.colcon_core.package_identification:_identify(src/FF-X) by extensions ['colcon_pkg']
[0.551s] Level 1:colcon.colcon_core.package_identification:_identify(src/FF-X) by extension 'colcon_pkg'
[0.551s] Level 1:colcon.colcon_core.package_identification:_identify(src/FF-X) by extensions ['colcon_meta']
[0.551s] Level 1:colcon.colcon_core.package_identification:_identify(src/FF-X) by extension 'colcon_meta'
[0.551s] Level 1:colcon.colcon_core.package_identification:_identify(src/FF-X) by extensions ['ros']
[0.551s] Level 1:colcon.colcon_core.package_identification:_identify(src/FF-X) by extension 'ros'
[0.551s] Level 1:colcon.colcon_core.package_identification:_identify(src/FF-X) by extensions ['cmake', 'python']
[0.551s] Level 1:colcon.colcon_core.package_identification:_identify(src/FF-X) by extension 'cmake'
[0.552s] Level 1:colcon.colcon_core.package_identification:_identify(src/FF-X) by extension 'python'
[0.552s] Level 1:colcon.colcon_core.package_identification:_identify(src/FF-X) by extensions ['python_setup_py']
[0.552s] Level 1:colcon.colcon_core.package_identification:_identify(src/FF-X) by extension 'python_setup_py'
[0.552s] Level 1:colcon.colcon_core.package_identification:_identify(src/comp3431_interfaces) by extensions ['ignore', 'ignore_ament_install']
[0.552s] Level 1:colcon.colcon_core.package_identification:_identify(src/comp3431_interfaces) by extension 'ignore'
[0.552s] Level 1:colcon.colcon_core.package_identification:_identify(src/comp3431_interfaces) by extension 'ignore_ament_install'
[0.552s] Level 1:colcon.colcon_core.package_identification:_identify(src/comp3431_interfaces) by extensions ['colcon_pkg']
[0.552s] Level 1:colcon.colcon_core.package_identification:_identify(src/comp3431_interfaces) by extension 'colcon_pkg'
[0.552s] Level 1:colcon.colcon_core.package_identification:_identify(src/comp3431_interfaces) by extensions ['colcon_meta']
[0.552s] Level 1:colcon.colcon_core.package_identification:_identify(src/comp3431_interfaces) by extension 'colcon_meta'
[0.553s] Level 1:colcon.colcon_core.package_identification:_identify(src/comp3431_interfaces) by extensions ['ros']
[0.553s] Level 1:colcon.colcon_core.package_identification:_identify(src/comp3431_interfaces) by extension 'ros'
[0.553s] Level 1:colcon.colcon_core.package_identification:_identify(src/comp3431_interfaces) by extensions ['cmake', 'python']
[0.553s] Level 1:colcon.colcon_core.package_identification:_identify(src/comp3431_interfaces) by extension 'cmake'
[0.553s] Level 1:colcon.colcon_core.package_identification:_identify(src/comp3431_interfaces) by extension 'python'
[0.553s] Level 1:colcon.colcon_core.package_identification:_identify(src/comp3431_interfaces) by extensions ['python_setup_py']
[0.553s] Level 1:colcon.colcon_core.package_identification:_identify(src/comp3431_interfaces) by extension 'python_setup_py'
[0.553s] Level 1:colcon.colcon_core.package_identification:_identify(src/comp3431_interfaces/comp3431_interfaces-rolling) by extensions ['ignore', 'ignore_ament_install']
[0.553s] Level 1:colcon.colcon_core.package_identification:_identify(src/comp3431_interfaces/comp3431_interfaces-rolling) by extension 'ignore'
[0.553s] Level 1:colcon.colcon_core.package_identification:_identify(src/comp3431_interfaces/comp3431_interfaces-rolling) by extension 'ignore_ament_install'
[0.554s] Level 1:colcon.colcon_core.package_identification:_identify(src/comp3431_interfaces/comp3431_interfaces-rolling) by extensions ['colcon_pkg']
[0.554s] Level 1:colcon.colcon_core.package_identification:_identify(src/comp3431_interfaces/comp3431_interfaces-rolling) by extension 'colcon_pkg'
[0.554s] Level 1:colcon.colcon_core.package_identification:_identify(src/comp3431_interfaces/comp3431_interfaces-rolling) by extensions ['colcon_meta']
[0.554s] Level 1:colcon.colcon_core.package_identification:_identify(src/comp3431_interfaces/comp3431_interfaces-rolling) by extension 'colcon_meta'
[0.554s] Level 1:colcon.colcon_core.package_identification:_identify(src/comp3431_interfaces/comp3431_interfaces-rolling) by extensions ['ros']
[0.554s] Level 1:colcon.colcon_core.package_identification:_identify(src/comp3431_interfaces/comp3431_interfaces-rolling) by extension 'ros'
[0.562s] DEBUG:colcon.colcon_core.package_identification:Package 'src/comp3431_interfaces/comp3431_interfaces-rolling' with type 'ros.ament_cmake' and name 'comp3431_interfaces'
[0.562s] Level 1:colcon.colcon_core.package_identification:_identify(src/image_publisher) by extensions ['ignore', 'ignore_ament_install']
[0.562s] Level 1:colcon.colcon_core.package_identification:_identify(src/image_publisher) by extension 'ignore'
[0.562s] Level 1:colcon.colcon_core.package_identification:_identify(src/image_publisher) by extension 'ignore_ament_install'
[0.563s] Level 1:colcon.colcon_core.package_identification:_identify(src/image_publisher) by extensions ['colcon_pkg']
[0.563s] Level 1:colcon.colcon_core.package_identification:_identify(src/image_publisher) by extension 'colcon_pkg'
[0.563s] Level 1:colcon.colcon_core.package_identification:_identify(src/image_publisher) by extensions ['colcon_meta']
[0.563s] Level 1:colcon.colcon_core.package_identification:_identify(src/image_publisher) by extension 'colcon_meta'
[0.563s] Level 1:colcon.colcon_core.package_identification:_identify(src/image_publisher) by extensions ['ros']
[0.563s] Level 1:colcon.colcon_core.package_identification:_identify(src/image_publisher) by extension 'ros'
[0.566s] DEBUG:colcon.colcon_core.package_identification:Package 'src/image_publisher' with type 'ros.ament_cmake' and name 'image_publisher'
[0.566s] Level 1:colcon.colcon_core.package_identification:_identify(src/map_server) by extensions ['ignore', 'ignore_ament_install']
[0.566s] Level 1:colcon.colcon_core.package_identification:_identify(src/map_server) by extension 'ignore'
[0.566s] Level 1:colcon.colcon_core.package_identification:_identify(src/map_server) by extension 'ignore_ament_install'
[0.567s] Level 1:colcon.colcon_core.package_identification:_identify(src/map_server) by extensions ['colcon_pkg']
[0.567s] Level 1:colcon.colcon_core.package_identification:_identify(src/map_server) by extension 'colcon_pkg'
[0.567s] Level 1:colcon.colcon_core.package_identification:_identify(src/map_server) by extensions ['colcon_meta']
[0.567s] Level 1:colcon.colcon_core.package_identification:_identify(src/map_server) by extension 'colcon_meta'
[0.567s] Level 1:colcon.colcon_core.package_identification:_identify(src/map_server) by extensions ['ros']
[0.567s] Level 1:colcon.colcon_core.package_identification:_identify(src/map_server) by extension 'ros'
[0.569s] DEBUG:colcon.colcon_core.package_identification:Package 'src/map_server' with type 'ros.ament_python' and name 'map_server'
[0.569s] Level 1:colcon.colcon_core.package_identification:_identify(src/publisher3431) by extensions ['ignore', 'ignore_ament_install']
[0.569s] Level 1:colcon.colcon_core.package_identification:_identify(src/publisher3431) by extension 'ignore'
[0.569s] Level 1:colcon.colcon_core.package_identification:_identify(src/publisher3431) by extension 'ignore_ament_install'
[0.569s] Level 1:colcon.colcon_core.package_identification:_identify(src/publisher3431) by extensions ['colcon_pkg']
[0.569s] Level 1:colcon.colcon_core.package_identification:_identify(src/publisher3431) by extension 'colcon_pkg'
[0.569s] Level 1:colcon.colcon_core.package_identification:_identify(src/publisher3431) by extensions ['colcon_meta']
[0.569s] Level 1:colcon.colcon_core.package_identification:_identify(src/publisher3431) by extension 'colcon_meta'
[0.570s] Level 1:colcon.colcon_core.package_identification:_identify(src/publisher3431) by extensions ['ros']
[0.570s] Level 1:colcon.colcon_core.package_identification:_identify(src/publisher3431) by extension 'ros'
[0.571s] DEBUG:colcon.colcon_core.package_identification:Package 'src/publisher3431' with type 'ros.ament_python' and name 'publisher3431'
[0.571s] Level 1:colcon.colcon_core.package_identification:_identify(src/zbar_ros) by extensions ['ignore', 'ignore_ament_install']
[0.572s] Level 1:colcon.colcon_core.package_identification:_identify(src/zbar_ros) by extension 'ignore'
[0.572s] Level 1:colcon.colcon_core.package_identification:_identify(src/zbar_ros) by extension 'ignore_ament_install'
[0.572s] Level 1:colcon.colcon_core.package_identification:_identify(src/zbar_ros) by extensions ['colcon_pkg']
[0.572s] Level 1:colcon.colcon_core.package_identification:_identify(src/zbar_ros) by extension 'colcon_pkg'
[0.572s] Level 1:colcon.colcon_core.package_identification:_identify(src/zbar_ros) by extensions ['colcon_meta']
[0.572s] Level 1:colcon.colcon_core.package_identification:_identify(src/zbar_ros) by extension 'colcon_meta'
[0.572s] Level 1:colcon.colcon_core.package_identification:_identify(src/zbar_ros) by extensions ['ros']
[0.572s] Level 1:colcon.colcon_core.package_identification:_identify(src/zbar_ros) by extension 'ros'
[0.574s] DEBUG:colcon.colcon_core.package_identification:Package 'src/zbar_ros' with type 'ros.ament_cmake' and name 'zbar_ros'
[0.574s] Level 1:colcon.colcon_core.package_identification:_identify(src/zbar_ros_interfaces) by extensions ['ignore', 'ignore_ament_install']
[0.574s] Level 1:colcon.colcon_core.package_identification:_identify(src/zbar_ros_interfaces) by extension 'ignore'
[0.574s] Level 1:colcon.colcon_core.package_identification:_identify(src/zbar_ros_interfaces) by extension 'ignore_ament_install'
[0.574s] Level 1:colcon.colcon_core.package_identification:_identify(src/zbar_ros_interfaces) by extensions ['colcon_pkg']
[0.574s] Level 1:colcon.colcon_core.package_identification:_identify(src/zbar_ros_interfaces) by extension 'colcon_pkg'
[0.575s] Level 1:colcon.colcon_core.package_identification:_identify(src/zbar_ros_interfaces) by extensions ['colcon_meta']
[0.575s] Level 1:colcon.colcon_core.package_identification:_identify(src/zbar_ros_interfaces) by extension 'colcon_meta'
[0.575s] Level 1:colcon.colcon_core.package_identification:_identify(src/zbar_ros_interfaces) by extensions ['ros']
[0.575s] Level 1:colcon.colcon_core.package_identification:_identify(src/zbar_ros_interfaces) by extension 'ros'
[0.576s] DEBUG:colcon.colcon_core.package_identification:Package 'src/zbar_ros_interfaces' with type 'ros.ament_cmake' and name 'zbar_ros_interfaces'
[0.576s] Level 1:colcon.colcon_core.package_discovery:discover_packages(recursive) using defaults
[0.576s] Level 1:colcon.colcon_core.package_discovery:discover_packages(ignore) discover
[0.576s] Level 1:colcon.colcon_core.package_discovery:discover_packages(ignore) using defaults
[0.576s] Level 1:colcon.colcon_core.package_discovery:discover_packages(path) discover
[0.576s] Level 1:colcon.colcon_core.package_discovery:discover_packages(path) using defaults
[0.620s] Level 5:colcon.colcon_core.verb:set package 'comp3431_interfaces' build argument 'cmake_args' from command line to 'None'
[0.620s] Level 5:colcon.colcon_core.verb:set package 'comp3431_interfaces' build argument 'cmake_target' from command line to 'None'
[0.620s] Level 5:colcon.colcon_core.verb:set package 'comp3431_interfaces' build argument 'cmake_target_skip_unavailable' from command line to 'False'
[0.620s] Level 5:colcon.colcon_core.verb:set package 'comp3431_interfaces' build argument 'cmake_clean_cache' from command line to 'False'
[0.620s] Level 5:colcon.colcon_core.verb:set package 'comp3431_interfaces' build argument 'cmake_clean_first' from command line to 'False'
[0.620s] Level 5:colcon.colcon_core.verb:set package 'comp3431_interfaces' build argument 'cmake_force_configure' from command line to 'False'
[0.620s] Level 5:colcon.colcon_core.verb:set package 'comp3431_interfaces' build argument 'ament_cmake_args' from command line to 'None'
[0.620s] Level 5:colcon.colcon_core.verb:set package 'comp3431_interfaces' build argument 'catkin_cmake_args' from command line to 'None'
[0.620s] Level 5:colcon.colcon_core.verb:set package 'comp3431_interfaces' build argument 'catkin_skip_building_tests' from command line to 'False'
[0.620s] DEBUG:colcon.colcon_core.verb:Building package 'comp3431_interfaces' with the following arguments: {'ament_cmake_args': None, 'build_base': '/home/rsa2021/py_pub_sub/build/comp3431_interfaces', 'catkin_cmake_args': None, 'catkin_skip_building_tests': False, 'cmake_args': None, 'cmake_clean_cache': False, 'cmake_clean_first': False, 'cmake_force_configure': False, 'cmake_target': None, 'cmake_target_skip_unavailable': False, 'install_base': '/home/rsa2021/py_pub_sub/install/comp3431_interfaces', 'merge_install': False, 'path': '/home/rsa2021/py_pub_sub/src/comp3431_interfaces/comp3431_interfaces-rolling', 'symlink_install': False, 'test_result_base': None}
[0.625s] Level 5:colcon.colcon_core.verb:set package 'image_publisher' build argument 'cmake_args' from command line to 'None'
[0.625s] Level 5:colcon.colcon_core.verb:set package 'image_publisher' build argument 'cmake_target' from command line to 'None'
[0.625s] Level 5:colcon.colcon_core.verb:set package 'image_publisher' build argument 'cmake_target_skip_unavailable' from command line to 'False'
[0.625s] Level 5:colcon.colcon_core.verb:set package 'image_publisher' build argument 'cmake_clean_cache' from command line to 'False'
[0.625s] Level 5:colcon.colcon_core.verb:set package 'image_publisher' build argument 'cmake_clean_first' from command line to 'False'
[0.625s] Level 5:colcon.colcon_core.verb:set package 'image_publisher' build argument 'cmake_force_configure' from command line to 'False'
[0.625s] Level 5:colcon.colcon_core.verb:set package 'image_publisher' build argument 'ament_cmake_args' from command line to 'None'
[0.625s] Level 5:colcon.colcon_core.verb:set package 'image_publisher' build argument 'catkin_cmake_args' from command line to 'None'
[0.625s] Level 5:colcon.colcon_core.verb:set package 'image_publisher' build argument 'catkin_skip_building_tests' from command line to 'False'
[0.625s] DEBUG:colcon.colcon_core.verb:Building package 'image_publisher' with the following arguments: {'ament_cmake_args': None, 'build_base': '/home/rsa2021/py_pub_sub/build/image_publisher', 'catkin_cmake_args': None, 'catkin_skip_building_tests': False, 'cmake_args': None, 'cmake_clean_cache': False, 'cmake_clean_first': False, 'cmake_force_configure': False, 'cmake_target': None, 'cmake_target_skip_unavailable': False, 'install_base': '/home/rsa2021/py_pub_sub/install/image_publisher', 'merge_install': False, 'path': '/home/rsa2021/py_pub_sub/src/image_publisher', 'symlink_install': False, 'test_result_base': None}
[0.630s] Level 5:colcon.colcon_core.verb:set package 'publisher3431' build argument 'cmake_args' from command line to 'None'
[0.630s] Level 5:colcon.colcon_core.verb:set package 'publisher3431' build argument 'cmake_target' from command line to 'None'
[0.630s] Level 5:colcon.colcon_core.verb:set package 'publisher3431' build argument 'cmake_target_skip_unavailable' from command line to 'False'
[0.630s] Level 5:colcon.colcon_core.verb:set package 'publisher3431' build argument 'cmake_clean_cache' from command line to 'False'
[0.630s] Level 5:colcon.colcon_core.verb:set package 'publisher3431' build argument 'cmake_clean_first' from command line to 'False'
[0.631s] Level 5:colcon.colcon_core.verb:set package 'publisher3431' build argument 'cmake_force_configure' from command line to 'False'
[0.631s] Level 5:colcon.colcon_core.verb:set package 'publisher3431' build argument 'ament_cmake_args' from command line to 'None'
[0.631s] Level 5:colcon.colcon_core.verb:set package 'publisher3431' build argument 'catkin_cmake_args' from command line to 'None'
[0.631s] Level 5:colcon.colcon_core.verb:set package 'publisher3431' build argument 'catkin_skip_building_tests' from command line to 'False'
[0.631s] DEBUG:colcon.colcon_core.verb:Building package 'publisher3431' with the following arguments: {'ament_cmake_args': None, 'build_base': '/home/rsa2021/py_pub_sub/build/publisher3431', 'catkin_cmake_args': None, 'catkin_skip_building_tests': False, 'cmake_args': None, 'cmake_clean_cache': False, 'cmake_clean_first': False, 'cmake_force_configure': False, 'cmake_target': None, 'cmake_target_skip_unavailable': False, 'install_base': '/home/rsa2021/py_pub_sub/install/publisher3431', 'merge_install': False, 'path': '/home/rsa2021/py_pub_sub/src/publisher3431', 'symlink_install': False, 'test_result_base': None}
[0.635s] Level 5:colcon.colcon_core.verb:set package 'zbar_ros_interfaces' build argument 'cmake_args' from command line to 'None'
[0.635s] Level 5:colcon.colcon_core.verb:set package 'zbar_ros_interfaces' build argument 'cmake_target' from command line to 'None'
[0.635s] Level 5:colcon.colcon_core.verb:set package 'zbar_ros_interfaces' build argument 'cmake_target_skip_unavailable' from command line to 'False'
[0.635s] Level 5:colcon.colcon_core.verb:set package 'zbar_ros_interfaces' build argument 'cmake_clean_cache' from command line to 'False'
[0.635s] Level 5:colcon.colcon_core.verb:set package 'zbar_ros_interfaces' build argument 'cmake_clean_first' from command line to 'False'
[0.635s] Level 5:colcon.colcon_core.verb:set package 'zbar_ros_interfaces' build argument 'cmake_force_configure' from command line to 'False'
[0.635s] Level 5:colcon.colcon_core.verb:set package 'zbar_ros_interfaces' build argument 'ament_cmake_args' from command line to 'None'
[0.635s] Level 5:colcon.colcon_core.verb:set package 'zbar_ros_interfaces' build argument 'catkin_cmake_args' from command line to 'None'
[0.635s] Level 5:colcon.colcon_core.verb:set package 'zbar_ros_interfaces' build argument 'catkin_skip_building_tests' from command line to 'False'
[0.635s] DEBUG:colcon.colcon_core.verb:Building package 'zbar_ros_interfaces' with the following arguments: {'ament_cmake_args': None, 'build_base': '/home/rsa2021/py_pub_sub/build/zbar_ros_interfaces', 'catkin_cmake_args': None, 'catkin_skip_building_tests': False, 'cmake_args': None, 'cmake_clean_cache': False, 'cmake_clean_first': False, 'cmake_force_configure': False, 'cmake_target': None, 'cmake_target_skip_unavailable': False, 'install_base': '/home/rsa2021/py_pub_sub/install/zbar_ros_interfaces', 'merge_install': False, 'path': '/home/rsa2021/py_pub_sub/src/zbar_ros_interfaces', 'symlink_install': False, 'test_result_base': None}
[0.639s] Level 5:colcon.colcon_core.verb:set package 'map_server' build argument 'cmake_args' from command line to 'None'
[0.639s] Level 5:colcon.colcon_core.verb:set package 'map_server' build argument 'cmake_target' from command line to 'None'
[0.640s] Level 5:colcon.colcon_core.verb:set package 'map_server' build argument 'cmake_target_skip_unavailable' from command line to 'False'
[0.640s] Level 5:colcon.colcon_core.verb:set package 'map_server' build argument 'cmake_clean_cache' from command line to 'False'
[0.640s] Level 5:colcon.colcon_core.verb:set package 'map_server' build argument 'cmake_clean_first' from command line to 'False'
[0.640s] Level 5:colcon.colcon_core.verb:set package 'map_server' build argument 'cmake_force_configure' from command line to 'False'
[0.640s] Level 5:colcon.colcon_core.verb:set package 'map_server' build argument 'ament_cmake_args' from command line to 'None'
[0.640s] Level 5:colcon.colcon_core.verb:set package 'map_server' build argument 'catkin_cmake_args' from command line to 'None'
[0.640s] Level 5:colcon.colcon_core.verb:set package 'map_server' build argument 'catkin_skip_building_tests' from command line to 'False'
[0.640s] DEBUG:colcon.colcon_core.verb:Building package 'map_server' with the following arguments: {'ament_cmake_args': None, 'build_base': '/home/rsa2021/py_pub_sub/build/map_server', 'catkin_cmake_args': None, 'catkin_skip_building_tests': False, 'cmake_args': None, 'cmake_clean_cache': False, 'cmake_clean_first': False, 'cmake_force_configure': False, 'cmake_target': None, 'cmake_target_skip_unavailable': False, 'install_base': '/home/rsa2021/py_pub_sub/install/map_server', 'merge_install': False, 'path': '/home/rsa2021/py_pub_sub/src/map_server', 'symlink_install': False, 'test_result_base': None}
[0.644s] Level 5:colcon.colcon_core.verb:set package 'zbar_ros' build argument 'cmake_args' from command line to 'None'
[0.644s] Level 5:colcon.colcon_core.verb:set package 'zbar_ros' build argument 'cmake_target' from command line to 'None'
[0.644s] Level 5:colcon.colcon_core.verb:set package 'zbar_ros' build argument 'cmake_target_skip_unavailable' from command line to 'False'
[0.644s] Level 5:colcon.colcon_core.verb:set package 'zbar_ros' build argument 'cmake_clean_cache' from command line to 'False'
[0.644s] Level 5:colcon.colcon_core.verb:set package 'zbar_ros' build argument 'cmake_clean_first' from command line to 'False'
[0.644s] Level 5:colcon.colcon_core.verb:set package 'zbar_ros' build argument 'cmake_force_configure' from command line to 'False'
[0.644s] Level 5:colcon.colcon_core.verb:set package 'zbar_ros' build argument 'ament_cmake_args' from command line to 'None'
[0.644s] Level 5:colcon.colcon_core.verb:set package 'zbar_ros' build argument 'catkin_cmake_args' from command line to 'None'
[0.644s] Level 5:colcon.colcon_core.verb:set package 'zbar_ros' build argument 'catkin_skip_building_tests' from command line to 'False'
[0.644s] DEBUG:colcon.colcon_core.verb:Building package 'zbar_ros' with the following arguments: {'ament_cmake_args': None, 'build_base': '/home/rsa2021/py_pub_sub/build/zbar_ros', 'catkin_cmake_args': None, 'catkin_skip_building_tests': False, 'cmake_args': None, 'cmake_clean_cache': False, 'cmake_clean_first': False, 'cmake_force_configure': False, 'cmake_target': None, 'cmake_target_skip_unavailable': False, 'install_base': '/home/rsa2021/py_pub_sub/install/zbar_ros', 'merge_install': False, 'path': '/home/rsa2021/py_pub_sub/src/zbar_ros', 'symlink_install': False, 'test_result_base': None}
[0.645s] INFO:colcon.colcon_core.executor:Executing jobs using 'parallel' executor
[0.648s] DEBUG:colcon.colcon_parallel_executor.executor.parallel:run_until_complete
[0.650s] INFO:colcon.colcon_ros.task.ament_cmake.build:Building ROS package in '/home/rsa2021/py_pub_sub/src/comp3431_interfaces/comp3431_interfaces-rolling' with build type 'ament_cmake'
[0.650s] INFO:colcon.colcon_cmake.task.cmake.build:Building CMake package in '/home/rsa2021/py_pub_sub/src/comp3431_interfaces/comp3431_interfaces-rolling'
[0.659s] INFO:colcon.colcon_core.plugin_system:Skipping extension 'colcon_core.shell.bat': Not used on non-Windows systems
[0.659s] INFO:colcon.colcon_core.shell:Skip shell extension 'powershell' for command environment: Not usable outside of PowerShell
[0.659s] DEBUG:colcon.colcon_core.shell:Skip shell extension 'dsv' for command environment
[0.665s] DEBUG:colcon.colcon_core.shell:Ignoring prefix path '/opt/ros/foxy'
[0.670s] INFO:colcon.colcon_ros.task.ament_cmake.build:Building ROS package in '/home/rsa2021/py_pub_sub/src/zbar_ros_interfaces' with build type 'ament_cmake'
[0.671s] INFO:colcon.colcon_cmake.task.cmake.build:Building CMake package in '/home/rsa2021/py_pub_sub/src/zbar_ros_interfaces'
[0.672s] INFO:colcon.colcon_core.shell:Skip shell extension 'powershell' for command environment: Not usable outside of PowerShell
[0.673s] DEBUG:colcon.colcon_core.shell:Skip shell extension 'dsv' for command environment
[0.680s] DEBUG:colcon.colcon_core.shell:Ignoring prefix path '/opt/ros/foxy'
[0.687s] INFO:colcon.colcon_ros.task.ament_cmake.build:Building ROS package in '/home/rsa2021/py_pub_sub/src/image_publisher' with build type 'ament_cmake'
[0.687s] INFO:colcon.colcon_cmake.task.cmake.build:Building CMake package in '/home/rsa2021/py_pub_sub/src/image_publisher'
[0.689s] INFO:colcon.colcon_core.shell:Skip shell extension 'powershell' for command environment: Not usable outside of PowerShell
[0.689s] DEBUG:colcon.colcon_core.shell:Skip shell extension 'dsv' for command environment
[0.695s] DEBUG:colcon.colcon_core.shell:Ignoring prefix path '/opt/ros/foxy'
[0.722s] DEBUG:colcon.colcon_core.event_handler.log_command:Invoking command in '/home/rsa2021/py_pub_sub/build/comp3431_interfaces': CMAKE_PREFIX_PATH=/home/rsa2021/py_pub_sub/install/zbar_ros:/home/rsa2021/py_pub_sub/install/zbar_ros_interfaces:/home/rsa2021/py_pub_sub/install/publisher3431:/home/rsa2021/py_pub_sub/install/map_server:/home/rsa2021/dev_ws/install/py_srvcli:/home/rsa2021/dev_ws/install/py_pubsub:/home/rsa2021/dev_ws/install/learning_tf2_py:/home/rsa2021/dev_ws/install/my_package:/opt/ros/foxy:/home/rsa2021/py_pub_sub/install/image_publisher:/home/rsa2021/py_pub_sub/install/comp3431_interfaces:/home/rsa2021/py_pub_sub/install/comp3431_ass3_worlds:/home/rsa2021/dev_ws/install/tutorial_interfaces:/home/rsa2021/dev_ws/install/turtlesim:/home/rsa2021/dev_ws/install/comp3431_interfaces /usr/bin/cmake --build /home/rsa2021/py_pub_sub/build/comp3431_interfaces -- -j3 -l3
[0.743s] DEBUG:colcon.colcon_core.event_handler.log_command:Invoking command in '/home/rsa2021/py_pub_sub/build/zbar_ros_interfaces': CMAKE_PREFIX_PATH=/home/rsa2021/py_pub_sub/install/zbar_ros:/home/rsa2021/py_pub_sub/install/zbar_ros_interfaces:/home/rsa2021/py_pub_sub/install/publisher3431:/home/rsa2021/py_pub_sub/install/map_server:/home/rsa2021/dev_ws/install/py_srvcli:/home/rsa2021/dev_ws/install/py_pubsub:/home/rsa2021/dev_ws/install/learning_tf2_py:/home/rsa2021/dev_ws/install/my_package:/opt/ros/foxy:/home/rsa2021/py_pub_sub/install/image_publisher:/home/rsa2021/py_pub_sub/install/comp3431_interfaces:/home/rsa2021/py_pub_sub/install/comp3431_ass3_worlds:/home/rsa2021/dev_ws/install/tutorial_interfaces:/home/rsa2021/dev_ws/install/turtlesim:/home/rsa2021/dev_ws/install/comp3431_interfaces /usr/bin/cmake --build /home/rsa2021/py_pub_sub/build/zbar_ros_interfaces -- -j3 -l3
[0.763s] DEBUG:colcon.colcon_core.event_handler.log_command:Invoking command in '/home/rsa2021/py_pub_sub/build/image_publisher': CMAKE_PREFIX_PATH=/home/rsa2021/py_pub_sub/install/zbar_ros:/home/rsa2021/py_pub_sub/install/zbar_ros_interfaces:/home/rsa2021/py_pub_sub/install/publisher3431:/home/rsa2021/py_pub_sub/install/map_server:/home/rsa2021/dev_ws/install/py_srvcli:/home/rsa2021/dev_ws/install/py_pubsub:/home/rsa2021/dev_ws/install/learning_tf2_py:/home/rsa2021/dev_ws/install/my_package:/opt/ros/foxy:/home/rsa2021/py_pub_sub/install/image_publisher:/home/rsa2021/py_pub_sub/install/comp3431_interfaces:/home/rsa2021/py_pub_sub/install/comp3431_ass3_worlds:/home/rsa2021/dev_ws/install/tutorial_interfaces:/home/rsa2021/dev_ws/install/turtlesim:/home/rsa2021/dev_ws/install/comp3431_interfaces /usr/bin/cmake --build /home/rsa2021/py_pub_sub/build/image_publisher -- -j3 -l3
[1.139s] DEBUG:colcon.colcon_core.event_handler.log_command:Invoked command in '/home/rsa2021/py_pub_sub/build/image_publisher' returned '0': CMAKE_PREFIX_PATH=/home/rsa2021/py_pub_sub/install/zbar_ros:/home/rsa2021/py_pub_sub/install/zbar_ros_interfaces:/home/rsa2021/py_pub_sub/install/publisher3431:/home/rsa2021/py_pub_sub/install/map_server:/home/rsa2021/dev_ws/install/py_srvcli:/home/rsa2021/dev_ws/install/py_pubsub:/home/rsa2021/dev_ws/install/learning_tf2_py:/home/rsa2021/dev_ws/install/my_package:/opt/ros/foxy:/home/rsa2021/py_pub_sub/install/image_publisher:/home/rsa2021/py_pub_sub/install/comp3431_interfaces:/home/rsa2021/py_pub_sub/install/comp3431_ass3_worlds:/home/rsa2021/dev_ws/install/tutorial_interfaces:/home/rsa2021/dev_ws/install/turtlesim:/home/rsa2021/dev_ws/install/comp3431_interfaces /usr/bin/cmake --build /home/rsa2021/py_pub_sub/build/image_publisher -- -j3 -l3
[1.210s] DEBUG:colcon.colcon_core.event_handler.log_command:Invoking command in '/home/rsa2021/py_pub_sub/build/image_publisher': CMAKE_PREFIX_PATH=/home/rsa2021/py_pub_sub/install/zbar_ros:/home/rsa2021/py_pub_sub/install/zbar_ros_interfaces:/home/rsa2021/py_pub_sub/install/publisher3431:/home/rsa2021/py_pub_sub/install/map_server:/home/rsa2021/dev_ws/install/py_srvcli:/home/rsa2021/dev_ws/install/py_pubsub:/home/rsa2021/dev_ws/install/learning_tf2_py:/home/rsa2021/dev_ws/install/my_package:/opt/ros/foxy:/home/rsa2021/py_pub_sub/install/image_publisher:/home/rsa2021/py_pub_sub/install/comp3431_interfaces:/home/rsa2021/py_pub_sub/install/comp3431_ass3_worlds:/home/rsa2021/dev_ws/install/tutorial_interfaces:/home/rsa2021/dev_ws/install/turtlesim:/home/rsa2021/dev_ws/install/comp3431_interfaces /usr/bin/cmake --install /home/rsa2021/py_pub_sub/build/image_publisher
[1.231s] Level 1:colcon.colcon_core.environment:create_environment_scripts_only(image_publisher)
[1.237s] Level 1:colcon.colcon_core.environment:checking '/home/rsa2021/py_pub_sub/install/image_publisher' for CMake module files
[1.237s] Level 1:colcon.colcon_core.environment:checking '/home/rsa2021/py_pub_sub/install/image_publisher' for CMake config files
[1.238s] Level 1:colcon.colcon_core.shell:create_environment_hook('image_publisher', 'cmake_prefix_path')
[1.239s] INFO:colcon.colcon_core.shell:Creating environment hook '/home/rsa2021/py_pub_sub/install/image_publisher/share/image_publisher/hook/cmake_prefix_path.ps1'
[1.240s] INFO:colcon.colcon_core.shell:Creating environment descriptor '/home/rsa2021/py_pub_sub/install/image_publisher/share/image_publisher/hook/cmake_prefix_path.dsv'
[1.243s] DEBUG:colcon.colcon_core.event_handler.log_command:Invoked command in '/home/rsa2021/py_pub_sub/build/image_publisher' returned '0': CMAKE_PREFIX_PATH=/home/rsa2021/py_pub_sub/install/zbar_ros:/home/rsa2021/py_pub_sub/install/zbar_ros_interfaces:/home/rsa2021/py_pub_sub/install/publisher3431:/home/rsa2021/py_pub_sub/install/map_server:/home/rsa2021/dev_ws/install/py_srvcli:/home/rsa2021/dev_ws/install/py_pubsub:/home/rsa2021/dev_ws/install/learning_tf2_py:/home/rsa2021/dev_ws/install/my_package:/opt/ros/foxy:/home/rsa2021/py_pub_sub/install/image_publisher:/home/rsa2021/py_pub_sub/install/comp3431_interfaces:/home/rsa2021/py_pub_sub/install/comp3431_ass3_worlds:/home/rsa2021/dev_ws/install/tutorial_interfaces:/home/rsa2021/dev_ws/install/turtlesim:/home/rsa2021/dev_ws/install/comp3431_interfaces /usr/bin/cmake --install /home/rsa2021/py_pub_sub/build/image_publisher
[1.244s] INFO:colcon.colcon_core.shell:Creating environment hook '/home/rsa2021/py_pub_sub/install/image_publisher/share/image_publisher/hook/cmake_prefix_path.sh'
[1.246s] Level 1:colcon.colcon_core.environment:checking '/home/rsa2021/py_pub_sub/install/image_publisher/lib'
[1.246s] Level 1:colcon.colcon_core.shell:create_environment_hook('image_publisher', 'ld_library_path_lib')
[1.247s] INFO:colcon.colcon_core.shell:Creating environment hook '/home/rsa2021/py_pub_sub/install/image_publisher/share/image_publisher/hook/ld_library_path_lib.ps1'
[1.248s] INFO:colcon.colcon_core.shell:Creating environment descriptor '/home/rsa2021/py_pub_sub/install/image_publisher/share/image_publisher/hook/ld_library_path_lib.dsv'
[1.248s] INFO:colcon.colcon_core.shell:Creating environment hook '/home/rsa2021/py_pub_sub/install/image_publisher/share/image_publisher/hook/ld_library_path_lib.sh'
[1.249s] Level 1:colcon.colcon_core.environment:checking '/home/rsa2021/py_pub_sub/install/image_publisher/bin'
[1.249s] Level 1:colcon.colcon_core.shell:create_environment_hook('image_publisher', 'path')
[1.250s] INFO:colcon.colcon_core.shell:Creating environment hook '/home/rsa2021/py_pub_sub/install/image_publisher/share/image_publisher/hook/path.ps1'
[1.251s] INFO:colcon.colcon_core.shell:Creating environment descriptor '/home/rsa2021/py_pub_sub/install/image_publisher/share/image_publisher/hook/path.dsv'
[1.251s] INFO:colcon.colcon_core.shell:Creating environment hook '/home/rsa2021/py_pub_sub/install/image_publisher/share/image_publisher/hook/path.sh'
[1.252s] Level 1:colcon.colcon_core.environment:checking '/home/rsa2021/py_pub_sub/install/image_publisher/lib/pkgconfig/image_publisher.pc'
[1.252s] Level 1:colcon.colcon_core.environment:checking '/home/rsa2021/py_pub_sub/install/image_publisher/lib/python3.8/site-packages'
[1.253s] INFO:colcon.colcon_core.shell:Creating package script '/home/rsa2021/py_pub_sub/install/image_publisher/share/image_publisher/package.ps1'
[1.254s] INFO:colcon.colcon_core.shell:Creating package descriptor '/home/rsa2021/py_pub_sub/install/image_publisher/share/image_publisher/package.dsv'
[1.255s] INFO:colcon.colcon_core.shell:Creating package script '/home/rsa2021/py_pub_sub/install/image_publisher/share/image_publisher/package.sh'
[1.259s] INFO:colcon.colcon_core.shell:Creating package script '/home/rsa2021/py_pub_sub/install/image_publisher/share/image_publisher/package.bash'
[1.261s] INFO:colcon.colcon_core.shell:Creating package script '/home/rsa2021/py_pub_sub/install/image_publisher/share/image_publisher/package.zsh'
[1.262s] Level 1:colcon.colcon_core.environment:create_file_with_runtime_dependencies(/home/rsa2021/py_pub_sub/install/image_publisher/share/colcon-core/packages/image_publisher)
[1.391s] Level 1:colcon.colcon_core.environment:create_environment_scripts_only(image_publisher)
[1.394s] Level 1:colcon.colcon_core.environment:checking '/home/rsa2021/py_pub_sub/install/image_publisher' for CMake module files
[1.395s] Level 1:colcon.colcon_core.environment:checking '/home/rsa2021/py_pub_sub/install/image_publisher' for CMake config files
[1.396s] Level 1:colcon.colcon_core.shell:create_environment_hook('image_publisher', 'cmake_prefix_path')
[1.397s] INFO:colcon.colcon_core.shell:Creating environment hook '/home/rsa2021/py_pub_sub/install/image_publisher/share/image_publisher/hook/cmake_prefix_path.ps1'
[1.399s] INFO:colcon.colcon_core.shell:Creating environment descriptor '/home/rsa2021/py_pub_sub/install/image_publisher/share/image_publisher/hook/cmake_prefix_path.dsv'
[1.401s] INFO:colcon.colcon_core.shell:Creating environment hook '/home/rsa2021/py_pub_sub/install/image_publisher/share/image_publisher/hook/cmake_prefix_path.sh'
[1.402s] Level 1:colcon.colcon_core.environment:checking '/home/rsa2021/py_pub_sub/install/image_publisher/lib'
[1.402s] Level 1:colcon.colcon_core.shell:create_environment_hook('image_publisher', 'ld_library_path_lib')
[1.403s] INFO:colcon.colcon_core.shell:Creating environment hook '/home/rsa2021/py_pub_sub/install/image_publisher/share/image_publisher/hook/ld_library_path_lib.ps1'
[1.404s] INFO:colcon.colcon_core.shell:Creating environment descriptor '/home/rsa2021/py_pub_sub/install/image_publisher/share/image_publisher/hook/ld_library_path_lib.dsv'
[1.405s] INFO:colcon.colcon_core.shell:Creating environment hook '/home/rsa2021/py_pub_sub/install/image_publisher/share/image_publisher/hook/ld_library_path_lib.sh'
[1.405s] Level 1:colcon.colcon_core.environment:checking '/home/rsa2021/py_pub_sub/install/image_publisher/bin'
[1.406s] Level 1:colcon.colcon_core.shell:create_environment_hook('image_publisher', 'path')
[1.407s] INFO:colcon.colcon_core.shell:Creating environment hook '/home/rsa2021/py_pub_sub/install/image_publisher/share/image_publisher/hook/path.ps1'
[1.408s] INFO:colcon.colcon_core.shell:Creating environment descriptor '/home/rsa2021/py_pub_sub/install/image_publisher/share/image_publisher/hook/path.dsv'
[1.409s] INFO:colcon.colcon_core.shell:Creating environment hook '/home/rsa2021/py_pub_sub/install/image_publisher/share/image_publisher/hook/path.sh'
[1.409s] Level 1:colcon.colcon_core.environment:checking '/home/rsa2021/py_pub_sub/install/image_publisher/lib/pkgconfig/image_publisher.pc'
[1.410s] Level 1:colcon.colcon_core.environment:checking '/home/rsa2021/py_pub_sub/install/image_publisher/lib/python3.8/site-packages'
[1.411s] INFO:colcon.colcon_core.shell:Creating package script '/home/rsa2021/py_pub_sub/install/image_publisher/share/image_publisher/package.ps1'
[1.413s] INFO:colcon.colcon_core.shell:Creating package descriptor '/home/rsa2021/py_pub_sub/install/image_publisher/share/image_publisher/package.dsv'
[1.414s] INFO:colcon.colcon_core.shell:Creating package script '/home/rsa2021/py_pub_sub/install/image_publisher/share/image_publisher/package.sh'
[1.414s] INFO:colcon.colcon_core.shell:Creating package script '/home/rsa2021/py_pub_sub/install/image_publisher/share/image_publisher/package.bash'
[1.415s] INFO:colcon.colcon_core.shell:Creating package script '/home/rsa2021/py_pub_sub/install/image_publisher/share/image_publisher/package.zsh'
[1.416s] Level 1:colcon.colcon_core.environment:create_file_with_runtime_dependencies(/home/rsa2021/py_pub_sub/install/image_publisher/share/colcon-core/packages/image_publisher)
[1.418s] INFO:colcon.colcon_ros.task.ament_python.build:Building ROS package in '/home/rsa2021/py_pub_sub/src/publisher3431' with build type 'ament_python'
[1.418s] Level 1:colcon.colcon_core.shell:create_environment_hook('publisher3431', 'ament_prefix_path')
[1.419s] INFO:colcon.colcon_core.shell:Creating environment hook '/home/rsa2021/py_pub_sub/install/publisher3431/share/publisher3431/hook/ament_prefix_path.ps1'
[1.420s] INFO:colcon.colcon_core.shell:Creating environment descriptor '/home/rsa2021/py_pub_sub/install/publisher3431/share/publisher3431/hook/ament_prefix_path.dsv'
[1.421s] INFO:colcon.colcon_core.shell:Creating environment hook '/home/rsa2021/py_pub_sub/install/publisher3431/share/publisher3431/hook/ament_prefix_path.sh'
[1.423s] INFO:colcon.colcon_core.shell:Skip shell extension 'powershell' for command environment: Not usable outside of PowerShell
[1.423s] DEBUG:colcon.colcon_core.shell:Skip shell extension 'dsv' for command environment
[1.427s] DEBUG:colcon.colcon_core.shell:Ignoring prefix path '/opt/ros/foxy'
[1.434s] DEBUG:colcon.colcon_core.event_handler.log_command:Invoked command in '/home/rsa2021/py_pub_sub/build/zbar_ros_interfaces' returned '0': CMAKE_PREFIX_PATH=/home/rsa2021/py_pub_sub/install/zbar_ros:/home/rsa2021/py_pub_sub/install/zbar_ros_interfaces:/home/rsa2021/py_pub_sub/install/publisher3431:/home/rsa2021/py_pub_sub/install/map_server:/home/rsa2021/dev_ws/install/py_srvcli:/home/rsa2021/dev_ws/install/py_pubsub:/home/rsa2021/dev_ws/install/learning_tf2_py:/home/rsa2021/dev_ws/install/my_package:/opt/ros/foxy:/home/rsa2021/py_pub_sub/install/image_publisher:/home/rsa2021/py_pub_sub/install/comp3431_interfaces:/home/rsa2021/py_pub_sub/install/comp3431_ass3_worlds:/home/rsa2021/dev_ws/install/tutorial_interfaces:/home/rsa2021/dev_ws/install/turtlesim:/home/rsa2021/dev_ws/install/comp3431_interfaces /usr/bin/cmake --build /home/rsa2021/py_pub_sub/build/zbar_ros_interfaces -- -j3 -l3
[1.438s] DEBUG:colcon.colcon_core.event_handler.log_command:Invoked command in '/home/rsa2021/py_pub_sub/build/comp3431_interfaces' returned '0': CMAKE_PREFIX_PATH=/home/rsa2021/py_pub_sub/install/zbar_ros:/home/rsa2021/py_pub_sub/install/zbar_ros_interfaces:/home/rsa2021/py_pub_sub/install/publisher3431:/home/rsa2021/py_pub_sub/install/map_server:/home/rsa2021/dev_ws/install/py_srvcli:/home/rsa2021/dev_ws/install/py_pubsub:/home/rsa2021/dev_ws/install/learning_tf2_py:/home/rsa2021/dev_ws/install/my_package:/opt/ros/foxy:/home/rsa2021/py_pub_sub/install/image_publisher:/home/rsa2021/py_pub_sub/install/comp3431_interfaces:/home/rsa2021/py_pub_sub/install/comp3431_ass3_worlds:/home/rsa2021/dev_ws/install/tutorial_interfaces:/home/rsa2021/dev_ws/install/turtlesim:/home/rsa2021/dev_ws/install/comp3431_interfaces /usr/bin/cmake --build /home/rsa2021/py_pub_sub/build/comp3431_interfaces -- -j3 -l3
[1.836s] INFO:colcon.colcon_core.task.python.build:Building Python package in '/home/rsa2021/py_pub_sub/src/publisher3431'
[1.837s] INFO:colcon.colcon_core.shell:Skip shell extension 'powershell' for command environment: Not usable outside of PowerShell
[1.837s] DEBUG:colcon.colcon_core.shell:Skip shell extension 'dsv' for command environment
[1.841s] DEBUG:colcon.colcon_core.shell:Ignoring prefix path '/opt/ros/foxy'
[1.851s] DEBUG:colcon.colcon_core.event_handler.log_command:Invoking command in '/home/rsa2021/py_pub_sub/build/zbar_ros_interfaces': CMAKE_PREFIX_PATH=/home/rsa2021/py_pub_sub/install/zbar_ros:/home/rsa2021/py_pub_sub/install/zbar_ros_interfaces:/home/rsa2021/py_pub_sub/install/publisher3431:/home/rsa2021/py_pub_sub/install/map_server:/home/rsa2021/dev_ws/install/py_srvcli:/home/rsa2021/dev_ws/install/py_pubsub:/home/rsa2021/dev_ws/install/learning_tf2_py:/home/rsa2021/dev_ws/install/my_package:/opt/ros/foxy:/home/rsa2021/py_pub_sub/install/image_publisher:/home/rsa2021/py_pub_sub/install/comp3431_interfaces:/home/rsa2021/py_pub_sub/install/comp3431_ass3_worlds:/home/rsa2021/dev_ws/install/tutorial_interfaces:/home/rsa2021/dev_ws/install/turtlesim:/home/rsa2021/dev_ws/install/comp3431_interfaces /usr/bin/cmake --install /home/rsa2021/py_pub_sub/build/zbar_ros_interfaces
[1.859s] DEBUG:colcon.colcon_core.event_handler.log_command:Invoking command in '/home/rsa2021/py_pub_sub/build/comp3431_interfaces': CMAKE_PREFIX_PATH=/home/rsa2021/py_pub_sub/install/zbar_ros:/home/rsa2021/py_pub_sub/install/zbar_ros_interfaces:/home/rsa2021/py_pub_sub/install/publisher3431:/home/rsa2021/py_pub_sub/install/map_server:/home/rsa2021/dev_ws/install/py_srvcli:/home/rsa2021/dev_ws/install/py_pubsub:/home/rsa2021/dev_ws/install/learning_tf2_py:/home/rsa2021/dev_ws/install/my_package:/opt/ros/foxy:/home/rsa2021/py_pub_sub/install/image_publisher:/home/rsa2021/py_pub_sub/install/comp3431_interfaces:/home/rsa2021/py_pub_sub/install/comp3431_ass3_worlds:/home/rsa2021/dev_ws/install/tutorial_interfaces:/home/rsa2021/dev_ws/install/turtlesim:/home/rsa2021/dev_ws/install/comp3431_interfaces /usr/bin/cmake --install /home/rsa2021/py_pub_sub/build/comp3431_interfaces
[1.867s] DEBUG:colcon.colcon_core.event_handler.log_command:Invoking command in '/home/rsa2021/py_pub_sub/src/publisher3431': PYTHONPATH=/home/rsa2021/py_pub_sub/install/publisher3431/lib/python3.8/site-packages:${PYTHONPATH} /usr/bin/python3 setup.py egg_info --egg-base ../../build/publisher3431 build --build-base /home/rsa2021/py_pub_sub/build/publisher3431/build install --prefix /home/rsa2021/py_pub_sub/install/publisher3431 --record /home/rsa2021/py_pub_sub/build/publisher3431/install.log --single-version-externally-managed
[1.965s] Level 1:colcon.colcon_core.environment:create_environment_scripts_only(zbar_ros_interfaces)
[1.967s] Level 1:colcon.colcon_core.environment:checking '/home/rsa2021/py_pub_sub/install/zbar_ros_interfaces' for CMake module files
[1.967s] Level 1:colcon.colcon_core.environment:checking '/home/rsa2021/py_pub_sub/install/zbar_ros_interfaces' for CMake config files
[1.968s] Level 1:colcon.colcon_core.shell:create_environment_hook('zbar_ros_interfaces', 'cmake_prefix_path')
[1.969s] INFO:colcon.colcon_core.shell:Creating environment hook '/home/rsa2021/py_pub_sub/install/zbar_ros_interfaces/share/zbar_ros_interfaces/hook/cmake_prefix_path.ps1'
[1.970s] INFO:colcon.colcon_core.shell:Creating environment descriptor '/home/rsa2021/py_pub_sub/install/zbar_ros_interfaces/share/zbar_ros_interfaces/hook/cmake_prefix_path.dsv'
[1.972s] DEBUG:colcon.colcon_core.event_handler.log_command:Invoked command in '/home/rsa2021/py_pub_sub/build/zbar_ros_interfaces' returned '0': CMAKE_PREFIX_PATH=/home/rsa2021/py_pub_sub/install/zbar_ros:/home/rsa2021/py_pub_sub/install/zbar_ros_interfaces:/home/rsa2021/py_pub_sub/install/publisher3431:/home/rsa2021/py_pub_sub/install/map_server:/home/rsa2021/dev_ws/install/py_srvcli:/home/rsa2021/dev_ws/install/py_pubsub:/home/rsa2021/dev_ws/install/learning_tf2_py:/home/rsa2021/dev_ws/install/my_package:/opt/ros/foxy:/home/rsa2021/py_pub_sub/install/image_publisher:/home/rsa2021/py_pub_sub/install/comp3431_interfaces:/home/rsa2021/py_pub_sub/install/comp3431_ass3_worlds:/home/rsa2021/dev_ws/install/tutorial_interfaces:/home/rsa2021/dev_ws/install/turtlesim:/home/rsa2021/dev_ws/install/comp3431_interfaces /usr/bin/cmake --install /home/rsa2021/py_pub_sub/build/zbar_ros_interfaces
[1.972s] INFO:colcon.colcon_core.shell:Creating environment hook '/home/rsa2021/py_pub_sub/install/zbar_ros_interfaces/share/zbar_ros_interfaces/hook/cmake_prefix_path.sh'
[1.973s] Level 1:colcon.colcon_core.environment:checking '/home/rsa2021/py_pub_sub/install/zbar_ros_interfaces/lib'
[1.974s] Level 1:colcon.colcon_core.shell:create_environment_hook('zbar_ros_interfaces', 'ld_library_path_lib')
[1.975s] INFO:colcon.colcon_core.shell:Creating environment hook '/home/rsa2021/py_pub_sub/install/zbar_ros_interfaces/share/zbar_ros_interfaces/hook/ld_library_path_lib.ps1'
[1.976s] INFO:colcon.colcon_core.shell:Creating environment descriptor '/home/rsa2021/py_pub_sub/install/zbar_ros_interfaces/share/zbar_ros_interfaces/hook/ld_library_path_lib.dsv'
[1.977s] INFO:colcon.colcon_core.shell:Creating environment hook '/home/rsa2021/py_pub_sub/install/zbar_ros_interfaces/share/zbar_ros_interfaces/hook/ld_library_path_lib.sh'
[1.978s] Level 1:colcon.colcon_core.environment:checking '/home/rsa2021/py_pub_sub/install/zbar_ros_interfaces/bin'
[1.978s] Level 1:colcon.colcon_core.environment:checking '/home/rsa2021/py_pub_sub/install/zbar_ros_interfaces/lib/pkgconfig/zbar_ros_interfaces.pc'
[1.979s] Level 1:colcon.colcon_core.environment:checking '/home/rsa2021/py_pub_sub/install/zbar_ros_interfaces/lib/python3.8/site-packages'
[1.979s] Level 1:colcon.colcon_core.shell:create_environment_hook('zbar_ros_interfaces', 'pythonpath')
[1.980s] INFO:colcon.colcon_core.shell:Creating environment hook '/home/rsa2021/py_pub_sub/install/zbar_ros_interfaces/share/zbar_ros_interfaces/hook/pythonpath.ps1'
[1.981s] INFO:colcon.colcon_core.shell:Creating environment descriptor '/home/rsa2021/py_pub_sub/install/zbar_ros_interfaces/share/zbar_ros_interfaces/hook/pythonpath.dsv'
[1.982s] INFO:colcon.colcon_core.shell:Creating environment hook '/home/rsa2021/py_pub_sub/install/zbar_ros_interfaces/share/zbar_ros_interfaces/hook/pythonpath.sh'
[1.984s] INFO:colcon.colcon_core.shell:Creating package script '/home/rsa2021/py_pub_sub/install/zbar_ros_interfaces/share/zbar_ros_interfaces/package.ps1'
[1.985s] INFO:colcon.colcon_core.shell:Creating package descriptor '/home/rsa2021/py_pub_sub/install/zbar_ros_interfaces/share/zbar_ros_interfaces/package.dsv'
[1.986s] INFO:colcon.colcon_core.shell:Creating package script '/home/rsa2021/py_pub_sub/install/zbar_ros_interfaces/share/zbar_ros_interfaces/package.sh'
[1.987s] INFO:colcon.colcon_core.shell:Creating package script '/home/rsa2021/py_pub_sub/install/zbar_ros_interfaces/share/zbar_ros_interfaces/package.bash'
[1.989s] INFO:colcon.colcon_core.shell:Creating package script '/home/rsa2021/py_pub_sub/install/zbar_ros_interfaces/share/zbar_ros_interfaces/package.zsh'
[1.990s] Level 1:colcon.colcon_core.environment:create_file_with_runtime_dependencies(/home/rsa2021/py_pub_sub/install/zbar_ros_interfaces/share/colcon-core/packages/zbar_ros_interfaces)
[2.037s] Level 1:colcon.colcon_core.environment:create_environment_scripts_only(comp3431_interfaces)
[2.039s] Level 1:colcon.colcon_core.environment:checking '/home/rsa2021/py_pub_sub/install/comp3431_interfaces' for CMake module files
[2.040s] Level 1:colcon.colcon_core.environment:checking '/home/rsa2021/py_pub_sub/install/comp3431_interfaces' for CMake config files
[2.043s] DEBUG:colcon.colcon_core.event_handler.log_command:Invoked command in '/home/rsa2021/py_pub_sub/build/comp3431_interfaces' returned '0': CMAKE_PREFIX_PATH=/home/rsa2021/py_pub_sub/install/zbar_ros:/home/rsa2021/py_pub_sub/install/zbar_ros_interfaces:/home/rsa2021/py_pub_sub/install/publisher3431:/home/rsa2021/py_pub_sub/install/map_server:/home/rsa2021/dev_ws/install/py_srvcli:/home/rsa2021/dev_ws/install/py_pubsub:/home/rsa2021/dev_ws/install/learning_tf2_py:/home/rsa2021/dev_ws/install/my_package:/opt/ros/foxy:/home/rsa2021/py_pub_sub/install/image_publisher:/home/rsa2021/py_pub_sub/install/comp3431_interfaces:/home/rsa2021/py_pub_sub/install/comp3431_ass3_worlds:/home/rsa2021/dev_ws/install/tutorial_interfaces:/home/rsa2021/dev_ws/install/turtlesim:/home/rsa2021/dev_ws/install/comp3431_interfaces /usr/bin/cmake --install /home/rsa2021/py_pub_sub/build/comp3431_interfaces
[2.044s] Level 1:colcon.colcon_core.shell:create_environment_hook('comp3431_interfaces', 'cmake_prefix_path')
[2.045s] INFO:colcon.colcon_core.shell:Creating environment hook '/home/rsa2021/py_pub_sub/install/comp3431_interfaces/share/comp3431_interfaces/hook/cmake_prefix_path.ps1'
[2.046s] INFO:colcon.colcon_core.shell:Creating environment descriptor '/home/rsa2021/py_pub_sub/install/comp3431_interfaces/share/comp3431_interfaces/hook/cmake_prefix_path.dsv'
[2.047s] INFO:colcon.colcon_core.shell:Creating environment hook '/home/rsa2021/py_pub_sub/install/comp3431_interfaces/share/comp3431_interfaces/hook/cmake_prefix_path.sh'
[2.048s] Level 1:colcon.colcon_core.environment:checking '/home/rsa2021/py_pub_sub/install/comp3431_interfaces/lib'
[2.048s] Level 1:colcon.colcon_core.shell:create_environment_hook('comp3431_interfaces', 'ld_library_path_lib')
[2.049s] INFO:colcon.colcon_core.shell:Creating environment hook '/home/rsa2021/py_pub_sub/install/comp3431_interfaces/share/comp3431_interfaces/hook/ld_library_path_lib.ps1'
[2.049s] INFO:colcon.colcon_core.shell:Creating environment descriptor '/home/rsa2021/py_pub_sub/install/comp3431_interfaces/share/comp3431_interfaces/hook/ld_library_path_lib.dsv'
[2.050s] INFO:colcon.colcon_core.shell:Creating environment hook '/home/rsa2021/py_pub_sub/install/comp3431_interfaces/share/comp3431_interfaces/hook/ld_library_path_lib.sh'
[2.051s] Level 1:colcon.colcon_core.environment:checking '/home/rsa2021/py_pub_sub/install/comp3431_interfaces/bin'
[2.051s] Level 1:colcon.colcon_core.environment:checking '/home/rsa2021/py_pub_sub/install/comp3431_interfaces/lib/pkgconfig/comp3431_interfaces.pc'
[2.051s] Level 1:colcon.colcon_core.environment:checking '/home/rsa2021/py_pub_sub/install/comp3431_interfaces/lib/python3.8/site-packages'
[2.051s] Level 1:colcon.colcon_core.shell:create_environment_hook('comp3431_interfaces', 'pythonpath')
[2.052s] INFO:colcon.colcon_core.shell:Creating environment hook '/home/rsa2021/py_pub_sub/install/comp3431_interfaces/share/comp3431_interfaces/hook/pythonpath.ps1'
[2.053s] INFO:colcon.colcon_core.shell:Creating environment descriptor '/home/rsa2021/py_pub_sub/install/comp3431_interfaces/share/comp3431_interfaces/hook/pythonpath.dsv'
[2.054s] INFO:colcon.colcon_core.shell:Creating environment hook '/home/rsa2021/py_pub_sub/install/comp3431_interfaces/share/comp3431_interfaces/hook/pythonpath.sh'
[2.056s] INFO:colcon.colcon_core.shell:Creating package script '/home/rsa2021/py_pub_sub/install/comp3431_interfaces/share/comp3431_interfaces/package.ps1'
[2.057s] INFO:colcon.colcon_core.shell:Creating package descriptor '/home/rsa2021/py_pub_sub/install/comp3431_interfaces/share/comp3431_interfaces/package.dsv'
[2.058s] INFO:colcon.colcon_core.shell:Creating package script '/home/rsa2021/py_pub_sub/install/comp3431_interfaces/share/comp3431_interfaces/package.sh'
[2.060s] INFO:colcon.colcon_core.shell:Creating package script '/home/rsa2021/py_pub_sub/install/comp3431_interfaces/share/comp3431_interfaces/package.bash'
[2.060s] INFO:colcon.colcon_core.shell:Creating package script '/home/rsa2021/py_pub_sub/install/comp3431_interfaces/share/comp3431_interfaces/package.zsh'
[2.062s] Level 1:colcon.colcon_core.environment:create_file_with_runtime_dependencies(/home/rsa2021/py_pub_sub/install/comp3431_interfaces/share/colcon-core/packages/comp3431_interfaces)
[2.106s] Level 1:colcon.colcon_core.environment:create_environment_scripts_only(zbar_ros_interfaces)
[2.108s] Level 1:colcon.colcon_core.environment:checking '/home/rsa2021/py_pub_sub/install/zbar_ros_interfaces' for CMake module files
[2.109s] Level 1:colcon.colcon_core.environment:checking '/home/rsa2021/py_pub_sub/install/zbar_ros_interfaces' for CMake config files
[2.110s] Level 1:colcon.colcon_core.shell:create_environment_hook('zbar_ros_interfaces', 'cmake_prefix_path')
[2.111s] INFO:colcon.colcon_core.shell:Creating environment hook '/home/rsa2021/py_pub_sub/install/zbar_ros_interfaces/share/zbar_ros_interfaces/hook/cmake_prefix_path.ps1'
[2.112s] INFO:colcon.colcon_core.shell:Creating environment descriptor '/home/rsa2021/py_pub_sub/install/zbar_ros_interfaces/share/zbar_ros_interfaces/hook/cmake_prefix_path.dsv'
[2.114s] INFO:colcon.colcon_core.shell:Creating environment hook '/home/rsa2021/py_pub_sub/install/zbar_ros_interfaces/share/zbar_ros_interfaces/hook/cmake_prefix_path.sh'
[2.115s] Level 1:colcon.colcon_core.environment:checking '/home/rsa2021/py_pub_sub/install/zbar_ros_interfaces/lib'
[2.115s] Level 1:colcon.colcon_core.shell:create_environment_hook('zbar_ros_interfaces', 'ld_library_path_lib')
[2.116s] INFO:colcon.colcon_core.shell:Creating environment hook '/home/rsa2021/py_pub_sub/install/zbar_ros_interfaces/share/zbar_ros_interfaces/hook/ld_library_path_lib.ps1'
[2.117s] INFO:colcon.colcon_core.shell:Creating environment descriptor '/home/rsa2021/py_pub_sub/install/zbar_ros_interfaces/share/zbar_ros_interfaces/hook/ld_library_path_lib.dsv'
[2.118s] INFO:colcon.colcon_core.shell:Creating environment hook '/home/rsa2021/py_pub_sub/install/zbar_ros_interfaces/share/zbar_ros_interfaces/hook/ld_library_path_lib.sh'
[2.119s] Level 1:colcon.colcon_core.environment:checking '/home/rsa2021/py_pub_sub/install/zbar_ros_interfaces/bin'
[2.119s] Level 1:colcon.colcon_core.environment:checking '/home/rsa2021/py_pub_sub/install/zbar_ros_interfaces/lib/pkgconfig/zbar_ros_interfaces.pc'
[2.119s] Level 1:colcon.colcon_core.environment:checking '/home/rsa2021/py_pub_sub/install/zbar_ros_interfaces/lib/python3.8/site-packages'
[2.119s] Level 1:colcon.colcon_core.shell:create_environment_hook('zbar_ros_interfaces', 'pythonpath')
[2.120s] INFO:colcon.colcon_core.shell:Creating environment hook '/home/rsa2021/py_pub_sub/install/zbar_ros_interfaces/share/zbar_ros_interfaces/hook/pythonpath.ps1'
[2.121s] INFO:colcon.colcon_core.shell:Creating environment descriptor '/home/rsa2021/py_pub_sub/install/zbar_ros_interfaces/share/zbar_ros_interfaces/hook/pythonpath.dsv'
[2.121s] INFO:colcon.colcon_core.shell:Creating environment hook '/home/rsa2021/py_pub_sub/install/zbar_ros_interfaces/share/zbar_ros_interfaces/hook/pythonpath.sh'
[2.123s] INFO:colcon.colcon_core.shell:Creating package script '/home/rsa2021/py_pub_sub/install/zbar_ros_interfaces/share/zbar_ros_interfaces/package.ps1'
[2.124s] INFO:colcon.colcon_core.shell:Creating package descriptor '/home/rsa2021/py_pub_sub/install/zbar_ros_interfaces/share/zbar_ros_interfaces/package.dsv'
[2.125s] INFO:colcon.colcon_core.shell:Creating package script '/home/rsa2021/py_pub_sub/install/zbar_ros_interfaces/share/zbar_ros_interfaces/package.sh'
[2.126s] INFO:colcon.colcon_core.shell:Creating package script '/home/rsa2021/py_pub_sub/install/zbar_ros_interfaces/share/zbar_ros_interfaces/package.bash'
[2.128s] INFO:colcon.colcon_core.shell:Creating package script '/home/rsa2021/py_pub_sub/install/zbar_ros_interfaces/share/zbar_ros_interfaces/package.zsh'
[2.129s] Level 1:colcon.colcon_core.environment:create_file_with_runtime_dependencies(/home/rsa2021/py_pub_sub/install/zbar_ros_interfaces/share/colcon-core/packages/zbar_ros_interfaces)
[2.131s] INFO:colcon.colcon_ros.task.ament_cmake.build:Building ROS package in '/home/rsa2021/py_pub_sub/src/zbar_ros' with build type 'ament_cmake'
[2.132s] INFO:colcon.colcon_cmake.task.cmake.build:Building CMake package in '/home/rsa2021/py_pub_sub/src/zbar_ros'
[2.133s] INFO:colcon.colcon_core.shell:Skip shell extension 'powershell' for command environment: Not usable outside of PowerShell
[2.133s] DEBUG:colcon.colcon_core.shell:Skip shell extension 'dsv' for command environment
[2.136s] DEBUG:colcon.colcon_core.shell:Ignoring prefix path '/opt/ros/foxy'
[2.170s] DEBUG:colcon.colcon_core.event_handler.log_command:Invoking command in '/home/rsa2021/py_pub_sub/build/zbar_ros': CMAKE_PREFIX_PATH=/home/rsa2021/py_pub_sub/install/zbar_ros_interfaces:/home/rsa2021/py_pub_sub/install/zbar_ros:/home/rsa2021/py_pub_sub/install/publisher3431:/home/rsa2021/py_pub_sub/install/map_server:/home/rsa2021/dev_ws/install/py_srvcli:/home/rsa2021/dev_ws/install/py_pubsub:/home/rsa2021/dev_ws/install/learning_tf2_py:/home/rsa2021/dev_ws/install/my_package:/opt/ros/foxy:/home/rsa2021/py_pub_sub/install/image_publisher:/home/rsa2021/py_pub_sub/install/comp3431_interfaces:/home/rsa2021/py_pub_sub/install/comp3431_ass3_worlds:/home/rsa2021/dev_ws/install/tutorial_interfaces:/home/rsa2021/dev_ws/install/turtlesim:/home/rsa2021/dev_ws/install/comp3431_interfaces /usr/bin/cmake --build /home/rsa2021/py_pub_sub/build/zbar_ros -- -j3 -l3
[2.250s] Level 1:colcon.colcon_core.environment:create_environment_scripts_only(comp3431_interfaces)
[2.251s] Level 1:colcon.colcon_core.environment:checking '/home/rsa2021/py_pub_sub/install/comp3431_interfaces' for CMake module files
[2.252s] Level 1:colcon.colcon_core.environment:checking '/home/rsa2021/py_pub_sub/install/comp3431_interfaces' for CMake config files
[2.253s] Level 1:colcon.colcon_core.shell:create_environment_hook('comp3431_interfaces', 'cmake_prefix_path')
[2.254s] INFO:colcon.colcon_core.shell:Creating environment hook '/home/rsa2021/py_pub_sub/install/comp3431_interfaces/share/comp3431_interfaces/hook/cmake_prefix_path.ps1'
[2.254s] INFO:colcon.colcon_core.shell:Creating environment descriptor '/home/rsa2021/py_pub_sub/install/comp3431_interfaces/share/comp3431_interfaces/hook/cmake_prefix_path.dsv'
[2.256s] INFO:colcon.colcon_core.shell:Creating environment hook '/home/rsa2021/py_pub_sub/install/comp3431_interfaces/share/comp3431_interfaces/hook/cmake_prefix_path.sh'
[2.257s] Level 1:colcon.colcon_core.environment:checking '/home/rsa2021/py_pub_sub/install/comp3431_interfaces/lib'
[2.257s] Level 1:colcon.colcon_core.shell:create_environment_hook('comp3431_interfaces', 'ld_library_path_lib')
[2.258s] INFO:colcon.colcon_core.shell:Creating environment hook '/home/rsa2021/py_pub_sub/install/comp3431_interfaces/share/comp3431_interfaces/hook/ld_library_path_lib.ps1'
[2.259s] INFO:colcon.colcon_core.shell:Creating environment descriptor '/home/rsa2021/py_pub_sub/install/comp3431_interfaces/share/comp3431_interfaces/hook/ld_library_path_lib.dsv'
[2.260s] INFO:colcon.colcon_core.shell:Creating environment hook '/home/rsa2021/py_pub_sub/install/comp3431_interfaces/share/comp3431_interfaces/hook/ld_library_path_lib.sh'
[2.261s] Level 1:colcon.colcon_core.environment:checking '/home/rsa2021/py_pub_sub/install/comp3431_interfaces/bin'
[2.261s] Level 1:colcon.colcon_core.environment:checking '/home/rsa2021/py_pub_sub/install/comp3431_interfaces/lib/pkgconfig/comp3431_interfaces.pc'
[2.262s] Level 1:colcon.colcon_core.environment:checking '/home/rsa2021/py_pub_sub/install/comp3431_interfaces/lib/python3.8/site-packages'
[2.262s] Level 1:colcon.colcon_core.shell:create_environment_hook('comp3431_interfaces', 'pythonpath')
[2.262s] INFO:colcon.colcon_core.shell:Creating environment hook '/home/rsa2021/py_pub_sub/install/comp3431_interfaces/share/comp3431_interfaces/hook/pythonpath.ps1'
[2.264s] INFO:colcon.colcon_core.shell:Creating environment descriptor '/home/rsa2021/py_pub_sub/install/comp3431_interfaces/share/comp3431_interfaces/hook/pythonpath.dsv'
[2.265s] INFO:colcon.colcon_core.shell:Creating environment hook '/home/rsa2021/py_pub_sub/install/comp3431_interfaces/share/comp3431_interfaces/hook/pythonpath.sh'
[2.266s] INFO:colcon.colcon_core.shell:Creating package script '/home/rsa2021/py_pub_sub/install/comp3431_interfaces/share/comp3431_interfaces/package.ps1'
[2.268s] INFO:colcon.colcon_core.shell:Creating package descriptor '/home/rsa2021/py_pub_sub/install/comp3431_interfaces/share/comp3431_interfaces/package.dsv'
[2.269s] INFO:colcon.colcon_core.shell:Creating package script '/home/rsa2021/py_pub_sub/install/comp3431_interfaces/share/comp3431_interfaces/package.sh'
[2.270s] INFO:colcon.colcon_core.shell:Creating package script '/home/rsa2021/py_pub_sub/install/comp3431_interfaces/share/comp3431_interfaces/package.bash'
[2.271s] INFO:colcon.colcon_core.shell:Creating package script '/home/rsa2021/py_pub_sub/install/comp3431_interfaces/share/comp3431_interfaces/package.zsh'
[2.272s] Level 1:colcon.colcon_core.environment:create_file_with_runtime_dependencies(/home/rsa2021/py_pub_sub/install/comp3431_interfaces/share/colcon-core/packages/comp3431_interfaces)
[2.273s] INFO:colcon.colcon_ros.task.ament_python.build:Building ROS package in '/home/rsa2021/py_pub_sub/src/map_server' with build type 'ament_python'
[2.274s] Level 1:colcon.colcon_core.shell:create_environment_hook('map_server', 'ament_prefix_path')
[2.275s] INFO:colcon.colcon_core.shell:Creating environment hook '/home/rsa2021/py_pub_sub/install/map_server/share/map_server/hook/ament_prefix_path.ps1'
[2.277s] INFO:colcon.colcon_core.shell:Creating environment descriptor '/home/rsa2021/py_pub_sub/install/map_server/share/map_server/hook/ament_prefix_path.dsv'
[2.278s] INFO:colcon.colcon_core.shell:Creating environment hook '/home/rsa2021/py_pub_sub/install/map_server/share/map_server/hook/ament_prefix_path.sh'
[2.280s] INFO:colcon.colcon_core.shell:Skip shell extension 'powershell' for command environment: Not usable outside of PowerShell
[2.280s] DEBUG:colcon.colcon_core.shell:Skip shell extension 'dsv' for command environment
[2.284s] DEBUG:colcon.colcon_core.shell:Ignoring prefix path '/opt/ros/foxy'
[2.781s] INFO:colcon.colcon_core.task.python.build:Building Python package in '/home/rsa2021/py_pub_sub/src/map_server'
[2.782s] INFO:colcon.colcon_core.shell:Skip shell extension 'powershell' for command environment: Not usable outside of PowerShell
[2.782s] DEBUG:colcon.colcon_core.shell:Skip shell extension 'dsv' for command environment
[2.786s] DEBUG:colcon.colcon_core.shell:Ignoring prefix path '/opt/ros/foxy'
[2.795s] Level 1:colcon.colcon_core.environment:checking '/home/rsa2021/py_pub_sub/install/publisher3431' for CMake module files
[2.796s] DEBUG:colcon.colcon_core.event_handler.log_command:Invoked command in '/home/rsa2021/py_pub_sub/src/publisher3431' returned '0': PYTHONPATH=/home/rsa2021/py_pub_sub/install/publisher3431/lib/python3.8/site-packages:${PYTHONPATH} /usr/bin/python3 setup.py egg_info --egg-base ../../build/publisher3431 build --build-base /home/rsa2021/py_pub_sub/build/publisher3431/build install --prefix /home/rsa2021/py_pub_sub/install/publisher3431 --record /home/rsa2021/py_pub_sub/build/publisher3431/install.log --single-version-externally-managed
[2.797s] Level 1:colcon.colcon_core.environment:checking '/home/rsa2021/py_pub_sub/install/publisher3431' for CMake config files
[2.798s] Level 1:colcon.colcon_core.environment:checking '/home/rsa2021/py_pub_sub/install/publisher3431/lib'
[2.798s] Level 1:colcon.colcon_core.environment:checking '/home/rsa2021/py_pub_sub/install/publisher3431/bin'
[2.798s] Level 1:colcon.colcon_core.environment:checking '/home/rsa2021/py_pub_sub/install/publisher3431/lib/pkgconfig/publisher3431.pc'
[2.798s] Level 1:colcon.colcon_core.environment:checking '/home/rsa2021/py_pub_sub/install/publisher3431/lib/python3.8/site-packages'
[2.798s] Level 1:colcon.colcon_core.shell:create_environment_hook('publisher3431', 'pythonpath')
[2.799s] INFO:colcon.colcon_core.shell:Creating environment hook '/home/rsa2021/py_pub_sub/install/publisher3431/share/publisher3431/hook/pythonpath.ps1'
[2.800s] INFO:colcon.colcon_core.shell:Creating environment descriptor '/home/rsa2021/py_pub_sub/install/publisher3431/share/publisher3431/hook/pythonpath.dsv'
[2.800s] INFO:colcon.colcon_core.shell:Creating environment hook '/home/rsa2021/py_pub_sub/install/publisher3431/share/publisher3431/hook/pythonpath.sh'
[2.801s] Level 1:colcon.colcon_core.environment:create_environment_scripts_only(publisher3431)
[2.802s] INFO:colcon.colcon_core.shell:Creating package script '/home/rsa2021/py_pub_sub/install/publisher3431/share/publisher3431/package.ps1'
[2.802s] INFO:colcon.colcon_core.shell:Creating package descriptor '/home/rsa2021/py_pub_sub/install/publisher3431/share/publisher3431/package.dsv'
[2.803s] INFO:colcon.colcon_core.shell:Creating package script '/home/rsa2021/py_pub_sub/install/publisher3431/share/publisher3431/package.sh'
[2.803s] INFO:colcon.colcon_core.shell:Creating package script '/home/rsa2021/py_pub_sub/install/publisher3431/share/publisher3431/package.bash'
[2.804s] INFO:colcon.colcon_core.shell:Creating package script '/home/rsa2021/py_pub_sub/install/publisher3431/share/publisher3431/package.zsh'
[2.805s] Level 1:colcon.colcon_core.environment:create_file_with_runtime_dependencies(/home/rsa2021/py_pub_sub/install/publisher3431/share/colcon-core/packages/publisher3431)
[2.810s] DEBUG:colcon.colcon_core.event_handler.log_command:Invoked command in '/home/rsa2021/py_pub_sub/build/zbar_ros' returned '0': CMAKE_PREFIX_PATH=/home/rsa2021/py_pub_sub/install/zbar_ros_interfaces:/home/rsa2021/py_pub_sub/install/zbar_ros:/home/rsa2021/py_pub_sub/install/publisher3431:/home/rsa2021/py_pub_sub/install/map_server:/home/rsa2021/dev_ws/install/py_srvcli:/home/rsa2021/dev_ws/install/py_pubsub:/home/rsa2021/dev_ws/install/learning_tf2_py:/home/rsa2021/dev_ws/install/my_package:/opt/ros/foxy:/home/rsa2021/py_pub_sub/install/image_publisher:/home/rsa2021/py_pub_sub/install/comp3431_interfaces:/home/rsa2021/py_pub_sub/install/comp3431_ass3_worlds:/home/rsa2021/dev_ws/install/tutorial_interfaces:/home/rsa2021/dev_ws/install/turtlesim:/home/rsa2021/dev_ws/install/comp3431_interfaces /usr/bin/cmake --build /home/rsa2021/py_pub_sub/build/zbar_ros -- -j3 -l3
[2.819s] DEBUG:colcon.colcon_core.event_handler.log_command:Invoking command in '/home/rsa2021/py_pub_sub/src/map_server': CMAKE_PREFIX_PATH=/home/rsa2021/py_pub_sub/install/comp3431_interfaces:/home/rsa2021/py_pub_sub/install/zbar_ros:/home/rsa2021/py_pub_sub/install/zbar_ros_interfaces:/home/rsa2021/py_pub_sub/install/image_publisher:/home/rsa2021/py_pub_sub/install/comp3431_ass3_worlds:/home/rsa2021/dev_ws/install/tutorial_interfaces:/home/rsa2021/dev_ws/install/turtlesim:/home/rsa2021/dev_ws/install/comp3431_interfaces LD_LIBRARY_PATH=/home/rsa2021/py_pub_sub/install/comp3431_interfaces/lib:/home/rsa2021/py_pub_sub/install/zbar_ros_interfaces/lib:/home/rsa2021/dev_ws/install/tutorial_interfaces/lib:/home/rsa2021/dev_ws/install/turtlesim/lib:/home/rsa2021/dev_ws/install/comp3431_interfaces/lib:/usr/lib/x86_64-linux-gnu/gazebo-11/plugins:/opt/ros/foxy/opt/yaml_cpp_vendor/lib:/opt/ros/foxy/opt/rviz_ogre_vendor/lib:/opt/ros/foxy/lib/x86_64-linux-gnu:/opt/ros/foxy/lib PYTHONPATH=/home/rsa2021/py_pub_sub/install/map_server/lib/python3.8/site-packages:/home/rsa2021/py_pub_sub/install/comp3431_interfaces/lib/python3.8/site-packages:/home/rsa2021/py_pub_sub/install/zbar_ros_interfaces/lib/python3.8/site-packages:/home/rsa2021/py_pub_sub/install/publisher3431/lib/python3.8/site-packages:/home/rsa2021/py_pub_sub/install/map_server/lib/python3.8/site-packages:/home/rsa2021/dev_ws/install/py_srvcli/lib/python3.8/site-packages:/home/rsa2021/dev_ws/install/py_pubsub/lib/python3.8/site-packages:/home/rsa2021/dev_ws/install/tutorial_interfaces/lib/python3.8/site-packages:/home/rsa2021/dev_ws/install/learning_tf2_py/lib/python3.8/site-packages:/home/rsa2021/dev_ws/install/turtlesim/lib/python3.8/site-packages:/home/rsa2021/dev_ws/install/my_package/lib/python3.8/site-packages:/home/rsa2021/dev_ws/install/comp3431_interfaces/lib/python3.8/site-packages:/opt/ros/foxy/lib/python3.8/site-packages /usr/bin/python3 setup.py egg_info --egg-base ../../build/map_server build --build-base /home/rsa2021/py_pub_sub/build/map_server/build install --prefix /home/rsa2021/py_pub_sub/install/map_server --record /home/rsa2021/py_pub_sub/build/map_server/install.log --single-version-externally-managed
[2.860s] DEBUG:colcon.colcon_core.event_handler.log_command:Invoking command in '/home/rsa2021/py_pub_sub/build/zbar_ros': CMAKE_PREFIX_PATH=/home/rsa2021/py_pub_sub/install/zbar_ros_interfaces:/home/rsa2021/py_pub_sub/install/zbar_ros:/home/rsa2021/py_pub_sub/install/publisher3431:/home/rsa2021/py_pub_sub/install/map_server:/home/rsa2021/dev_ws/install/py_srvcli:/home/rsa2021/dev_ws/install/py_pubsub:/home/rsa2021/dev_ws/install/learning_tf2_py:/home/rsa2021/dev_ws/install/my_package:/opt/ros/foxy:/home/rsa2021/py_pub_sub/install/image_publisher:/home/rsa2021/py_pub_sub/install/comp3431_interfaces:/home/rsa2021/py_pub_sub/install/comp3431_ass3_worlds:/home/rsa2021/dev_ws/install/tutorial_interfaces:/home/rsa2021/dev_ws/install/turtlesim:/home/rsa2021/dev_ws/install/comp3431_interfaces /usr/bin/cmake --install /home/rsa2021/py_pub_sub/build/zbar_ros
[2.876s] Level 1:colcon.colcon_core.environment:create_environment_scripts_only(zbar_ros)
[2.880s] Level 1:colcon.colcon_core.environment:checking '/home/rsa2021/py_pub_sub/install/zbar_ros' for CMake module files
[2.881s] DEBUG:colcon.colcon_core.event_handler.log_command:Invoked command in '/home/rsa2021/py_pub_sub/build/zbar_ros' returned '0': CMAKE_PREFIX_PATH=/home/rsa2021/py_pub_sub/install/zbar_ros_interfaces:/home/rsa2021/py_pub_sub/install/zbar_ros:/home/rsa2021/py_pub_sub/install/publisher3431:/home/rsa2021/py_pub_sub/install/map_server:/home/rsa2021/dev_ws/install/py_srvcli:/home/rsa2021/dev_ws/install/py_pubsub:/home/rsa2021/dev_ws/install/learning_tf2_py:/home/rsa2021/dev_ws/install/my_package:/opt/ros/foxy:/home/rsa2021/py_pub_sub/install/image_publisher:/home/rsa2021/py_pub_sub/install/comp3431_interfaces:/home/rsa2021/py_pub_sub/install/comp3431_ass3_worlds:/home/rsa2021/dev_ws/install/tutorial_interfaces:/home/rsa2021/dev_ws/install/turtlesim:/home/rsa2021/dev_ws/install/comp3431_interfaces /usr/bin/cmake --install /home/rsa2021/py_pub_sub/build/zbar_ros
[2.882s] Level 1:colcon.colcon_core.environment:checking '/home/rsa2021/py_pub_sub/install/zbar_ros' for CMake config files
[2.882s] Level 1:colcon.colcon_core.shell:create_environment_hook('zbar_ros', 'cmake_prefix_path')
[2.883s] INFO:colcon.colcon_core.shell:Creating environment hook '/home/rsa2021/py_pub_sub/install/zbar_ros/share/zbar_ros/hook/cmake_prefix_path.ps1'
[2.885s] INFO:colcon.colcon_core.shell:Creating environment descriptor '/home/rsa2021/py_pub_sub/install/zbar_ros/share/zbar_ros/hook/cmake_prefix_path.dsv'
[2.886s] INFO:colcon.colcon_core.shell:Creating environment hook '/home/rsa2021/py_pub_sub/install/zbar_ros/share/zbar_ros/hook/cmake_prefix_path.sh'
[2.887s] Level 1:colcon.colcon_core.environment:checking '/home/rsa2021/py_pub_sub/install/zbar_ros/lib'
[2.887s] Level 1:colcon.colcon_core.environment:checking '/home/rsa2021/py_pub_sub/install/zbar_ros/bin'
[2.887s] Level 1:colcon.colcon_core.environment:checking '/home/rsa2021/py_pub_sub/install/zbar_ros/lib/pkgconfig/zbar_ros.pc'
[2.887s] Level 1:colcon.colcon_core.environment:checking '/home/rsa2021/py_pub_sub/install/zbar_ros/lib/python3.8/site-packages'
[2.888s] INFO:colcon.colcon_core.shell:Creating package script '/home/rsa2021/py_pub_sub/install/zbar_ros/share/zbar_ros/package.ps1'
[2.889s] INFO:colcon.colcon_core.shell:Creating package descriptor '/home/rsa2021/py_pub_sub/install/zbar_ros/share/zbar_ros/package.dsv'
[2.890s] INFO:colcon.colcon_core.shell:Creating package script '/home/rsa2021/py_pub_sub/install/zbar_ros/share/zbar_ros/package.sh'
[2.891s] INFO:colcon.colcon_core.shell:Creating package script '/home/rsa2021/py_pub_sub/install/zbar_ros/share/zbar_ros/package.bash'
[2.891s] INFO:colcon.colcon_core.shell:Creating package script '/home/rsa2021/py_pub_sub/install/zbar_ros/share/zbar_ros/package.zsh'
[2.892s] Level 1:colcon.colcon_core.environment:create_file_with_runtime_dependencies(/home/rsa2021/py_pub_sub/install/zbar_ros/share/colcon-core/packages/zbar_ros)
[2.958s] Level 1:colcon.colcon_core.environment:create_environment_scripts_only(zbar_ros)
[2.961s] Level 1:colcon.colcon_core.environment:checking '/home/rsa2021/py_pub_sub/install/zbar_ros' for CMake module files
[2.962s] Level 1:colcon.colcon_core.environment:checking '/home/rsa2021/py_pub_sub/install/zbar_ros' for CMake config files
[2.963s] Level 1:colcon.colcon_core.shell:create_environment_hook('zbar_ros', 'cmake_prefix_path')
[2.965s] INFO:colcon.colcon_core.shell:Creating environment hook '/home/rsa2021/py_pub_sub/install/zbar_ros/share/zbar_ros/hook/cmake_prefix_path.ps1'
[2.967s] INFO:colcon.colcon_core.shell:Creating environment descriptor '/home/rsa2021/py_pub_sub/install/zbar_ros/share/zbar_ros/hook/cmake_prefix_path.dsv'
[2.969s] INFO:colcon.colcon_core.shell:Creating environment hook '/home/rsa2021/py_pub_sub/install/zbar_ros/share/zbar_ros/hook/cmake_prefix_path.sh'
[2.970s] Level 1:colcon.colcon_core.environment:checking '/home/rsa2021/py_pub_sub/install/zbar_ros/lib'
[2.970s] Level 1:colcon.colcon_core.environment:checking '/home/rsa2021/py_pub_sub/install/zbar_ros/bin'
[2.970s] Level 1:colcon.colcon_core.environment:checking '/home/rsa2021/py_pub_sub/install/zbar_ros/lib/pkgconfig/zbar_ros.pc'
[2.970s] Level 1:colcon.colcon_core.environment:checking '/home/rsa2021/py_pub_sub/install/zbar_ros/lib/python3.8/site-packages'
[2.971s] INFO:colcon.colcon_core.shell:Creating package script '/home/rsa2021/py_pub_sub/install/zbar_ros/share/zbar_ros/package.ps1'
[2.973s] INFO:colcon.colcon_core.shell:Creating package descriptor '/home/rsa2021/py_pub_sub/install/zbar_ros/share/zbar_ros/package.dsv'
[2.974s] INFO:colcon.colcon_core.shell:Creating package script '/home/rsa2021/py_pub_sub/install/zbar_ros/share/zbar_ros/package.sh'
[2.976s] INFO:colcon.colcon_core.shell:Creating package script '/home/rsa2021/py_pub_sub/install/zbar_ros/share/zbar_ros/package.bash'
[2.978s] INFO:colcon.colcon_core.shell:Creating package script '/home/rsa2021/py_pub_sub/install/zbar_ros/share/zbar_ros/package.zsh'
[2.981s] Level 1:colcon.colcon_core.environment:create_file_with_runtime_dependencies(/home/rsa2021/py_pub_sub/install/zbar_ros/share/colcon-core/packages/zbar_ros)
[3.316s] Level 1:colcon.colcon_core.environment:checking '/home/rsa2021/py_pub_sub/install/map_server' for CMake module files
[3.317s] DEBUG:colcon.colcon_core.event_handler.log_command:Invoked command in '/home/rsa2021/py_pub_sub/src/map_server' returned '0': CMAKE_PREFIX_PATH=/home/rsa2021/py_pub_sub/install/comp3431_interfaces:/home/rsa2021/py_pub_sub/install/zbar_ros:/home/rsa2021/py_pub_sub/install/zbar_ros_interfaces:/home/rsa2021/py_pub_sub/install/image_publisher:/home/rsa2021/py_pub_sub/install/comp3431_ass3_worlds:/home/rsa2021/dev_ws/install/tutorial_interfaces:/home/rsa2021/dev_ws/install/turtlesim:/home/rsa2021/dev_ws/install/comp3431_interfaces LD_LIBRARY_PATH=/home/rsa2021/py_pub_sub/install/comp3431_interfaces/lib:/home/rsa2021/py_pub_sub/install/zbar_ros_interfaces/lib:/home/rsa2021/dev_ws/install/tutorial_interfaces/lib:/home/rsa2021/dev_ws/install/turtlesim/lib:/home/rsa2021/dev_ws/install/comp3431_interfaces/lib:/usr/lib/x86_64-linux-gnu/gazebo-11/plugins:/opt/ros/foxy/opt/yaml_cpp_vendor/lib:/opt/ros/foxy/opt/rviz_ogre_vendor/lib:/opt/ros/foxy/lib/x86_64-linux-gnu:/opt/ros/foxy/lib PYTHONPATH=/home/rsa2021/py_pub_sub/install/map_server/lib/python3.8/site-packages:/home/rsa2021/py_pub_sub/install/comp3431_interfaces/lib/python3.8/site-packages:/home/rsa2021/py_pub_sub/install/zbar_ros_interfaces/lib/python3.8/site-packages:/home/rsa2021/py_pub_sub/install/publisher3431/lib/python3.8/site-packages:/home/rsa2021/py_pub_sub/install/map_server/lib/python3.8/site-packages:/home/rsa2021/dev_ws/install/py_srvcli/lib/python3.8/site-packages:/home/rsa2021/dev_ws/install/py_pubsub/lib/python3.8/site-packages:/home/rsa2021/dev_ws/install/tutorial_interfaces/lib/python3.8/site-packages:/home/rsa2021/dev_ws/install/learning_tf2_py/lib/python3.8/site-packages:/home/rsa2021/dev_ws/install/turtlesim/lib/python3.8/site-packages:/home/rsa2021/dev_ws/install/my_package/lib/python3.8/site-packages:/home/rsa2021/dev_ws/install/comp3431_interfaces/lib/python3.8/site-packages:/opt/ros/foxy/lib/python3.8/site-packages /usr/bin/python3 setup.py egg_info --egg-base ../../build/map_server build --build-base /home/rsa2021/py_pub_sub/build/map_server/build install --prefix /home/rsa2021/py_pub_sub/install/map_server --record /home/rsa2021/py_pub_sub/build/map_server/install.log --single-version-externally-managed
[3.317s] Level 1:colcon.colcon_core.environment:checking '/home/rsa2021/py_pub_sub/install/map_server' for CMake config files
[3.317s] Level 1:colcon.colcon_core.environment:checking '/home/rsa2021/py_pub_sub/install/map_server/lib'
[3.318s] Level 1:colcon.colcon_core.environment:checking '/home/rsa2021/py_pub_sub/install/map_server/bin'
[3.318s] Level 1:colcon.colcon_core.environment:checking '/home/rsa2021/py_pub_sub/install/map_server/lib/pkgconfig/map_server.pc'
[3.318s] Level 1:colcon.colcon_core.environment:checking '/home/rsa2021/py_pub_sub/install/map_server/lib/python3.8/site-packages'
[3.318s] Level 1:colcon.colcon_core.shell:create_environment_hook('map_server', 'pythonpath')
[3.318s] INFO:colcon.colcon_core.shell:Creating environment hook '/home/rsa2021/py_pub_sub/install/map_server/share/map_server/hook/pythonpath.ps1'
[3.319s] INFO:colcon.colcon_core.shell:Creating environment descriptor '/home/rsa2021/py_pub_sub/install/map_server/share/map_server/hook/pythonpath.dsv'
[3.319s] INFO:colcon.colcon_core.shell:Creating environment hook '/home/rsa2021/py_pub_sub/install/map_server/share/map_server/hook/pythonpath.sh'
[3.320s] Level 1:colcon.colcon_core.environment:create_environment_scripts_only(map_server)
[3.321s] INFO:colcon.colcon_core.shell:Creating package script '/home/rsa2021/py_pub_sub/install/map_server/share/map_server/package.ps1'
[3.321s] INFO:colcon.colcon_core.shell:Creating package descriptor '/home/rsa2021/py_pub_sub/install/map_server/share/map_server/package.dsv'
[3.322s] INFO:colcon.colcon_core.shell:Creating package script '/home/rsa2021/py_pub_sub/install/map_server/share/map_server/package.sh'
[3.322s] INFO:colcon.colcon_core.shell:Creating package script '/home/rsa2021/py_pub_sub/install/map_server/share/map_server/package.bash'
[3.323s] INFO:colcon.colcon_core.shell:Creating package script '/home/rsa2021/py_pub_sub/install/map_server/share/map_server/package.zsh'
[3.324s] Level 1:colcon.colcon_core.environment:create_file_with_runtime_dependencies(/home/rsa2021/py_pub_sub/install/map_server/share/colcon-core/packages/map_server)
[3.324s] DEBUG:colcon.colcon_parallel_executor.executor.parallel:closing loop
[3.325s] DEBUG:colcon.colcon_parallel_executor.executor.parallel:loop closed
[3.325s] DEBUG:colcon.colcon_parallel_executor.executor.parallel:run_until_complete finished with '0'
[3.325s] DEBUG:colcon.colcon_core.event_reactor:joining thread
[3.337s] INFO:colcon.colcon_core.plugin_system:Skipping extension 'colcon_notification.desktop_notification.terminal_notifier': Not used on non-Darwin systems
[3.338s] INFO:colcon.colcon_core.plugin_system:Skipping extension 'colcon_notification.desktop_notification.win32': Not used on non-Windows systems
[3.338s] INFO:colcon.colcon_notification.desktop_notification:Sending desktop notification using 'notify2'
[3.364s] DEBUG:colcon.colcon_core.event_reactor:joined thread
[3.366s] INFO:colcon.colcon_core.shell:Creating prefix script '/home/rsa2021/py_pub_sub/install/local_setup.ps1'
[3.367s] INFO:colcon.colcon_core.shell:Creating prefix util module '/home/rsa2021/py_pub_sub/install/_local_setup_util_ps1.py'
[3.369s] INFO:colcon.colcon_core.shell:Creating prefix chain script '/home/rsa2021/py_pub_sub/install/setup.ps1'
[3.377s] INFO:colcon.colcon_core.shell:Creating prefix script '/home/rsa2021/py_pub_sub/install/local_setup.sh'
[3.378s] INFO:colcon.colcon_core.shell:Creating prefix util module '/home/rsa2021/py_pub_sub/install/_local_setup_util_sh.py'
[3.379s] INFO:colcon.colcon_core.shell:Creating prefix chain script '/home/rsa2021/py_pub_sub/install/setup.sh'
[3.384s] INFO:colcon.colcon_core.shell:Creating prefix script '/home/rsa2021/py_pub_sub/install/local_setup.bash'
[3.385s] INFO:colcon.colcon_core.shell:Creating prefix chain script '/home/rsa2021/py_pub_sub/install/setup.bash'
[3.390s] INFO:colcon.colcon_core.shell:Creating prefix script '/home/rsa2021/py_pub_sub/install/local_setup.zsh'
[3.391s] INFO:colcon.colcon_core.shell:Creating prefix chain script '/home/rsa2021/py_pub_sub/install/setup.zsh'
