[0.013s] Invoking command in '/home/rsa2021/python_ws/build/zbar_ros': CMAKE_PREFIX_PATH=/home/rsa2021/python_ws/install/zbar_ros_interfaces:/home/rsa2021/python_ws/install/zbar_ros:/home/rsa2021/python_ws/install/image_publisher:/home/rsa2021/dev_ws/install/zbar_ros:/home/rsa2021/dev_ws/install/dev_pkg:/home/rsa2021/dev_ws/install/zbar_ros_interfaces:/home/rsa2021/python_ws/install/publisher3431:/opt/ros/foxy LD_LIBRARY_PATH=/home/rsa2021/python_ws/install/zbar_ros_interfaces/lib:/home/rsa2021/python_ws/install/image_publisher/lib:/home/rsa2021/dev_ws/install/zbar_ros_interfaces/lib:/usr/lib/x86_64-linux-gnu/gazebo-11/plugins:/opt/ros/foxy/opt/yaml_cpp_vendor/lib:/opt/ros/foxy/opt/rviz_ogre_vendor/lib:/opt/ros/foxy/lib/x86_64-linux-gnu:/opt/ros/foxy/lib /usr/bin/cmake /home/rsa2021/python_ws/src/zbar_ros -DCMAKE_INSTALL_PREFIX=/home/rsa2021/python_ws/install/zbar_ros
[0.080s] -- The C compiler identification is GNU 9.3.0
[0.140s] -- The CXX compiler identification is GNU 9.3.0
[0.145s] -- Check for working C compiler: /usr/bin/cc
[0.226s] -- Check for working C compiler: /usr/bin/cc -- works
[0.226s] -- Detecting C compiler ABI info
[0.307s] -- Detecting C compiler ABI info - done
[0.313s] -- Detecting C compile features
[0.313s] -- Detecting C compile features - done
[0.316s] -- Check for working CXX compiler: /usr/bin/c++
[0.414s] -- Check for working CXX compiler: /usr/bin/c++ -- works
[0.414s] -- Detecting CXX compiler ABI info
[0.502s] -- Detecting CXX compiler ABI info - done
[0.505s] -- Detecting CXX compile features
[0.506s] -- Detecting CXX compile features - done
[0.509s] -- Found ament_cmake: 0.9.8 (/opt/ros/foxy/share/ament_cmake/cmake)
[0.534s] -- Found PythonInterp: /usr/bin/python3 (found suitable version "3.8.10", minimum required is "3") 
[0.535s] -- Using PYTHON_EXECUTABLE: /usr/bin/python3
[0.758s] -- Found rclcpp: 2.3.1 (/opt/ros/foxy/share/rclcpp/cmake)
[0.832s] -- Using all available rosidl_typesupport_c: rosidl_typesupport_fastrtps_c;rosidl_typesupport_introspection_c
[0.837s] -- Found rosidl_adapter: 1.2.1 (/opt/ros/foxy/share/rosidl_adapter/cmake)
[0.953s] -- Found OpenSSL: /usr/lib/x86_64-linux-gnu/libcrypto.so (found version "1.1.1f")  
[1.006s] -- Found FastRTPS: /opt/ros/foxy/include  
[1.091s] -- Using all available rosidl_typesupport_cpp: rosidl_typesupport_fastrtps_cpp;rosidl_typesupport_introspection_cpp
[1.163s] -- Found rmw_implementation_cmake: 1.0.3 (/opt/ros/foxy/share/rmw_implementation_cmake/cmake)
[1.164s] -- Using RMW implementation 'rmw_fastrtps_cpp' as default
[1.166s] -- Looking for pthread.h
[1.243s] -- Looking for pthread.h - found
[1.243s] -- Performing Test CMAKE_HAVE_LIBC_PTHREAD
[1.329s] -- Performing Test CMAKE_HAVE_LIBC_PTHREAD - Failed
[1.329s] -- Looking for pthread_create in pthreads
[1.392s] -- Looking for pthread_create in pthreads - not found
[1.393s] -- Looking for pthread_create in pthread
[1.471s] -- Looking for pthread_create in pthread - found
[1.472s] -- Found Threads: TRUE  
[1.625s] -- Found sensor_msgs: 2.0.4 (/opt/ros/foxy/share/sensor_msgs/cmake)
[1.748s] -- Found zbar_ros_interfaces: 0.0.0 (/home/rsa2021/python_ws/install/zbar_ros_interfaces/share/zbar_ros_interfaces/cmake)
[1.816s] -- Found cv_bridge: 2.2.1 (/opt/ros/foxy/share/cv_bridge/cmake)
[1.839s] -- Found ament_lint_auto: 0.9.6 (/opt/ros/foxy/share/ament_lint_auto/cmake)
[1.931s] -- Added test 'cppcheck' to perform static code analysis on C / C++ code
[1.932s] -- Configured cppcheck include dirs: /home/rsa2021/python_ws/src/zbar_ros/include
[1.932s] -- Configured cppcheck exclude dirs and/or files: 
[1.933s] -- Added test 'cpplint' to check C / C++ code against the Google style
[1.933s] -- Configured cpplint exclude dirs and/or files: 
[1.933s] -- Added test 'lint_cmake' to check CMake code style
[1.935s] -- Added test 'uncrustify' to check C / C++ code style
[1.935s] -- Configured uncrustify additional arguments: 
[1.935s] -- Added test 'xmllint' to check XML markup files
[1.938s] -- Configuring done
[1.956s] -- Generating done
[1.958s] -- Build files have been written to: /home/rsa2021/python_ws/build/zbar_ros
[1.970s] Invoked command in '/home/rsa2021/python_ws/build/zbar_ros' returned '0': CMAKE_PREFIX_PATH=/home/rsa2021/python_ws/install/zbar_ros_interfaces:/home/rsa2021/python_ws/install/zbar_ros:/home/rsa2021/python_ws/install/image_publisher:/home/rsa2021/dev_ws/install/zbar_ros:/home/rsa2021/dev_ws/install/dev_pkg:/home/rsa2021/dev_ws/install/zbar_ros_interfaces:/home/rsa2021/python_ws/install/publisher3431:/opt/ros/foxy LD_LIBRARY_PATH=/home/rsa2021/python_ws/install/zbar_ros_interfaces/lib:/home/rsa2021/python_ws/install/image_publisher/lib:/home/rsa2021/dev_ws/install/zbar_ros_interfaces/lib:/usr/lib/x86_64-linux-gnu/gazebo-11/plugins:/opt/ros/foxy/opt/yaml_cpp_vendor/lib:/opt/ros/foxy/opt/rviz_ogre_vendor/lib:/opt/ros/foxy/lib/x86_64-linux-gnu:/opt/ros/foxy/lib /usr/bin/cmake /home/rsa2021/python_ws/src/zbar_ros -DCMAKE_INSTALL_PREFIX=/home/rsa2021/python_ws/install/zbar_ros
[1.974s] Invoking command in '/home/rsa2021/python_ws/build/zbar_ros': CMAKE_PREFIX_PATH=/home/rsa2021/python_ws/install/zbar_ros_interfaces:/home/rsa2021/python_ws/install/zbar_ros:/home/rsa2021/python_ws/install/image_publisher:/home/rsa2021/dev_ws/install/zbar_ros:/home/rsa2021/dev_ws/install/dev_pkg:/home/rsa2021/dev_ws/install/zbar_ros_interfaces:/home/rsa2021/python_ws/install/publisher3431:/opt/ros/foxy LD_LIBRARY_PATH=/home/rsa2021/python_ws/install/zbar_ros_interfaces/lib:/home/rsa2021/python_ws/install/image_publisher/lib:/home/rsa2021/dev_ws/install/zbar_ros_interfaces/lib:/usr/lib/x86_64-linux-gnu/gazebo-11/plugins:/opt/ros/foxy/opt/yaml_cpp_vendor/lib:/opt/ros/foxy/opt/rviz_ogre_vendor/lib:/opt/ros/foxy/lib/x86_64-linux-gnu:/opt/ros/foxy/lib /usr/bin/cmake --build /home/rsa2021/python_ws/build/zbar_ros -- -j3 -l3
[2.025s] [35m[1mScanning dependencies of target barcode_reader_node[0m
[2.078s] [ 25%] [32mBuilding CXX object CMakeFiles/barcode_reader_node.dir/src/barcode_reader_node.cpp.o[0m
[8.418s] [ 50%] [32m[1mLinking CXX static library libbarcode_reader_node.a[0m
[8.564s] [ 50%] Built target barcode_reader_node
[8.576s] [35m[1mScanning dependencies of target barcode_reader[0m
[8.610s] [ 75%] [32mBuilding CXX object CMakeFiles/barcode_reader.dir/src/barcode_reader_main.cpp.o[0m
[10.457s] [100%] [32m[1mLinking CXX executable barcode_reader[0m
[11.033s] [100%] Built target barcode_reader
[11.046s] Invoked command in '/home/rsa2021/python_ws/build/zbar_ros' returned '0': CMAKE_PREFIX_PATH=/home/rsa2021/python_ws/install/zbar_ros_interfaces:/home/rsa2021/python_ws/install/zbar_ros:/home/rsa2021/python_ws/install/image_publisher:/home/rsa2021/dev_ws/install/zbar_ros:/home/rsa2021/dev_ws/install/dev_pkg:/home/rsa2021/dev_ws/install/zbar_ros_interfaces:/home/rsa2021/python_ws/install/publisher3431:/opt/ros/foxy LD_LIBRARY_PATH=/home/rsa2021/python_ws/install/zbar_ros_interfaces/lib:/home/rsa2021/python_ws/install/image_publisher/lib:/home/rsa2021/dev_ws/install/zbar_ros_interfaces/lib:/usr/lib/x86_64-linux-gnu/gazebo-11/plugins:/opt/ros/foxy/opt/yaml_cpp_vendor/lib:/opt/ros/foxy/opt/rviz_ogre_vendor/lib:/opt/ros/foxy/lib/x86_64-linux-gnu:/opt/ros/foxy/lib /usr/bin/cmake --build /home/rsa2021/python_ws/build/zbar_ros -- -j3 -l3
[11.078s] Invoking command in '/home/rsa2021/python_ws/build/zbar_ros': CMAKE_PREFIX_PATH=/home/rsa2021/python_ws/install/zbar_ros_interfaces:/home/rsa2021/python_ws/install/zbar_ros:/home/rsa2021/python_ws/install/image_publisher:/home/rsa2021/dev_ws/install/zbar_ros:/home/rsa2021/dev_ws/install/dev_pkg:/home/rsa2021/dev_ws/install/zbar_ros_interfaces:/home/rsa2021/python_ws/install/publisher3431:/opt/ros/foxy LD_LIBRARY_PATH=/home/rsa2021/python_ws/install/zbar_ros_interfaces/lib:/home/rsa2021/python_ws/install/image_publisher/lib:/home/rsa2021/dev_ws/install/zbar_ros_interfaces/lib:/usr/lib/x86_64-linux-gnu/gazebo-11/plugins:/opt/ros/foxy/opt/yaml_cpp_vendor/lib:/opt/ros/foxy/opt/rviz_ogre_vendor/lib:/opt/ros/foxy/lib/x86_64-linux-gnu:/opt/ros/foxy/lib /usr/bin/cmake --install /home/rsa2021/python_ws/build/zbar_ros
[11.087s] -- Install configuration: ""
[11.088s] -- Installing: /home/rsa2021/python_ws/install/zbar_ros/lib/zbar_ros/barcode_reader
[11.089s] -- Set runtime path of "/home/rsa2021/python_ws/install/zbar_ros/lib/zbar_ros/barcode_reader" to ""
[11.090s] -- Installing: /home/rsa2021/python_ws/install/zbar_ros/include/
[11.090s] -- Installing: /home/rsa2021/python_ws/install/zbar_ros/include//zbar_ros
[11.090s] -- Installing: /home/rsa2021/python_ws/install/zbar_ros/include//zbar_ros/barcode_reader_node.hpp
[11.090s] -- Installing: /home/rsa2021/python_ws/install/zbar_ros/lib/libbarcode_reader_node.a
[11.095s] -- Installing: /home/rsa2021/python_ws/install/zbar_ros/share/ament_index/resource_index/package_run_dependencies/zbar_ros
[11.096s] -- Installing: /home/rsa2021/python_ws/install/zbar_ros/share/ament_index/resource_index/parent_prefix_path/zbar_ros
[11.096s] -- Installing: /home/rsa2021/python_ws/install/zbar_ros/share/zbar_ros/environment/ament_prefix_path.sh
[11.096s] -- Installing: /home/rsa2021/python_ws/install/zbar_ros/share/zbar_ros/environment/ament_prefix_path.dsv
[11.096s] -- Installing: /home/rsa2021/python_ws/install/zbar_ros/share/zbar_ros/environment/path.sh
[11.096s] -- Installing: /home/rsa2021/python_ws/install/zbar_ros/share/zbar_ros/environment/path.dsv
[11.097s] -- Installing: /home/rsa2021/python_ws/install/zbar_ros/share/zbar_ros/local_setup.bash
[11.097s] -- Installing: /home/rsa2021/python_ws/install/zbar_ros/share/zbar_ros/local_setup.sh
[11.097s] -- Installing: /home/rsa2021/python_ws/install/zbar_ros/share/zbar_ros/local_setup.zsh
[11.097s] -- Installing: /home/rsa2021/python_ws/install/zbar_ros/share/zbar_ros/local_setup.dsv
[11.097s] -- Installing: /home/rsa2021/python_ws/install/zbar_ros/share/zbar_ros/package.dsv
[11.098s] -- Installing: /home/rsa2021/python_ws/install/zbar_ros/share/ament_index/resource_index/packages/zbar_ros
[11.099s] -- Installing: /home/rsa2021/python_ws/install/zbar_ros/share/zbar_ros/cmake/zbar_rosConfig.cmake
[11.099s] -- Installing: /home/rsa2021/python_ws/install/zbar_ros/share/zbar_ros/cmake/zbar_rosConfig-version.cmake
[11.100s] -- Installing: /home/rsa2021/python_ws/install/zbar_ros/share/zbar_ros/package.xml
[11.102s] Invoked command in '/home/rsa2021/python_ws/build/zbar_ros' returned '0': CMAKE_PREFIX_PATH=/home/rsa2021/python_ws/install/zbar_ros_interfaces:/home/rsa2021/python_ws/install/zbar_ros:/home/rsa2021/python_ws/install/image_publisher:/home/rsa2021/dev_ws/install/zbar_ros:/home/rsa2021/dev_ws/install/dev_pkg:/home/rsa2021/dev_ws/install/zbar_ros_interfaces:/home/rsa2021/python_ws/install/publisher3431:/opt/ros/foxy LD_LIBRARY_PATH=/home/rsa2021/python_ws/install/zbar_ros_interfaces/lib:/home/rsa2021/python_ws/install/image_publisher/lib:/home/rsa2021/dev_ws/install/zbar_ros_interfaces/lib:/usr/lib/x86_64-linux-gnu/gazebo-11/plugins:/opt/ros/foxy/opt/yaml_cpp_vendor/lib:/opt/ros/foxy/opt/rviz_ogre_vendor/lib:/opt/ros/foxy/lib/x86_64-linux-gnu:/opt/ros/foxy/lib /usr/bin/cmake --install /home/rsa2021/python_ws/build/zbar_ros
