[0.144s] Invoking command in '/home/rsa2021/py_pub_sub/build/comp3431_interfaces': CMAKE_PREFIX_PATH=/home/rsa2021/dev_ws/install/tutorial_interfaces:/home/rsa2021/dev_ws/install/turtlesim:/home/rsa2021/py_pub_sub/install/zbar_ros:/home/rsa2021/py_pub_sub/install/zbar_ros_interfaces:/home/rsa2021/dev_ws/install/py_srvcli:/home/rsa2021/dev_ws/install/py_pubsub:/home/rsa2021/dev_ws/install/learning_tf2_py:/home/rsa2021/dev_ws/install/my_package:/home/rsa2021/py_pub_sub/install/publisher3431:/home/rsa2021/py_pub_sub/install/map_server:/opt/ros/foxy:/home/rsa2021/py_pub_sub/install/image_publisher:/home/rsa2021/py_pub_sub/install/comp3431_interfaces:/home/rsa2021/py_pub_sub/install/comp3431_ass3_worlds /usr/bin/cmake --build /home/rsa2021/py_pub_sub/build/comp3431_interfaces -- -j3 -l3
[0.319s] [  3%] Built target comp3431_interfaces__cpp
[0.391s] [ 12%] Built target comp3431_interfaces__rosidl_generator_c
[0.481s] [ 22%] Built target comp3431_interfaces__rosidl_typesupport_cpp
[0.538s] [ 32%] Built target comp3431_interfaces__rosidl_typesupport_introspection_cpp
[0.543s] [ 41%] Built target comp3431_interfaces__rosidl_typesupport_fastrtps_cpp
[0.684s] [ 51%] Built target comp3431_interfaces__rosidl_typesupport_introspection_c
[0.707s] [ 61%] Built target comp3431_interfaces__rosidl_typesupport_c
[0.763s] [ 70%] Built target comp3431_interfaces__rosidl_typesupport_fastrtps_c
[0.885s] [ 70%] Built target comp3431_interfaces
[0.971s] [ 74%] Built target comp3431_interfaces__py
[1.087s] [ 80%] Built target comp3431_interfaces__python
[1.302s] [ 87%] Built target comp3431_interfaces__rosidl_typesupport_c__pyext
[1.332s] [ 93%] Built target comp3431_interfaces__rosidl_typesupport_introspection_c__pyext
[1.367s] [100%] Built target comp3431_interfaces__rosidl_typesupport_fastrtps_c__pyext
[1.416s] Invoked command in '/home/rsa2021/py_pub_sub/build/comp3431_interfaces' returned '0': CMAKE_PREFIX_PATH=/home/rsa2021/dev_ws/install/tutorial_interfaces:/home/rsa2021/dev_ws/install/turtlesim:/home/rsa2021/py_pub_sub/install/zbar_ros:/home/rsa2021/py_pub_sub/install/zbar_ros_interfaces:/home/rsa2021/dev_ws/install/py_srvcli:/home/rsa2021/dev_ws/install/py_pubsub:/home/rsa2021/dev_ws/install/learning_tf2_py:/home/rsa2021/dev_ws/install/my_package:/home/rsa2021/py_pub_sub/install/publisher3431:/home/rsa2021/py_pub_sub/install/map_server:/opt/ros/foxy:/home/rsa2021/py_pub_sub/install/image_publisher:/home/rsa2021/py_pub_sub/install/comp3431_interfaces:/home/rsa2021/py_pub_sub/install/comp3431_ass3_worlds /usr/bin/cmake --build /home/rsa2021/py_pub_sub/build/comp3431_interfaces -- -j3 -l3
[2.295s] Invoking command in '/home/rsa2021/py_pub_sub/build/comp3431_interfaces': CMAKE_PREFIX_PATH=/home/rsa2021/dev_ws/install/tutorial_interfaces:/home/rsa2021/dev_ws/install/turtlesim:/home/rsa2021/py_pub_sub/install/zbar_ros:/home/rsa2021/py_pub_sub/install/zbar_ros_interfaces:/home/rsa2021/dev_ws/install/py_srvcli:/home/rsa2021/dev_ws/install/py_pubsub:/home/rsa2021/dev_ws/install/learning_tf2_py:/home/rsa2021/dev_ws/install/my_package:/home/rsa2021/py_pub_sub/install/publisher3431:/home/rsa2021/py_pub_sub/install/map_server:/opt/ros/foxy:/home/rsa2021/py_pub_sub/install/image_publisher:/home/rsa2021/py_pub_sub/install/comp3431_interfaces:/home/rsa2021/py_pub_sub/install/comp3431_ass3_worlds /usr/bin/cmake --install /home/rsa2021/py_pub_sub/build/comp3431_interfaces
[2.332s] -- Install configuration: ""
[2.332s] -- Up-to-date: /home/rsa2021/py_pub_sub/install/comp3431_interfaces/share/ament_index/resource_index/rosidl_interfaces/comp3431_interfaces
[2.333s] -- Up-to-date: /home/rsa2021/py_pub_sub/install/comp3431_interfaces/include/comp3431_interfaces
[2.333s] -- Up-to-date: /home/rsa2021/py_pub_sub/install/comp3431_interfaces/include/comp3431_interfaces/srv
[2.334s] -- Up-to-date: /home/rsa2021/py_pub_sub/install/comp3431_interfaces/include/comp3431_interfaces/srv/map_info.h
[2.334s] -- Up-to-date: /home/rsa2021/py_pub_sub/install/comp3431_interfaces/include/comp3431_interfaces/srv/detail
[2.335s] -- Up-to-date: /home/rsa2021/py_pub_sub/install/comp3431_interfaces/include/comp3431_interfaces/srv/detail/map_info__functions.c
[2.337s] -- Up-to-date: /home/rsa2021/py_pub_sub/install/comp3431_interfaces/include/comp3431_interfaces/srv/detail/map_info__functions.h
[2.338s] -- Up-to-date: /home/rsa2021/py_pub_sub/install/comp3431_interfaces/include/comp3431_interfaces/srv/detail/map_info__struct.h
[2.338s] -- Up-to-date: /home/rsa2021/py_pub_sub/install/comp3431_interfaces/include/comp3431_interfaces/srv/detail/map_info__type_support.h
[2.339s] -- Up-to-date: /home/rsa2021/py_pub_sub/install/comp3431_interfaces/include/comp3431_interfaces/msg
[2.339s] -- Up-to-date: /home/rsa2021/py_pub_sub/install/comp3431_interfaces/include/comp3431_interfaces/msg/rosidl_generator_c__visibility_control.h
[2.340s] -- Up-to-date: /home/rsa2021/py_pub_sub/install/comp3431_interfaces/share/comp3431_interfaces/environment/library_path.sh
[2.340s] -- Up-to-date: /home/rsa2021/py_pub_sub/install/comp3431_interfaces/share/comp3431_interfaces/environment/library_path.dsv
[2.348s] -- Up-to-date: /home/rsa2021/py_pub_sub/install/comp3431_interfaces/lib/libcomp3431_interfaces__rosidl_generator_c.so
[2.348s] -- Up-to-date: /home/rsa2021/py_pub_sub/install/comp3431_interfaces/include/comp3431_interfaces
[2.349s] -- Up-to-date: /home/rsa2021/py_pub_sub/install/comp3431_interfaces/include/comp3431_interfaces/srv
[2.349s] -- Up-to-date: /home/rsa2021/py_pub_sub/install/comp3431_interfaces/include/comp3431_interfaces/srv/detail
[2.350s] -- Up-to-date: /home/rsa2021/py_pub_sub/install/comp3431_interfaces/include/comp3431_interfaces/srv/detail/map_info__rosidl_typesupport_fastrtps_c.h
[2.350s] -- Up-to-date: /home/rsa2021/py_pub_sub/install/comp3431_interfaces/include/comp3431_interfaces/msg
[2.351s] -- Up-to-date: /home/rsa2021/py_pub_sub/install/comp3431_interfaces/include/comp3431_interfaces/msg/rosidl_typesupport_fastrtps_c__visibility_control.h
[2.351s] -- Up-to-date: /home/rsa2021/py_pub_sub/install/comp3431_interfaces/lib/libcomp3431_interfaces__rosidl_typesupport_fastrtps_c.so
[2.351s] -- Up-to-date: /home/rsa2021/py_pub_sub/install/comp3431_interfaces/include/comp3431_interfaces
[2.352s] -- Up-to-date: /home/rsa2021/py_pub_sub/install/comp3431_interfaces/include/comp3431_interfaces/srv
[2.352s] -- Up-to-date: /home/rsa2021/py_pub_sub/install/comp3431_interfaces/include/comp3431_interfaces/srv/detail
[2.353s] -- Up-to-date: /home/rsa2021/py_pub_sub/install/comp3431_interfaces/include/comp3431_interfaces/srv/detail/dds_fastrtps
[2.384s] -- Up-to-date: /home/rsa2021/py_pub_sub/install/comp3431_interfaces/include/comp3431_interfaces/srv/detail/map_info__rosidl_typesupport_fastrtps_cpp.hpp
[2.384s] -- Up-to-date: /home/rsa2021/py_pub_sub/install/comp3431_interfaces/include/comp3431_interfaces/msg
[2.385s] -- Up-to-date: /home/rsa2021/py_pub_sub/install/comp3431_interfaces/include/comp3431_interfaces/msg/rosidl_typesupport_fastrtps_cpp__visibility_control.h
[2.386s] -- Up-to-date: /home/rsa2021/py_pub_sub/install/comp3431_interfaces/lib/libcomp3431_interfaces__rosidl_typesupport_fastrtps_cpp.so
[2.386s] -- Up-to-date: /home/rsa2021/py_pub_sub/install/comp3431_interfaces/include/comp3431_interfaces
[2.387s] -- Up-to-date: /home/rsa2021/py_pub_sub/install/comp3431_interfaces/include/comp3431_interfaces/srv
[2.388s] -- Up-to-date: /home/rsa2021/py_pub_sub/install/comp3431_interfaces/include/comp3431_interfaces/srv/detail
[2.388s] -- Up-to-date: /home/rsa2021/py_pub_sub/install/comp3431_interfaces/include/comp3431_interfaces/srv/detail/map_info__type_support.c
[2.389s] -- Up-to-date: /home/rsa2021/py_pub_sub/install/comp3431_interfaces/include/comp3431_interfaces/srv/detail/map_info__rosidl_typesupport_introspection_c.h
[2.389s] -- Up-to-date: /home/rsa2021/py_pub_sub/install/comp3431_interfaces/include/comp3431_interfaces/msg
[2.389s] -- Up-to-date: /home/rsa2021/py_pub_sub/install/comp3431_interfaces/include/comp3431_interfaces/msg/rosidl_typesupport_introspection_c__visibility_control.h
[2.412s] -- Up-to-date: /home/rsa2021/py_pub_sub/install/comp3431_interfaces/lib/libcomp3431_interfaces__rosidl_typesupport_introspection_c.so
[2.412s] -- Up-to-date: /home/rsa2021/py_pub_sub/install/comp3431_interfaces/lib/libcomp3431_interfaces__rosidl_typesupport_c.so
[2.412s] -- Up-to-date: /home/rsa2021/py_pub_sub/install/comp3431_interfaces/include/comp3431_interfaces
[2.413s] -- Up-to-date: /home/rsa2021/py_pub_sub/install/comp3431_interfaces/include/comp3431_interfaces/srv
[2.413s] -- Up-to-date: /home/rsa2021/py_pub_sub/install/comp3431_interfaces/include/comp3431_interfaces/srv/map_info.hpp
[2.413s] -- Up-to-date: /home/rsa2021/py_pub_sub/install/comp3431_interfaces/include/comp3431_interfaces/srv/detail
[2.413s] -- Up-to-date: /home/rsa2021/py_pub_sub/install/comp3431_interfaces/include/comp3431_interfaces/srv/detail/map_info__builder.hpp
[2.414s] -- Up-to-date: /home/rsa2021/py_pub_sub/install/comp3431_interfaces/include/comp3431_interfaces/srv/detail/map_info__traits.hpp
[2.415s] -- Up-to-date: /home/rsa2021/py_pub_sub/install/comp3431_interfaces/include/comp3431_interfaces/srv/detail/map_info__struct.hpp
[2.425s] -- Up-to-date: /home/rsa2021/py_pub_sub/install/comp3431_interfaces/include/comp3431_interfaces
[2.426s] -- Up-to-date: /home/rsa2021/py_pub_sub/install/comp3431_interfaces/include/comp3431_interfaces/srv
[2.426s] -- Up-to-date: /home/rsa2021/py_pub_sub/install/comp3431_interfaces/include/comp3431_interfaces/srv/detail
[2.427s] -- Up-to-date: /home/rsa2021/py_pub_sub/install/comp3431_interfaces/include/comp3431_interfaces/srv/detail/map_info__rosidl_typesupport_introspection_cpp.hpp
[2.427s] -- Up-to-date: /home/rsa2021/py_pub_sub/install/comp3431_interfaces/include/comp3431_interfaces/srv/detail/map_info__type_support.cpp
[2.427s] -- Up-to-date: /home/rsa2021/py_pub_sub/install/comp3431_interfaces/lib/libcomp3431_interfaces__rosidl_typesupport_introspection_cpp.so
[2.428s] -- Up-to-date: /home/rsa2021/py_pub_sub/install/comp3431_interfaces/lib/libcomp3431_interfaces__rosidl_typesupport_cpp.so
[2.428s] -- Up-to-date: /home/rsa2021/py_pub_sub/install/comp3431_interfaces/share/comp3431_interfaces/environment/pythonpath.sh
[2.428s] -- Up-to-date: /home/rsa2021/py_pub_sub/install/comp3431_interfaces/share/comp3431_interfaces/environment/pythonpath.dsv
[2.429s] -- Up-to-date: /home/rsa2021/py_pub_sub/install/comp3431_interfaces/lib/python3.8/site-packages/comp3431_interfaces/__init__.py
[2.574s] -- Up-to-date: /home/rsa2021/py_pub_sub/install/comp3431_interfaces/lib/python3.8/site-packages/comp3431_interfaces/srv
[2.575s] -- Up-to-date: /home/rsa2021/py_pub_sub/install/comp3431_interfaces/lib/python3.8/site-packages/comp3431_interfaces/srv/__init__.py
[2.575s] -- Up-to-date: /home/rsa2021/py_pub_sub/install/comp3431_interfaces/lib/python3.8/site-packages/comp3431_interfaces/srv/_map_info_s.c
[2.576s] -- Up-to-date: /home/rsa2021/py_pub_sub/install/comp3431_interfaces/lib/python3.8/site-packages/comp3431_interfaces/srv/_map_info.py
[2.579s] -- Up-to-date: /home/rsa2021/py_pub_sub/install/comp3431_interfaces/lib/python3.8/site-packages/comp3431_interfaces/comp3431_interfaces_s__rosidl_typesupport_fastrtps_c.cpython-38-x86_64-linux-gnu.so
[2.580s] -- Up-to-date: /home/rsa2021/py_pub_sub/install/comp3431_interfaces/lib/python3.8/site-packages/comp3431_interfaces/comp3431_interfaces_s__rosidl_typesupport_introspection_c.cpython-38-x86_64-linux-gnu.so
[2.582s] -- Up-to-date: /home/rsa2021/py_pub_sub/install/comp3431_interfaces/lib/python3.8/site-packages/comp3431_interfaces/comp3431_interfaces_s__rosidl_typesupport_c.cpython-38-x86_64-linux-gnu.so
[2.583s] -- Up-to-date: /home/rsa2021/py_pub_sub/install/comp3431_interfaces/lib/libcomp3431_interfaces__python.so
[2.583s] -- Up-to-date: /home/rsa2021/py_pub_sub/install/comp3431_interfaces/share/comp3431_interfaces/srv/MapInfo.idl
[2.584s] -- Up-to-date: /home/rsa2021/py_pub_sub/install/comp3431_interfaces/share/comp3431_interfaces/srv/MapInfo.srv
[2.584s] -- Up-to-date: /home/rsa2021/py_pub_sub/install/comp3431_interfaces/share/comp3431_interfaces/srv/MapInfo_Request.msg
[2.585s] -- Up-to-date: /home/rsa2021/py_pub_sub/install/comp3431_interfaces/share/comp3431_interfaces/srv/MapInfo_Response.msg
[2.586s] -- Up-to-date: /home/rsa2021/py_pub_sub/install/comp3431_interfaces/share/ament_index/resource_index/package_run_dependencies/comp3431_interfaces
[2.586s] -- Up-to-date: /home/rsa2021/py_pub_sub/install/comp3431_interfaces/share/ament_index/resource_index/parent_prefix_path/comp3431_interfaces
[2.587s] -- Up-to-date: /home/rsa2021/py_pub_sub/install/comp3431_interfaces/share/comp3431_interfaces/environment/ament_prefix_path.sh
[2.599s] -- Up-to-date: /home/rsa2021/py_pub_sub/install/comp3431_interfaces/share/comp3431_interfaces/environment/ament_prefix_path.dsv
[2.600s] -- Up-to-date: /home/rsa2021/py_pub_sub/install/comp3431_interfaces/share/comp3431_interfaces/environment/path.sh
[2.600s] -- Up-to-date: /home/rsa2021/py_pub_sub/install/comp3431_interfaces/share/comp3431_interfaces/environment/path.dsv
[2.600s] -- Up-to-date: /home/rsa2021/py_pub_sub/install/comp3431_interfaces/share/comp3431_interfaces/local_setup.bash
[2.601s] -- Up-to-date: /home/rsa2021/py_pub_sub/install/comp3431_interfaces/share/comp3431_interfaces/local_setup.sh
[2.601s] -- Up-to-date: /home/rsa2021/py_pub_sub/install/comp3431_interfaces/share/comp3431_interfaces/local_setup.zsh
[2.602s] -- Up-to-date: /home/rsa2021/py_pub_sub/install/comp3431_interfaces/share/comp3431_interfaces/local_setup.dsv
[2.602s] -- Installing: /home/rsa2021/py_pub_sub/install/comp3431_interfaces/share/comp3431_interfaces/package.dsv
[2.603s] -- Up-to-date: /home/rsa2021/py_pub_sub/install/comp3431_interfaces/share/ament_index/resource_index/packages/comp3431_interfaces
[2.605s] -- Up-to-date: /home/rsa2021/py_pub_sub/install/comp3431_interfaces/share/comp3431_interfaces/cmake/comp3431_interfaces__rosidl_generator_cExport.cmake
[2.605s] -- Up-to-date: /home/rsa2021/py_pub_sub/install/comp3431_interfaces/share/comp3431_interfaces/cmake/comp3431_interfaces__rosidl_generator_cExport-noconfig.cmake
[2.606s] -- Up-to-date: /home/rsa2021/py_pub_sub/install/comp3431_interfaces/share/comp3431_interfaces/cmake/comp3431_interfaces__rosidl_typesupport_introspection_cExport.cmake
[2.607s] -- Up-to-date: /home/rsa2021/py_pub_sub/install/comp3431_interfaces/share/comp3431_interfaces/cmake/comp3431_interfaces__rosidl_typesupport_introspection_cExport-noconfig.cmake
[2.607s] -- Up-to-date: /home/rsa2021/py_pub_sub/install/comp3431_interfaces/share/comp3431_interfaces/cmake/comp3431_interfaces__rosidl_typesupport_cExport.cmake
[2.608s] -- Up-to-date: /home/rsa2021/py_pub_sub/install/comp3431_interfaces/share/comp3431_interfaces/cmake/comp3431_interfaces__rosidl_typesupport_cExport-noconfig.cmake
[2.609s] -- Up-to-date: /home/rsa2021/py_pub_sub/install/comp3431_interfaces/share/comp3431_interfaces/cmake/comp3431_interfaces__rosidl_generator_cppExport.cmake
[2.609s] -- Up-to-date: /home/rsa2021/py_pub_sub/install/comp3431_interfaces/share/comp3431_interfaces/cmake/comp3431_interfaces__rosidl_typesupport_introspection_cppExport.cmake
[2.609s] -- Up-to-date: /home/rsa2021/py_pub_sub/install/comp3431_interfaces/share/comp3431_interfaces/cmake/comp3431_interfaces__rosidl_typesupport_introspection_cppExport-noconfig.cmake
[2.610s] -- Up-to-date: /home/rsa2021/py_pub_sub/install/comp3431_interfaces/share/comp3431_interfaces/cmake/comp3431_interfaces__rosidl_typesupport_cppExport.cmake
[2.612s] -- Up-to-date: /home/rsa2021/py_pub_sub/install/comp3431_interfaces/share/comp3431_interfaces/cmake/comp3431_interfaces__rosidl_typesupport_cppExport-noconfig.cmake
[2.612s] -- Up-to-date: /home/rsa2021/py_pub_sub/install/comp3431_interfaces/share/comp3431_interfaces/cmake/rosidl_cmake-extras.cmake
[2.613s] -- Up-to-date: /home/rsa2021/py_pub_sub/install/comp3431_interfaces/share/comp3431_interfaces/cmake/ament_cmake_export_dependencies-extras.cmake
[2.613s] -- Up-to-date: /home/rsa2021/py_pub_sub/install/comp3431_interfaces/share/comp3431_interfaces/cmake/ament_cmake_export_libraries-extras.cmake
[2.613s] -- Up-to-date: /home/rsa2021/py_pub_sub/install/comp3431_interfaces/share/comp3431_interfaces/cmake/ament_cmake_export_targets-extras.cmake
[2.614s] -- Up-to-date: /home/rsa2021/py_pub_sub/install/comp3431_interfaces/share/comp3431_interfaces/cmake/ament_cmake_export_include_directories-extras.cmake
[2.614s] -- Up-to-date: /home/rsa2021/py_pub_sub/install/comp3431_interfaces/share/comp3431_interfaces/cmake/rosidl_cmake_export_typesupport_libraries-extras.cmake
[2.615s] -- Up-to-date: /home/rsa2021/py_pub_sub/install/comp3431_interfaces/share/comp3431_interfaces/cmake/rosidl_cmake_export_typesupport_targets-extras.cmake
[2.615s] -- Up-to-date: /home/rsa2021/py_pub_sub/install/comp3431_interfaces/share/comp3431_interfaces/cmake/comp3431_interfacesConfig.cmake
[2.616s] -- Up-to-date: /home/rsa2021/py_pub_sub/install/comp3431_interfaces/share/comp3431_interfaces/cmake/comp3431_interfacesConfig-version.cmake
[2.616s] -- Up-to-date: /home/rsa2021/py_pub_sub/install/comp3431_interfaces/share/comp3431_interfaces/package.xml
[2.655s] Invoked command in '/home/rsa2021/py_pub_sub/build/comp3431_interfaces' returned '0': CMAKE_PREFIX_PATH=/home/rsa2021/dev_ws/install/tutorial_interfaces:/home/rsa2021/dev_ws/install/turtlesim:/home/rsa2021/py_pub_sub/install/zbar_ros:/home/rsa2021/py_pub_sub/install/zbar_ros_interfaces:/home/rsa2021/dev_ws/install/py_srvcli:/home/rsa2021/dev_ws/install/py_pubsub:/home/rsa2021/dev_ws/install/learning_tf2_py:/home/rsa2021/dev_ws/install/my_package:/home/rsa2021/py_pub_sub/install/publisher3431:/home/rsa2021/py_pub_sub/install/map_server:/opt/ros/foxy:/home/rsa2021/py_pub_sub/install/image_publisher:/home/rsa2021/py_pub_sub/install/comp3431_interfaces:/home/rsa2021/py_pub_sub/install/comp3431_ass3_worlds /usr/bin/cmake --install /home/rsa2021/py_pub_sub/build/comp3431_interfaces
