[0.138s] Invoking command in '/home/rsa2021/py_pub_sub/build/comp3431_interfaces': CMAKE_PREFIX_PATH=/home/rsa2021/py_pub_sub/install/zbar_ros:/home/rsa2021/py_pub_sub/install/zbar_ros_interfaces:/home/rsa2021/py_pub_sub/install/publisher3431:/home/rsa2021/py_pub_sub/install/map_server:/home/rsa2021/dev_ws/install/py_srvcli:/home/rsa2021/dev_ws/install/py_pubsub:/home/rsa2021/dev_ws/install/learning_tf2_py:/home/rsa2021/dev_ws/install/my_package:/opt/ros/foxy:/home/rsa2021/py_pub_sub/install/image_publisher:/home/rsa2021/py_pub_sub/install/comp3431_interfaces:/home/rsa2021/py_pub_sub/install/comp3431_ass3_worlds:/home/rsa2021/dev_ws/install/tutorial_interfaces:/home/rsa2021/dev_ws/install/turtlesim:/home/rsa2021/dev_ws/install/comp3431_interfaces /usr/bin/cmake --build /home/rsa2021/py_pub_sub/build/comp3431_interfaces -- -j3 -l3
[0.448s] [  2%] Built target comp3431_interfaces__cpp
[0.473s] [ 12%] Built target comp3431_interfaces__rosidl_generator_c
[0.707s] [ 23%] Built target comp3431_interfaces__rosidl_typesupport_cpp
[0.721s] [ 34%] Built target comp3431_interfaces__rosidl_typesupport_fastrtps_cpp
[0.749s] [ 44%] Built target comp3431_interfaces__rosidl_typesupport_introspection_cpp
[0.937s] [ 55%] Built target comp3431_interfaces__rosidl_typesupport_introspection_c
[1.012s] [ 76%] Built target comp3431_interfaces__rosidl_typesupport_fastrtps_c
[1.013s] [ 76%] Built target comp3431_interfaces__rosidl_typesupport_c
[1.117s] [ 76%] Built target comp3431_interfaces
[1.210s] [ 78%] Built target comp3431_interfaces__py
[1.363s] [ 87%] Built target comp3431_interfaces__python
[1.601s] [ 91%] Built target comp3431_interfaces__rosidl_typesupport_c__pyext
[1.668s] [ 95%] Built target comp3431_interfaces__rosidl_typesupport_introspection_c__pyext
[1.681s] [100%] Built target comp3431_interfaces__rosidl_typesupport_fastrtps_c__pyext
[1.779s] Invoked command in '/home/rsa2021/py_pub_sub/build/comp3431_interfaces' returned '0': CMAKE_PREFIX_PATH=/home/rsa2021/py_pub_sub/install/zbar_ros:/home/rsa2021/py_pub_sub/install/zbar_ros_interfaces:/home/rsa2021/py_pub_sub/install/publisher3431:/home/rsa2021/py_pub_sub/install/map_server:/home/rsa2021/dev_ws/install/py_srvcli:/home/rsa2021/dev_ws/install/py_pubsub:/home/rsa2021/dev_ws/install/learning_tf2_py:/home/rsa2021/dev_ws/install/my_package:/opt/ros/foxy:/home/rsa2021/py_pub_sub/install/image_publisher:/home/rsa2021/py_pub_sub/install/comp3431_interfaces:/home/rsa2021/py_pub_sub/install/comp3431_ass3_worlds:/home/rsa2021/dev_ws/install/tutorial_interfaces:/home/rsa2021/dev_ws/install/turtlesim:/home/rsa2021/dev_ws/install/comp3431_interfaces /usr/bin/cmake --build /home/rsa2021/py_pub_sub/build/comp3431_interfaces -- -j3 -l3
[2.766s] Invoking command in '/home/rsa2021/py_pub_sub/build/comp3431_interfaces': CMAKE_PREFIX_PATH=/home/rsa2021/py_pub_sub/install/zbar_ros:/home/rsa2021/py_pub_sub/install/zbar_ros_interfaces:/home/rsa2021/py_pub_sub/install/publisher3431:/home/rsa2021/py_pub_sub/install/map_server:/home/rsa2021/dev_ws/install/py_srvcli:/home/rsa2021/dev_ws/install/py_pubsub:/home/rsa2021/dev_ws/install/learning_tf2_py:/home/rsa2021/dev_ws/install/my_package:/opt/ros/foxy:/home/rsa2021/py_pub_sub/install/image_publisher:/home/rsa2021/py_pub_sub/install/comp3431_interfaces:/home/rsa2021/py_pub_sub/install/comp3431_ass3_worlds:/home/rsa2021/dev_ws/install/tutorial_interfaces:/home/rsa2021/dev_ws/install/turtlesim:/home/rsa2021/dev_ws/install/comp3431_interfaces /usr/bin/cmake --install /home/rsa2021/py_pub_sub/build/comp3431_interfaces
[2.831s] -- Install configuration: ""
[2.832s] -- Up-to-date: /home/rsa2021/py_pub_sub/install/comp3431_interfaces/share/ament_index/resource_index/rosidl_interfaces/comp3431_interfaces
[2.833s] -- Up-to-date: /home/rsa2021/py_pub_sub/install/comp3431_interfaces/include/comp3431_interfaces
[2.833s] -- Up-to-date: /home/rsa2021/py_pub_sub/install/comp3431_interfaces/include/comp3431_interfaces/action
[2.834s] -- Up-to-date: /home/rsa2021/py_pub_sub/install/comp3431_interfaces/include/comp3431_interfaces/action/move_object_to_room.h
[2.834s] -- Up-to-date: /home/rsa2021/py_pub_sub/install/comp3431_interfaces/include/comp3431_interfaces/action/detail
[2.834s] -- Up-to-date: /home/rsa2021/py_pub_sub/install/comp3431_interfaces/include/comp3431_interfaces/action/detail/move_object_to_room__struct.h
[2.835s] -- Up-to-date: /home/rsa2021/py_pub_sub/install/comp3431_interfaces/include/comp3431_interfaces/action/detail/move_object_to_room__functions.h
[2.835s] -- Up-to-date: /home/rsa2021/py_pub_sub/install/comp3431_interfaces/include/comp3431_interfaces/action/detail/move_object_to_room__type_support.h
[2.835s] -- Up-to-date: /home/rsa2021/py_pub_sub/install/comp3431_interfaces/include/comp3431_interfaces/action/detail/move_object_to_room__functions.c
[2.836s] -- Up-to-date: /home/rsa2021/py_pub_sub/install/comp3431_interfaces/include/comp3431_interfaces/srv
[2.836s] -- Up-to-date: /home/rsa2021/py_pub_sub/install/comp3431_interfaces/include/comp3431_interfaces/srv/map_info.h
[2.836s] -- Up-to-date: /home/rsa2021/py_pub_sub/install/comp3431_interfaces/include/comp3431_interfaces/srv/detail
[2.837s] -- Up-to-date: /home/rsa2021/py_pub_sub/install/comp3431_interfaces/include/comp3431_interfaces/srv/detail/map_info__functions.c
[2.837s] -- Up-to-date: /home/rsa2021/py_pub_sub/install/comp3431_interfaces/include/comp3431_interfaces/srv/detail/map_info__functions.h
[2.837s] -- Up-to-date: /home/rsa2021/py_pub_sub/install/comp3431_interfaces/include/comp3431_interfaces/srv/detail/map_info__struct.h
[2.838s] -- Up-to-date: /home/rsa2021/py_pub_sub/install/comp3431_interfaces/include/comp3431_interfaces/srv/detail/map_info__type_support.h
[2.838s] -- Up-to-date: /home/rsa2021/py_pub_sub/install/comp3431_interfaces/include/comp3431_interfaces/msg
[2.838s] -- Up-to-date: /home/rsa2021/py_pub_sub/install/comp3431_interfaces/include/comp3431_interfaces/msg/qr_code_block.h
[2.839s] -- Up-to-date: /home/rsa2021/py_pub_sub/install/comp3431_interfaces/include/comp3431_interfaces/msg/detail
[2.839s] -- Up-to-date: /home/rsa2021/py_pub_sub/install/comp3431_interfaces/include/comp3431_interfaces/msg/detail/qr_code_block__type_support.h
[2.839s] -- Up-to-date: /home/rsa2021/py_pub_sub/install/comp3431_interfaces/include/comp3431_interfaces/msg/detail/qr_code_block__struct.h
[2.840s] -- Up-to-date: /home/rsa2021/py_pub_sub/install/comp3431_interfaces/include/comp3431_interfaces/msg/detail/qr_code_block__functions.c
[2.840s] -- Up-to-date: /home/rsa2021/py_pub_sub/install/comp3431_interfaces/include/comp3431_interfaces/msg/detail/qr_code_block__functions.h
[2.840s] -- Up-to-date: /home/rsa2021/py_pub_sub/install/comp3431_interfaces/include/comp3431_interfaces/msg/rosidl_generator_c__visibility_control.h
[2.841s] -- Up-to-date: /home/rsa2021/py_pub_sub/install/comp3431_interfaces/share/comp3431_interfaces/environment/library_path.sh
[2.841s] -- Up-to-date: /home/rsa2021/py_pub_sub/install/comp3431_interfaces/share/comp3431_interfaces/environment/library_path.dsv
[2.842s] -- Up-to-date: /home/rsa2021/py_pub_sub/install/comp3431_interfaces/lib/libcomp3431_interfaces__rosidl_generator_c.so
[2.842s] -- Up-to-date: /home/rsa2021/py_pub_sub/install/comp3431_interfaces/include/comp3431_interfaces
[2.842s] -- Up-to-date: /home/rsa2021/py_pub_sub/install/comp3431_interfaces/include/comp3431_interfaces/action
[2.843s] -- Up-to-date: /home/rsa2021/py_pub_sub/install/comp3431_interfaces/include/comp3431_interfaces/action/detail
[2.843s] -- Up-to-date: /home/rsa2021/py_pub_sub/install/comp3431_interfaces/include/comp3431_interfaces/action/detail/move_object_to_room__rosidl_typesupport_fastrtps_c.h
[2.843s] -- Up-to-date: /home/rsa2021/py_pub_sub/install/comp3431_interfaces/include/comp3431_interfaces/srv
[2.844s] -- Up-to-date: /home/rsa2021/py_pub_sub/install/comp3431_interfaces/include/comp3431_interfaces/srv/detail
[2.853s] -- Up-to-date: /home/rsa2021/py_pub_sub/install/comp3431_interfaces/include/comp3431_interfaces/srv/detail/map_info__rosidl_typesupport_fastrtps_c.h
[2.854s] -- Up-to-date: /home/rsa2021/py_pub_sub/install/comp3431_interfaces/include/comp3431_interfaces/msg
[2.855s] -- Up-to-date: /home/rsa2021/py_pub_sub/install/comp3431_interfaces/include/comp3431_interfaces/msg/detail
[2.857s] -- Up-to-date: /home/rsa2021/py_pub_sub/install/comp3431_interfaces/include/comp3431_interfaces/msg/detail/qr_code_block__rosidl_typesupport_fastrtps_c.h
[2.858s] -- Up-to-date: /home/rsa2021/py_pub_sub/install/comp3431_interfaces/include/comp3431_interfaces/msg/rosidl_typesupport_fastrtps_c__visibility_control.h
[2.861s] -- Up-to-date: /home/rsa2021/py_pub_sub/install/comp3431_interfaces/lib/libcomp3431_interfaces__rosidl_typesupport_fastrtps_c.so
[2.861s] -- Up-to-date: /home/rsa2021/py_pub_sub/install/comp3431_interfaces/include/comp3431_interfaces
[2.862s] -- Up-to-date: /home/rsa2021/py_pub_sub/install/comp3431_interfaces/include/comp3431_interfaces/action
[2.862s] -- Up-to-date: /home/rsa2021/py_pub_sub/install/comp3431_interfaces/include/comp3431_interfaces/action/detail
[2.862s] -- Up-to-date: /home/rsa2021/py_pub_sub/install/comp3431_interfaces/include/comp3431_interfaces/action/detail/dds_fastrtps
[2.863s] -- Up-to-date: /home/rsa2021/py_pub_sub/install/comp3431_interfaces/include/comp3431_interfaces/action/detail/move_object_to_room__rosidl_typesupport_fastrtps_cpp.hpp
[2.863s] -- Up-to-date: /home/rsa2021/py_pub_sub/install/comp3431_interfaces/include/comp3431_interfaces/srv
[2.863s] -- Up-to-date: /home/rsa2021/py_pub_sub/install/comp3431_interfaces/include/comp3431_interfaces/srv/detail
[2.864s] -- Up-to-date: /home/rsa2021/py_pub_sub/install/comp3431_interfaces/include/comp3431_interfaces/srv/detail/dds_fastrtps
[2.864s] -- Up-to-date: /home/rsa2021/py_pub_sub/install/comp3431_interfaces/include/comp3431_interfaces/srv/detail/map_info__rosidl_typesupport_fastrtps_cpp.hpp
[2.865s] -- Up-to-date: /home/rsa2021/py_pub_sub/install/comp3431_interfaces/include/comp3431_interfaces/msg
[2.865s] -- Up-to-date: /home/rsa2021/py_pub_sub/install/comp3431_interfaces/include/comp3431_interfaces/msg/rosidl_typesupport_fastrtps_cpp__visibility_control.h
[2.865s] -- Up-to-date: /home/rsa2021/py_pub_sub/install/comp3431_interfaces/include/comp3431_interfaces/msg/detail
[2.866s] -- Up-to-date: /home/rsa2021/py_pub_sub/install/comp3431_interfaces/include/comp3431_interfaces/msg/detail/dds_fastrtps
[2.866s] -- Up-to-date: /home/rsa2021/py_pub_sub/install/comp3431_interfaces/include/comp3431_interfaces/msg/detail/qr_code_block__rosidl_typesupport_fastrtps_cpp.hpp
[2.866s] -- Up-to-date: /home/rsa2021/py_pub_sub/install/comp3431_interfaces/lib/libcomp3431_interfaces__rosidl_typesupport_fastrtps_cpp.so
[2.867s] -- Up-to-date: /home/rsa2021/py_pub_sub/install/comp3431_interfaces/include/comp3431_interfaces
[2.867s] -- Up-to-date: /home/rsa2021/py_pub_sub/install/comp3431_interfaces/include/comp3431_interfaces/action
[2.867s] -- Up-to-date: /home/rsa2021/py_pub_sub/install/comp3431_interfaces/include/comp3431_interfaces/action/detail
[2.868s] -- Up-to-date: /home/rsa2021/py_pub_sub/install/comp3431_interfaces/include/comp3431_interfaces/action/detail/move_object_to_room__rosidl_typesupport_introspection_c.h
[2.868s] -- Up-to-date: /home/rsa2021/py_pub_sub/install/comp3431_interfaces/include/comp3431_interfaces/action/detail/move_object_to_room__type_support.c
[2.868s] -- Up-to-date: /home/rsa2021/py_pub_sub/install/comp3431_interfaces/include/comp3431_interfaces/srv
[2.869s] -- Up-to-date: /home/rsa2021/py_pub_sub/install/comp3431_interfaces/include/comp3431_interfaces/srv/detail
[2.877s] -- Up-to-date: /home/rsa2021/py_pub_sub/install/comp3431_interfaces/include/comp3431_interfaces/srv/detail/map_info__type_support.c
[2.878s] -- Up-to-date: /home/rsa2021/py_pub_sub/install/comp3431_interfaces/include/comp3431_interfaces/srv/detail/map_info__rosidl_typesupport_introspection_c.h
[2.878s] -- Up-to-date: /home/rsa2021/py_pub_sub/install/comp3431_interfaces/include/comp3431_interfaces/msg
[2.878s] -- Up-to-date: /home/rsa2021/py_pub_sub/install/comp3431_interfaces/include/comp3431_interfaces/msg/detail
[2.879s] -- Up-to-date: /home/rsa2021/py_pub_sub/install/comp3431_interfaces/include/comp3431_interfaces/msg/detail/qr_code_block__type_support.c
[2.879s] -- Up-to-date: /home/rsa2021/py_pub_sub/install/comp3431_interfaces/include/comp3431_interfaces/msg/detail/qr_code_block__rosidl_typesupport_introspection_c.h
[2.879s] -- Up-to-date: /home/rsa2021/py_pub_sub/install/comp3431_interfaces/include/comp3431_interfaces/msg/rosidl_typesupport_introspection_c__visibility_control.h
[2.880s] -- Up-to-date: /home/rsa2021/py_pub_sub/install/comp3431_interfaces/lib/libcomp3431_interfaces__rosidl_typesupport_introspection_c.so
[2.880s] -- Up-to-date: /home/rsa2021/py_pub_sub/install/comp3431_interfaces/lib/libcomp3431_interfaces__rosidl_typesupport_c.so
[2.880s] -- Up-to-date: /home/rsa2021/py_pub_sub/install/comp3431_interfaces/include/comp3431_interfaces
[2.881s] -- Up-to-date: /home/rsa2021/py_pub_sub/install/comp3431_interfaces/include/comp3431_interfaces/action
[2.881s] -- Up-to-date: /home/rsa2021/py_pub_sub/install/comp3431_interfaces/include/comp3431_interfaces/action/move_object_to_room.hpp
[2.881s] -- Up-to-date: /home/rsa2021/py_pub_sub/install/comp3431_interfaces/include/comp3431_interfaces/action/detail
[2.882s] -- Up-to-date: /home/rsa2021/py_pub_sub/install/comp3431_interfaces/include/comp3431_interfaces/action/detail/move_object_to_room__struct.hpp
[2.882s] -- Up-to-date: /home/rsa2021/py_pub_sub/install/comp3431_interfaces/include/comp3431_interfaces/action/detail/move_object_to_room__builder.hpp
[2.883s] -- Up-to-date: /home/rsa2021/py_pub_sub/install/comp3431_interfaces/include/comp3431_interfaces/action/detail/move_object_to_room__traits.hpp
[2.883s] -- Up-to-date: /home/rsa2021/py_pub_sub/install/comp3431_interfaces/include/comp3431_interfaces/srv
[2.883s] -- Up-to-date: /home/rsa2021/py_pub_sub/install/comp3431_interfaces/include/comp3431_interfaces/srv/map_info.hpp
[2.884s] -- Up-to-date: /home/rsa2021/py_pub_sub/install/comp3431_interfaces/include/comp3431_interfaces/srv/detail
[2.884s] -- Up-to-date: /home/rsa2021/py_pub_sub/install/comp3431_interfaces/include/comp3431_interfaces/srv/detail/map_info__builder.hpp
[2.884s] -- Up-to-date: /home/rsa2021/py_pub_sub/install/comp3431_interfaces/include/comp3431_interfaces/srv/detail/map_info__traits.hpp
[2.885s] -- Up-to-date: /home/rsa2021/py_pub_sub/install/comp3431_interfaces/include/comp3431_interfaces/srv/detail/map_info__struct.hpp
[2.893s] -- Up-to-date: /home/rsa2021/py_pub_sub/install/comp3431_interfaces/include/comp3431_interfaces/msg
[2.894s] -- Up-to-date: /home/rsa2021/py_pub_sub/install/comp3431_interfaces/include/comp3431_interfaces/msg/qr_code_block.hpp
[2.894s] -- Up-to-date: /home/rsa2021/py_pub_sub/install/comp3431_interfaces/include/comp3431_interfaces/msg/detail
[2.895s] -- Up-to-date: /home/rsa2021/py_pub_sub/install/comp3431_interfaces/include/comp3431_interfaces/msg/detail/qr_code_block__traits.hpp
[2.895s] -- Up-to-date: /home/rsa2021/py_pub_sub/install/comp3431_interfaces/include/comp3431_interfaces/msg/detail/qr_code_block__struct.hpp
[2.895s] -- Up-to-date: /home/rsa2021/py_pub_sub/install/comp3431_interfaces/include/comp3431_interfaces/msg/detail/qr_code_block__builder.hpp
[2.896s] -- Up-to-date: /home/rsa2021/py_pub_sub/install/comp3431_interfaces/include/comp3431_interfaces
[2.896s] -- Up-to-date: /home/rsa2021/py_pub_sub/install/comp3431_interfaces/include/comp3431_interfaces/action
[2.896s] -- Up-to-date: /home/rsa2021/py_pub_sub/install/comp3431_interfaces/include/comp3431_interfaces/action/detail
[2.897s] -- Up-to-date: /home/rsa2021/py_pub_sub/install/comp3431_interfaces/include/comp3431_interfaces/action/detail/move_object_to_room__type_support.cpp
[2.897s] -- Up-to-date: /home/rsa2021/py_pub_sub/install/comp3431_interfaces/include/comp3431_interfaces/action/detail/move_object_to_room__rosidl_typesupport_introspection_cpp.hpp
[2.898s] -- Up-to-date: /home/rsa2021/py_pub_sub/install/comp3431_interfaces/include/comp3431_interfaces/srv
[2.898s] -- Up-to-date: /home/rsa2021/py_pub_sub/install/comp3431_interfaces/include/comp3431_interfaces/srv/detail
[2.898s] -- Up-to-date: /home/rsa2021/py_pub_sub/install/comp3431_interfaces/include/comp3431_interfaces/srv/detail/map_info__rosidl_typesupport_introspection_cpp.hpp
[2.899s] -- Up-to-date: /home/rsa2021/py_pub_sub/install/comp3431_interfaces/include/comp3431_interfaces/srv/detail/map_info__type_support.cpp
[2.899s] -- Up-to-date: /home/rsa2021/py_pub_sub/install/comp3431_interfaces/include/comp3431_interfaces/msg
[2.899s] -- Up-to-date: /home/rsa2021/py_pub_sub/install/comp3431_interfaces/include/comp3431_interfaces/msg/detail
[2.900s] -- Up-to-date: /home/rsa2021/py_pub_sub/install/comp3431_interfaces/include/comp3431_interfaces/msg/detail/qr_code_block__rosidl_typesupport_introspection_cpp.hpp
[2.900s] -- Up-to-date: /home/rsa2021/py_pub_sub/install/comp3431_interfaces/include/comp3431_interfaces/msg/detail/qr_code_block__type_support.cpp
[2.900s] -- Up-to-date: /home/rsa2021/py_pub_sub/install/comp3431_interfaces/lib/libcomp3431_interfaces__rosidl_typesupport_introspection_cpp.so
[2.905s] -- Up-to-date: /home/rsa2021/py_pub_sub/install/comp3431_interfaces/lib/libcomp3431_interfaces__rosidl_typesupport_cpp.so
[2.905s] -- Up-to-date: /home/rsa2021/py_pub_sub/install/comp3431_interfaces/share/comp3431_interfaces/environment/pythonpath.sh
[2.906s] -- Up-to-date: /home/rsa2021/py_pub_sub/install/comp3431_interfaces/share/comp3431_interfaces/environment/pythonpath.dsv
[2.906s] -- Up-to-date: /home/rsa2021/py_pub_sub/install/comp3431_interfaces/lib/python3.8/site-packages/comp3431_interfaces/__init__.py
[3.037s] -- Up-to-date: /home/rsa2021/py_pub_sub/install/comp3431_interfaces/lib/python3.8/site-packages/comp3431_interfaces/msg
[3.038s] -- Up-to-date: /home/rsa2021/py_pub_sub/install/comp3431_interfaces/lib/python3.8/site-packages/comp3431_interfaces/msg/__init__.py
[3.038s] -- Up-to-date: /home/rsa2021/py_pub_sub/install/comp3431_interfaces/lib/python3.8/site-packages/comp3431_interfaces/msg/_qr_code_block.py
[3.039s] -- Up-to-date: /home/rsa2021/py_pub_sub/install/comp3431_interfaces/lib/python3.8/site-packages/comp3431_interfaces/msg/_qr_code_block_s.c
[3.039s] -- Up-to-date: /home/rsa2021/py_pub_sub/install/comp3431_interfaces/lib/python3.8/site-packages/comp3431_interfaces/srv
[3.039s] -- Up-to-date: /home/rsa2021/py_pub_sub/install/comp3431_interfaces/lib/python3.8/site-packages/comp3431_interfaces/srv/__init__.py
[3.039s] -- Up-to-date: /home/rsa2021/py_pub_sub/install/comp3431_interfaces/lib/python3.8/site-packages/comp3431_interfaces/srv/_map_info_s.c
[3.040s] -- Up-to-date: /home/rsa2021/py_pub_sub/install/comp3431_interfaces/lib/python3.8/site-packages/comp3431_interfaces/srv/_map_info.py
[3.040s] -- Up-to-date: /home/rsa2021/py_pub_sub/install/comp3431_interfaces/lib/python3.8/site-packages/comp3431_interfaces/action
[3.040s] -- Up-to-date: /home/rsa2021/py_pub_sub/install/comp3431_interfaces/lib/python3.8/site-packages/comp3431_interfaces/action/__init__.py
[3.040s] -- Up-to-date: /home/rsa2021/py_pub_sub/install/comp3431_interfaces/lib/python3.8/site-packages/comp3431_interfaces/action/_move_object_to_room.py
[3.041s] -- Up-to-date: /home/rsa2021/py_pub_sub/install/comp3431_interfaces/lib/python3.8/site-packages/comp3431_interfaces/action/_move_object_to_room_s.c
[3.041s] -- Up-to-date: /home/rsa2021/py_pub_sub/install/comp3431_interfaces/lib/python3.8/site-packages/comp3431_interfaces/comp3431_interfaces_s__rosidl_typesupport_fastrtps_c.cpython-38-x86_64-linux-gnu.so
[3.044s] -- Up-to-date: /home/rsa2021/py_pub_sub/install/comp3431_interfaces/lib/python3.8/site-packages/comp3431_interfaces/comp3431_interfaces_s__rosidl_typesupport_introspection_c.cpython-38-x86_64-linux-gnu.so
[3.047s] -- Up-to-date: /home/rsa2021/py_pub_sub/install/comp3431_interfaces/lib/python3.8/site-packages/comp3431_interfaces/comp3431_interfaces_s__rosidl_typesupport_c.cpython-38-x86_64-linux-gnu.so
[3.049s] -- Up-to-date: /home/rsa2021/py_pub_sub/install/comp3431_interfaces/lib/libcomp3431_interfaces__python.so
[3.050s] -- Up-to-date: /home/rsa2021/py_pub_sub/install/comp3431_interfaces/share/comp3431_interfaces/msg/QRCodeBlock.idl
[3.051s] -- Up-to-date: /home/rsa2021/py_pub_sub/install/comp3431_interfaces/share/comp3431_interfaces/srv/MapInfo.idl
[3.052s] -- Up-to-date: /home/rsa2021/py_pub_sub/install/comp3431_interfaces/share/comp3431_interfaces/action/MoveObjectToRoom.idl
[3.053s] -- Up-to-date: /home/rsa2021/py_pub_sub/install/comp3431_interfaces/share/comp3431_interfaces/msg/QRCodeBlock.msg
[3.054s] -- Up-to-date: /home/rsa2021/py_pub_sub/install/comp3431_interfaces/share/comp3431_interfaces/srv/MapInfo.srv
[3.055s] -- Up-to-date: /home/rsa2021/py_pub_sub/install/comp3431_interfaces/share/comp3431_interfaces/srv/MapInfo_Request.msg
[3.055s] -- Up-to-date: /home/rsa2021/py_pub_sub/install/comp3431_interfaces/share/comp3431_interfaces/srv/MapInfo_Response.msg
[3.056s] -- Up-to-date: /home/rsa2021/py_pub_sub/install/comp3431_interfaces/share/comp3431_interfaces/action/MoveObjectToRoom.action
[3.057s] -- Up-to-date: /home/rsa2021/py_pub_sub/install/comp3431_interfaces/share/ament_index/resource_index/package_run_dependencies/comp3431_interfaces
[3.060s] -- Up-to-date: /home/rsa2021/py_pub_sub/install/comp3431_interfaces/share/ament_index/resource_index/parent_prefix_path/comp3431_interfaces
[3.067s] -- Up-to-date: /home/rsa2021/py_pub_sub/install/comp3431_interfaces/share/comp3431_interfaces/environment/ament_prefix_path.sh
[3.068s] -- Up-to-date: /home/rsa2021/py_pub_sub/install/comp3431_interfaces/share/comp3431_interfaces/environment/ament_prefix_path.dsv
[3.068s] -- Up-to-date: /home/rsa2021/py_pub_sub/install/comp3431_interfaces/share/comp3431_interfaces/environment/path.sh
[3.068s] -- Up-to-date: /home/rsa2021/py_pub_sub/install/comp3431_interfaces/share/comp3431_interfaces/environment/path.dsv
[3.068s] -- Up-to-date: /home/rsa2021/py_pub_sub/install/comp3431_interfaces/share/comp3431_interfaces/local_setup.bash
[3.068s] -- Up-to-date: /home/rsa2021/py_pub_sub/install/comp3431_interfaces/share/comp3431_interfaces/local_setup.sh
[3.069s] -- Up-to-date: /home/rsa2021/py_pub_sub/install/comp3431_interfaces/share/comp3431_interfaces/local_setup.zsh
[3.069s] -- Up-to-date: /home/rsa2021/py_pub_sub/install/comp3431_interfaces/share/comp3431_interfaces/local_setup.dsv
[3.069s] -- Installing: /home/rsa2021/py_pub_sub/install/comp3431_interfaces/share/comp3431_interfaces/package.dsv
[3.070s] -- Up-to-date: /home/rsa2021/py_pub_sub/install/comp3431_interfaces/share/ament_index/resource_index/packages/comp3431_interfaces
[3.070s] -- Up-to-date: /home/rsa2021/py_pub_sub/install/comp3431_interfaces/share/comp3431_interfaces/cmake/comp3431_interfaces__rosidl_generator_cExport.cmake
[3.070s] -- Up-to-date: /home/rsa2021/py_pub_sub/install/comp3431_interfaces/share/comp3431_interfaces/cmake/comp3431_interfaces__rosidl_generator_cExport-noconfig.cmake
[3.072s] -- Up-to-date: /home/rsa2021/py_pub_sub/install/comp3431_interfaces/share/comp3431_interfaces/cmake/comp3431_interfaces__rosidl_typesupport_introspection_cExport.cmake
[3.073s] -- Up-to-date: /home/rsa2021/py_pub_sub/install/comp3431_interfaces/share/comp3431_interfaces/cmake/comp3431_interfaces__rosidl_typesupport_introspection_cExport-noconfig.cmake
[3.074s] -- Up-to-date: /home/rsa2021/py_pub_sub/install/comp3431_interfaces/share/comp3431_interfaces/cmake/comp3431_interfaces__rosidl_typesupport_cExport.cmake
[3.075s] -- Up-to-date: /home/rsa2021/py_pub_sub/install/comp3431_interfaces/share/comp3431_interfaces/cmake/comp3431_interfaces__rosidl_typesupport_cExport-noconfig.cmake
[3.075s] -- Up-to-date: /home/rsa2021/py_pub_sub/install/comp3431_interfaces/share/comp3431_interfaces/cmake/comp3431_interfaces__rosidl_generator_cppExport.cmake
[3.078s] -- Up-to-date: /home/rsa2021/py_pub_sub/install/comp3431_interfaces/share/comp3431_interfaces/cmake/comp3431_interfaces__rosidl_typesupport_introspection_cppExport.cmake
[3.079s] -- Up-to-date: /home/rsa2021/py_pub_sub/install/comp3431_interfaces/share/comp3431_interfaces/cmake/comp3431_interfaces__rosidl_typesupport_introspection_cppExport-noconfig.cmake
[3.079s] -- Up-to-date: /home/rsa2021/py_pub_sub/install/comp3431_interfaces/share/comp3431_interfaces/cmake/comp3431_interfaces__rosidl_typesupport_cppExport.cmake
[3.080s] -- Up-to-date: /home/rsa2021/py_pub_sub/install/comp3431_interfaces/share/comp3431_interfaces/cmake/comp3431_interfaces__rosidl_typesupport_cppExport-noconfig.cmake
[3.081s] -- Up-to-date: /home/rsa2021/py_pub_sub/install/comp3431_interfaces/share/comp3431_interfaces/cmake/rosidl_cmake-extras.cmake
[3.082s] -- Up-to-date: /home/rsa2021/py_pub_sub/install/comp3431_interfaces/share/comp3431_interfaces/cmake/ament_cmake_export_dependencies-extras.cmake
[3.083s] -- Up-to-date: /home/rsa2021/py_pub_sub/install/comp3431_interfaces/share/comp3431_interfaces/cmake/ament_cmake_export_libraries-extras.cmake
[3.084s] -- Up-to-date: /home/rsa2021/py_pub_sub/install/comp3431_interfaces/share/comp3431_interfaces/cmake/ament_cmake_export_targets-extras.cmake
[3.085s] -- Up-to-date: /home/rsa2021/py_pub_sub/install/comp3431_interfaces/share/comp3431_interfaces/cmake/ament_cmake_export_include_directories-extras.cmake
[3.086s] -- Up-to-date: /home/rsa2021/py_pub_sub/install/comp3431_interfaces/share/comp3431_interfaces/cmake/rosidl_cmake_export_typesupport_libraries-extras.cmake
[3.087s] -- Up-to-date: /home/rsa2021/py_pub_sub/install/comp3431_interfaces/share/comp3431_interfaces/cmake/rosidl_cmake_export_typesupport_targets-extras.cmake
[3.088s] -- Up-to-date: /home/rsa2021/py_pub_sub/install/comp3431_interfaces/share/comp3431_interfaces/cmake/comp3431_interfacesConfig.cmake
[3.089s] -- Up-to-date: /home/rsa2021/py_pub_sub/install/comp3431_interfaces/share/comp3431_interfaces/cmake/comp3431_interfacesConfig-version.cmake
[3.089s] -- Up-to-date: /home/rsa2021/py_pub_sub/install/comp3431_interfaces/share/comp3431_interfaces/package.xml
[3.151s] Invoked command in '/home/rsa2021/py_pub_sub/build/comp3431_interfaces' returned '0': CMAKE_PREFIX_PATH=/home/rsa2021/py_pub_sub/install/zbar_ros:/home/rsa2021/py_pub_sub/install/zbar_ros_interfaces:/home/rsa2021/py_pub_sub/install/publisher3431:/home/rsa2021/py_pub_sub/install/map_server:/home/rsa2021/dev_ws/install/py_srvcli:/home/rsa2021/dev_ws/install/py_pubsub:/home/rsa2021/dev_ws/install/learning_tf2_py:/home/rsa2021/dev_ws/install/my_package:/opt/ros/foxy:/home/rsa2021/py_pub_sub/install/image_publisher:/home/rsa2021/py_pub_sub/install/comp3431_interfaces:/home/rsa2021/py_pub_sub/install/comp3431_ass3_worlds:/home/rsa2021/dev_ws/install/tutorial_interfaces:/home/rsa2021/dev_ws/install/turtlesim:/home/rsa2021/dev_ws/install/comp3431_interfaces /usr/bin/cmake --install /home/rsa2021/py_pub_sub/build/comp3431_interfaces
