[0.158s] Invoking command in '/home/rsa2021/py_pub_sub/build/zbar_ros_interfaces': CMAKE_PREFIX_PATH=/home/rsa2021/py_pub_sub/install/zbar_ros:/home/rsa2021/py_pub_sub/install/zbar_ros_interfaces:/home/rsa2021/py_pub_sub/install/publisher3431:/opt/ros/foxy:/home/rsa2021/py_pub_sub/install/image_publisher /usr/bin/cmake --build /home/rsa2021/py_pub_sub/build/zbar_ros_interfaces -- -j3 -l3
[0.586s] [  3%] Built target zbar_ros_interfaces__cpp
[0.708s] [ 12%] Built target zbar_ros_interfaces__rosidl_generator_c
[0.858s] [ 22%] Built target zbar_ros_interfaces__rosidl_typesupport_fastrtps_cpp
[1.099s] [ 32%] Built target zbar_ros_interfaces__rosidl_typesupport_introspection_cpp
[1.266s] [ 41%] Built target zbar_ros_interfaces__rosidl_typesupport_introspection_c
[1.496s] [ 51%] Built target zbar_ros_interfaces__rosidl_typesupport_c
[1.666s] [ 61%] Built target zbar_ros_interfaces__rosidl_typesupport_fastrtps_c
[1.815s] [ 70%] Built target zbar_ros_interfaces__rosidl_typesupport_cpp
[1.930s] [ 70%] Built target zbar_ros_interfaces
[2.031s] [ 74%] Built target zbar_ros_interfaces__py
[2.210s] [ 80%] Built target zbar_ros_interfaces__python
[2.433s] [ 87%] Built target zbar_ros_interfaces__rosidl_typesupport_introspection_c__pyext
[2.751s] [ 93%] Built target zbar_ros_interfaces__rosidl_typesupport_c__pyext
[3.048s] [100%] Built target zbar_ros_interfaces__rosidl_typesupport_fastrtps_c__pyext
[3.206s] Invoked command in '/home/rsa2021/py_pub_sub/build/zbar_ros_interfaces' returned '0': CMAKE_PREFIX_PATH=/home/rsa2021/py_pub_sub/install/zbar_ros:/home/rsa2021/py_pub_sub/install/zbar_ros_interfaces:/home/rsa2021/py_pub_sub/install/publisher3431:/opt/ros/foxy:/home/rsa2021/py_pub_sub/install/image_publisher /usr/bin/cmake --build /home/rsa2021/py_pub_sub/build/zbar_ros_interfaces -- -j3 -l3
[3.742s] Invoking command in '/home/rsa2021/py_pub_sub/build/zbar_ros_interfaces': CMAKE_PREFIX_PATH=/home/rsa2021/py_pub_sub/install/zbar_ros:/home/rsa2021/py_pub_sub/install/zbar_ros_interfaces:/home/rsa2021/py_pub_sub/install/publisher3431:/opt/ros/foxy:/home/rsa2021/py_pub_sub/install/image_publisher /usr/bin/cmake --install /home/rsa2021/py_pub_sub/build/zbar_ros_interfaces
[3.804s] -- Install configuration: ""
[3.805s] -- Up-to-date: /home/rsa2021/py_pub_sub/install/zbar_ros_interfaces/share/ament_index/resource_index/rosidl_interfaces/zbar_ros_interfaces
[3.805s] -- Up-to-date: /home/rsa2021/py_pub_sub/install/zbar_ros_interfaces/include/zbar_ros_interfaces
[3.808s] -- Up-to-date: /home/rsa2021/py_pub_sub/install/zbar_ros_interfaces/include/zbar_ros_interfaces/msg
[3.808s] -- Up-to-date: /home/rsa2021/py_pub_sub/install/zbar_ros_interfaces/include/zbar_ros_interfaces/msg/symbol.h
[3.809s] -- Up-to-date: /home/rsa2021/py_pub_sub/install/zbar_ros_interfaces/include/zbar_ros_interfaces/msg/detail
[3.809s] -- Up-to-date: /home/rsa2021/py_pub_sub/install/zbar_ros_interfaces/include/zbar_ros_interfaces/msg/detail/symbol__struct.h
[3.809s] -- Up-to-date: /home/rsa2021/py_pub_sub/install/zbar_ros_interfaces/include/zbar_ros_interfaces/msg/detail/symbol__functions.c
[3.810s] -- Up-to-date: /home/rsa2021/py_pub_sub/install/zbar_ros_interfaces/include/zbar_ros_interfaces/msg/detail/symbol__type_support.h
[3.810s] -- Up-to-date: /home/rsa2021/py_pub_sub/install/zbar_ros_interfaces/include/zbar_ros_interfaces/msg/detail/symbol__functions.h
[3.810s] -- Up-to-date: /home/rsa2021/py_pub_sub/install/zbar_ros_interfaces/include/zbar_ros_interfaces/msg/rosidl_generator_c__visibility_control.h
[3.810s] -- Up-to-date: /home/rsa2021/py_pub_sub/install/zbar_ros_interfaces/share/zbar_ros_interfaces/environment/library_path.sh
[3.810s] -- Up-to-date: /home/rsa2021/py_pub_sub/install/zbar_ros_interfaces/share/zbar_ros_interfaces/environment/library_path.dsv
[3.811s] -- Up-to-date: /home/rsa2021/py_pub_sub/install/zbar_ros_interfaces/lib/libzbar_ros_interfaces__rosidl_generator_c.so
[3.813s] -- Up-to-date: /home/rsa2021/py_pub_sub/install/zbar_ros_interfaces/include/zbar_ros_interfaces
[3.813s] -- Up-to-date: /home/rsa2021/py_pub_sub/install/zbar_ros_interfaces/include/zbar_ros_interfaces/msg
[3.813s] -- Up-to-date: /home/rsa2021/py_pub_sub/install/zbar_ros_interfaces/include/zbar_ros_interfaces/msg/detail
[3.814s] -- Up-to-date: /home/rsa2021/py_pub_sub/install/zbar_ros_interfaces/include/zbar_ros_interfaces/msg/detail/symbol__rosidl_typesupport_fastrtps_c.h
[3.814s] -- Up-to-date: /home/rsa2021/py_pub_sub/install/zbar_ros_interfaces/include/zbar_ros_interfaces/msg/rosidl_typesupport_fastrtps_c__visibility_control.h
[3.817s] -- Up-to-date: /home/rsa2021/py_pub_sub/install/zbar_ros_interfaces/lib/libzbar_ros_interfaces__rosidl_typesupport_fastrtps_c.so
[3.818s] -- Up-to-date: /home/rsa2021/py_pub_sub/install/zbar_ros_interfaces/include/zbar_ros_interfaces
[3.820s] -- Up-to-date: /home/rsa2021/py_pub_sub/install/zbar_ros_interfaces/include/zbar_ros_interfaces/msg
[3.821s] -- Up-to-date: /home/rsa2021/py_pub_sub/install/zbar_ros_interfaces/include/zbar_ros_interfaces/msg/rosidl_typesupport_fastrtps_cpp__visibility_control.h
[3.822s] -- Up-to-date: /home/rsa2021/py_pub_sub/install/zbar_ros_interfaces/include/zbar_ros_interfaces/msg/detail
[3.823s] -- Up-to-date: /home/rsa2021/py_pub_sub/install/zbar_ros_interfaces/include/zbar_ros_interfaces/msg/detail/dds_fastrtps
[3.824s] -- Up-to-date: /home/rsa2021/py_pub_sub/install/zbar_ros_interfaces/include/zbar_ros_interfaces/msg/detail/symbol__rosidl_typesupport_fastrtps_cpp.hpp
[3.825s] -- Up-to-date: /home/rsa2021/py_pub_sub/install/zbar_ros_interfaces/lib/libzbar_ros_interfaces__rosidl_typesupport_fastrtps_cpp.so
[3.826s] -- Up-to-date: /home/rsa2021/py_pub_sub/install/zbar_ros_interfaces/include/zbar_ros_interfaces
[3.827s] -- Up-to-date: /home/rsa2021/py_pub_sub/install/zbar_ros_interfaces/include/zbar_ros_interfaces/msg
[3.827s] -- Up-to-date: /home/rsa2021/py_pub_sub/install/zbar_ros_interfaces/include/zbar_ros_interfaces/msg/detail
[3.828s] -- Up-to-date: /home/rsa2021/py_pub_sub/install/zbar_ros_interfaces/include/zbar_ros_interfaces/msg/detail/symbol__rosidl_typesupport_introspection_c.h
[3.829s] -- Up-to-date: /home/rsa2021/py_pub_sub/install/zbar_ros_interfaces/include/zbar_ros_interfaces/msg/detail/symbol__type_support.c
[3.829s] -- Up-to-date: /home/rsa2021/py_pub_sub/install/zbar_ros_interfaces/include/zbar_ros_interfaces/msg/rosidl_typesupport_introspection_c__visibility_control.h
[3.829s] -- Up-to-date: /home/rsa2021/py_pub_sub/install/zbar_ros_interfaces/lib/libzbar_ros_interfaces__rosidl_typesupport_introspection_c.so
[3.834s] -- Up-to-date: /home/rsa2021/py_pub_sub/install/zbar_ros_interfaces/lib/libzbar_ros_interfaces__rosidl_typesupport_c.so
[3.836s] -- Up-to-date: /home/rsa2021/py_pub_sub/install/zbar_ros_interfaces/include/zbar_ros_interfaces
[3.837s] -- Up-to-date: /home/rsa2021/py_pub_sub/install/zbar_ros_interfaces/include/zbar_ros_interfaces/msg
[3.838s] -- Up-to-date: /home/rsa2021/py_pub_sub/install/zbar_ros_interfaces/include/zbar_ros_interfaces/msg/symbol.hpp
[3.839s] -- Up-to-date: /home/rsa2021/py_pub_sub/install/zbar_ros_interfaces/include/zbar_ros_interfaces/msg/detail
[3.839s] -- Up-to-date: /home/rsa2021/py_pub_sub/install/zbar_ros_interfaces/include/zbar_ros_interfaces/msg/detail/symbol__traits.hpp
[3.840s] -- Up-to-date: /home/rsa2021/py_pub_sub/install/zbar_ros_interfaces/include/zbar_ros_interfaces/msg/detail/symbol__builder.hpp
[3.841s] -- Up-to-date: /home/rsa2021/py_pub_sub/install/zbar_ros_interfaces/include/zbar_ros_interfaces/msg/detail/symbol__struct.hpp
[3.842s] -- Up-to-date: /home/rsa2021/py_pub_sub/install/zbar_ros_interfaces/include/zbar_ros_interfaces
[3.842s] -- Up-to-date: /home/rsa2021/py_pub_sub/install/zbar_ros_interfaces/include/zbar_ros_interfaces/msg
[3.842s] -- Up-to-date: /home/rsa2021/py_pub_sub/install/zbar_ros_interfaces/include/zbar_ros_interfaces/msg/detail
[3.843s] -- Up-to-date: /home/rsa2021/py_pub_sub/install/zbar_ros_interfaces/include/zbar_ros_interfaces/msg/detail/symbol__type_support.cpp
[3.843s] -- Up-to-date: /home/rsa2021/py_pub_sub/install/zbar_ros_interfaces/include/zbar_ros_interfaces/msg/detail/symbol__rosidl_typesupport_introspection_cpp.hpp
[3.843s] -- Up-to-date: /home/rsa2021/py_pub_sub/install/zbar_ros_interfaces/lib/libzbar_ros_interfaces__rosidl_typesupport_introspection_cpp.so
[3.848s] -- Up-to-date: /home/rsa2021/py_pub_sub/install/zbar_ros_interfaces/lib/libzbar_ros_interfaces__rosidl_typesupport_cpp.so
[3.849s] -- Up-to-date: /home/rsa2021/py_pub_sub/install/zbar_ros_interfaces/share/zbar_ros_interfaces/environment/pythonpath.sh
[3.851s] -- Up-to-date: /home/rsa2021/py_pub_sub/install/zbar_ros_interfaces/share/zbar_ros_interfaces/environment/pythonpath.dsv
[3.851s] -- Up-to-date: /home/rsa2021/py_pub_sub/install/zbar_ros_interfaces/lib/python3.8/site-packages/zbar_ros_interfaces/__init__.py
[4.150s] -- Up-to-date: /home/rsa2021/py_pub_sub/install/zbar_ros_interfaces/lib/python3.8/site-packages/zbar_ros_interfaces/msg
[4.150s] -- Up-to-date: /home/rsa2021/py_pub_sub/install/zbar_ros_interfaces/lib/python3.8/site-packages/zbar_ros_interfaces/msg/__init__.py
[4.152s] -- Up-to-date: /home/rsa2021/py_pub_sub/install/zbar_ros_interfaces/lib/python3.8/site-packages/zbar_ros_interfaces/msg/_symbol.py
[4.153s] -- Up-to-date: /home/rsa2021/py_pub_sub/install/zbar_ros_interfaces/lib/python3.8/site-packages/zbar_ros_interfaces/msg/_symbol_s.c
[4.155s] -- Up-to-date: /home/rsa2021/py_pub_sub/install/zbar_ros_interfaces/lib/python3.8/site-packages/zbar_ros_interfaces/zbar_ros_interfaces_s__rosidl_typesupport_fastrtps_c.cpython-38-x86_64-linux-gnu.so
[4.156s] -- Up-to-date: /home/rsa2021/py_pub_sub/install/zbar_ros_interfaces/lib/python3.8/site-packages/zbar_ros_interfaces/zbar_ros_interfaces_s__rosidl_typesupport_introspection_c.cpython-38-x86_64-linux-gnu.so
[4.166s] -- Up-to-date: /home/rsa2021/py_pub_sub/install/zbar_ros_interfaces/lib/python3.8/site-packages/zbar_ros_interfaces/zbar_ros_interfaces_s__rosidl_typesupport_c.cpython-38-x86_64-linux-gnu.so
[4.169s] -- Up-to-date: /home/rsa2021/py_pub_sub/install/zbar_ros_interfaces/lib/libzbar_ros_interfaces__python.so
[4.179s] -- Up-to-date: /home/rsa2021/py_pub_sub/install/zbar_ros_interfaces/share/zbar_ros_interfaces/msg/Symbol.idl
[4.180s] -- Up-to-date: /home/rsa2021/py_pub_sub/install/zbar_ros_interfaces/share/zbar_ros_interfaces/msg/Symbol.msg
[4.182s] -- Up-to-date: /home/rsa2021/py_pub_sub/install/zbar_ros_interfaces/share/ament_index/resource_index/package_run_dependencies/zbar_ros_interfaces
[4.182s] -- Up-to-date: /home/rsa2021/py_pub_sub/install/zbar_ros_interfaces/share/ament_index/resource_index/parent_prefix_path/zbar_ros_interfaces
[4.182s] -- Up-to-date: /home/rsa2021/py_pub_sub/install/zbar_ros_interfaces/share/zbar_ros_interfaces/environment/ament_prefix_path.sh
[4.184s] -- Up-to-date: /home/rsa2021/py_pub_sub/install/zbar_ros_interfaces/share/zbar_ros_interfaces/environment/ament_prefix_path.dsv
[4.186s] -- Up-to-date: /home/rsa2021/py_pub_sub/install/zbar_ros_interfaces/share/zbar_ros_interfaces/environment/path.sh
[4.188s] -- Up-to-date: /home/rsa2021/py_pub_sub/install/zbar_ros_interfaces/share/zbar_ros_interfaces/environment/path.dsv
[4.189s] -- Up-to-date: /home/rsa2021/py_pub_sub/install/zbar_ros_interfaces/share/zbar_ros_interfaces/local_setup.bash
[4.190s] -- Up-to-date: /home/rsa2021/py_pub_sub/install/zbar_ros_interfaces/share/zbar_ros_interfaces/local_setup.sh
[4.190s] -- Up-to-date: /home/rsa2021/py_pub_sub/install/zbar_ros_interfaces/share/zbar_ros_interfaces/local_setup.zsh
[4.191s] -- Up-to-date: /home/rsa2021/py_pub_sub/install/zbar_ros_interfaces/share/zbar_ros_interfaces/local_setup.dsv
[4.195s] -- Installing: /home/rsa2021/py_pub_sub/install/zbar_ros_interfaces/share/zbar_ros_interfaces/package.dsv
[4.196s] -- Up-to-date: /home/rsa2021/py_pub_sub/install/zbar_ros_interfaces/share/ament_index/resource_index/packages/zbar_ros_interfaces
[4.196s] -- Up-to-date: /home/rsa2021/py_pub_sub/install/zbar_ros_interfaces/share/zbar_ros_interfaces/cmake/zbar_ros_interfaces__rosidl_generator_cExport.cmake
[4.196s] -- Up-to-date: /home/rsa2021/py_pub_sub/install/zbar_ros_interfaces/share/zbar_ros_interfaces/cmake/zbar_ros_interfaces__rosidl_generator_cExport-noconfig.cmake
[4.197s] -- Up-to-date: /home/rsa2021/py_pub_sub/install/zbar_ros_interfaces/share/zbar_ros_interfaces/cmake/zbar_ros_interfaces__rosidl_typesupport_introspection_cExport.cmake
[4.197s] -- Up-to-date: /home/rsa2021/py_pub_sub/install/zbar_ros_interfaces/share/zbar_ros_interfaces/cmake/zbar_ros_interfaces__rosidl_typesupport_introspection_cExport-noconfig.cmake
[4.202s] -- Up-to-date: /home/rsa2021/py_pub_sub/install/zbar_ros_interfaces/share/zbar_ros_interfaces/cmake/zbar_ros_interfaces__rosidl_typesupport_cExport.cmake
[4.202s] -- Up-to-date: /home/rsa2021/py_pub_sub/install/zbar_ros_interfaces/share/zbar_ros_interfaces/cmake/zbar_ros_interfaces__rosidl_typesupport_cExport-noconfig.cmake
[4.206s] -- Up-to-date: /home/rsa2021/py_pub_sub/install/zbar_ros_interfaces/share/zbar_ros_interfaces/cmake/zbar_ros_interfaces__rosidl_generator_cppExport.cmake
[4.207s] -- Up-to-date: /home/rsa2021/py_pub_sub/install/zbar_ros_interfaces/share/zbar_ros_interfaces/cmake/zbar_ros_interfaces__rosidl_typesupport_introspection_cppExport.cmake
[4.214s] -- Up-to-date: /home/rsa2021/py_pub_sub/install/zbar_ros_interfaces/share/zbar_ros_interfaces/cmake/zbar_ros_interfaces__rosidl_typesupport_introspection_cppExport-noconfig.cmake
[4.214s] -- Up-to-date: /home/rsa2021/py_pub_sub/install/zbar_ros_interfaces/share/zbar_ros_interfaces/cmake/zbar_ros_interfaces__rosidl_typesupport_cppExport.cmake
[4.236s] -- Up-to-date: /home/rsa2021/py_pub_sub/install/zbar_ros_interfaces/share/zbar_ros_interfaces/cmake/zbar_ros_interfaces__rosidl_typesupport_cppExport-noconfig.cmake
[4.237s] -- Up-to-date: /home/rsa2021/py_pub_sub/install/zbar_ros_interfaces/share/zbar_ros_interfaces/cmake/rosidl_cmake-extras.cmake
[4.238s] -- Up-to-date: /home/rsa2021/py_pub_sub/install/zbar_ros_interfaces/share/zbar_ros_interfaces/cmake/ament_cmake_export_dependencies-extras.cmake
[4.239s] -- Up-to-date: /home/rsa2021/py_pub_sub/install/zbar_ros_interfaces/share/zbar_ros_interfaces/cmake/ament_cmake_export_libraries-extras.cmake
[4.240s] -- Up-to-date: /home/rsa2021/py_pub_sub/install/zbar_ros_interfaces/share/zbar_ros_interfaces/cmake/ament_cmake_export_targets-extras.cmake
[4.241s] -- Up-to-date: /home/rsa2021/py_pub_sub/install/zbar_ros_interfaces/share/zbar_ros_interfaces/cmake/ament_cmake_export_include_directories-extras.cmake
[4.241s] -- Up-to-date: /home/rsa2021/py_pub_sub/install/zbar_ros_interfaces/share/zbar_ros_interfaces/cmake/rosidl_cmake_export_typesupport_libraries-extras.cmake
[4.243s] -- Up-to-date: /home/rsa2021/py_pub_sub/install/zbar_ros_interfaces/share/zbar_ros_interfaces/cmake/rosidl_cmake_export_typesupport_targets-extras.cmake
[4.243s] -- Up-to-date: /home/rsa2021/py_pub_sub/install/zbar_ros_interfaces/share/zbar_ros_interfaces/cmake/zbar_ros_interfacesConfig.cmake
[4.244s] -- Up-to-date: /home/rsa2021/py_pub_sub/install/zbar_ros_interfaces/share/zbar_ros_interfaces/cmake/zbar_ros_interfacesConfig-version.cmake
[4.245s] -- Up-to-date: /home/rsa2021/py_pub_sub/install/zbar_ros_interfaces/share/zbar_ros_interfaces/package.xml
[4.246s] Invoked command in '/home/rsa2021/py_pub_sub/build/zbar_ros_interfaces' returned '0': CMAKE_PREFIX_PATH=/home/rsa2021/py_pub_sub/install/zbar_ros:/home/rsa2021/py_pub_sub/install/zbar_ros_interfaces:/home/rsa2021/py_pub_sub/install/publisher3431:/opt/ros/foxy:/home/rsa2021/py_pub_sub/install/image_publisher /usr/bin/cmake --install /home/rsa2021/py_pub_sub/build/zbar_ros_interfaces
