[2.126s] Invoking command in '/home/rsa2021/py_pub_sub/src/publisher3431': PYTHONPATH=/home/rsa2021/py_pub_sub/install/publisher3431/lib/python3.8/site-packages:${PYTHONPATH} /usr/bin/python3 setup.py egg_info --egg-base ../../build/publisher3431 build --build-base /home/rsa2021/py_pub_sub/build/publisher3431/build install --prefix /home/rsa2021/py_pub_sub/install/publisher3431 --record /home/rsa2021/py_pub_sub/build/publisher3431/install.log --single-version-externally-managed
[4.134s] running egg_info
[4.135s] writing ../../build/publisher3431/publisher3431.egg-info/PKG-INFO
[4.139s] writing dependency_links to ../../build/publisher3431/publisher3431.egg-info/dependency_links.txt
[4.140s] writing entry points to ../../build/publisher3431/publisher3431.egg-info/entry_points.txt
[4.140s] writing requirements to ../../build/publisher3431/publisher3431.egg-info/requires.txt
[4.144s] writing top-level names to ../../build/publisher3431/publisher3431.egg-info/top_level.txt
[4.375s] reading manifest file '../../build/publisher3431/publisher3431.egg-info/SOURCES.txt'
[4.382s] writing manifest file '../../build/publisher3431/publisher3431.egg-info/SOURCES.txt'
[4.382s] running build
[4.383s] running build_py
[4.383s] copying publisher3431/subscriber_ass2.py -> /home/rsa2021/py_pub_sub/build/publisher3431/build/lib/publisher3431
[4.388s] running install
[4.411s] running install_lib
[4.412s] copying /home/rsa2021/py_pub_sub/build/publisher3431/build/lib/publisher3431/subscriber_ass2.py -> /home/rsa2021/py_pub_sub/install/publisher3431/lib/python3.8/site-packages/publisher3431
[4.412s] byte-compiling /home/rsa2021/py_pub_sub/install/publisher3431/lib/python3.8/site-packages/publisher3431/subscriber_ass2.py to subscriber_ass2.cpython-38.pyc
[4.413s] running install_data
[4.413s] running install_egg_info
[4.438s] removing '/home/rsa2021/py_pub_sub/install/publisher3431/lib/python3.8/site-packages/publisher3431-0.0.0-py3.8.egg-info' (and everything under it)
[4.440s] Copying ../../build/publisher3431/publisher3431.egg-info to /home/rsa2021/py_pub_sub/install/publisher3431/lib/python3.8/site-packages/publisher3431-0.0.0-py3.8.egg-info
[4.451s] running install_scripts
[4.523s] Installing listener script to /home/rsa2021/py_pub_sub/install/publisher3431/lib/publisher3431
[4.525s] Installing listener_ass2 script to /home/rsa2021/py_pub_sub/install/publisher3431/lib/publisher3431
[4.526s] Installing talker script to /home/rsa2021/py_pub_sub/install/publisher3431/lib/publisher3431
[4.527s] writing list of installed files to '/home/rsa2021/py_pub_sub/build/publisher3431/install.log'
[4.650s] Invoked command in '/home/rsa2021/py_pub_sub/src/publisher3431' returned '0': PYTHONPATH=/home/rsa2021/py_pub_sub/install/publisher3431/lib/python3.8/site-packages:${PYTHONPATH} /usr/bin/python3 setup.py egg_info --egg-base ../../build/publisher3431 build --build-base /home/rsa2021/py_pub_sub/build/publisher3431/build install --prefix /home/rsa2021/py_pub_sub/install/publisher3431 --record /home/rsa2021/py_pub_sub/build/publisher3431/install.log --single-version-externally-managed
