-- Install configuration: ""
-- Up-to-date: /home/rsa2021/py_pub_sub/install/comp3431_ass3_worlds/share/comp3431_ass3_worlds//launch
-- Up-to-date: /home/rsa2021/py_pub_sub/install/comp3431_ass3_worlds/share/comp3431_ass3_worlds//launch/house1.launch.py
-- Up-to-date: /home/rsa2021/py_pub_sub/install/comp3431_ass3_worlds/share/comp3431_ass3_worlds//models
-- Up-to-date: /home/rsa2021/py_pub_sub/install/comp3431_ass3_worlds/share/comp3431_ass3_worlds//models/dining-room
-- Up-to-date: /home/rsa2021/py_pub_sub/install/comp3431_ass3_worlds/share/comp3431_ass3_worlds//models/dining-room/materials
-- Up-to-date: /home/rsa2021/py_pub_sub/install/comp3431_ass3_worlds/share/comp3431_ass3_worlds//models/dining-room/materials/textures
-- Up-to-date: /home/rsa2021/py_pub_sub/install/comp3431_ass3_worlds/share/comp3431_ass3_worlds//models/dining-room/materials/textures/dining-room_coffee_banana.png
-- Up-to-date: /home/rsa2021/py_pub_sub/install/comp3431_ass3_worlds/share/comp3431_ass3_worlds//models/dining-room/materials/textures/dining-room.png
-- Up-to-date: /home/rsa2021/py_pub_sub/install/comp3431_ass3_worlds/share/comp3431_ass3_worlds//models/dining-room/.model.sdf.swp
-- Up-to-date: /home/rsa2021/py_pub_sub/install/comp3431_ass3_worlds/share/comp3431_ass3_worlds//models/dining-room/model.config
-- Up-to-date: /home/rsa2021/py_pub_sub/install/comp3431_ass3_worlds/share/comp3431_ass3_worlds//models/dining-room/meshes
-- Up-to-date: /home/rsa2021/py_pub_sub/install/comp3431_ass3_worlds/share/comp3431_ass3_worlds//models/dining-room/meshes/dining-room.dae
-- Up-to-date: /home/rsa2021/py_pub_sub/install/comp3431_ass3_worlds/share/comp3431_ass3_worlds//models/dining-room/model.sdf
-- Up-to-date: /home/rsa2021/py_pub_sub/install/comp3431_ass3_worlds/share/comp3431_ass3_worlds//models/storage-room
-- Up-to-date: /home/rsa2021/py_pub_sub/install/comp3431_ass3_worlds/share/comp3431_ass3_worlds//models/storage-room/materials
-- Up-to-date: /home/rsa2021/py_pub_sub/install/comp3431_ass3_worlds/share/comp3431_ass3_worlds//models/storage-room/materials/textures
-- Up-to-date: /home/rsa2021/py_pub_sub/install/comp3431_ass3_worlds/share/comp3431_ass3_worlds//models/storage-room/materials/textures/storage-room.png
-- Up-to-date: /home/rsa2021/py_pub_sub/install/comp3431_ass3_worlds/share/comp3431_ass3_worlds//models/storage-room/.model.sdf.swp
-- Up-to-date: /home/rsa2021/py_pub_sub/install/comp3431_ass3_worlds/share/comp3431_ass3_worlds//models/storage-room/model.config
-- Up-to-date: /home/rsa2021/py_pub_sub/install/comp3431_ass3_worlds/share/comp3431_ass3_worlds//models/storage-room/meshes
-- Up-to-date: /home/rsa2021/py_pub_sub/install/comp3431_ass3_worlds/share/comp3431_ass3_worlds//models/storage-room/meshes/storage-room.dae
-- Up-to-date: /home/rsa2021/py_pub_sub/install/comp3431_ass3_worlds/share/comp3431_ass3_worlds//models/storage-room/model.sdf
-- Up-to-date: /home/rsa2021/py_pub_sub/install/comp3431_ass3_worlds/share/comp3431_ass3_worlds//models/living-room
-- Up-to-date: /home/rsa2021/py_pub_sub/install/comp3431_ass3_worlds/share/comp3431_ass3_worlds//models/living-room/materials
-- Up-to-date: /home/rsa2021/py_pub_sub/install/comp3431_ass3_worlds/share/comp3431_ass3_worlds//models/living-room/materials/textures
-- Up-to-date: /home/rsa2021/py_pub_sub/install/comp3431_ass3_worlds/share/comp3431_ass3_worlds//models/living-room/materials/textures/living-room.png
-- Up-to-date: /home/rsa2021/py_pub_sub/install/comp3431_ass3_worlds/share/comp3431_ass3_worlds//models/living-room/.model.sdf.swp
-- Up-to-date: /home/rsa2021/py_pub_sub/install/comp3431_ass3_worlds/share/comp3431_ass3_worlds//models/living-room/model.config
-- Up-to-date: /home/rsa2021/py_pub_sub/install/comp3431_ass3_worlds/share/comp3431_ass3_worlds//models/living-room/meshes
-- Up-to-date: /home/rsa2021/py_pub_sub/install/comp3431_ass3_worlds/share/comp3431_ass3_worlds//models/living-room/meshes/living-room.dae
-- Up-to-date: /home/rsa2021/py_pub_sub/install/comp3431_ass3_worlds/share/comp3431_ass3_worlds//models/living-room/model.sdf
-- Up-to-date: /home/rsa2021/py_pub_sub/install/comp3431_ass3_worlds/share/comp3431_ass3_worlds//models/kitchen
-- Up-to-date: /home/rsa2021/py_pub_sub/install/comp3431_ass3_worlds/share/comp3431_ass3_worlds//models/kitchen/materials
-- Up-to-date: /home/rsa2021/py_pub_sub/install/comp3431_ass3_worlds/share/comp3431_ass3_worlds//models/kitchen/materials/textures
-- Up-to-date: /home/rsa2021/py_pub_sub/install/comp3431_ass3_worlds/share/comp3431_ass3_worlds//models/kitchen/materials/textures/kitchen_fanta_apple.png
-- Up-to-date: /home/rsa2021/py_pub_sub/install/comp3431_ass3_worlds/share/comp3431_ass3_worlds//models/kitchen/materials/textures/kitchen.png
-- Up-to-date: /home/rsa2021/py_pub_sub/install/comp3431_ass3_worlds/share/comp3431_ass3_worlds//models/kitchen/.model.sdf.swp
-- Up-to-date: /home/rsa2021/py_pub_sub/install/comp3431_ass3_worlds/share/comp3431_ass3_worlds//models/kitchen/model.config
-- Up-to-date: /home/rsa2021/py_pub_sub/install/comp3431_ass3_worlds/share/comp3431_ass3_worlds//models/kitchen/meshes
-- Up-to-date: /home/rsa2021/py_pub_sub/install/comp3431_ass3_worlds/share/comp3431_ass3_worlds//models/kitchen/meshes/kitchen.dae
-- Up-to-date: /home/rsa2021/py_pub_sub/install/comp3431_ass3_worlds/share/comp3431_ass3_worlds//models/kitchen/model.sdf
-- Up-to-date: /home/rsa2021/py_pub_sub/install/comp3431_ass3_worlds/share/comp3431_ass3_worlds//models/study
-- Up-to-date: /home/rsa2021/py_pub_sub/install/comp3431_ass3_worlds/share/comp3431_ass3_worlds//models/study/materials
-- Up-to-date: /home/rsa2021/py_pub_sub/install/comp3431_ass3_worlds/share/comp3431_ass3_worlds//models/study/materials/textures
-- Up-to-date: /home/rsa2021/py_pub_sub/install/comp3431_ass3_worlds/share/comp3431_ass3_worlds//models/study/materials/textures/study_orange.png
-- Up-to-date: /home/rsa2021/py_pub_sub/install/comp3431_ass3_worlds/share/comp3431_ass3_worlds//models/study/materials/textures/study.png
-- Up-to-date: /home/rsa2021/py_pub_sub/install/comp3431_ass3_worlds/share/comp3431_ass3_worlds//models/study/.model.sdf.swp
-- Up-to-date: /home/rsa2021/py_pub_sub/install/comp3431_ass3_worlds/share/comp3431_ass3_worlds//models/study/model.config
-- Up-to-date: /home/rsa2021/py_pub_sub/install/comp3431_ass3_worlds/share/comp3431_ass3_worlds//models/study/meshes
-- Up-to-date: /home/rsa2021/py_pub_sub/install/comp3431_ass3_worlds/share/comp3431_ass3_worlds//models/study/meshes/study.dae
-- Up-to-date: /home/rsa2021/py_pub_sub/install/comp3431_ass3_worlds/share/comp3431_ass3_worlds//models/study/model.sdf
-- Up-to-date: /home/rsa2021/py_pub_sub/install/comp3431_ass3_worlds/share/comp3431_ass3_worlds//models/pantry
-- Up-to-date: /home/rsa2021/py_pub_sub/install/comp3431_ass3_worlds/share/comp3431_ass3_worlds//models/pantry/materials
-- Up-to-date: /home/rsa2021/py_pub_sub/install/comp3431_ass3_worlds/share/comp3431_ass3_worlds//models/pantry/materials/textures
-- Up-to-date: /home/rsa2021/py_pub_sub/install/comp3431_ass3_worlds/share/comp3431_ass3_worlds//models/pantry/materials/textures/pantry.png
-- Up-to-date: /home/rsa2021/py_pub_sub/install/comp3431_ass3_worlds/share/comp3431_ass3_worlds//models/pantry/.model.sdf.swp
-- Up-to-date: /home/rsa2021/py_pub_sub/install/comp3431_ass3_worlds/share/comp3431_ass3_worlds//models/pantry/model.config
-- Up-to-date: /home/rsa2021/py_pub_sub/install/comp3431_ass3_worlds/share/comp3431_ass3_worlds//models/pantry/meshes
-- Up-to-date: /home/rsa2021/py_pub_sub/install/comp3431_ass3_worlds/share/comp3431_ass3_worlds//models/pantry/meshes/pantry.dae
-- Up-to-date: /home/rsa2021/py_pub_sub/install/comp3431_ass3_worlds/share/comp3431_ass3_worlds//models/pantry/model.sdf
-- Up-to-date: /home/rsa2021/py_pub_sub/install/comp3431_ass3_worlds/share/comp3431_ass3_worlds//worlds
-- Up-to-date: /home/rsa2021/py_pub_sub/install/comp3431_ass3_worlds/share/comp3431_ass3_worlds//worlds/house1.model
-- Up-to-date: /home/rsa2021/py_pub_sub/install/comp3431_ass3_worlds/share/ament_index/resource_index/package_run_dependencies/comp3431_ass3_worlds
-- Up-to-date: /home/rsa2021/py_pub_sub/install/comp3431_ass3_worlds/share/ament_index/resource_index/parent_prefix_path/comp3431_ass3_worlds
-- Up-to-date: /home/rsa2021/py_pub_sub/install/comp3431_ass3_worlds/share/comp3431_ass3_worlds/environment/ament_prefix_path.sh
-- Up-to-date: /home/rsa2021/py_pub_sub/install/comp3431_ass3_worlds/share/comp3431_ass3_worlds/environment/ament_prefix_path.dsv
-- Up-to-date: /home/rsa2021/py_pub_sub/install/comp3431_ass3_worlds/share/comp3431_ass3_worlds/environment/path.sh
-- Up-to-date: /home/rsa2021/py_pub_sub/install/comp3431_ass3_worlds/share/comp3431_ass3_worlds/environment/path.dsv
-- Up-to-date: /home/rsa2021/py_pub_sub/install/comp3431_ass3_worlds/share/comp3431_ass3_worlds/local_setup.bash
-- Up-to-date: /home/rsa2021/py_pub_sub/install/comp3431_ass3_worlds/share/comp3431_ass3_worlds/local_setup.sh
-- Up-to-date: /home/rsa2021/py_pub_sub/install/comp3431_ass3_worlds/share/comp3431_ass3_worlds/local_setup.zsh
-- Up-to-date: /home/rsa2021/py_pub_sub/install/comp3431_ass3_worlds/share/comp3431_ass3_worlds/local_setup.dsv
-- Installing: /home/rsa2021/py_pub_sub/install/comp3431_ass3_worlds/share/comp3431_ass3_worlds/package.dsv
-- Up-to-date: /home/rsa2021/py_pub_sub/install/comp3431_ass3_worlds/share/ament_index/resource_index/packages/comp3431_ass3_worlds
-- Up-to-date: /home/rsa2021/py_pub_sub/install/comp3431_ass3_worlds/share/comp3431_ass3_worlds/cmake/comp3431_ass3_worldsConfig.cmake
-- Up-to-date: /home/rsa2021/py_pub_sub/install/comp3431_ass3_worlds/share/comp3431_ass3_worlds/cmake/comp3431_ass3_worldsConfig-version.cmake
-- Up-to-date: /home/rsa2021/py_pub_sub/install/comp3431_ass3_worlds/share/comp3431_ass3_worlds/package.xml
