[1.925s] Invoking command in '/home/rsa2021/py_pub_sub/src/publisher3431': PYTHONPATH=/home/rsa2021/py_pub_sub/install/publisher3431/lib/python3.8/site-packages:${PYTHONPATH} /usr/bin/python3 setup.py egg_info --egg-base ../../build/publisher3431 build --build-base /home/rsa2021/py_pub_sub/build/publisher3431/build install --prefix /home/rsa2021/py_pub_sub/install/publisher3431 --record /home/rsa2021/py_pub_sub/build/publisher3431/install.log --single-version-externally-managed
[3.593s] running egg_info
[3.596s] writing ../../build/publisher3431/publisher3431.egg-info/PKG-INFO
[3.602s] writing dependency_links to ../../build/publisher3431/publisher3431.egg-info/dependency_links.txt
[3.604s] writing entry points to ../../build/publisher3431/publisher3431.egg-info/entry_points.txt
[3.610s] writing requirements to ../../build/publisher3431/publisher3431.egg-info/requires.txt
[3.614s] writing top-level names to ../../build/publisher3431/publisher3431.egg-info/top_level.txt
[3.804s] reading manifest file '../../build/publisher3431/publisher3431.egg-info/SOURCES.txt'
[3.811s] writing manifest file '../../build/publisher3431/publisher3431.egg-info/SOURCES.txt'
[3.813s] running build
[3.815s] running build_py
[3.817s] copying publisher3431/publisher.py -> /home/rsa2021/py_pub_sub/build/publisher3431/build/lib/publisher3431
[3.819s] copying publisher3431/subscriber.py -> /home/rsa2021/py_pub_sub/build/publisher3431/build/lib/publisher3431
[3.822s] running install
[3.826s] running install_lib
[3.830s] copying /home/rsa2021/py_pub_sub/build/publisher3431/build/lib/publisher3431/publisher.py -> /home/rsa2021/py_pub_sub/install/publisher3431/lib/python3.8/site-packages/publisher3431
[3.831s] copying /home/rsa2021/py_pub_sub/build/publisher3431/build/lib/publisher3431/subscriber.py -> /home/rsa2021/py_pub_sub/install/publisher3431/lib/python3.8/site-packages/publisher3431
[3.834s] byte-compiling /home/rsa2021/py_pub_sub/install/publisher3431/lib/python3.8/site-packages/publisher3431/publisher.py to publisher.cpython-38.pyc
[3.842s] byte-compiling /home/rsa2021/py_pub_sub/install/publisher3431/lib/python3.8/site-packages/publisher3431/subscriber.py to subscriber.cpython-38.pyc
[3.846s] running install_data
[3.852s] running install_egg_info
[3.860s] removing '/home/rsa2021/py_pub_sub/install/publisher3431/lib/python3.8/site-packages/publisher3431-0.0.0-py3.8.egg-info' (and everything under it)
[3.864s] Copying ../../build/publisher3431/publisher3431.egg-info to /home/rsa2021/py_pub_sub/install/publisher3431/lib/python3.8/site-packages/publisher3431-0.0.0-py3.8.egg-info
[3.871s] running install_scripts
[3.986s] Installing listener script to /home/rsa2021/py_pub_sub/install/publisher3431/lib/publisher3431
[3.987s] Installing talker script to /home/rsa2021/py_pub_sub/install/publisher3431/lib/publisher3431
[3.991s] writing list of installed files to '/home/rsa2021/py_pub_sub/build/publisher3431/install.log'
[4.121s] Invoked command in '/home/rsa2021/py_pub_sub/src/publisher3431' returned '0': PYTHONPATH=/home/rsa2021/py_pub_sub/install/publisher3431/lib/python3.8/site-packages:${PYTHONPATH} /usr/bin/python3 setup.py egg_info --egg-base ../../build/publisher3431 build --build-base /home/rsa2021/py_pub_sub/build/publisher3431/build install --prefix /home/rsa2021/py_pub_sub/install/publisher3431 --record /home/rsa2021/py_pub_sub/build/publisher3431/install.log --single-version-externally-managed
