[1.004s] Invoking command in '/home/rsa2021/py_pub_sub/src/publisher3431': PYTHONPATH=/home/rsa2021/py_pub_sub/install/publisher3431/lib/python3.8/site-packages:${PYTHONPATH} /usr/bin/python3 setup.py egg_info --egg-base ../../build/publisher3431 build --build-base /home/rsa2021/py_pub_sub/build/publisher3431/build install --prefix /home/rsa2021/py_pub_sub/install/publisher3431 --record /home/rsa2021/py_pub_sub/build/publisher3431/install.log --single-version-externally-managed
[1.804s] running egg_info
[1.812s] writing ../../build/publisher3431/publisher3431.egg-info/PKG-INFO
[1.816s] writing dependency_links to ../../build/publisher3431/publisher3431.egg-info/dependency_links.txt
[1.817s] writing entry points to ../../build/publisher3431/publisher3431.egg-info/entry_points.txt
[1.820s] writing requirements to ../../build/publisher3431/publisher3431.egg-info/requires.txt
[1.821s] writing top-level names to ../../build/publisher3431/publisher3431.egg-info/top_level.txt
[1.916s] reading manifest file '../../build/publisher3431/publisher3431.egg-info/SOURCES.txt'
[1.917s] writing manifest file '../../build/publisher3431/publisher3431.egg-info/SOURCES.txt'
[1.918s] running build
[1.918s] running build_py
[1.922s] copying publisher3431/subscriber_ass2.py -> /home/rsa2021/py_pub_sub/build/publisher3431/build/lib/publisher3431
[1.922s] copying publisher3431/subscriber.py -> /home/rsa2021/py_pub_sub/build/publisher3431/build/lib/publisher3431
[1.923s] running install
[1.927s] running install_lib
[1.930s] copying /home/rsa2021/py_pub_sub/build/publisher3431/build/lib/publisher3431/subscriber_ass2.py -> /home/rsa2021/py_pub_sub/install/publisher3431/lib/python3.8/site-packages/publisher3431
[1.931s] copying /home/rsa2021/py_pub_sub/build/publisher3431/build/lib/publisher3431/subscriber.py -> /home/rsa2021/py_pub_sub/install/publisher3431/lib/python3.8/site-packages/publisher3431
[1.936s] byte-compiling /home/rsa2021/py_pub_sub/install/publisher3431/lib/python3.8/site-packages/publisher3431/subscriber_ass2.py to subscriber_ass2.cpython-38.pyc
[1.943s] byte-compiling /home/rsa2021/py_pub_sub/install/publisher3431/lib/python3.8/site-packages/publisher3431/subscriber.py to subscriber.cpython-38.pyc
[1.945s]   File "/home/rsa2021/py_pub_sub/install/publisher3431/lib/python3.8/site-packages/publisher3431/subscriber.py", line 46
[1.946s]     marker.pose.position.y = point.y+
[1.946s]                                     ^
[1.946s] SyntaxError: invalid syntax
[1.946s] 
[1.946s] running install_data
[1.949s] running install_egg_info
[1.956s] removing '/home/rsa2021/py_pub_sub/install/publisher3431/lib/python3.8/site-packages/publisher3431-0.0.0-py3.8.egg-info' (and everything under it)
[1.956s] Copying ../../build/publisher3431/publisher3431.egg-info to /home/rsa2021/py_pub_sub/install/publisher3431/lib/python3.8/site-packages/publisher3431-0.0.0-py3.8.egg-info
[1.963s] running install_scripts
[2.034s] Installing listener script to /home/rsa2021/py_pub_sub/install/publisher3431/lib/publisher3431
[2.034s] Installing listener_ass2 script to /home/rsa2021/py_pub_sub/install/publisher3431/lib/publisher3431
[2.034s] Installing talker script to /home/rsa2021/py_pub_sub/install/publisher3431/lib/publisher3431
[2.047s] writing list of installed files to '/home/rsa2021/py_pub_sub/build/publisher3431/install.log'
[2.120s] Invoked command in '/home/rsa2021/py_pub_sub/src/publisher3431' returned '0': PYTHONPATH=/home/rsa2021/py_pub_sub/install/publisher3431/lib/python3.8/site-packages:${PYTHONPATH} /usr/bin/python3 setup.py egg_info --egg-base ../../build/publisher3431 build --build-base /home/rsa2021/py_pub_sub/build/publisher3431/build install --prefix /home/rsa2021/py_pub_sub/install/publisher3431 --record /home/rsa2021/py_pub_sub/build/publisher3431/install.log --single-version-externally-managed
