[0.095s] Invoking command in '/home/rsa2021/py_pub_sub/build/image_publisher': CMAKE_PREFIX_PATH=/home/rsa2021/py_pub_sub/install/zbar_ros:/home/rsa2021/py_pub_sub/install/zbar_ros_interfaces:/home/rsa2021/py_pub_sub/install/publisher3431:/home/rsa2021/py_pub_sub/install/map_server:/opt/ros/foxy:/home/rsa2021/py_pub_sub/install/image_publisher:/home/rsa2021/py_pub_sub/install/comp3431_interfaces:/home/rsa2021/py_pub_sub/install/comp3431_ass3_worlds /usr/bin/cmake --build /home/rsa2021/py_pub_sub/build/image_publisher -- -j3 -l3
[0.586s] [ 50%] Built target image_publisher
[0.807s] [100%] Built target image_publisher_node
[0.850s] Invoked command in '/home/rsa2021/py_pub_sub/build/image_publisher' returned '0': CMAKE_PREFIX_PATH=/home/rsa2021/py_pub_sub/install/zbar_ros:/home/rsa2021/py_pub_sub/install/zbar_ros_interfaces:/home/rsa2021/py_pub_sub/install/publisher3431:/home/rsa2021/py_pub_sub/install/map_server:/opt/ros/foxy:/home/rsa2021/py_pub_sub/install/image_publisher:/home/rsa2021/py_pub_sub/install/comp3431_interfaces:/home/rsa2021/py_pub_sub/install/comp3431_ass3_worlds /usr/bin/cmake --build /home/rsa2021/py_pub_sub/build/image_publisher -- -j3 -l3
[1.024s] Invoking command in '/home/rsa2021/py_pub_sub/build/image_publisher': CMAKE_PREFIX_PATH=/home/rsa2021/py_pub_sub/install/zbar_ros:/home/rsa2021/py_pub_sub/install/zbar_ros_interfaces:/home/rsa2021/py_pub_sub/install/publisher3431:/home/rsa2021/py_pub_sub/install/map_server:/opt/ros/foxy:/home/rsa2021/py_pub_sub/install/image_publisher:/home/rsa2021/py_pub_sub/install/comp3431_interfaces:/home/rsa2021/py_pub_sub/install/comp3431_ass3_worlds /usr/bin/cmake --install /home/rsa2021/py_pub_sub/build/image_publisher
[1.073s] -- Install configuration: ""
[1.074s] -- Up-to-date: /home/rsa2021/py_pub_sub/install/image_publisher/include/image_publisher
[1.075s] -- Up-to-date: /home/rsa2021/py_pub_sub/install/image_publisher/include/image_publisher/visibility.h
[1.077s] -- Up-to-date: /home/rsa2021/py_pub_sub/install/image_publisher/lib/image_publisher/image_publisher_node
[1.080s] -- Up-to-date: /home/rsa2021/py_pub_sub/install/image_publisher/lib/image_publisher/libimage_publisher.so
[1.083s] -- Up-to-date: /home/rsa2021/py_pub_sub/install/image_publisher/bin/libimage_publisher.so
[1.087s] -- Up-to-date: /home/rsa2021/py_pub_sub/install/image_publisher/share/image_publisher//launch
[1.087s] -- Up-to-date: /home/rsa2021/py_pub_sub/install/image_publisher/share/image_publisher//launch/image_publisher_file.launch.py
[1.087s] -- Up-to-date: /home/rsa2021/py_pub_sub/install/image_publisher/share/image_publisher//launch/image_publisher_mono.launch.py
[1.088s] -- Up-to-date: /home/rsa2021/py_pub_sub/install/image_publisher/share/image_publisher//launch/image_publisher_stereo.launch.py
[1.088s] -- Up-to-date: /home/rsa2021/py_pub_sub/install/image_publisher/share/image_publisher//launch/splash.png
[1.095s] -- Up-to-date: /home/rsa2021/py_pub_sub/install/image_publisher/share/ament_index/resource_index/package_run_dependencies/image_publisher
[1.096s] -- Up-to-date: /home/rsa2021/py_pub_sub/install/image_publisher/share/ament_index/resource_index/parent_prefix_path/image_publisher
[1.099s] -- Up-to-date: /home/rsa2021/py_pub_sub/install/image_publisher/share/image_publisher/environment/ament_prefix_path.sh
[1.100s] -- Up-to-date: /home/rsa2021/py_pub_sub/install/image_publisher/share/image_publisher/environment/ament_prefix_path.dsv
[1.102s] -- Up-to-date: /home/rsa2021/py_pub_sub/install/image_publisher/share/image_publisher/environment/path.sh
[1.103s] -- Up-to-date: /home/rsa2021/py_pub_sub/install/image_publisher/share/image_publisher/environment/path.dsv
[1.104s] -- Up-to-date: /home/rsa2021/py_pub_sub/install/image_publisher/share/image_publisher/local_setup.bash
[1.104s] -- Up-to-date: /home/rsa2021/py_pub_sub/install/image_publisher/share/image_publisher/local_setup.sh
[1.110s] -- Up-to-date: /home/rsa2021/py_pub_sub/install/image_publisher/share/image_publisher/local_setup.zsh
[1.111s] -- Up-to-date: /home/rsa2021/py_pub_sub/install/image_publisher/share/image_publisher/local_setup.dsv
[1.116s] -- Installing: /home/rsa2021/py_pub_sub/install/image_publisher/share/image_publisher/package.dsv
[1.117s] -- Up-to-date: /home/rsa2021/py_pub_sub/install/image_publisher/share/ament_index/resource_index/packages/image_publisher
[1.117s] -- Up-to-date: /home/rsa2021/py_pub_sub/install/image_publisher/share/ament_index/resource_index/rclcpp_components/image_publisher
[1.118s] -- Up-to-date: /home/rsa2021/py_pub_sub/install/image_publisher/share/image_publisher/cmake/ament_cmake_export_dependencies-extras.cmake
[1.118s] -- Up-to-date: /home/rsa2021/py_pub_sub/install/image_publisher/share/image_publisher/cmake/image_publisherConfig.cmake
[1.118s] -- Up-to-date: /home/rsa2021/py_pub_sub/install/image_publisher/share/image_publisher/cmake/image_publisherConfig-version.cmake
[1.119s] -- Up-to-date: /home/rsa2021/py_pub_sub/install/image_publisher/share/image_publisher/package.xml
[1.120s] Invoked command in '/home/rsa2021/py_pub_sub/build/image_publisher' returned '0': CMAKE_PREFIX_PATH=/home/rsa2021/py_pub_sub/install/zbar_ros:/home/rsa2021/py_pub_sub/install/zbar_ros_interfaces:/home/rsa2021/py_pub_sub/install/publisher3431:/home/rsa2021/py_pub_sub/install/map_server:/opt/ros/foxy:/home/rsa2021/py_pub_sub/install/image_publisher:/home/rsa2021/py_pub_sub/install/comp3431_interfaces:/home/rsa2021/py_pub_sub/install/comp3431_ass3_worlds /usr/bin/cmake --install /home/rsa2021/py_pub_sub/build/image_publisher
