[0.099s] Invoking command in '/home/rsa2021/py_pub_sub/build/image_publisher': CMAKE_PREFIX_PATH=/home/rsa2021/py_pub_sub/install/zbar_ros:/home/rsa2021/py_pub_sub/install/zbar_ros_interfaces:/home/rsa2021/py_pub_sub/install/publisher3431:/home/rsa2021/py_pub_sub/install/map_server:/home/rsa2021/dev_ws/install/py_srvcli:/home/rsa2021/dev_ws/install/py_pubsub:/home/rsa2021/dev_ws/install/learning_tf2_py:/home/rsa2021/dev_ws/install/my_package:/opt/ros/foxy:/home/rsa2021/py_pub_sub/install/image_publisher:/home/rsa2021/py_pub_sub/install/comp3431_interfaces:/home/rsa2021/py_pub_sub/install/comp3431_ass3_worlds:/home/rsa2021/dev_ws/install/tutorial_interfaces:/home/rsa2021/dev_ws/install/turtlesim:/home/rsa2021/dev_ws/install/comp3431_interfaces /usr/bin/cmake --build /home/rsa2021/py_pub_sub/build/image_publisher -- -j3 -l3
[0.568s] [ 50%] Built target image_publisher
[0.762s] [100%] Built target image_publisher_node
[0.810s] Invoked command in '/home/rsa2021/py_pub_sub/build/image_publisher' returned '0': CMAKE_PREFIX_PATH=/home/rsa2021/py_pub_sub/install/zbar_ros:/home/rsa2021/py_pub_sub/install/zbar_ros_interfaces:/home/rsa2021/py_pub_sub/install/publisher3431:/home/rsa2021/py_pub_sub/install/map_server:/home/rsa2021/dev_ws/install/py_srvcli:/home/rsa2021/dev_ws/install/py_pubsub:/home/rsa2021/dev_ws/install/learning_tf2_py:/home/rsa2021/dev_ws/install/my_package:/opt/ros/foxy:/home/rsa2021/py_pub_sub/install/image_publisher:/home/rsa2021/py_pub_sub/install/comp3431_interfaces:/home/rsa2021/py_pub_sub/install/comp3431_ass3_worlds:/home/rsa2021/dev_ws/install/tutorial_interfaces:/home/rsa2021/dev_ws/install/turtlesim:/home/rsa2021/dev_ws/install/comp3431_interfaces /usr/bin/cmake --build /home/rsa2021/py_pub_sub/build/image_publisher -- -j3 -l3
[0.990s] Invoking command in '/home/rsa2021/py_pub_sub/build/image_publisher': CMAKE_PREFIX_PATH=/home/rsa2021/py_pub_sub/install/zbar_ros:/home/rsa2021/py_pub_sub/install/zbar_ros_interfaces:/home/rsa2021/py_pub_sub/install/publisher3431:/home/rsa2021/py_pub_sub/install/map_server:/home/rsa2021/dev_ws/install/py_srvcli:/home/rsa2021/dev_ws/install/py_pubsub:/home/rsa2021/dev_ws/install/learning_tf2_py:/home/rsa2021/dev_ws/install/my_package:/opt/ros/foxy:/home/rsa2021/py_pub_sub/install/image_publisher:/home/rsa2021/py_pub_sub/install/comp3431_interfaces:/home/rsa2021/py_pub_sub/install/comp3431_ass3_worlds:/home/rsa2021/dev_ws/install/tutorial_interfaces:/home/rsa2021/dev_ws/install/turtlesim:/home/rsa2021/dev_ws/install/comp3431_interfaces /usr/bin/cmake --install /home/rsa2021/py_pub_sub/build/image_publisher
[1.040s] -- Install configuration: ""
[1.042s] -- Up-to-date: /home/rsa2021/py_pub_sub/install/image_publisher/include/image_publisher
[1.043s] -- Up-to-date: /home/rsa2021/py_pub_sub/install/image_publisher/include/image_publisher/visibility.h
[1.047s] -- Up-to-date: /home/rsa2021/py_pub_sub/install/image_publisher/lib/image_publisher/image_publisher_node
[1.050s] -- Up-to-date: /home/rsa2021/py_pub_sub/install/image_publisher/lib/image_publisher/libimage_publisher.so
[1.057s] -- Up-to-date: /home/rsa2021/py_pub_sub/install/image_publisher/bin/libimage_publisher.so
[1.061s] -- Up-to-date: /home/rsa2021/py_pub_sub/install/image_publisher/share/image_publisher//launch
[1.062s] -- Up-to-date: /home/rsa2021/py_pub_sub/install/image_publisher/share/image_publisher//launch/image_publisher_file.launch.py
[1.063s] -- Up-to-date: /home/rsa2021/py_pub_sub/install/image_publisher/share/image_publisher//launch/image_publisher_mono.launch.py
[1.064s] -- Up-to-date: /home/rsa2021/py_pub_sub/install/image_publisher/share/image_publisher//launch/image_publisher_stereo.launch.py
[1.069s] -- Up-to-date: /home/rsa2021/py_pub_sub/install/image_publisher/share/image_publisher//launch/splash.png
[1.073s] -- Up-to-date: /home/rsa2021/py_pub_sub/install/image_publisher/share/ament_index/resource_index/package_run_dependencies/image_publisher
[1.074s] -- Up-to-date: /home/rsa2021/py_pub_sub/install/image_publisher/share/ament_index/resource_index/parent_prefix_path/image_publisher
[1.076s] -- Up-to-date: /home/rsa2021/py_pub_sub/install/image_publisher/share/image_publisher/environment/ament_prefix_path.sh
[1.077s] -- Up-to-date: /home/rsa2021/py_pub_sub/install/image_publisher/share/image_publisher/environment/ament_prefix_path.dsv
[1.078s] -- Up-to-date: /home/rsa2021/py_pub_sub/install/image_publisher/share/image_publisher/environment/path.sh
[1.079s] -- Up-to-date: /home/rsa2021/py_pub_sub/install/image_publisher/share/image_publisher/environment/path.dsv
[1.080s] -- Up-to-date: /home/rsa2021/py_pub_sub/install/image_publisher/share/image_publisher/local_setup.bash
[1.082s] -- Up-to-date: /home/rsa2021/py_pub_sub/install/image_publisher/share/image_publisher/local_setup.sh
[1.083s] -- Up-to-date: /home/rsa2021/py_pub_sub/install/image_publisher/share/image_publisher/local_setup.zsh
[1.084s] -- Up-to-date: /home/rsa2021/py_pub_sub/install/image_publisher/share/image_publisher/local_setup.dsv
[1.085s] -- Installing: /home/rsa2021/py_pub_sub/install/image_publisher/share/image_publisher/package.dsv
[1.087s] -- Up-to-date: /home/rsa2021/py_pub_sub/install/image_publisher/share/ament_index/resource_index/packages/image_publisher
[1.088s] -- Up-to-date: /home/rsa2021/py_pub_sub/install/image_publisher/share/ament_index/resource_index/rclcpp_components/image_publisher
[1.089s] -- Up-to-date: /home/rsa2021/py_pub_sub/install/image_publisher/share/image_publisher/cmake/ament_cmake_export_dependencies-extras.cmake
[1.090s] -- Up-to-date: /home/rsa2021/py_pub_sub/install/image_publisher/share/image_publisher/cmake/image_publisherConfig.cmake
[1.092s] -- Up-to-date: /home/rsa2021/py_pub_sub/install/image_publisher/share/image_publisher/cmake/image_publisherConfig-version.cmake
[1.093s] -- Up-to-date: /home/rsa2021/py_pub_sub/install/image_publisher/share/image_publisher/package.xml
[1.103s] Invoked command in '/home/rsa2021/py_pub_sub/build/image_publisher' returned '0': CMAKE_PREFIX_PATH=/home/rsa2021/py_pub_sub/install/zbar_ros:/home/rsa2021/py_pub_sub/install/zbar_ros_interfaces:/home/rsa2021/py_pub_sub/install/publisher3431:/home/rsa2021/py_pub_sub/install/map_server:/home/rsa2021/dev_ws/install/py_srvcli:/home/rsa2021/dev_ws/install/py_pubsub:/home/rsa2021/dev_ws/install/learning_tf2_py:/home/rsa2021/dev_ws/install/my_package:/opt/ros/foxy:/home/rsa2021/py_pub_sub/install/image_publisher:/home/rsa2021/py_pub_sub/install/comp3431_interfaces:/home/rsa2021/py_pub_sub/install/comp3431_ass3_worlds:/home/rsa2021/dev_ws/install/tutorial_interfaces:/home/rsa2021/dev_ws/install/turtlesim:/home/rsa2021/dev_ws/install/comp3431_interfaces /usr/bin/cmake --install /home/rsa2021/py_pub_sub/build/image_publisher
