[0.065s] Invoking command in '/home/rsa2021/ass3/astro_boys_girls_ass2_comp3431/build/comp3431_interfaces': CMAKE_PREFIX_PATH=${CMAKE_PREFIX_PATH}:/opt/ros/foxy /usr/bin/cmake /home/rsa2021/ass3/astro_boys_girls_ass2_comp3431/ass3/src/comp3431_interfaces/comp3431_interfaces-rolling -DCMAKE_INSTALL_PREFIX=/home/rsa2021/ass3/astro_boys_girls_ass2_comp3431/install/comp3431_interfaces
[0.374s] -- The C compiler identification is GNU 9.3.0
[0.583s] -- The CXX compiler identification is GNU 9.3.0
[0.600s] -- Check for working C compiler: /usr/bin/cc
[0.738s] -- Check for working C compiler: /usr/bin/cc -- works
[0.741s] -- Detecting C compiler ABI info
[0.907s] -- Detecting C compiler ABI info - done
[0.938s] -- Detecting C compile features
[0.939s] -- Detecting C compile features - done
[0.945s] -- Check for working CXX compiler: /usr/bin/c++
[1.112s] -- Check for working CXX compiler: /usr/bin/c++ -- works
[1.114s] -- Detecting CXX compiler ABI info
[1.260s] -- Detecting CXX compiler ABI info - done
[1.291s] -- Detecting CXX compile features
[1.293s] -- Detecting CXX compile features - done
[1.302s] -- Found ament_cmake: 0.9.8 (/opt/ros/foxy/share/ament_cmake/cmake)
[1.355s] -- Found PythonInterp: /usr/bin/python3 (found suitable version "3.8.10", minimum required is "3") 
[1.355s] -- Using PYTHON_EXECUTABLE: /usr/bin/python3
[1.807s] -- Found rosidl_default_generators: 1.0.1 (/opt/ros/foxy/share/rosidl_default_generators/cmake)
[1.820s] -- Using all available rosidl_typesupport_c: rosidl_typesupport_fastrtps_c;rosidl_typesupport_introspection_c
[1.840s] -- Found rosidl_adapter: 1.2.1 (/opt/ros/foxy/share/rosidl_adapter/cmake)
[2.080s] -- Found OpenSSL: /usr/lib/x86_64-linux-gnu/libcrypto.so (found version "1.1.1f")  
[2.139s] -- Found FastRTPS: /opt/ros/foxy/include  
[2.333s] -- Using all available rosidl_typesupport_cpp: rosidl_typesupport_fastrtps_cpp;rosidl_typesupport_introspection_cpp
[2.413s] -- Found geometry_msgs: 2.0.4 (/opt/ros/foxy/share/geometry_msgs/cmake)
[2.690s] -- Found PythonInterp: /usr/bin/python3 (found version "3.8.10") 
[3.303s] -- Found ament_cmake_ros: 0.9.2 (/opt/ros/foxy/share/ament_cmake_ros/cmake)
[3.967s] -- Using all available rosidl_typesupport_c: rosidl_typesupport_fastrtps_c;rosidl_typesupport_introspection_c
[4.355s] -- Using all available rosidl_typesupport_cpp: rosidl_typesupport_fastrtps_cpp;rosidl_typesupport_introspection_cpp
[4.410s] -- Found PythonInterp: /usr/bin/python3 (found suitable version "3.8.10", minimum required is "3.5") 
[4.413s] -- Found python_cmake_module: 0.8.1 (/opt/ros/foxy/share/python_cmake_module/cmake)
[4.469s] -- Found PythonLibs: /usr/lib/x86_64-linux-gnu/libpython3.8.so (found suitable version "3.8.10", minimum required is "3.5") 
[4.469s] -- Using PYTHON_EXECUTABLE: /usr/bin/python3
[4.469s] -- Using PYTHON_INCLUDE_DIRS: /usr/include/python3.8
[4.469s] -- Using PYTHON_LIBRARIES: /usr/lib/x86_64-linux-gnu/libpython3.8.so
[4.518s] -- Found PythonExtra: .so  
[4.757s] -- Found ament_lint_auto: 0.9.6 (/opt/ros/foxy/share/ament_lint_auto/cmake)
[4.798s] -- Added test 'copyright' to check source files copyright and LICENSE
[4.803s] -- Added test 'lint_cmake' to check CMake code style
[4.806s] -- Added test 'xmllint' to check XML markup files
[4.816s] -- Configuring done
[5.085s] -- Generating done
[5.093s] -- Build files have been written to: /home/rsa2021/ass3/astro_boys_girls_ass2_comp3431/build/comp3431_interfaces
[5.115s] Invoked command in '/home/rsa2021/ass3/astro_boys_girls_ass2_comp3431/build/comp3431_interfaces' returned '0': CMAKE_PREFIX_PATH=${CMAKE_PREFIX_PATH}:/opt/ros/foxy /usr/bin/cmake /home/rsa2021/ass3/astro_boys_girls_ass2_comp3431/ass3/src/comp3431_interfaces/comp3431_interfaces-rolling -DCMAKE_INSTALL_PREFIX=/home/rsa2021/ass3/astro_boys_girls_ass2_comp3431/install/comp3431_interfaces
[5.116s] Invoking command in '/home/rsa2021/ass3/astro_boys_girls_ass2_comp3431/build/comp3431_interfaces': CMAKE_PREFIX_PATH=${CMAKE_PREFIX_PATH}:/opt/ros/foxy /usr/bin/cmake --build /home/rsa2021/ass3/astro_boys_girls_ass2_comp3431/build/comp3431_interfaces -- -j3 -l3
[5.229s] [  2%] [34m[1mGenerating C code for ROS interfaces[0m
[5.249s] [35m[1mScanning dependencies of target comp3431_interfaces__cpp[0m
[5.309s] [  4%] [34m[1mGenerating C++ code for ROS interfaces[0m
[8.447s] [  4%] Built target comp3431_interfaces__cpp
[8.499s] [  6%] [34m[1mGenerating C++ type support dispatch for ROS interfaces[0m
[8.528s] [  8%] [34m[1mGenerating C++ type support for eProsima Fast-RTPS[0m
[9.069s] [35m[1mScanning dependencies of target comp3431_interfaces__rosidl_generator_c[0m
[9.172s] [ 10%] [32mBuilding C object CMakeFiles/comp3431_interfaces__rosidl_generator_c.dir/rosidl_generator_c/comp3431_interfaces/msg/detail/qr_code_block__functions.c.o[0m
[9.384s] [ 12%] [32mBuilding C object CMakeFiles/comp3431_interfaces__rosidl_generator_c.dir/rosidl_generator_c/comp3431_interfaces/srv/detail/map_info__functions.c.o[0m
[9.688s] [ 14%] [32mBuilding C object CMakeFiles/comp3431_interfaces__rosidl_generator_c.dir/rosidl_generator_c/comp3431_interfaces/action/detail/move_object_to_room__functions.c.o[0m
[10.283s] [ 17%] [32m[1mLinking C shared library libcomp3431_interfaces__rosidl_generator_c.so[0m
[10.576s] [ 17%] Built target comp3431_interfaces__rosidl_generator_c
[10.645s] [ 19%] [34m[1mGenerating C++ introspection for ROS interfaces[0m
[11.186s] [35m[1mScanning dependencies of target comp3431_interfaces__rosidl_typesupport_cpp[0m
[11.273s] [ 21%] [32mBuilding CXX object CMakeFiles/comp3431_interfaces__rosidl_typesupport_cpp.dir/rosidl_typesupport_cpp/comp3431_interfaces/msg/qr_code_block__type_support.cpp.o[0m
[11.887s] [35m[1mScanning dependencies of target comp3431_interfaces__rosidl_typesupport_fastrtps_cpp[0m
[11.990s] [ 23%] [32mBuilding CXX object CMakeFiles/comp3431_interfaces__rosidl_typesupport_fastrtps_cpp.dir/rosidl_typesupport_fastrtps_cpp/comp3431_interfaces/msg/detail/dds_fastrtps/qr_code_block__type_support.cpp.o[0m
[12.372s] [ 25%] [32mBuilding CXX object CMakeFiles/comp3431_interfaces__rosidl_typesupport_cpp.dir/rosidl_typesupport_cpp/comp3431_interfaces/srv/map_info__type_support.cpp.o[0m
[13.461s] [35m[1mScanning dependencies of target comp3431_interfaces__rosidl_typesupport_introspection_cpp[0m
[13.509s] [ 27%] [32mBuilding CXX object CMakeFiles/comp3431_interfaces__rosidl_typesupport_cpp.dir/rosidl_typesupport_cpp/comp3431_interfaces/action/move_object_to_room__type_support.cpp.o[0m
[13.518s] [ 29%] [32mBuilding CXX object CMakeFiles/comp3431_interfaces__rosidl_typesupport_introspection_cpp.dir/rosidl_typesupport_introspection_cpp/comp3431_interfaces/msg/detail/qr_code_block__type_support.cpp.o[0m
[13.532s] [ 31%] [32mBuilding CXX object CMakeFiles/comp3431_interfaces__rosidl_typesupport_fastrtps_cpp.dir/rosidl_typesupport_fastrtps_cpp/comp3431_interfaces/srv/detail/dds_fastrtps/map_info__type_support.cpp.o[0m
[14.485s] [ 34%] [32mBuilding CXX object CMakeFiles/comp3431_interfaces__rosidl_typesupport_introspection_cpp.dir/rosidl_typesupport_introspection_cpp/comp3431_interfaces/srv/detail/map_info__type_support.cpp.o[0m
[14.707s] [ 36%] [32m[1mLinking CXX shared library libcomp3431_interfaces__rosidl_typesupport_cpp.so[0m
[14.956s] [ 36%] Built target comp3431_interfaces__rosidl_typesupport_cpp
[14.995s] [ 38%] [32mBuilding CXX object CMakeFiles/comp3431_interfaces__rosidl_typesupport_introspection_cpp.dir/rosidl_typesupport_introspection_cpp/comp3431_interfaces/action/detail/move_object_to_room__type_support.cpp.o[0m
[15.595s] [ 40%] [32mBuilding CXX object CMakeFiles/comp3431_interfaces__rosidl_typesupport_fastrtps_cpp.dir/rosidl_typesupport_fastrtps_cpp/comp3431_interfaces/action/detail/dds_fastrtps/move_object_to_room__type_support.cpp.o[0m
[15.868s] [ 42%] [34m[1mGenerating C introspection for ROS interfaces[0m
[16.040s] [ 44%] [32m[1mLinking CXX shared library libcomp3431_interfaces__rosidl_typesupport_introspection_cpp.so[0m
[16.400s] [ 44%] Built target comp3431_interfaces__rosidl_typesupport_introspection_cpp
[16.422s] [ 46%] [34m[1mGenerating C type support dispatch for ROS interfaces[0m
[17.493s] [ 48%] [32m[1mLinking CXX shared library libcomp3431_interfaces__rosidl_typesupport_fastrtps_cpp.so[0m
[17.690s] [35m[1mScanning dependencies of target comp3431_interfaces__rosidl_typesupport_c[0m
[17.729s] [ 51%] [32mBuilding CXX object CMakeFiles/comp3431_interfaces__rosidl_typesupport_c.dir/rosidl_typesupport_c/comp3431_interfaces/msg/qr_code_block__type_support.cpp.o[0m
[17.761s] [ 51%] Built target comp3431_interfaces__rosidl_typesupport_fastrtps_cpp
[17.781s] [ 53%] [32mBuilding CXX object CMakeFiles/comp3431_interfaces__rosidl_typesupport_c.dir/rosidl_typesupport_c/comp3431_interfaces/srv/map_info__type_support.cpp.o[0m
[17.824s] [ 55%] [32mBuilding CXX object CMakeFiles/comp3431_interfaces__rosidl_typesupport_c.dir/rosidl_typesupport_c/comp3431_interfaces/action/move_object_to_room__type_support.cpp.o[0m
[17.916s] [ 57%] [34m[1mGenerating C type support for eProsima Fast-RTPS[0m
[17.992s] [ 59%] [32m[1mLinking CXX shared library libcomp3431_interfaces__rosidl_typesupport_c.so[0m
[18.198s] [ 59%] Built target comp3431_interfaces__rosidl_typesupport_c
[18.355s] [35m[1mScanning dependencies of target comp3431_interfaces__rosidl_typesupport_introspection_c[0m
[18.393s] [ 61%] [32mBuilding C object CMakeFiles/comp3431_interfaces__rosidl_typesupport_introspection_c.dir/rosidl_typesupport_introspection_c/comp3431_interfaces/msg/detail/qr_code_block__type_support.c.o[0m
[18.410s] [ 63%] [32mBuilding C object CMakeFiles/comp3431_interfaces__rosidl_typesupport_introspection_c.dir/rosidl_typesupport_introspection_c/comp3431_interfaces/srv/detail/map_info__type_support.c.o[0m
[18.515s] [ 65%] [32mBuilding C object CMakeFiles/comp3431_interfaces__rosidl_typesupport_introspection_c.dir/rosidl_typesupport_introspection_c/comp3431_interfaces/action/detail/move_object_to_room__type_support.c.o[0m
[18.626s] [ 68%] [32m[1mLinking C shared library libcomp3431_interfaces__rosidl_typesupport_introspection_c.so[0m
[18.725s] [ 68%] Built target comp3431_interfaces__rosidl_typesupport_introspection_c
[19.508s] [35m[1mScanning dependencies of target comp3431_interfaces__rosidl_typesupport_fastrtps_c[0m
[19.601s] [ 70%] [32mBuilding CXX object CMakeFiles/comp3431_interfaces__rosidl_typesupport_fastrtps_c.dir/rosidl_typesupport_fastrtps_c/comp3431_interfaces/msg/detail/qr_code_block__type_support_c.cpp.o[0m
[19.615s] [ 72%] [32mBuilding CXX object CMakeFiles/comp3431_interfaces__rosidl_typesupport_fastrtps_c.dir/rosidl_typesupport_fastrtps_c/comp3431_interfaces/srv/detail/map_info__type_support_c.cpp.o[0m
[19.625s] [ 74%] [32mBuilding CXX object CMakeFiles/comp3431_interfaces__rosidl_typesupport_fastrtps_c.dir/rosidl_typesupport_fastrtps_c/comp3431_interfaces/action/detail/move_object_to_room__type_support_c.cpp.o[0m
[21.206s] [ 76%] [32m[1mLinking CXX shared library libcomp3431_interfaces__rosidl_typesupport_fastrtps_c.so[0m
[21.409s] [ 76%] Built target comp3431_interfaces__rosidl_typesupport_fastrtps_c
[21.429s] [35m[1mScanning dependencies of target comp3431_interfaces[0m
[21.450s] [ 76%] Built target comp3431_interfaces
[21.472s] [35m[1mScanning dependencies of target comp3431_interfaces__py[0m
[21.501s] [ 78%] [34m[1mGenerating Python code for ROS interfaces[0m
[24.772s] [ 78%] Built target comp3431_interfaces__py
[24.793s] [35m[1mScanning dependencies of target comp3431_interfaces__python[0m
[24.857s] [ 80%] [32mBuilding C object CMakeFiles/comp3431_interfaces__python.dir/rosidl_generator_py/comp3431_interfaces/srv/_map_info_s.c.o[0m
[24.858s] [ 82%] [32mBuilding C object CMakeFiles/comp3431_interfaces__python.dir/rosidl_generator_py/comp3431_interfaces/msg/_qr_code_block_s.c.o[0m
[24.867s] [ 85%] [32mBuilding C object CMakeFiles/comp3431_interfaces__python.dir/rosidl_generator_py/comp3431_interfaces/action/_move_object_to_room_s.c.o[0m
[25.333s] [ 87%] [32m[1mLinking C shared library rosidl_generator_py/comp3431_interfaces/libcomp3431_interfaces__python.so[0m
[25.422s] [ 87%] Built target comp3431_interfaces__python
[25.442s] [35m[1mScanning dependencies of target comp3431_interfaces__rosidl_typesupport_c__pyext[0m
[25.463s] [35m[1mScanning dependencies of target comp3431_interfaces__rosidl_typesupport_introspection_c__pyext[0m
[25.472s] [35m[1mScanning dependencies of target comp3431_interfaces__rosidl_typesupport_fastrtps_c__pyext[0m
[25.530s] [ 89%] [32mBuilding C object CMakeFiles/comp3431_interfaces__rosidl_typesupport_introspection_c__pyext.dir/rosidl_generator_py/comp3431_interfaces/_comp3431_interfaces_s.ep.rosidl_typesupport_introspection_c.c.o[0m
[25.541s] [ 91%] [32mBuilding C object CMakeFiles/comp3431_interfaces__rosidl_typesupport_c__pyext.dir/rosidl_generator_py/comp3431_interfaces/_comp3431_interfaces_s.ep.rosidl_typesupport_c.c.o[0m
[25.588s] [ 93%] [32mBuilding C object CMakeFiles/comp3431_interfaces__rosidl_typesupport_fastrtps_c__pyext.dir/rosidl_generator_py/comp3431_interfaces/_comp3431_interfaces_s.ep.rosidl_typesupport_fastrtps_c.c.o[0m
[25.926s] [ 95%] [32m[1mLinking C shared library rosidl_generator_py/comp3431_interfaces/comp3431_interfaces_s__rosidl_typesupport_introspection_c.cpython-38-x86_64-linux-gnu.so[0m
[26.080s] [ 97%] [32m[1mLinking C shared library rosidl_generator_py/comp3431_interfaces/comp3431_interfaces_s__rosidl_typesupport_c.cpython-38-x86_64-linux-gnu.so[0m
[26.122s] [ 97%] Built target comp3431_interfaces__rosidl_typesupport_introspection_c__pyext
[26.138s] [100%] [32m[1mLinking CXX shared library rosidl_generator_py/comp3431_interfaces/comp3431_interfaces_s__rosidl_typesupport_fastrtps_c.cpython-38-x86_64-linux-gnu.so[0m
[26.239s] [100%] Built target comp3431_interfaces__rosidl_typesupport_c__pyext
[26.349s] [100%] Built target comp3431_interfaces__rosidl_typesupport_fastrtps_c__pyext
[26.369s] Invoked command in '/home/rsa2021/ass3/astro_boys_girls_ass2_comp3431/build/comp3431_interfaces' returned '0': CMAKE_PREFIX_PATH=${CMAKE_PREFIX_PATH}:/opt/ros/foxy /usr/bin/cmake --build /home/rsa2021/ass3/astro_boys_girls_ass2_comp3431/build/comp3431_interfaces -- -j3 -l3
[26.551s] Invoking command in '/home/rsa2021/ass3/astro_boys_girls_ass2_comp3431/build/comp3431_interfaces': CMAKE_PREFIX_PATH=${CMAKE_PREFIX_PATH}:/opt/ros/foxy /usr/bin/cmake --install /home/rsa2021/ass3/astro_boys_girls_ass2_comp3431/build/comp3431_interfaces
[26.573s] -- Install configuration: ""
[26.574s] -- Installing: /home/rsa2021/ass3/astro_boys_girls_ass2_comp3431/install/comp3431_interfaces/share/ament_index/resource_index/rosidl_interfaces/comp3431_interfaces
[26.575s] -- Installing: /home/rsa2021/ass3/astro_boys_girls_ass2_comp3431/install/comp3431_interfaces/include/comp3431_interfaces
[26.576s] -- Installing: /home/rsa2021/ass3/astro_boys_girls_ass2_comp3431/install/comp3431_interfaces/include/comp3431_interfaces/action
[26.577s] -- Installing: /home/rsa2021/ass3/astro_boys_girls_ass2_comp3431/install/comp3431_interfaces/include/comp3431_interfaces/action/move_object_to_room.h
[26.577s] -- Installing: /home/rsa2021/ass3/astro_boys_girls_ass2_comp3431/install/comp3431_interfaces/include/comp3431_interfaces/action/detail
[26.577s] -- Installing: /home/rsa2021/ass3/astro_boys_girls_ass2_comp3431/install/comp3431_interfaces/include/comp3431_interfaces/action/detail/move_object_to_room__struct.h
[26.578s] -- Installing: /home/rsa2021/ass3/astro_boys_girls_ass2_comp3431/install/comp3431_interfaces/include/comp3431_interfaces/action/detail/move_object_to_room__functions.h
[26.578s] -- Installing: /home/rsa2021/ass3/astro_boys_girls_ass2_comp3431/install/comp3431_interfaces/include/comp3431_interfaces/action/detail/move_object_to_room__type_support.h
[26.578s] -- Installing: /home/rsa2021/ass3/astro_boys_girls_ass2_comp3431/install/comp3431_interfaces/include/comp3431_interfaces/action/detail/move_object_to_room__functions.c
[26.578s] -- Installing: /home/rsa2021/ass3/astro_boys_girls_ass2_comp3431/install/comp3431_interfaces/include/comp3431_interfaces/srv
[26.579s] -- Installing: /home/rsa2021/ass3/astro_boys_girls_ass2_comp3431/install/comp3431_interfaces/include/comp3431_interfaces/srv/map_info.h
[26.579s] -- Installing: /home/rsa2021/ass3/astro_boys_girls_ass2_comp3431/install/comp3431_interfaces/include/comp3431_interfaces/srv/detail
[26.580s] -- Installing: /home/rsa2021/ass3/astro_boys_girls_ass2_comp3431/install/comp3431_interfaces/include/comp3431_interfaces/srv/detail/map_info__functions.c
[26.580s] -- Installing: /home/rsa2021/ass3/astro_boys_girls_ass2_comp3431/install/comp3431_interfaces/include/comp3431_interfaces/srv/detail/map_info__functions.h
[26.581s] -- Installing: /home/rsa2021/ass3/astro_boys_girls_ass2_comp3431/install/comp3431_interfaces/include/comp3431_interfaces/srv/detail/map_info__struct.h
[26.582s] -- Installing: /home/rsa2021/ass3/astro_boys_girls_ass2_comp3431/install/comp3431_interfaces/include/comp3431_interfaces/srv/detail/map_info__type_support.h
[26.582s] -- Installing: /home/rsa2021/ass3/astro_boys_girls_ass2_comp3431/install/comp3431_interfaces/include/comp3431_interfaces/msg
[26.583s] -- Installing: /home/rsa2021/ass3/astro_boys_girls_ass2_comp3431/install/comp3431_interfaces/include/comp3431_interfaces/msg/qr_code_block.h
[26.583s] -- Installing: /home/rsa2021/ass3/astro_boys_girls_ass2_comp3431/install/comp3431_interfaces/include/comp3431_interfaces/msg/detail
[26.584s] -- Installing: /home/rsa2021/ass3/astro_boys_girls_ass2_comp3431/install/comp3431_interfaces/include/comp3431_interfaces/msg/detail/qr_code_block__type_support.h
[26.584s] -- Installing: /home/rsa2021/ass3/astro_boys_girls_ass2_comp3431/install/comp3431_interfaces/include/comp3431_interfaces/msg/detail/qr_code_block__struct.h
[26.584s] -- Installing: /home/rsa2021/ass3/astro_boys_girls_ass2_comp3431/install/comp3431_interfaces/include/comp3431_interfaces/msg/detail/qr_code_block__functions.c
[26.585s] -- Installing: /home/rsa2021/ass3/astro_boys_girls_ass2_comp3431/install/comp3431_interfaces/include/comp3431_interfaces/msg/detail/qr_code_block__functions.h
[26.585s] -- Installing: /home/rsa2021/ass3/astro_boys_girls_ass2_comp3431/install/comp3431_interfaces/include/comp3431_interfaces/msg/rosidl_generator_c__visibility_control.h
[26.586s] -- Installing: /home/rsa2021/ass3/astro_boys_girls_ass2_comp3431/install/comp3431_interfaces/share/comp3431_interfaces/environment/library_path.sh
[26.586s] -- Installing: /home/rsa2021/ass3/astro_boys_girls_ass2_comp3431/install/comp3431_interfaces/share/comp3431_interfaces/environment/library_path.dsv
[26.587s] -- Installing: /home/rsa2021/ass3/astro_boys_girls_ass2_comp3431/install/comp3431_interfaces/lib/libcomp3431_interfaces__rosidl_generator_c.so
[26.588s] -- Set runtime path of "/home/rsa2021/ass3/astro_boys_girls_ass2_comp3431/install/comp3431_interfaces/lib/libcomp3431_interfaces__rosidl_generator_c.so" to ""
[26.589s] -- Up-to-date: /home/rsa2021/ass3/astro_boys_girls_ass2_comp3431/install/comp3431_interfaces/include/comp3431_interfaces
[26.589s] -- Up-to-date: /home/rsa2021/ass3/astro_boys_girls_ass2_comp3431/install/comp3431_interfaces/include/comp3431_interfaces/action
[26.589s] -- Up-to-date: /home/rsa2021/ass3/astro_boys_girls_ass2_comp3431/install/comp3431_interfaces/include/comp3431_interfaces/action/detail
[26.590s] -- Installing: /home/rsa2021/ass3/astro_boys_girls_ass2_comp3431/install/comp3431_interfaces/include/comp3431_interfaces/action/detail/move_object_to_room__rosidl_typesupport_fastrtps_c.h
[26.590s] -- Up-to-date: /home/rsa2021/ass3/astro_boys_girls_ass2_comp3431/install/comp3431_interfaces/include/comp3431_interfaces/srv
[26.590s] -- Up-to-date: /home/rsa2021/ass3/astro_boys_girls_ass2_comp3431/install/comp3431_interfaces/include/comp3431_interfaces/srv/detail
[26.591s] -- Installing: /home/rsa2021/ass3/astro_boys_girls_ass2_comp3431/install/comp3431_interfaces/include/comp3431_interfaces/srv/detail/map_info__rosidl_typesupport_fastrtps_c.h
[26.591s] -- Up-to-date: /home/rsa2021/ass3/astro_boys_girls_ass2_comp3431/install/comp3431_interfaces/include/comp3431_interfaces/msg
[26.591s] -- Up-to-date: /home/rsa2021/ass3/astro_boys_girls_ass2_comp3431/install/comp3431_interfaces/include/comp3431_interfaces/msg/detail
[26.592s] -- Installing: /home/rsa2021/ass3/astro_boys_girls_ass2_comp3431/install/comp3431_interfaces/include/comp3431_interfaces/msg/detail/qr_code_block__rosidl_typesupport_fastrtps_c.h
[26.592s] -- Installing: /home/rsa2021/ass3/astro_boys_girls_ass2_comp3431/install/comp3431_interfaces/include/comp3431_interfaces/msg/rosidl_typesupport_fastrtps_c__visibility_control.h
[26.593s] -- Installing: /home/rsa2021/ass3/astro_boys_girls_ass2_comp3431/install/comp3431_interfaces/lib/libcomp3431_interfaces__rosidl_typesupport_fastrtps_c.so
[26.594s] -- Set runtime path of "/home/rsa2021/ass3/astro_boys_girls_ass2_comp3431/install/comp3431_interfaces/lib/libcomp3431_interfaces__rosidl_typesupport_fastrtps_c.so" to ""
[26.594s] -- Up-to-date: /home/rsa2021/ass3/astro_boys_girls_ass2_comp3431/install/comp3431_interfaces/include/comp3431_interfaces
[26.595s] -- Up-to-date: /home/rsa2021/ass3/astro_boys_girls_ass2_comp3431/install/comp3431_interfaces/include/comp3431_interfaces/action
[26.595s] -- Up-to-date: /home/rsa2021/ass3/astro_boys_girls_ass2_comp3431/install/comp3431_interfaces/include/comp3431_interfaces/action/detail
[26.595s] -- Installing: /home/rsa2021/ass3/astro_boys_girls_ass2_comp3431/install/comp3431_interfaces/include/comp3431_interfaces/action/detail/dds_fastrtps
[26.596s] -- Installing: /home/rsa2021/ass3/astro_boys_girls_ass2_comp3431/install/comp3431_interfaces/include/comp3431_interfaces/action/detail/move_object_to_room__rosidl_typesupport_fastrtps_cpp.hpp
[26.596s] -- Up-to-date: /home/rsa2021/ass3/astro_boys_girls_ass2_comp3431/install/comp3431_interfaces/include/comp3431_interfaces/srv
[26.596s] -- Up-to-date: /home/rsa2021/ass3/astro_boys_girls_ass2_comp3431/install/comp3431_interfaces/include/comp3431_interfaces/srv/detail
[26.597s] -- Installing: /home/rsa2021/ass3/astro_boys_girls_ass2_comp3431/install/comp3431_interfaces/include/comp3431_interfaces/srv/detail/dds_fastrtps
[26.598s] -- Installing: /home/rsa2021/ass3/astro_boys_girls_ass2_comp3431/install/comp3431_interfaces/include/comp3431_interfaces/srv/detail/map_info__rosidl_typesupport_fastrtps_cpp.hpp
[26.600s] -- Up-to-date: /home/rsa2021/ass3/astro_boys_girls_ass2_comp3431/install/comp3431_interfaces/include/comp3431_interfaces/msg
[26.601s] -- Installing: /home/rsa2021/ass3/astro_boys_girls_ass2_comp3431/install/comp3431_interfaces/include/comp3431_interfaces/msg/rosidl_typesupport_fastrtps_cpp__visibility_control.h
[26.602s] -- Up-to-date: /home/rsa2021/ass3/astro_boys_girls_ass2_comp3431/install/comp3431_interfaces/include/comp3431_interfaces/msg/detail
[26.603s] -- Installing: /home/rsa2021/ass3/astro_boys_girls_ass2_comp3431/install/comp3431_interfaces/include/comp3431_interfaces/msg/detail/dds_fastrtps
[26.604s] -- Installing: /home/rsa2021/ass3/astro_boys_girls_ass2_comp3431/install/comp3431_interfaces/include/comp3431_interfaces/msg/detail/qr_code_block__rosidl_typesupport_fastrtps_cpp.hpp
[26.609s] -- Installing: /home/rsa2021/ass3/astro_boys_girls_ass2_comp3431/install/comp3431_interfaces/lib/libcomp3431_interfaces__rosidl_typesupport_fastrtps_cpp.so
[26.613s] -- Set runtime path of "/home/rsa2021/ass3/astro_boys_girls_ass2_comp3431/install/comp3431_interfaces/lib/libcomp3431_interfaces__rosidl_typesupport_fastrtps_cpp.so" to ""
[26.614s] -- Up-to-date: /home/rsa2021/ass3/astro_boys_girls_ass2_comp3431/install/comp3431_interfaces/include/comp3431_interfaces
[26.614s] -- Up-to-date: /home/rsa2021/ass3/astro_boys_girls_ass2_comp3431/install/comp3431_interfaces/include/comp3431_interfaces/action
[26.614s] -- Up-to-date: /home/rsa2021/ass3/astro_boys_girls_ass2_comp3431/install/comp3431_interfaces/include/comp3431_interfaces/action/detail
[26.615s] -- Installing: /home/rsa2021/ass3/astro_boys_girls_ass2_comp3431/install/comp3431_interfaces/include/comp3431_interfaces/action/detail/move_object_to_room__rosidl_typesupport_introspection_c.h
[26.616s] -- Installing: /home/rsa2021/ass3/astro_boys_girls_ass2_comp3431/install/comp3431_interfaces/include/comp3431_interfaces/action/detail/move_object_to_room__type_support.c
[26.618s] -- Up-to-date: /home/rsa2021/ass3/astro_boys_girls_ass2_comp3431/install/comp3431_interfaces/include/comp3431_interfaces/srv
[26.619s] -- Up-to-date: /home/rsa2021/ass3/astro_boys_girls_ass2_comp3431/install/comp3431_interfaces/include/comp3431_interfaces/srv/detail
[26.619s] -- Installing: /home/rsa2021/ass3/astro_boys_girls_ass2_comp3431/install/comp3431_interfaces/include/comp3431_interfaces/srv/detail/map_info__type_support.c
[26.619s] -- Installing: /home/rsa2021/ass3/astro_boys_girls_ass2_comp3431/install/comp3431_interfaces/include/comp3431_interfaces/srv/detail/map_info__rosidl_typesupport_introspection_c.h
[26.619s] -- Up-to-date: /home/rsa2021/ass3/astro_boys_girls_ass2_comp3431/install/comp3431_interfaces/include/comp3431_interfaces/msg
[26.619s] -- Up-to-date: /home/rsa2021/ass3/astro_boys_girls_ass2_comp3431/install/comp3431_interfaces/include/comp3431_interfaces/msg/detail
[26.621s] -- Installing: /home/rsa2021/ass3/astro_boys_girls_ass2_comp3431/install/comp3431_interfaces/include/comp3431_interfaces/msg/detail/qr_code_block__type_support.c
[26.621s] -- Installing: /home/rsa2021/ass3/astro_boys_girls_ass2_comp3431/install/comp3431_interfaces/include/comp3431_interfaces/msg/detail/qr_code_block__rosidl_typesupport_introspection_c.h
[26.621s] -- Installing: /home/rsa2021/ass3/astro_boys_girls_ass2_comp3431/install/comp3431_interfaces/include/comp3431_interfaces/msg/rosidl_typesupport_introspection_c__visibility_control.h
[26.621s] -- Installing: /home/rsa2021/ass3/astro_boys_girls_ass2_comp3431/install/comp3431_interfaces/lib/libcomp3431_interfaces__rosidl_typesupport_introspection_c.so
[26.622s] -- Set runtime path of "/home/rsa2021/ass3/astro_boys_girls_ass2_comp3431/install/comp3431_interfaces/lib/libcomp3431_interfaces__rosidl_typesupport_introspection_c.so" to ""
[26.624s] -- Installing: /home/rsa2021/ass3/astro_boys_girls_ass2_comp3431/install/comp3431_interfaces/lib/libcomp3431_interfaces__rosidl_typesupport_c.so
[26.625s] -- Set runtime path of "/home/rsa2021/ass3/astro_boys_girls_ass2_comp3431/install/comp3431_interfaces/lib/libcomp3431_interfaces__rosidl_typesupport_c.so" to ""
[26.625s] -- Up-to-date: /home/rsa2021/ass3/astro_boys_girls_ass2_comp3431/install/comp3431_interfaces/include/comp3431_interfaces
[26.625s] -- Up-to-date: /home/rsa2021/ass3/astro_boys_girls_ass2_comp3431/install/comp3431_interfaces/include/comp3431_interfaces/action
[26.625s] -- Installing: /home/rsa2021/ass3/astro_boys_girls_ass2_comp3431/install/comp3431_interfaces/include/comp3431_interfaces/action/move_object_to_room.hpp
[26.625s] -- Up-to-date: /home/rsa2021/ass3/astro_boys_girls_ass2_comp3431/install/comp3431_interfaces/include/comp3431_interfaces/action/detail
[26.625s] -- Installing: /home/rsa2021/ass3/astro_boys_girls_ass2_comp3431/install/comp3431_interfaces/include/comp3431_interfaces/action/detail/move_object_to_room__struct.hpp
[26.626s] -- Installing: /home/rsa2021/ass3/astro_boys_girls_ass2_comp3431/install/comp3431_interfaces/include/comp3431_interfaces/action/detail/move_object_to_room__builder.hpp
[26.626s] -- Installing: /home/rsa2021/ass3/astro_boys_girls_ass2_comp3431/install/comp3431_interfaces/include/comp3431_interfaces/action/detail/move_object_to_room__traits.hpp
[26.626s] -- Up-to-date: /home/rsa2021/ass3/astro_boys_girls_ass2_comp3431/install/comp3431_interfaces/include/comp3431_interfaces/srv
[26.626s] -- Installing: /home/rsa2021/ass3/astro_boys_girls_ass2_comp3431/install/comp3431_interfaces/include/comp3431_interfaces/srv/map_info.hpp
[26.628s] -- Up-to-date: /home/rsa2021/ass3/astro_boys_girls_ass2_comp3431/install/comp3431_interfaces/include/comp3431_interfaces/srv/detail
[26.628s] -- Installing: /home/rsa2021/ass3/astro_boys_girls_ass2_comp3431/install/comp3431_interfaces/include/comp3431_interfaces/srv/detail/map_info__builder.hpp
[26.628s] -- Installing: /home/rsa2021/ass3/astro_boys_girls_ass2_comp3431/install/comp3431_interfaces/include/comp3431_interfaces/srv/detail/map_info__traits.hpp
[26.628s] -- Installing: /home/rsa2021/ass3/astro_boys_girls_ass2_comp3431/install/comp3431_interfaces/include/comp3431_interfaces/srv/detail/map_info__struct.hpp
[26.628s] -- Up-to-date: /home/rsa2021/ass3/astro_boys_girls_ass2_comp3431/install/comp3431_interfaces/include/comp3431_interfaces/msg
[26.628s] -- Installing: /home/rsa2021/ass3/astro_boys_girls_ass2_comp3431/install/comp3431_interfaces/include/comp3431_interfaces/msg/qr_code_block.hpp
[26.628s] -- Up-to-date: /home/rsa2021/ass3/astro_boys_girls_ass2_comp3431/install/comp3431_interfaces/include/comp3431_interfaces/msg/detail
[26.629s] -- Installing: /home/rsa2021/ass3/astro_boys_girls_ass2_comp3431/install/comp3431_interfaces/include/comp3431_interfaces/msg/detail/qr_code_block__traits.hpp
[26.629s] -- Installing: /home/rsa2021/ass3/astro_boys_girls_ass2_comp3431/install/comp3431_interfaces/include/comp3431_interfaces/msg/detail/qr_code_block__struct.hpp
[26.629s] -- Installing: /home/rsa2021/ass3/astro_boys_girls_ass2_comp3431/install/comp3431_interfaces/include/comp3431_interfaces/msg/detail/qr_code_block__builder.hpp
[26.631s] -- Up-to-date: /home/rsa2021/ass3/astro_boys_girls_ass2_comp3431/install/comp3431_interfaces/include/comp3431_interfaces
[26.632s] -- Up-to-date: /home/rsa2021/ass3/astro_boys_girls_ass2_comp3431/install/comp3431_interfaces/include/comp3431_interfaces/action
[26.632s] -- Up-to-date: /home/rsa2021/ass3/astro_boys_girls_ass2_comp3431/install/comp3431_interfaces/include/comp3431_interfaces/action/detail
[26.632s] -- Installing: /home/rsa2021/ass3/astro_boys_girls_ass2_comp3431/install/comp3431_interfaces/include/comp3431_interfaces/action/detail/move_object_to_room__type_support.cpp
[26.632s] -- Installing: /home/rsa2021/ass3/astro_boys_girls_ass2_comp3431/install/comp3431_interfaces/include/comp3431_interfaces/action/detail/move_object_to_room__rosidl_typesupport_introspection_cpp.hpp
[26.632s] -- Up-to-date: /home/rsa2021/ass3/astro_boys_girls_ass2_comp3431/install/comp3431_interfaces/include/comp3431_interfaces/srv
[26.634s] -- Up-to-date: /home/rsa2021/ass3/astro_boys_girls_ass2_comp3431/install/comp3431_interfaces/include/comp3431_interfaces/srv/detail
[26.634s] -- Installing: /home/rsa2021/ass3/astro_boys_girls_ass2_comp3431/install/comp3431_interfaces/include/comp3431_interfaces/srv/detail/map_info__rosidl_typesupport_introspection_cpp.hpp
[26.634s] -- Installing: /home/rsa2021/ass3/astro_boys_girls_ass2_comp3431/install/comp3431_interfaces/include/comp3431_interfaces/srv/detail/map_info__type_support.cpp
[26.634s] -- Up-to-date: /home/rsa2021/ass3/astro_boys_girls_ass2_comp3431/install/comp3431_interfaces/include/comp3431_interfaces/msg
[26.634s] -- Up-to-date: /home/rsa2021/ass3/astro_boys_girls_ass2_comp3431/install/comp3431_interfaces/include/comp3431_interfaces/msg/detail
[26.635s] -- Installing: /home/rsa2021/ass3/astro_boys_girls_ass2_comp3431/install/comp3431_interfaces/include/comp3431_interfaces/msg/detail/qr_code_block__rosidl_typesupport_introspection_cpp.hpp
[26.635s] -- Installing: /home/rsa2021/ass3/astro_boys_girls_ass2_comp3431/install/comp3431_interfaces/include/comp3431_interfaces/msg/detail/qr_code_block__type_support.cpp
[26.635s] -- Installing: /home/rsa2021/ass3/astro_boys_girls_ass2_comp3431/install/comp3431_interfaces/lib/libcomp3431_interfaces__rosidl_typesupport_introspection_cpp.so
[26.636s] -- Set runtime path of "/home/rsa2021/ass3/astro_boys_girls_ass2_comp3431/install/comp3431_interfaces/lib/libcomp3431_interfaces__rosidl_typesupport_introspection_cpp.so" to ""
[26.636s] -- Installing: /home/rsa2021/ass3/astro_boys_girls_ass2_comp3431/install/comp3431_interfaces/lib/libcomp3431_interfaces__rosidl_typesupport_cpp.so
[26.637s] -- Set runtime path of "/home/rsa2021/ass3/astro_boys_girls_ass2_comp3431/install/comp3431_interfaces/lib/libcomp3431_interfaces__rosidl_typesupport_cpp.so" to ""
[26.639s] -- Installing: /home/rsa2021/ass3/astro_boys_girls_ass2_comp3431/install/comp3431_interfaces/share/comp3431_interfaces/environment/pythonpath.sh
[26.639s] -- Installing: /home/rsa2021/ass3/astro_boys_girls_ass2_comp3431/install/comp3431_interfaces/share/comp3431_interfaces/environment/pythonpath.dsv
[26.640s] -- Installing: /home/rsa2021/ass3/astro_boys_girls_ass2_comp3431/install/comp3431_interfaces/lib/python3.8/site-packages/comp3431_interfaces/__init__.py
[26.712s] Compiling '/home/rsa2021/ass3/astro_boys_girls_ass2_comp3431/install/comp3431_interfaces/lib/python3.8/site-packages/comp3431_interfaces/__init__.py'...
[26.728s] -- Installing: /home/rsa2021/ass3/astro_boys_girls_ass2_comp3431/install/comp3431_interfaces/lib/python3.8/site-packages/comp3431_interfaces/msg
[26.728s] -- Installing: /home/rsa2021/ass3/astro_boys_girls_ass2_comp3431/install/comp3431_interfaces/lib/python3.8/site-packages/comp3431_interfaces/msg/__init__.py
[26.728s] -- Installing: /home/rsa2021/ass3/astro_boys_girls_ass2_comp3431/install/comp3431_interfaces/lib/python3.8/site-packages/comp3431_interfaces/msg/_qr_code_block.py
[26.729s] -- Installing: /home/rsa2021/ass3/astro_boys_girls_ass2_comp3431/install/comp3431_interfaces/lib/python3.8/site-packages/comp3431_interfaces/msg/_qr_code_block_s.c
[26.729s] -- Installing: /home/rsa2021/ass3/astro_boys_girls_ass2_comp3431/install/comp3431_interfaces/lib/python3.8/site-packages/comp3431_interfaces/srv
[26.729s] -- Installing: /home/rsa2021/ass3/astro_boys_girls_ass2_comp3431/install/comp3431_interfaces/lib/python3.8/site-packages/comp3431_interfaces/srv/__init__.py
[26.729s] -- Installing: /home/rsa2021/ass3/astro_boys_girls_ass2_comp3431/install/comp3431_interfaces/lib/python3.8/site-packages/comp3431_interfaces/srv/_map_info_s.c
[26.729s] -- Installing: /home/rsa2021/ass3/astro_boys_girls_ass2_comp3431/install/comp3431_interfaces/lib/python3.8/site-packages/comp3431_interfaces/srv/_map_info.py
[26.729s] -- Installing: /home/rsa2021/ass3/astro_boys_girls_ass2_comp3431/install/comp3431_interfaces/lib/python3.8/site-packages/comp3431_interfaces/action
[26.729s] -- Installing: /home/rsa2021/ass3/astro_boys_girls_ass2_comp3431/install/comp3431_interfaces/lib/python3.8/site-packages/comp3431_interfaces/action/__init__.py
[26.730s] -- Installing: /home/rsa2021/ass3/astro_boys_girls_ass2_comp3431/install/comp3431_interfaces/lib/python3.8/site-packages/comp3431_interfaces/action/_move_object_to_room.py
[26.730s] -- Installing: /home/rsa2021/ass3/astro_boys_girls_ass2_comp3431/install/comp3431_interfaces/lib/python3.8/site-packages/comp3431_interfaces/action/_move_object_to_room_s.c
[26.731s] -- Installing: /home/rsa2021/ass3/astro_boys_girls_ass2_comp3431/install/comp3431_interfaces/lib/python3.8/site-packages/comp3431_interfaces/comp3431_interfaces_s__rosidl_typesupport_fastrtps_c.cpython-38-x86_64-linux-gnu.so
[26.736s] -- Set runtime path of "/home/rsa2021/ass3/astro_boys_girls_ass2_comp3431/install/comp3431_interfaces/lib/python3.8/site-packages/comp3431_interfaces/comp3431_interfaces_s__rosidl_typesupport_fastrtps_c.cpython-38-x86_64-linux-gnu.so" to ""
[26.736s] -- Installing: /home/rsa2021/ass3/astro_boys_girls_ass2_comp3431/install/comp3431_interfaces/lib/python3.8/site-packages/comp3431_interfaces/comp3431_interfaces_s__rosidl_typesupport_introspection_c.cpython-38-x86_64-linux-gnu.so
[26.737s] -- Set runtime path of "/home/rsa2021/ass3/astro_boys_girls_ass2_comp3431/install/comp3431_interfaces/lib/python3.8/site-packages/comp3431_interfaces/comp3431_interfaces_s__rosidl_typesupport_introspection_c.cpython-38-x86_64-linux-gnu.so" to ""
[26.737s] -- Installing: /home/rsa2021/ass3/astro_boys_girls_ass2_comp3431/install/comp3431_interfaces/lib/python3.8/site-packages/comp3431_interfaces/comp3431_interfaces_s__rosidl_typesupport_c.cpython-38-x86_64-linux-gnu.so
[26.737s] -- Set runtime path of "/home/rsa2021/ass3/astro_boys_girls_ass2_comp3431/install/comp3431_interfaces/lib/python3.8/site-packages/comp3431_interfaces/comp3431_interfaces_s__rosidl_typesupport_c.cpython-38-x86_64-linux-gnu.so" to ""
[26.738s] -- Installing: /home/rsa2021/ass3/astro_boys_girls_ass2_comp3431/install/comp3431_interfaces/lib/libcomp3431_interfaces__python.so
[26.739s] -- Set runtime path of "/home/rsa2021/ass3/astro_boys_girls_ass2_comp3431/install/comp3431_interfaces/lib/libcomp3431_interfaces__python.so" to ""
[26.739s] -- Installing: /home/rsa2021/ass3/astro_boys_girls_ass2_comp3431/install/comp3431_interfaces/share/comp3431_interfaces/msg/QRCodeBlock.idl
[26.740s] -- Installing: /home/rsa2021/ass3/astro_boys_girls_ass2_comp3431/install/comp3431_interfaces/share/comp3431_interfaces/srv/MapInfo.idl
[26.740s] -- Installing: /home/rsa2021/ass3/astro_boys_girls_ass2_comp3431/install/comp3431_interfaces/share/comp3431_interfaces/action/MoveObjectToRoom.idl
[26.741s] -- Installing: /home/rsa2021/ass3/astro_boys_girls_ass2_comp3431/install/comp3431_interfaces/share/comp3431_interfaces/msg/QRCodeBlock.msg
[26.741s] -- Installing: /home/rsa2021/ass3/astro_boys_girls_ass2_comp3431/install/comp3431_interfaces/share/comp3431_interfaces/srv/MapInfo.srv
[26.742s] -- Installing: /home/rsa2021/ass3/astro_boys_girls_ass2_comp3431/install/comp3431_interfaces/share/comp3431_interfaces/srv/MapInfo_Request.msg
[26.743s] -- Installing: /home/rsa2021/ass3/astro_boys_girls_ass2_comp3431/install/comp3431_interfaces/share/comp3431_interfaces/srv/MapInfo_Response.msg
[26.745s] -- Installing: /home/rsa2021/ass3/astro_boys_girls_ass2_comp3431/install/comp3431_interfaces/share/comp3431_interfaces/action/MoveObjectToRoom.action
[26.746s] -- Installing: /home/rsa2021/ass3/astro_boys_girls_ass2_comp3431/install/comp3431_interfaces/share/ament_index/resource_index/package_run_dependencies/comp3431_interfaces
[26.746s] -- Installing: /home/rsa2021/ass3/astro_boys_girls_ass2_comp3431/install/comp3431_interfaces/share/ament_index/resource_index/parent_prefix_path/comp3431_interfaces
[26.747s] -- Installing: /home/rsa2021/ass3/astro_boys_girls_ass2_comp3431/install/comp3431_interfaces/share/comp3431_interfaces/environment/ament_prefix_path.sh
[26.748s] -- Installing: /home/rsa2021/ass3/astro_boys_girls_ass2_comp3431/install/comp3431_interfaces/share/comp3431_interfaces/environment/ament_prefix_path.dsv
[26.748s] -- Installing: /home/rsa2021/ass3/astro_boys_girls_ass2_comp3431/install/comp3431_interfaces/share/comp3431_interfaces/environment/path.sh
[26.749s] -- Installing: /home/rsa2021/ass3/astro_boys_girls_ass2_comp3431/install/comp3431_interfaces/share/comp3431_interfaces/environment/path.dsv
[26.749s] -- Installing: /home/rsa2021/ass3/astro_boys_girls_ass2_comp3431/install/comp3431_interfaces/share/comp3431_interfaces/local_setup.bash
[26.751s] -- Installing: /home/rsa2021/ass3/astro_boys_girls_ass2_comp3431/install/comp3431_interfaces/share/comp3431_interfaces/local_setup.sh
[26.752s] -- Installing: /home/rsa2021/ass3/astro_boys_girls_ass2_comp3431/install/comp3431_interfaces/share/comp3431_interfaces/local_setup.zsh
[26.752s] -- Installing: /home/rsa2021/ass3/astro_boys_girls_ass2_comp3431/install/comp3431_interfaces/share/comp3431_interfaces/local_setup.dsv
[26.753s] -- Installing: /home/rsa2021/ass3/astro_boys_girls_ass2_comp3431/install/comp3431_interfaces/share/comp3431_interfaces/package.dsv
[26.754s] -- Installing: /home/rsa2021/ass3/astro_boys_girls_ass2_comp3431/install/comp3431_interfaces/share/ament_index/resource_index/packages/comp3431_interfaces
[26.755s] -- Installing: /home/rsa2021/ass3/astro_boys_girls_ass2_comp3431/install/comp3431_interfaces/share/comp3431_interfaces/cmake/comp3431_interfaces__rosidl_generator_cExport.cmake
[26.756s] -- Installing: /home/rsa2021/ass3/astro_boys_girls_ass2_comp3431/install/comp3431_interfaces/share/comp3431_interfaces/cmake/comp3431_interfaces__rosidl_generator_cExport-noconfig.cmake
[26.757s] -- Installing: /home/rsa2021/ass3/astro_boys_girls_ass2_comp3431/install/comp3431_interfaces/share/comp3431_interfaces/cmake/comp3431_interfaces__rosidl_typesupport_introspection_cExport.cmake
[26.758s] -- Installing: /home/rsa2021/ass3/astro_boys_girls_ass2_comp3431/install/comp3431_interfaces/share/comp3431_interfaces/cmake/comp3431_interfaces__rosidl_typesupport_introspection_cExport-noconfig.cmake
[26.759s] -- Installing: /home/rsa2021/ass3/astro_boys_girls_ass2_comp3431/install/comp3431_interfaces/share/comp3431_interfaces/cmake/comp3431_interfaces__rosidl_typesupport_cExport.cmake
[26.760s] -- Installing: /home/rsa2021/ass3/astro_boys_girls_ass2_comp3431/install/comp3431_interfaces/share/comp3431_interfaces/cmake/comp3431_interfaces__rosidl_typesupport_cExport-noconfig.cmake
[26.761s] -- Installing: /home/rsa2021/ass3/astro_boys_girls_ass2_comp3431/install/comp3431_interfaces/share/comp3431_interfaces/cmake/comp3431_interfaces__rosidl_generator_cppExport.cmake
[26.761s] -- Installing: /home/rsa2021/ass3/astro_boys_girls_ass2_comp3431/install/comp3431_interfaces/share/comp3431_interfaces/cmake/comp3431_interfaces__rosidl_typesupport_introspection_cppExport.cmake
[26.762s] -- Installing: /home/rsa2021/ass3/astro_boys_girls_ass2_comp3431/install/comp3431_interfaces/share/comp3431_interfaces/cmake/comp3431_interfaces__rosidl_typesupport_introspection_cppExport-noconfig.cmake
[26.763s] -- Installing: /home/rsa2021/ass3/astro_boys_girls_ass2_comp3431/install/comp3431_interfaces/share/comp3431_interfaces/cmake/comp3431_interfaces__rosidl_typesupport_cppExport.cmake
[26.763s] -- Installing: /home/rsa2021/ass3/astro_boys_girls_ass2_comp3431/install/comp3431_interfaces/share/comp3431_interfaces/cmake/comp3431_interfaces__rosidl_typesupport_cppExport-noconfig.cmake
[26.764s] -- Installing: /home/rsa2021/ass3/astro_boys_girls_ass2_comp3431/install/comp3431_interfaces/share/comp3431_interfaces/cmake/rosidl_cmake-extras.cmake
[26.765s] -- Installing: /home/rsa2021/ass3/astro_boys_girls_ass2_comp3431/install/comp3431_interfaces/share/comp3431_interfaces/cmake/ament_cmake_export_dependencies-extras.cmake
[26.766s] -- Installing: /home/rsa2021/ass3/astro_boys_girls_ass2_comp3431/install/comp3431_interfaces/share/comp3431_interfaces/cmake/ament_cmake_export_libraries-extras.cmake
[26.767s] -- Installing: /home/rsa2021/ass3/astro_boys_girls_ass2_comp3431/install/comp3431_interfaces/share/comp3431_interfaces/cmake/ament_cmake_export_targets-extras.cmake
[26.767s] -- Installing: /home/rsa2021/ass3/astro_boys_girls_ass2_comp3431/install/comp3431_interfaces/share/comp3431_interfaces/cmake/ament_cmake_export_include_directories-extras.cmake
[26.768s] -- Installing: /home/rsa2021/ass3/astro_boys_girls_ass2_comp3431/install/comp3431_interfaces/share/comp3431_interfaces/cmake/rosidl_cmake_export_typesupport_libraries-extras.cmake
[26.768s] -- Installing: /home/rsa2021/ass3/astro_boys_girls_ass2_comp3431/install/comp3431_interfaces/share/comp3431_interfaces/cmake/rosidl_cmake_export_typesupport_targets-extras.cmake
[26.769s] -- Installing: /home/rsa2021/ass3/astro_boys_girls_ass2_comp3431/install/comp3431_interfaces/share/comp3431_interfaces/cmake/comp3431_interfacesConfig.cmake
[26.769s] -- Installing: /home/rsa2021/ass3/astro_boys_girls_ass2_comp3431/install/comp3431_interfaces/share/comp3431_interfaces/cmake/comp3431_interfacesConfig-version.cmake
[26.770s] -- Installing: /home/rsa2021/ass3/astro_boys_girls_ass2_comp3431/install/comp3431_interfaces/share/comp3431_interfaces/package.xml
[26.778s] Invoked command in '/home/rsa2021/ass3/astro_boys_girls_ass2_comp3431/build/comp3431_interfaces' returned '0': CMAKE_PREFIX_PATH=${CMAKE_PREFIX_PATH}:/opt/ros/foxy /usr/bin/cmake --install /home/rsa2021/ass3/astro_boys_girls_ass2_comp3431/build/comp3431_interfaces
