[0.113s] Invoking command in '/home/rsa2021/py_pub_sub/build/comp3431_interfaces': CMAKE_PREFIX_PATH=/home/rsa2021/py_pub_sub/install/zbar_ros:/home/rsa2021/py_pub_sub/install/zbar_ros_interfaces:/home/rsa2021/py_pub_sub/install/publisher3431:/opt/ros/foxy:/home/rsa2021/py_pub_sub/install/image_publisher:/home/rsa2021/py_pub_sub/install/comp3431_ass3_worlds /usr/bin/cmake --build /home/rsa2021/py_pub_sub/build/comp3431_interfaces -- -j3 -l3
[0.282s] Invoked command in '/home/rsa2021/py_pub_sub/build/comp3431_interfaces' returned '0': CMAKE_PREFIX_PATH=/home/rsa2021/py_pub_sub/install/zbar_ros:/home/rsa2021/py_pub_sub/install/zbar_ros_interfaces:/home/rsa2021/py_pub_sub/install/publisher3431:/opt/ros/foxy:/home/rsa2021/py_pub_sub/install/image_publisher:/home/rsa2021/py_pub_sub/install/comp3431_ass3_worlds /usr/bin/cmake --build /home/rsa2021/py_pub_sub/build/comp3431_interfaces -- -j3 -l3
[0.473s] Invoking command in '/home/rsa2021/py_pub_sub/build/comp3431_interfaces': CMAKE_PREFIX_PATH=/home/rsa2021/py_pub_sub/install/zbar_ros:/home/rsa2021/py_pub_sub/install/zbar_ros_interfaces:/home/rsa2021/py_pub_sub/install/publisher3431:/opt/ros/foxy:/home/rsa2021/py_pub_sub/install/image_publisher:/home/rsa2021/py_pub_sub/install/comp3431_ass3_worlds /usr/bin/cmake --install /home/rsa2021/py_pub_sub/build/comp3431_interfaces
[0.511s] -- Install configuration: ""
[0.516s] -- Up-to-date: /home/rsa2021/py_pub_sub/install/comp3431_interfaces/share/ament_index/resource_index/package_run_dependencies/comp3431_interfaces
[0.517s] -- Up-to-date: /home/rsa2021/py_pub_sub/install/comp3431_interfaces/share/ament_index/resource_index/parent_prefix_path/comp3431_interfaces
[0.517s] -- Up-to-date: /home/rsa2021/py_pub_sub/install/comp3431_interfaces/share/comp3431_interfaces/environment/ament_prefix_path.sh
[0.518s] -- Up-to-date: /home/rsa2021/py_pub_sub/install/comp3431_interfaces/share/comp3431_interfaces/environment/ament_prefix_path.dsv
[0.518s] -- Up-to-date: /home/rsa2021/py_pub_sub/install/comp3431_interfaces/share/comp3431_interfaces/environment/path.sh
[0.519s] -- Up-to-date: /home/rsa2021/py_pub_sub/install/comp3431_interfaces/share/comp3431_interfaces/environment/path.dsv
[0.519s] -- Up-to-date: /home/rsa2021/py_pub_sub/install/comp3431_interfaces/share/comp3431_interfaces/local_setup.bash
[0.519s] -- Up-to-date: /home/rsa2021/py_pub_sub/install/comp3431_interfaces/share/comp3431_interfaces/local_setup.sh
[0.521s] -- Up-to-date: /home/rsa2021/py_pub_sub/install/comp3431_interfaces/share/comp3431_interfaces/local_setup.zsh
[0.522s] -- Up-to-date: /home/rsa2021/py_pub_sub/install/comp3431_interfaces/share/comp3431_interfaces/local_setup.dsv
[0.522s] -- Up-to-date: /home/rsa2021/py_pub_sub/install/comp3431_interfaces/share/comp3431_interfaces/package.dsv
[0.522s] -- Up-to-date: /home/rsa2021/py_pub_sub/install/comp3431_interfaces/share/ament_index/resource_index/packages/comp3431_interfaces
[0.523s] -- Up-to-date: /home/rsa2021/py_pub_sub/install/comp3431_interfaces/share/comp3431_interfaces/cmake/comp3431_interfacesConfig.cmake
[0.523s] -- Up-to-date: /home/rsa2021/py_pub_sub/install/comp3431_interfaces/share/comp3431_interfaces/cmake/comp3431_interfacesConfig-version.cmake
[0.523s] -- Up-to-date: /home/rsa2021/py_pub_sub/install/comp3431_interfaces/share/comp3431_interfaces/package.xml
[0.536s] Invoked command in '/home/rsa2021/py_pub_sub/build/comp3431_interfaces' returned '0': CMAKE_PREFIX_PATH=/home/rsa2021/py_pub_sub/install/zbar_ros:/home/rsa2021/py_pub_sub/install/zbar_ros_interfaces:/home/rsa2021/py_pub_sub/install/publisher3431:/opt/ros/foxy:/home/rsa2021/py_pub_sub/install/image_publisher:/home/rsa2021/py_pub_sub/install/comp3431_ass3_worlds /usr/bin/cmake --install /home/rsa2021/py_pub_sub/build/comp3431_interfaces
