[0.847s] DEBUG:colcon:Command line arguments: ['/usr/bin/colcon', 'build']
[0.848s] DEBUG:colcon:Parsed command line arguments: Namespace(ament_cmake_args=None, base_paths=['.'], build_base='build', catkin_cmake_args=None, catkin_skip_building_tests=False, cmake_args=None, cmake_clean_cache=False, cmake_clean_first=False, cmake_force_configure=False, cmake_target=None, cmake_target_skip_unavailable=False, continue_on_error=False, event_handlers=None, executor='parallel', ignore_user_meta=False, install_base='install', log_base=None, log_level=None, main=<bound method BuildVerb.main of <colcon_core.verb.build.BuildVerb object at 0x7f541c80a970>>, merge_install=False, metas=['./colcon.meta'], packages_above=None, packages_above_and_dependencies=None, packages_above_depth=None, packages_end=None, packages_ignore=None, packages_ignore_regex=None, packages_select=None, packages_select_build_failed=False, packages_select_by_dep=None, packages_select_regex=None, packages_select_test_failures=False, packages_skip=None, packages_skip_build_finished=False, packages_skip_by_dep=None, packages_skip_regex=None, packages_skip_test_passed=False, packages_skip_up_to=None, packages_start=None, packages_up_to=None, packages_up_to_regex=None, parallel_workers=3, paths=None, symlink_install=False, test_result_base=None, verb_extension=<colcon_core.verb.build.BuildVerb object at 0x7f541c80a970>, verb_name='build', verb_parser=<colcon_defaults.argument_parser.defaults.DefaultArgumentsDecorator object at 0x7f541c80aee0>)
[0.863s] Level 1:colcon.colcon_core.package_discovery:discover_packages(colcon_meta) check parameters
[0.863s] Level 1:colcon.colcon_core.package_discovery:discover_packages(recursive) check parameters
[0.864s] Level 1:colcon.colcon_core.package_discovery:discover_packages(ignore) check parameters
[0.864s] Level 1:colcon.colcon_core.package_discovery:discover_packages(path) check parameters
[0.864s] Level 1:colcon.colcon_core.package_discovery:discover_packages(colcon_meta) discover
[0.864s] Level 1:colcon.colcon_core.package_discovery:discover_packages(recursive) discover
[0.864s] INFO:colcon.colcon_core.package_discovery:Crawling recursively for packages in '/home/rsa2021/py_pub_sub'
[0.864s] Level 1:colcon.colcon_core.package_identification:_identify(.) by extensions ['ignore', 'ignore_ament_install']
[0.865s] Level 1:colcon.colcon_core.package_identification:_identify(.) by extension 'ignore'
[0.865s] Level 1:colcon.colcon_core.package_identification:_identify(.) by extension 'ignore_ament_install'
[0.865s] Level 1:colcon.colcon_core.package_identification:_identify(.) by extensions ['colcon_pkg']
[0.865s] Level 1:colcon.colcon_core.package_identification:_identify(.) by extension 'colcon_pkg'
[0.865s] Level 1:colcon.colcon_core.package_identification:_identify(.) by extensions ['colcon_meta']
[0.865s] Level 1:colcon.colcon_core.package_identification:_identify(.) by extension 'colcon_meta'
[0.866s] Level 1:colcon.colcon_core.package_identification:_identify(.) by extensions ['ros']
[0.866s] Level 1:colcon.colcon_core.package_identification:_identify(.) by extension 'ros'
[0.897s] Level 1:colcon.colcon_core.package_identification:_identify(.) by extensions ['cmake', 'python']
[0.898s] Level 1:colcon.colcon_core.package_identification:_identify(.) by extension 'cmake'
[0.898s] Level 1:colcon.colcon_core.package_identification:_identify(.) by extension 'python'
[0.898s] Level 1:colcon.colcon_core.package_identification:_identify(.) by extensions ['python_setup_py']
[0.898s] Level 1:colcon.colcon_core.package_identification:_identify(.) by extension 'python_setup_py'
[0.899s] Level 1:colcon.colcon_core.package_identification:_identify(build) by extensions ['ignore', 'ignore_ament_install']
[0.899s] Level 1:colcon.colcon_core.package_identification:_identify(build) by extension 'ignore'
[0.899s] Level 1:colcon.colcon_core.package_identification:_identify(build) ignored
[0.899s] Level 1:colcon.colcon_core.package_identification:_identify(install) by extensions ['ignore', 'ignore_ament_install']
[0.900s] Level 1:colcon.colcon_core.package_identification:_identify(install) by extension 'ignore'
[0.900s] Level 1:colcon.colcon_core.package_identification:_identify(install) ignored
[0.901s] Level 1:colcon.colcon_core.package_identification:_identify(log) by extensions ['ignore', 'ignore_ament_install']
[0.901s] Level 1:colcon.colcon_core.package_identification:_identify(log) by extension 'ignore'
[0.901s] Level 1:colcon.colcon_core.package_identification:_identify(log) ignored
[0.901s] Level 1:colcon.colcon_core.package_identification:_identify(src) by extensions ['ignore', 'ignore_ament_install']
[0.902s] Level 1:colcon.colcon_core.package_identification:_identify(src) by extension 'ignore'
[0.902s] Level 1:colcon.colcon_core.package_identification:_identify(src) by extension 'ignore_ament_install'
[0.902s] Level 1:colcon.colcon_core.package_identification:_identify(src) by extensions ['colcon_pkg']
[0.902s] Level 1:colcon.colcon_core.package_identification:_identify(src) by extension 'colcon_pkg'
[0.903s] Level 1:colcon.colcon_core.package_identification:_identify(src) by extensions ['colcon_meta']
[0.903s] Level 1:colcon.colcon_core.package_identification:_identify(src) by extension 'colcon_meta'
[0.903s] Level 1:colcon.colcon_core.package_identification:_identify(src) by extensions ['ros']
[0.903s] Level 1:colcon.colcon_core.package_identification:_identify(src) by extension 'ros'
[0.903s] Level 1:colcon.colcon_core.package_identification:_identify(src) by extensions ['cmake', 'python']
[0.903s] Level 1:colcon.colcon_core.package_identification:_identify(src) by extension 'cmake'
[0.903s] Level 1:colcon.colcon_core.package_identification:_identify(src) by extension 'python'
[0.903s] Level 1:colcon.colcon_core.package_identification:_identify(src) by extensions ['python_setup_py']
[0.903s] Level 1:colcon.colcon_core.package_identification:_identify(src) by extension 'python_setup_py'
[0.904s] Level 1:colcon.colcon_core.package_identification:_identify(src/FF-X) by extensions ['ignore', 'ignore_ament_install']
[0.904s] Level 1:colcon.colcon_core.package_identification:_identify(src/FF-X) by extension 'ignore'
[0.904s] Level 1:colcon.colcon_core.package_identification:_identify(src/FF-X) by extension 'ignore_ament_install'
[0.904s] Level 1:colcon.colcon_core.package_identification:_identify(src/FF-X) by extensions ['colcon_pkg']
[0.905s] Level 1:colcon.colcon_core.package_identification:_identify(src/FF-X) by extension 'colcon_pkg'
[0.905s] Level 1:colcon.colcon_core.package_identification:_identify(src/FF-X) by extensions ['colcon_meta']
[0.905s] Level 1:colcon.colcon_core.package_identification:_identify(src/FF-X) by extension 'colcon_meta'
[0.905s] Level 1:colcon.colcon_core.package_identification:_identify(src/FF-X) by extensions ['ros']
[0.905s] Level 1:colcon.colcon_core.package_identification:_identify(src/FF-X) by extension 'ros'
[0.905s] Level 1:colcon.colcon_core.package_identification:_identify(src/FF-X) by extensions ['cmake', 'python']
[0.905s] Level 1:colcon.colcon_core.package_identification:_identify(src/FF-X) by extension 'cmake'
[0.905s] Level 1:colcon.colcon_core.package_identification:_identify(src/FF-X) by extension 'python'
[0.906s] Level 1:colcon.colcon_core.package_identification:_identify(src/FF-X) by extensions ['python_setup_py']
[0.906s] Level 1:colcon.colcon_core.package_identification:_identify(src/FF-X) by extension 'python_setup_py'
[0.906s] Level 1:colcon.colcon_core.package_identification:_identify(src/comp3431_interfaces) by extensions ['ignore', 'ignore_ament_install']
[0.906s] Level 1:colcon.colcon_core.package_identification:_identify(src/comp3431_interfaces) by extension 'ignore'
[0.906s] Level 1:colcon.colcon_core.package_identification:_identify(src/comp3431_interfaces) by extension 'ignore_ament_install'
[0.906s] Level 1:colcon.colcon_core.package_identification:_identify(src/comp3431_interfaces) by extensions ['colcon_pkg']
[0.907s] Level 1:colcon.colcon_core.package_identification:_identify(src/comp3431_interfaces) by extension 'colcon_pkg'
[0.907s] Level 1:colcon.colcon_core.package_identification:_identify(src/comp3431_interfaces) by extensions ['colcon_meta']
[0.907s] Level 1:colcon.colcon_core.package_identification:_identify(src/comp3431_interfaces) by extension 'colcon_meta'
[0.907s] Level 1:colcon.colcon_core.package_identification:_identify(src/comp3431_interfaces) by extensions ['ros']
[0.907s] Level 1:colcon.colcon_core.package_identification:_identify(src/comp3431_interfaces) by extension 'ros'
[0.914s] DEBUG:colcon.colcon_core.package_identification:Package 'src/comp3431_interfaces' with type 'ros.ament_cmake' and name 'comp3431_interfaces'
[0.915s] Level 1:colcon.colcon_core.package_identification:_identify(src/image_publisher) by extensions ['ignore', 'ignore_ament_install']
[0.916s] Level 1:colcon.colcon_core.package_identification:_identify(src/image_publisher) by extension 'ignore'
[0.916s] Level 1:colcon.colcon_core.package_identification:_identify(src/image_publisher) by extension 'ignore_ament_install'
[0.916s] Level 1:colcon.colcon_core.package_identification:_identify(src/image_publisher) by extensions ['colcon_pkg']
[0.916s] Level 1:colcon.colcon_core.package_identification:_identify(src/image_publisher) by extension 'colcon_pkg'
[0.916s] Level 1:colcon.colcon_core.package_identification:_identify(src/image_publisher) by extensions ['colcon_meta']
[0.916s] Level 1:colcon.colcon_core.package_identification:_identify(src/image_publisher) by extension 'colcon_meta'
[0.917s] Level 1:colcon.colcon_core.package_identification:_identify(src/image_publisher) by extensions ['ros']
[0.917s] Level 1:colcon.colcon_core.package_identification:_identify(src/image_publisher) by extension 'ros'
[0.920s] DEBUG:colcon.colcon_core.package_identification:Package 'src/image_publisher' with type 'ros.ament_cmake' and name 'image_publisher'
[0.920s] Level 1:colcon.colcon_core.package_identification:_identify(src/map_server) by extensions ['ignore', 'ignore_ament_install']
[0.921s] Level 1:colcon.colcon_core.package_identification:_identify(src/map_server) by extension 'ignore'
[0.921s] Level 1:colcon.colcon_core.package_identification:_identify(src/map_server) by extension 'ignore_ament_install'
[0.921s] Level 1:colcon.colcon_core.package_identification:_identify(src/map_server) by extensions ['colcon_pkg']
[0.921s] Level 1:colcon.colcon_core.package_identification:_identify(src/map_server) by extension 'colcon_pkg'
[0.921s] Level 1:colcon.colcon_core.package_identification:_identify(src/map_server) by extensions ['colcon_meta']
[0.921s] Level 1:colcon.colcon_core.package_identification:_identify(src/map_server) by extension 'colcon_meta'
[0.922s] Level 1:colcon.colcon_core.package_identification:_identify(src/map_server) by extensions ['ros']
[0.922s] Level 1:colcon.colcon_core.package_identification:_identify(src/map_server) by extension 'ros'
[0.923s] DEBUG:colcon.colcon_core.package_identification:Package 'src/map_server' with type 'ros.ament_python' and name 'map_server'
[0.924s] Level 1:colcon.colcon_core.package_identification:_identify(src/publisher3431) by extensions ['ignore', 'ignore_ament_install']
[0.924s] Level 1:colcon.colcon_core.package_identification:_identify(src/publisher3431) by extension 'ignore'
[0.924s] Level 1:colcon.colcon_core.package_identification:_identify(src/publisher3431) by extension 'ignore_ament_install'
[0.924s] Level 1:colcon.colcon_core.package_identification:_identify(src/publisher3431) by extensions ['colcon_pkg']
[0.925s] Level 1:colcon.colcon_core.package_identification:_identify(src/publisher3431) by extension 'colcon_pkg'
[0.925s] Level 1:colcon.colcon_core.package_identification:_identify(src/publisher3431) by extensions ['colcon_meta']
[0.925s] Level 1:colcon.colcon_core.package_identification:_identify(src/publisher3431) by extension 'colcon_meta'
[0.925s] Level 1:colcon.colcon_core.package_identification:_identify(src/publisher3431) by extensions ['ros']
[0.925s] Level 1:colcon.colcon_core.package_identification:_identify(src/publisher3431) by extension 'ros'
[0.927s] DEBUG:colcon.colcon_core.package_identification:Package 'src/publisher3431' with type 'ros.ament_python' and name 'publisher3431'
[0.927s] Level 1:colcon.colcon_core.package_identification:_identify(src/zbar_ros) by extensions ['ignore', 'ignore_ament_install']
[0.927s] Level 1:colcon.colcon_core.package_identification:_identify(src/zbar_ros) by extension 'ignore'
[0.928s] Level 1:colcon.colcon_core.package_identification:_identify(src/zbar_ros) by extension 'ignore_ament_install'
[0.928s] Level 1:colcon.colcon_core.package_identification:_identify(src/zbar_ros) by extensions ['colcon_pkg']
[0.928s] Level 1:colcon.colcon_core.package_identification:_identify(src/zbar_ros) by extension 'colcon_pkg'
[0.928s] Level 1:colcon.colcon_core.package_identification:_identify(src/zbar_ros) by extensions ['colcon_meta']
[0.928s] Level 1:colcon.colcon_core.package_identification:_identify(src/zbar_ros) by extension 'colcon_meta'
[0.928s] Level 1:colcon.colcon_core.package_identification:_identify(src/zbar_ros) by extensions ['ros']
[0.928s] Level 1:colcon.colcon_core.package_identification:_identify(src/zbar_ros) by extension 'ros'
[0.931s] DEBUG:colcon.colcon_core.package_identification:Package 'src/zbar_ros' with type 'ros.ament_cmake' and name 'zbar_ros'
[0.931s] Level 1:colcon.colcon_core.package_identification:_identify(src/zbar_ros_interfaces) by extensions ['ignore', 'ignore_ament_install']
[0.931s] Level 1:colcon.colcon_core.package_identification:_identify(src/zbar_ros_interfaces) by extension 'ignore'
[0.931s] Level 1:colcon.colcon_core.package_identification:_identify(src/zbar_ros_interfaces) by extension 'ignore_ament_install'
[0.932s] Level 1:colcon.colcon_core.package_identification:_identify(src/zbar_ros_interfaces) by extensions ['colcon_pkg']
[0.932s] Level 1:colcon.colcon_core.package_identification:_identify(src/zbar_ros_interfaces) by extension 'colcon_pkg'
[0.932s] Level 1:colcon.colcon_core.package_identification:_identify(src/zbar_ros_interfaces) by extensions ['colcon_meta']
[0.932s] Level 1:colcon.colcon_core.package_identification:_identify(src/zbar_ros_interfaces) by extension 'colcon_meta'
[0.932s] Level 1:colcon.colcon_core.package_identification:_identify(src/zbar_ros_interfaces) by extensions ['ros']
[0.932s] Level 1:colcon.colcon_core.package_identification:_identify(src/zbar_ros_interfaces) by extension 'ros'
[0.934s] DEBUG:colcon.colcon_core.package_identification:Package 'src/zbar_ros_interfaces' with type 'ros.ament_cmake' and name 'zbar_ros_interfaces'
[0.934s] Level 1:colcon.colcon_core.package_discovery:discover_packages(recursive) using defaults
[0.934s] Level 1:colcon.colcon_core.package_discovery:discover_packages(ignore) discover
[0.934s] Level 1:colcon.colcon_core.package_discovery:discover_packages(ignore) using defaults
[0.934s] Level 1:colcon.colcon_core.package_discovery:discover_packages(path) discover
[0.934s] Level 1:colcon.colcon_core.package_discovery:discover_packages(path) using defaults
[0.989s] Level 5:colcon.colcon_core.verb:set package 'comp3431_interfaces' build argument 'cmake_args' from command line to 'None'
[0.989s] Level 5:colcon.colcon_core.verb:set package 'comp3431_interfaces' build argument 'cmake_target' from command line to 'None'
[0.990s] Level 5:colcon.colcon_core.verb:set package 'comp3431_interfaces' build argument 'cmake_target_skip_unavailable' from command line to 'False'
[0.990s] Level 5:colcon.colcon_core.verb:set package 'comp3431_interfaces' build argument 'cmake_clean_cache' from command line to 'False'
[0.990s] Level 5:colcon.colcon_core.verb:set package 'comp3431_interfaces' build argument 'cmake_clean_first' from command line to 'False'
[0.990s] Level 5:colcon.colcon_core.verb:set package 'comp3431_interfaces' build argument 'cmake_force_configure' from command line to 'False'
[0.990s] Level 5:colcon.colcon_core.verb:set package 'comp3431_interfaces' build argument 'ament_cmake_args' from command line to 'None'
[0.990s] Level 5:colcon.colcon_core.verb:set package 'comp3431_interfaces' build argument 'catkin_cmake_args' from command line to 'None'
[0.990s] Level 5:colcon.colcon_core.verb:set package 'comp3431_interfaces' build argument 'catkin_skip_building_tests' from command line to 'False'
[0.990s] DEBUG:colcon.colcon_core.verb:Building package 'comp3431_interfaces' with the following arguments: {'ament_cmake_args': None, 'build_base': '/home/rsa2021/py_pub_sub/build/comp3431_interfaces', 'catkin_cmake_args': None, 'catkin_skip_building_tests': False, 'cmake_args': None, 'cmake_clean_cache': False, 'cmake_clean_first': False, 'cmake_force_configure': False, 'cmake_target': None, 'cmake_target_skip_unavailable': False, 'install_base': '/home/rsa2021/py_pub_sub/install/comp3431_interfaces', 'merge_install': False, 'path': '/home/rsa2021/py_pub_sub/src/comp3431_interfaces', 'symlink_install': False, 'test_result_base': None}
[0.997s] Level 5:colcon.colcon_core.verb:set package 'image_publisher' build argument 'cmake_args' from command line to 'None'
[0.997s] Level 5:colcon.colcon_core.verb:set package 'image_publisher' build argument 'cmake_target' from command line to 'None'
[0.997s] Level 5:colcon.colcon_core.verb:set package 'image_publisher' build argument 'cmake_target_skip_unavailable' from command line to 'False'
[0.997s] Level 5:colcon.colcon_core.verb:set package 'image_publisher' build argument 'cmake_clean_cache' from command line to 'False'
[0.997s] Level 5:colcon.colcon_core.verb:set package 'image_publisher' build argument 'cmake_clean_first' from command line to 'False'
[0.997s] Level 5:colcon.colcon_core.verb:set package 'image_publisher' build argument 'cmake_force_configure' from command line to 'False'
[0.997s] Level 5:colcon.colcon_core.verb:set package 'image_publisher' build argument 'ament_cmake_args' from command line to 'None'
[0.998s] Level 5:colcon.colcon_core.verb:set package 'image_publisher' build argument 'catkin_cmake_args' from command line to 'None'
[0.998s] Level 5:colcon.colcon_core.verb:set package 'image_publisher' build argument 'catkin_skip_building_tests' from command line to 'False'
[0.998s] DEBUG:colcon.colcon_core.verb:Building package 'image_publisher' with the following arguments: {'ament_cmake_args': None, 'build_base': '/home/rsa2021/py_pub_sub/build/image_publisher', 'catkin_cmake_args': None, 'catkin_skip_building_tests': False, 'cmake_args': None, 'cmake_clean_cache': False, 'cmake_clean_first': False, 'cmake_force_configure': False, 'cmake_target': None, 'cmake_target_skip_unavailable': False, 'install_base': '/home/rsa2021/py_pub_sub/install/image_publisher', 'merge_install': False, 'path': '/home/rsa2021/py_pub_sub/src/image_publisher', 'symlink_install': False, 'test_result_base': None}
[1.004s] Level 5:colcon.colcon_core.verb:set package 'map_server' build argument 'cmake_args' from command line to 'None'
[1.004s] Level 5:colcon.colcon_core.verb:set package 'map_server' build argument 'cmake_target' from command line to 'None'
[1.005s] Level 5:colcon.colcon_core.verb:set package 'map_server' build argument 'cmake_target_skip_unavailable' from command line to 'False'
[1.005s] Level 5:colcon.colcon_core.verb:set package 'map_server' build argument 'cmake_clean_cache' from command line to 'False'
[1.005s] Level 5:colcon.colcon_core.verb:set package 'map_server' build argument 'cmake_clean_first' from command line to 'False'
[1.005s] Level 5:colcon.colcon_core.verb:set package 'map_server' build argument 'cmake_force_configure' from command line to 'False'
[1.005s] Level 5:colcon.colcon_core.verb:set package 'map_server' build argument 'ament_cmake_args' from command line to 'None'
[1.005s] Level 5:colcon.colcon_core.verb:set package 'map_server' build argument 'catkin_cmake_args' from command line to 'None'
[1.005s] Level 5:colcon.colcon_core.verb:set package 'map_server' build argument 'catkin_skip_building_tests' from command line to 'False'
[1.005s] DEBUG:colcon.colcon_core.verb:Building package 'map_server' with the following arguments: {'ament_cmake_args': None, 'build_base': '/home/rsa2021/py_pub_sub/build/map_server', 'catkin_cmake_args': None, 'catkin_skip_building_tests': False, 'cmake_args': None, 'cmake_clean_cache': False, 'cmake_clean_first': False, 'cmake_force_configure': False, 'cmake_target': None, 'cmake_target_skip_unavailable': False, 'install_base': '/home/rsa2021/py_pub_sub/install/map_server', 'merge_install': False, 'path': '/home/rsa2021/py_pub_sub/src/map_server', 'symlink_install': False, 'test_result_base': None}
[1.012s] Level 5:colcon.colcon_core.verb:set package 'publisher3431' build argument 'cmake_args' from command line to 'None'
[1.012s] Level 5:colcon.colcon_core.verb:set package 'publisher3431' build argument 'cmake_target' from command line to 'None'
[1.012s] Level 5:colcon.colcon_core.verb:set package 'publisher3431' build argument 'cmake_target_skip_unavailable' from command line to 'False'
[1.012s] Level 5:colcon.colcon_core.verb:set package 'publisher3431' build argument 'cmake_clean_cache' from command line to 'False'
[1.012s] Level 5:colcon.colcon_core.verb:set package 'publisher3431' build argument 'cmake_clean_first' from command line to 'False'
[1.012s] Level 5:colcon.colcon_core.verb:set package 'publisher3431' build argument 'cmake_force_configure' from command line to 'False'
[1.012s] Level 5:colcon.colcon_core.verb:set package 'publisher3431' build argument 'ament_cmake_args' from command line to 'None'
[1.012s] Level 5:colcon.colcon_core.verb:set package 'publisher3431' build argument 'catkin_cmake_args' from command line to 'None'
[1.013s] Level 5:colcon.colcon_core.verb:set package 'publisher3431' build argument 'catkin_skip_building_tests' from command line to 'False'
[1.013s] DEBUG:colcon.colcon_core.verb:Building package 'publisher3431' with the following arguments: {'ament_cmake_args': None, 'build_base': '/home/rsa2021/py_pub_sub/build/publisher3431', 'catkin_cmake_args': None, 'catkin_skip_building_tests': False, 'cmake_args': None, 'cmake_clean_cache': False, 'cmake_clean_first': False, 'cmake_force_configure': False, 'cmake_target': None, 'cmake_target_skip_unavailable': False, 'install_base': '/home/rsa2021/py_pub_sub/install/publisher3431', 'merge_install': False, 'path': '/home/rsa2021/py_pub_sub/src/publisher3431', 'symlink_install': False, 'test_result_base': None}
[1.019s] Level 5:colcon.colcon_core.verb:set package 'zbar_ros_interfaces' build argument 'cmake_args' from command line to 'None'
[1.019s] Level 5:colcon.colcon_core.verb:set package 'zbar_ros_interfaces' build argument 'cmake_target' from command line to 'None'
[1.019s] Level 5:colcon.colcon_core.verb:set package 'zbar_ros_interfaces' build argument 'cmake_target_skip_unavailable' from command line to 'False'
[1.019s] Level 5:colcon.colcon_core.verb:set package 'zbar_ros_interfaces' build argument 'cmake_clean_cache' from command line to 'False'
[1.019s] Level 5:colcon.colcon_core.verb:set package 'zbar_ros_interfaces' build argument 'cmake_clean_first' from command line to 'False'
[1.020s] Level 5:colcon.colcon_core.verb:set package 'zbar_ros_interfaces' build argument 'cmake_force_configure' from command line to 'False'
[1.020s] Level 5:colcon.colcon_core.verb:set package 'zbar_ros_interfaces' build argument 'ament_cmake_args' from command line to 'None'
[1.020s] Level 5:colcon.colcon_core.verb:set package 'zbar_ros_interfaces' build argument 'catkin_cmake_args' from command line to 'None'
[1.020s] Level 5:colcon.colcon_core.verb:set package 'zbar_ros_interfaces' build argument 'catkin_skip_building_tests' from command line to 'False'
[1.020s] DEBUG:colcon.colcon_core.verb:Building package 'zbar_ros_interfaces' with the following arguments: {'ament_cmake_args': None, 'build_base': '/home/rsa2021/py_pub_sub/build/zbar_ros_interfaces', 'catkin_cmake_args': None, 'catkin_skip_building_tests': False, 'cmake_args': None, 'cmake_clean_cache': False, 'cmake_clean_first': False, 'cmake_force_configure': False, 'cmake_target': None, 'cmake_target_skip_unavailable': False, 'install_base': '/home/rsa2021/py_pub_sub/install/zbar_ros_interfaces', 'merge_install': False, 'path': '/home/rsa2021/py_pub_sub/src/zbar_ros_interfaces', 'symlink_install': False, 'test_result_base': None}
[1.026s] Level 5:colcon.colcon_core.verb:set package 'zbar_ros' build argument 'cmake_args' from command line to 'None'
[1.027s] Level 5:colcon.colcon_core.verb:set package 'zbar_ros' build argument 'cmake_target' from command line to 'None'
[1.027s] Level 5:colcon.colcon_core.verb:set package 'zbar_ros' build argument 'cmake_target_skip_unavailable' from command line to 'False'
[1.027s] Level 5:colcon.colcon_core.verb:set package 'zbar_ros' build argument 'cmake_clean_cache' from command line to 'False'
[1.027s] Level 5:colcon.colcon_core.verb:set package 'zbar_ros' build argument 'cmake_clean_first' from command line to 'False'
[1.027s] Level 5:colcon.colcon_core.verb:set package 'zbar_ros' build argument 'cmake_force_configure' from command line to 'False'
[1.027s] Level 5:colcon.colcon_core.verb:set package 'zbar_ros' build argument 'ament_cmake_args' from command line to 'None'
[1.027s] Level 5:colcon.colcon_core.verb:set package 'zbar_ros' build argument 'catkin_cmake_args' from command line to 'None'
[1.027s] Level 5:colcon.colcon_core.verb:set package 'zbar_ros' build argument 'catkin_skip_building_tests' from command line to 'False'
[1.027s] DEBUG:colcon.colcon_core.verb:Building package 'zbar_ros' with the following arguments: {'ament_cmake_args': None, 'build_base': '/home/rsa2021/py_pub_sub/build/zbar_ros', 'catkin_cmake_args': None, 'catkin_skip_building_tests': False, 'cmake_args': None, 'cmake_clean_cache': False, 'cmake_clean_first': False, 'cmake_force_configure': False, 'cmake_target': None, 'cmake_target_skip_unavailable': False, 'install_base': '/home/rsa2021/py_pub_sub/install/zbar_ros', 'merge_install': False, 'path': '/home/rsa2021/py_pub_sub/src/zbar_ros', 'symlink_install': False, 'test_result_base': None}
[1.028s] INFO:colcon.colcon_core.executor:Executing jobs using 'parallel' executor
[1.034s] DEBUG:colcon.colcon_parallel_executor.executor.parallel:run_until_complete
[1.035s] INFO:colcon.colcon_ros.task.ament_cmake.build:Building ROS package in '/home/rsa2021/py_pub_sub/src/zbar_ros_interfaces' with build type 'ament_cmake'
[1.035s] INFO:colcon.colcon_cmake.task.cmake.build:Building CMake package in '/home/rsa2021/py_pub_sub/src/zbar_ros_interfaces'
[1.049s] INFO:colcon.colcon_core.plugin_system:Skipping extension 'colcon_core.shell.bat': Not used on non-Windows systems
[1.050s] INFO:colcon.colcon_core.shell:Skip shell extension 'powershell' for command environment: Not usable outside of PowerShell
[1.050s] DEBUG:colcon.colcon_core.shell:Skip shell extension 'dsv' for command environment
[1.060s] DEBUG:colcon.colcon_core.shell:Ignoring prefix path '/opt/ros/foxy'
[1.074s] INFO:colcon.colcon_ros.task.ament_cmake.build:Building ROS package in '/home/rsa2021/py_pub_sub/src/comp3431_interfaces' with build type 'ament_cmake'
[1.075s] INFO:colcon.colcon_cmake.task.cmake.build:Building CMake package in '/home/rsa2021/py_pub_sub/src/comp3431_interfaces'
[1.077s] INFO:colcon.colcon_core.shell:Skip shell extension 'powershell' for command environment: Not usable outside of PowerShell
[1.078s] DEBUG:colcon.colcon_core.shell:Skip shell extension 'dsv' for command environment
[1.088s] DEBUG:colcon.colcon_core.shell:Ignoring prefix path '/opt/ros/foxy'
[1.096s] INFO:colcon.colcon_ros.task.ament_cmake.build:Building ROS package in '/home/rsa2021/py_pub_sub/src/image_publisher' with build type 'ament_cmake'
[1.098s] INFO:colcon.colcon_cmake.task.cmake.build:Building CMake package in '/home/rsa2021/py_pub_sub/src/image_publisher'
[1.101s] INFO:colcon.colcon_core.shell:Skip shell extension 'powershell' for command environment: Not usable outside of PowerShell
[1.101s] DEBUG:colcon.colcon_core.shell:Skip shell extension 'dsv' for command environment
[1.113s] DEBUG:colcon.colcon_core.shell:Ignoring prefix path '/opt/ros/foxy'
[1.156s] DEBUG:colcon.colcon_core.event_handler.log_command:Invoking command in '/home/rsa2021/py_pub_sub/build/zbar_ros_interfaces': CMAKE_PREFIX_PATH=/home/rsa2021/py_pub_sub/install/comp3431_interfaces:/home/rsa2021/py_pub_sub/install/zbar_ros:/home/rsa2021/py_pub_sub/install/zbar_ros_interfaces:/home/rsa2021/py_pub_sub/install/map_server:/home/rsa2021/py_pub_sub/install/publisher3431:/opt/ros/foxy:/home/rsa2021/py_pub_sub/install/image_publisher:/home/rsa2021/py_pub_sub/install/comp3431_ass3_worlds /usr/bin/cmake --build /home/rsa2021/py_pub_sub/build/zbar_ros_interfaces -- -j3 -l3
[1.189s] DEBUG:colcon.colcon_core.event_handler.log_command:Invoking command in '/home/rsa2021/py_pub_sub/build/comp3431_interfaces': CMAKE_PREFIX_PATH=/home/rsa2021/py_pub_sub/install/comp3431_interfaces:/home/rsa2021/py_pub_sub/install/zbar_ros:/home/rsa2021/py_pub_sub/install/zbar_ros_interfaces:/home/rsa2021/py_pub_sub/install/map_server:/home/rsa2021/py_pub_sub/install/publisher3431:/opt/ros/foxy:/home/rsa2021/py_pub_sub/install/image_publisher:/home/rsa2021/py_pub_sub/install/comp3431_ass3_worlds /usr/bin/cmake --build /home/rsa2021/py_pub_sub/build/comp3431_interfaces -- -j3 -l3
[1.212s] DEBUG:colcon.colcon_core.event_handler.log_command:Invoking command in '/home/rsa2021/py_pub_sub/build/image_publisher': CMAKE_PREFIX_PATH=/home/rsa2021/py_pub_sub/install/comp3431_interfaces:/home/rsa2021/py_pub_sub/install/zbar_ros:/home/rsa2021/py_pub_sub/install/zbar_ros_interfaces:/home/rsa2021/py_pub_sub/install/map_server:/home/rsa2021/py_pub_sub/install/publisher3431:/opt/ros/foxy:/home/rsa2021/py_pub_sub/install/image_publisher:/home/rsa2021/py_pub_sub/install/comp3431_ass3_worlds /usr/bin/cmake --build /home/rsa2021/py_pub_sub/build/image_publisher -- -j3 -l3
[1.943s] DEBUG:colcon.colcon_core.event_handler.log_command:Invoked command in '/home/rsa2021/py_pub_sub/build/image_publisher' returned '0': CMAKE_PREFIX_PATH=/home/rsa2021/py_pub_sub/install/comp3431_interfaces:/home/rsa2021/py_pub_sub/install/zbar_ros:/home/rsa2021/py_pub_sub/install/zbar_ros_interfaces:/home/rsa2021/py_pub_sub/install/map_server:/home/rsa2021/py_pub_sub/install/publisher3431:/opt/ros/foxy:/home/rsa2021/py_pub_sub/install/image_publisher:/home/rsa2021/py_pub_sub/install/comp3431_ass3_worlds /usr/bin/cmake --build /home/rsa2021/py_pub_sub/build/image_publisher -- -j3 -l3
[2.114s] DEBUG:colcon.colcon_core.event_handler.log_command:Invoking command in '/home/rsa2021/py_pub_sub/build/image_publisher': CMAKE_PREFIX_PATH=/home/rsa2021/py_pub_sub/install/comp3431_interfaces:/home/rsa2021/py_pub_sub/install/zbar_ros:/home/rsa2021/py_pub_sub/install/zbar_ros_interfaces:/home/rsa2021/py_pub_sub/install/map_server:/home/rsa2021/py_pub_sub/install/publisher3431:/opt/ros/foxy:/home/rsa2021/py_pub_sub/install/image_publisher:/home/rsa2021/py_pub_sub/install/comp3431_ass3_worlds /usr/bin/cmake --install /home/rsa2021/py_pub_sub/build/image_publisher
[2.175s] Level 1:colcon.colcon_core.environment:create_environment_scripts_only(image_publisher)
[2.189s] DEBUG:colcon.colcon_core.event_handler.log_command:Invoked command in '/home/rsa2021/py_pub_sub/build/image_publisher' returned '0': CMAKE_PREFIX_PATH=/home/rsa2021/py_pub_sub/install/comp3431_interfaces:/home/rsa2021/py_pub_sub/install/zbar_ros:/home/rsa2021/py_pub_sub/install/zbar_ros_interfaces:/home/rsa2021/py_pub_sub/install/map_server:/home/rsa2021/py_pub_sub/install/publisher3431:/opt/ros/foxy:/home/rsa2021/py_pub_sub/install/image_publisher:/home/rsa2021/py_pub_sub/install/comp3431_ass3_worlds /usr/bin/cmake --install /home/rsa2021/py_pub_sub/build/image_publisher
[2.199s] Level 1:colcon.colcon_core.environment:checking '/home/rsa2021/py_pub_sub/install/image_publisher' for CMake module files
[2.201s] Level 1:colcon.colcon_core.environment:checking '/home/rsa2021/py_pub_sub/install/image_publisher' for CMake config files
[2.202s] Level 1:colcon.colcon_core.shell:create_environment_hook('image_publisher', 'cmake_prefix_path')
[2.205s] INFO:colcon.colcon_core.shell:Creating environment hook '/home/rsa2021/py_pub_sub/install/image_publisher/share/image_publisher/hook/cmake_prefix_path.ps1'
[2.209s] INFO:colcon.colcon_core.shell:Creating environment descriptor '/home/rsa2021/py_pub_sub/install/image_publisher/share/image_publisher/hook/cmake_prefix_path.dsv'
[2.211s] INFO:colcon.colcon_core.shell:Creating environment hook '/home/rsa2021/py_pub_sub/install/image_publisher/share/image_publisher/hook/cmake_prefix_path.sh'
[2.215s] Level 1:colcon.colcon_core.environment:checking '/home/rsa2021/py_pub_sub/install/image_publisher/lib'
[2.215s] Level 1:colcon.colcon_core.environment:checking '/home/rsa2021/py_pub_sub/install/image_publisher/bin'
[2.216s] Level 1:colcon.colcon_core.shell:create_environment_hook('image_publisher', 'path')
[2.218s] INFO:colcon.colcon_core.shell:Creating environment hook '/home/rsa2021/py_pub_sub/install/image_publisher/share/image_publisher/hook/path.ps1'
[2.220s] INFO:colcon.colcon_core.shell:Creating environment descriptor '/home/rsa2021/py_pub_sub/install/image_publisher/share/image_publisher/hook/path.dsv'
[2.222s] INFO:colcon.colcon_core.shell:Creating environment hook '/home/rsa2021/py_pub_sub/install/image_publisher/share/image_publisher/hook/path.sh'
[2.224s] Level 1:colcon.colcon_core.environment:checking '/home/rsa2021/py_pub_sub/install/image_publisher/lib/pkgconfig/image_publisher.pc'
[2.224s] Level 1:colcon.colcon_core.environment:checking '/home/rsa2021/py_pub_sub/install/image_publisher/lib/python3.8/site-packages'
[2.227s] INFO:colcon.colcon_core.shell:Creating package script '/home/rsa2021/py_pub_sub/install/image_publisher/share/image_publisher/package.ps1'
[2.232s] INFO:colcon.colcon_core.shell:Creating package descriptor '/home/rsa2021/py_pub_sub/install/image_publisher/share/image_publisher/package.dsv'
[2.235s] INFO:colcon.colcon_core.shell:Creating package script '/home/rsa2021/py_pub_sub/install/image_publisher/share/image_publisher/package.sh'
[2.239s] INFO:colcon.colcon_core.shell:Creating package script '/home/rsa2021/py_pub_sub/install/image_publisher/share/image_publisher/package.bash'
[2.244s] INFO:colcon.colcon_core.shell:Creating package script '/home/rsa2021/py_pub_sub/install/image_publisher/share/image_publisher/package.zsh'
[2.247s] Level 1:colcon.colcon_core.environment:create_file_with_runtime_dependencies(/home/rsa2021/py_pub_sub/install/image_publisher/share/colcon-core/packages/image_publisher)
[2.509s] Level 1:colcon.colcon_core.environment:create_environment_scripts_only(image_publisher)
[2.512s] Level 1:colcon.colcon_core.environment:checking '/home/rsa2021/py_pub_sub/install/image_publisher' for CMake module files
[2.516s] Level 1:colcon.colcon_core.environment:checking '/home/rsa2021/py_pub_sub/install/image_publisher' for CMake config files
[2.519s] Level 1:colcon.colcon_core.shell:create_environment_hook('image_publisher', 'cmake_prefix_path')
[2.522s] INFO:colcon.colcon_core.shell:Creating environment hook '/home/rsa2021/py_pub_sub/install/image_publisher/share/image_publisher/hook/cmake_prefix_path.ps1'
[2.526s] INFO:colcon.colcon_core.shell:Creating environment descriptor '/home/rsa2021/py_pub_sub/install/image_publisher/share/image_publisher/hook/cmake_prefix_path.dsv'
[2.527s] INFO:colcon.colcon_core.shell:Creating environment hook '/home/rsa2021/py_pub_sub/install/image_publisher/share/image_publisher/hook/cmake_prefix_path.sh'
[2.529s] Level 1:colcon.colcon_core.environment:checking '/home/rsa2021/py_pub_sub/install/image_publisher/lib'
[2.529s] Level 1:colcon.colcon_core.environment:checking '/home/rsa2021/py_pub_sub/install/image_publisher/bin'
[2.529s] Level 1:colcon.colcon_core.shell:create_environment_hook('image_publisher', 'path')
[2.532s] INFO:colcon.colcon_core.shell:Creating environment hook '/home/rsa2021/py_pub_sub/install/image_publisher/share/image_publisher/hook/path.ps1'
[2.533s] INFO:colcon.colcon_core.shell:Creating environment descriptor '/home/rsa2021/py_pub_sub/install/image_publisher/share/image_publisher/hook/path.dsv'
[2.535s] INFO:colcon.colcon_core.shell:Creating environment hook '/home/rsa2021/py_pub_sub/install/image_publisher/share/image_publisher/hook/path.sh'
[2.537s] Level 1:colcon.colcon_core.environment:checking '/home/rsa2021/py_pub_sub/install/image_publisher/lib/pkgconfig/image_publisher.pc'
[2.538s] Level 1:colcon.colcon_core.environment:checking '/home/rsa2021/py_pub_sub/install/image_publisher/lib/python3.8/site-packages'
[2.540s] INFO:colcon.colcon_core.shell:Creating package script '/home/rsa2021/py_pub_sub/install/image_publisher/share/image_publisher/package.ps1'
[2.542s] INFO:colcon.colcon_core.shell:Creating package descriptor '/home/rsa2021/py_pub_sub/install/image_publisher/share/image_publisher/package.dsv'
[2.544s] INFO:colcon.colcon_core.shell:Creating package script '/home/rsa2021/py_pub_sub/install/image_publisher/share/image_publisher/package.sh'
[2.546s] INFO:colcon.colcon_core.shell:Creating package script '/home/rsa2021/py_pub_sub/install/image_publisher/share/image_publisher/package.bash'
[2.547s] INFO:colcon.colcon_core.shell:Creating package script '/home/rsa2021/py_pub_sub/install/image_publisher/share/image_publisher/package.zsh'
[2.548s] Level 1:colcon.colcon_core.environment:create_file_with_runtime_dependencies(/home/rsa2021/py_pub_sub/install/image_publisher/share/colcon-core/packages/image_publisher)
[2.550s] INFO:colcon.colcon_ros.task.ament_python.build:Building ROS package in '/home/rsa2021/py_pub_sub/src/map_server' with build type 'ament_python'
[2.550s] Level 1:colcon.colcon_core.shell:create_environment_hook('map_server', 'ament_prefix_path')
[2.552s] INFO:colcon.colcon_core.shell:Creating environment hook '/home/rsa2021/py_pub_sub/install/map_server/share/map_server/hook/ament_prefix_path.ps1'
[2.561s] INFO:colcon.colcon_core.shell:Creating environment descriptor '/home/rsa2021/py_pub_sub/install/map_server/share/map_server/hook/ament_prefix_path.dsv'
[2.562s] INFO:colcon.colcon_core.shell:Creating environment hook '/home/rsa2021/py_pub_sub/install/map_server/share/map_server/hook/ament_prefix_path.sh'
[2.568s] INFO:colcon.colcon_core.shell:Skip shell extension 'powershell' for command environment: Not usable outside of PowerShell
[2.568s] DEBUG:colcon.colcon_core.shell:Skip shell extension 'dsv' for command environment
[2.611s] DEBUG:colcon.colcon_core.shell:Ignoring prefix path '/opt/ros/foxy'
[3.448s] INFO:colcon.colcon_core.task.python.build:Building Python package in '/home/rsa2021/py_pub_sub/src/map_server'
[3.451s] INFO:colcon.colcon_core.shell:Skip shell extension 'powershell' for command environment: Not usable outside of PowerShell
[3.451s] DEBUG:colcon.colcon_core.shell:Skip shell extension 'dsv' for command environment
[3.457s] DEBUG:colcon.colcon_core.shell:Ignoring prefix path '/opt/ros/foxy'
[3.468s] DEBUG:colcon.colcon_core.event_handler.log_command:Invoked command in '/home/rsa2021/py_pub_sub/build/comp3431_interfaces' returned '0': CMAKE_PREFIX_PATH=/home/rsa2021/py_pub_sub/install/comp3431_interfaces:/home/rsa2021/py_pub_sub/install/zbar_ros:/home/rsa2021/py_pub_sub/install/zbar_ros_interfaces:/home/rsa2021/py_pub_sub/install/map_server:/home/rsa2021/py_pub_sub/install/publisher3431:/opt/ros/foxy:/home/rsa2021/py_pub_sub/install/image_publisher:/home/rsa2021/py_pub_sub/install/comp3431_ass3_worlds /usr/bin/cmake --build /home/rsa2021/py_pub_sub/build/comp3431_interfaces -- -j3 -l3
[3.478s] DEBUG:colcon.colcon_core.event_handler.log_command:Invoked command in '/home/rsa2021/py_pub_sub/build/zbar_ros_interfaces' returned '0': CMAKE_PREFIX_PATH=/home/rsa2021/py_pub_sub/install/comp3431_interfaces:/home/rsa2021/py_pub_sub/install/zbar_ros:/home/rsa2021/py_pub_sub/install/zbar_ros_interfaces:/home/rsa2021/py_pub_sub/install/map_server:/home/rsa2021/py_pub_sub/install/publisher3431:/opt/ros/foxy:/home/rsa2021/py_pub_sub/install/image_publisher:/home/rsa2021/py_pub_sub/install/comp3431_ass3_worlds /usr/bin/cmake --build /home/rsa2021/py_pub_sub/build/zbar_ros_interfaces -- -j3 -l3
[3.506s] DEBUG:colcon.colcon_core.event_handler.log_command:Invoking command in '/home/rsa2021/py_pub_sub/src/map_server': PYTHONPATH=/home/rsa2021/py_pub_sub/install/map_server/lib/python3.8/site-packages:${PYTHONPATH} /usr/bin/python3 setup.py egg_info --egg-base ../../build/map_server build --build-base /home/rsa2021/py_pub_sub/build/map_server/build install --prefix /home/rsa2021/py_pub_sub/install/map_server --record /home/rsa2021/py_pub_sub/build/map_server/install.log --single-version-externally-managed
[3.642s] DEBUG:colcon.colcon_core.event_handler.log_command:Invoking command in '/home/rsa2021/py_pub_sub/build/zbar_ros_interfaces': CMAKE_PREFIX_PATH=/home/rsa2021/py_pub_sub/install/comp3431_interfaces:/home/rsa2021/py_pub_sub/install/zbar_ros:/home/rsa2021/py_pub_sub/install/zbar_ros_interfaces:/home/rsa2021/py_pub_sub/install/map_server:/home/rsa2021/py_pub_sub/install/publisher3431:/opt/ros/foxy:/home/rsa2021/py_pub_sub/install/image_publisher:/home/rsa2021/py_pub_sub/install/comp3431_ass3_worlds /usr/bin/cmake --install /home/rsa2021/py_pub_sub/build/zbar_ros_interfaces
[3.665s] DEBUG:colcon.colcon_core.event_handler.log_command:Invoking command in '/home/rsa2021/py_pub_sub/build/comp3431_interfaces': CMAKE_PREFIX_PATH=/home/rsa2021/py_pub_sub/install/comp3431_interfaces:/home/rsa2021/py_pub_sub/install/zbar_ros:/home/rsa2021/py_pub_sub/install/zbar_ros_interfaces:/home/rsa2021/py_pub_sub/install/map_server:/home/rsa2021/py_pub_sub/install/publisher3431:/opt/ros/foxy:/home/rsa2021/py_pub_sub/install/image_publisher:/home/rsa2021/py_pub_sub/install/comp3431_ass3_worlds /usr/bin/cmake --install /home/rsa2021/py_pub_sub/build/comp3431_interfaces
[3.865s] Level 1:colcon.colcon_core.environment:create_environment_scripts_only(zbar_ros_interfaces)
[3.868s] Level 1:colcon.colcon_core.environment:checking '/home/rsa2021/py_pub_sub/install/zbar_ros_interfaces' for CMake module files
[3.871s] Level 1:colcon.colcon_core.environment:checking '/home/rsa2021/py_pub_sub/install/zbar_ros_interfaces' for CMake config files
[3.873s] Level 1:colcon.colcon_core.shell:create_environment_hook('zbar_ros_interfaces', 'cmake_prefix_path')
[3.876s] INFO:colcon.colcon_core.shell:Creating environment hook '/home/rsa2021/py_pub_sub/install/zbar_ros_interfaces/share/zbar_ros_interfaces/hook/cmake_prefix_path.ps1'
[3.878s] INFO:colcon.colcon_core.shell:Creating environment descriptor '/home/rsa2021/py_pub_sub/install/zbar_ros_interfaces/share/zbar_ros_interfaces/hook/cmake_prefix_path.dsv'
[3.880s] DEBUG:colcon.colcon_core.event_handler.log_command:Invoked command in '/home/rsa2021/py_pub_sub/build/zbar_ros_interfaces' returned '0': CMAKE_PREFIX_PATH=/home/rsa2021/py_pub_sub/install/comp3431_interfaces:/home/rsa2021/py_pub_sub/install/zbar_ros:/home/rsa2021/py_pub_sub/install/zbar_ros_interfaces:/home/rsa2021/py_pub_sub/install/map_server:/home/rsa2021/py_pub_sub/install/publisher3431:/opt/ros/foxy:/home/rsa2021/py_pub_sub/install/image_publisher:/home/rsa2021/py_pub_sub/install/comp3431_ass3_worlds /usr/bin/cmake --install /home/rsa2021/py_pub_sub/build/zbar_ros_interfaces
[3.883s] INFO:colcon.colcon_core.shell:Creating environment hook '/home/rsa2021/py_pub_sub/install/zbar_ros_interfaces/share/zbar_ros_interfaces/hook/cmake_prefix_path.sh'
[3.885s] Level 1:colcon.colcon_core.environment:checking '/home/rsa2021/py_pub_sub/install/zbar_ros_interfaces/lib'
[3.885s] Level 1:colcon.colcon_core.shell:create_environment_hook('zbar_ros_interfaces', 'ld_library_path_lib')
[3.888s] INFO:colcon.colcon_core.shell:Creating environment hook '/home/rsa2021/py_pub_sub/install/zbar_ros_interfaces/share/zbar_ros_interfaces/hook/ld_library_path_lib.ps1'
[3.890s] INFO:colcon.colcon_core.shell:Creating environment descriptor '/home/rsa2021/py_pub_sub/install/zbar_ros_interfaces/share/zbar_ros_interfaces/hook/ld_library_path_lib.dsv'
[3.892s] INFO:colcon.colcon_core.shell:Creating environment hook '/home/rsa2021/py_pub_sub/install/zbar_ros_interfaces/share/zbar_ros_interfaces/hook/ld_library_path_lib.sh'
[3.893s] Level 1:colcon.colcon_core.environment:checking '/home/rsa2021/py_pub_sub/install/zbar_ros_interfaces/bin'
[3.894s] Level 1:colcon.colcon_core.environment:checking '/home/rsa2021/py_pub_sub/install/zbar_ros_interfaces/lib/pkgconfig/zbar_ros_interfaces.pc'
[3.894s] Level 1:colcon.colcon_core.environment:checking '/home/rsa2021/py_pub_sub/install/zbar_ros_interfaces/lib/python3.8/site-packages'
[3.895s] Level 1:colcon.colcon_core.shell:create_environment_hook('zbar_ros_interfaces', 'pythonpath')
[3.897s] INFO:colcon.colcon_core.shell:Creating environment hook '/home/rsa2021/py_pub_sub/install/zbar_ros_interfaces/share/zbar_ros_interfaces/hook/pythonpath.ps1'
[3.899s] INFO:colcon.colcon_core.shell:Creating environment descriptor '/home/rsa2021/py_pub_sub/install/zbar_ros_interfaces/share/zbar_ros_interfaces/hook/pythonpath.dsv'
[3.900s] INFO:colcon.colcon_core.shell:Creating environment hook '/home/rsa2021/py_pub_sub/install/zbar_ros_interfaces/share/zbar_ros_interfaces/hook/pythonpath.sh'
[3.904s] INFO:colcon.colcon_core.shell:Creating package script '/home/rsa2021/py_pub_sub/install/zbar_ros_interfaces/share/zbar_ros_interfaces/package.ps1'
[3.907s] INFO:colcon.colcon_core.shell:Creating package descriptor '/home/rsa2021/py_pub_sub/install/zbar_ros_interfaces/share/zbar_ros_interfaces/package.dsv'
[3.911s] INFO:colcon.colcon_core.shell:Creating package script '/home/rsa2021/py_pub_sub/install/zbar_ros_interfaces/share/zbar_ros_interfaces/package.sh'
[3.913s] INFO:colcon.colcon_core.shell:Creating package script '/home/rsa2021/py_pub_sub/install/zbar_ros_interfaces/share/zbar_ros_interfaces/package.bash'
[3.915s] INFO:colcon.colcon_core.shell:Creating package script '/home/rsa2021/py_pub_sub/install/zbar_ros_interfaces/share/zbar_ros_interfaces/package.zsh'
[3.917s] Level 1:colcon.colcon_core.environment:create_file_with_runtime_dependencies(/home/rsa2021/py_pub_sub/install/zbar_ros_interfaces/share/colcon-core/packages/zbar_ros_interfaces)
[3.992s] Level 1:colcon.colcon_core.environment:create_environment_scripts_only(comp3431_interfaces)
[3.997s] Level 1:colcon.colcon_core.environment:checking '/home/rsa2021/py_pub_sub/install/comp3431_interfaces' for CMake module files
[4.005s] DEBUG:colcon.colcon_core.event_handler.log_command:Invoked command in '/home/rsa2021/py_pub_sub/build/comp3431_interfaces' returned '0': CMAKE_PREFIX_PATH=/home/rsa2021/py_pub_sub/install/comp3431_interfaces:/home/rsa2021/py_pub_sub/install/zbar_ros:/home/rsa2021/py_pub_sub/install/zbar_ros_interfaces:/home/rsa2021/py_pub_sub/install/map_server:/home/rsa2021/py_pub_sub/install/publisher3431:/opt/ros/foxy:/home/rsa2021/py_pub_sub/install/image_publisher:/home/rsa2021/py_pub_sub/install/comp3431_ass3_worlds /usr/bin/cmake --install /home/rsa2021/py_pub_sub/build/comp3431_interfaces
[4.007s] Level 1:colcon.colcon_core.environment:checking '/home/rsa2021/py_pub_sub/install/comp3431_interfaces' for CMake config files
[4.009s] Level 1:colcon.colcon_core.shell:create_environment_hook('comp3431_interfaces', 'cmake_prefix_path')
[4.013s] INFO:colcon.colcon_core.shell:Creating environment hook '/home/rsa2021/py_pub_sub/install/comp3431_interfaces/share/comp3431_interfaces/hook/cmake_prefix_path.ps1'
[4.016s] INFO:colcon.colcon_core.shell:Creating environment descriptor '/home/rsa2021/py_pub_sub/install/comp3431_interfaces/share/comp3431_interfaces/hook/cmake_prefix_path.dsv'
[4.018s] INFO:colcon.colcon_core.shell:Creating environment hook '/home/rsa2021/py_pub_sub/install/comp3431_interfaces/share/comp3431_interfaces/hook/cmake_prefix_path.sh'
[4.021s] Level 1:colcon.colcon_core.environment:checking '/home/rsa2021/py_pub_sub/install/comp3431_interfaces/lib'
[4.022s] Level 1:colcon.colcon_core.shell:create_environment_hook('comp3431_interfaces', 'ld_library_path_lib')
[4.024s] INFO:colcon.colcon_core.shell:Creating environment hook '/home/rsa2021/py_pub_sub/install/comp3431_interfaces/share/comp3431_interfaces/hook/ld_library_path_lib.ps1'
[4.026s] INFO:colcon.colcon_core.shell:Creating environment descriptor '/home/rsa2021/py_pub_sub/install/comp3431_interfaces/share/comp3431_interfaces/hook/ld_library_path_lib.dsv'
[4.028s] INFO:colcon.colcon_core.shell:Creating environment hook '/home/rsa2021/py_pub_sub/install/comp3431_interfaces/share/comp3431_interfaces/hook/ld_library_path_lib.sh'
[4.029s] Level 1:colcon.colcon_core.environment:checking '/home/rsa2021/py_pub_sub/install/comp3431_interfaces/bin'
[4.030s] Level 1:colcon.colcon_core.environment:checking '/home/rsa2021/py_pub_sub/install/comp3431_interfaces/lib/pkgconfig/comp3431_interfaces.pc'
[4.030s] Level 1:colcon.colcon_core.environment:checking '/home/rsa2021/py_pub_sub/install/comp3431_interfaces/lib/python3.8/site-packages'
[4.030s] Level 1:colcon.colcon_core.shell:create_environment_hook('comp3431_interfaces', 'pythonpath')
[4.033s] INFO:colcon.colcon_core.shell:Creating environment hook '/home/rsa2021/py_pub_sub/install/comp3431_interfaces/share/comp3431_interfaces/hook/pythonpath.ps1'
[4.035s] INFO:colcon.colcon_core.shell:Creating environment descriptor '/home/rsa2021/py_pub_sub/install/comp3431_interfaces/share/comp3431_interfaces/hook/pythonpath.dsv'
[4.037s] INFO:colcon.colcon_core.shell:Creating environment hook '/home/rsa2021/py_pub_sub/install/comp3431_interfaces/share/comp3431_interfaces/hook/pythonpath.sh'
[4.042s] INFO:colcon.colcon_core.shell:Creating package script '/home/rsa2021/py_pub_sub/install/comp3431_interfaces/share/comp3431_interfaces/package.ps1'
[4.045s] INFO:colcon.colcon_core.shell:Creating package descriptor '/home/rsa2021/py_pub_sub/install/comp3431_interfaces/share/comp3431_interfaces/package.dsv'
[4.047s] INFO:colcon.colcon_core.shell:Creating package script '/home/rsa2021/py_pub_sub/install/comp3431_interfaces/share/comp3431_interfaces/package.sh'
[4.050s] INFO:colcon.colcon_core.shell:Creating package script '/home/rsa2021/py_pub_sub/install/comp3431_interfaces/share/comp3431_interfaces/package.bash'
[4.052s] INFO:colcon.colcon_core.shell:Creating package script '/home/rsa2021/py_pub_sub/install/comp3431_interfaces/share/comp3431_interfaces/package.zsh'
[4.053s] Level 1:colcon.colcon_core.environment:create_file_with_runtime_dependencies(/home/rsa2021/py_pub_sub/install/comp3431_interfaces/share/colcon-core/packages/comp3431_interfaces)
[4.157s] Level 1:colcon.colcon_core.environment:create_environment_scripts_only(zbar_ros_interfaces)
[4.161s] Level 1:colcon.colcon_core.environment:checking '/home/rsa2021/py_pub_sub/install/zbar_ros_interfaces' for CMake module files
[4.164s] Level 1:colcon.colcon_core.environment:checking '/home/rsa2021/py_pub_sub/install/zbar_ros_interfaces' for CMake config files
[4.166s] Level 1:colcon.colcon_core.shell:create_environment_hook('zbar_ros_interfaces', 'cmake_prefix_path')
[4.168s] INFO:colcon.colcon_core.shell:Creating environment hook '/home/rsa2021/py_pub_sub/install/zbar_ros_interfaces/share/zbar_ros_interfaces/hook/cmake_prefix_path.ps1'
[4.171s] INFO:colcon.colcon_core.shell:Creating environment descriptor '/home/rsa2021/py_pub_sub/install/zbar_ros_interfaces/share/zbar_ros_interfaces/hook/cmake_prefix_path.dsv'
[4.172s] INFO:colcon.colcon_core.shell:Creating environment hook '/home/rsa2021/py_pub_sub/install/zbar_ros_interfaces/share/zbar_ros_interfaces/hook/cmake_prefix_path.sh'
[4.175s] Level 1:colcon.colcon_core.environment:checking '/home/rsa2021/py_pub_sub/install/zbar_ros_interfaces/lib'
[4.175s] Level 1:colcon.colcon_core.shell:create_environment_hook('zbar_ros_interfaces', 'ld_library_path_lib')
[4.178s] INFO:colcon.colcon_core.shell:Creating environment hook '/home/rsa2021/py_pub_sub/install/zbar_ros_interfaces/share/zbar_ros_interfaces/hook/ld_library_path_lib.ps1'
[4.179s] INFO:colcon.colcon_core.shell:Creating environment descriptor '/home/rsa2021/py_pub_sub/install/zbar_ros_interfaces/share/zbar_ros_interfaces/hook/ld_library_path_lib.dsv'
[4.181s] INFO:colcon.colcon_core.shell:Creating environment hook '/home/rsa2021/py_pub_sub/install/zbar_ros_interfaces/share/zbar_ros_interfaces/hook/ld_library_path_lib.sh'
[4.184s] Level 1:colcon.colcon_core.environment:checking '/home/rsa2021/py_pub_sub/install/zbar_ros_interfaces/bin'
[4.184s] Level 1:colcon.colcon_core.environment:checking '/home/rsa2021/py_pub_sub/install/zbar_ros_interfaces/lib/pkgconfig/zbar_ros_interfaces.pc'
[4.185s] Level 1:colcon.colcon_core.environment:checking '/home/rsa2021/py_pub_sub/install/zbar_ros_interfaces/lib/python3.8/site-packages'
[4.185s] Level 1:colcon.colcon_core.shell:create_environment_hook('zbar_ros_interfaces', 'pythonpath')
[4.187s] INFO:colcon.colcon_core.shell:Creating environment hook '/home/rsa2021/py_pub_sub/install/zbar_ros_interfaces/share/zbar_ros_interfaces/hook/pythonpath.ps1'
[4.189s] INFO:colcon.colcon_core.shell:Creating environment descriptor '/home/rsa2021/py_pub_sub/install/zbar_ros_interfaces/share/zbar_ros_interfaces/hook/pythonpath.dsv'
[4.191s] INFO:colcon.colcon_core.shell:Creating environment hook '/home/rsa2021/py_pub_sub/install/zbar_ros_interfaces/share/zbar_ros_interfaces/hook/pythonpath.sh'
[4.195s] INFO:colcon.colcon_core.shell:Creating package script '/home/rsa2021/py_pub_sub/install/zbar_ros_interfaces/share/zbar_ros_interfaces/package.ps1'
[4.198s] INFO:colcon.colcon_core.shell:Creating package descriptor '/home/rsa2021/py_pub_sub/install/zbar_ros_interfaces/share/zbar_ros_interfaces/package.dsv'
[4.201s] INFO:colcon.colcon_core.shell:Creating package script '/home/rsa2021/py_pub_sub/install/zbar_ros_interfaces/share/zbar_ros_interfaces/package.sh'
[4.203s] INFO:colcon.colcon_core.shell:Creating package script '/home/rsa2021/py_pub_sub/install/zbar_ros_interfaces/share/zbar_ros_interfaces/package.bash'
[4.205s] INFO:colcon.colcon_core.shell:Creating package script '/home/rsa2021/py_pub_sub/install/zbar_ros_interfaces/share/zbar_ros_interfaces/package.zsh'
[4.207s] Level 1:colcon.colcon_core.environment:create_file_with_runtime_dependencies(/home/rsa2021/py_pub_sub/install/zbar_ros_interfaces/share/colcon-core/packages/zbar_ros_interfaces)
[4.212s] INFO:colcon.colcon_ros.task.ament_python.build:Building ROS package in '/home/rsa2021/py_pub_sub/src/publisher3431' with build type 'ament_python'
[4.213s] Level 1:colcon.colcon_core.shell:create_environment_hook('publisher3431', 'ament_prefix_path')
[4.216s] INFO:colcon.colcon_core.shell:Creating environment hook '/home/rsa2021/py_pub_sub/install/publisher3431/share/publisher3431/hook/ament_prefix_path.ps1'
[4.219s] INFO:colcon.colcon_core.shell:Creating environment descriptor '/home/rsa2021/py_pub_sub/install/publisher3431/share/publisher3431/hook/ament_prefix_path.dsv'
[4.221s] INFO:colcon.colcon_core.shell:Creating environment hook '/home/rsa2021/py_pub_sub/install/publisher3431/share/publisher3431/hook/ament_prefix_path.sh'
[4.225s] INFO:colcon.colcon_core.shell:Skip shell extension 'powershell' for command environment: Not usable outside of PowerShell
[4.225s] DEBUG:colcon.colcon_core.shell:Skip shell extension 'dsv' for command environment
[4.235s] DEBUG:colcon.colcon_core.shell:Ignoring prefix path '/opt/ros/foxy'
[4.261s] Level 1:colcon.colcon_core.environment:create_environment_scripts_only(comp3431_interfaces)
[4.264s] Level 1:colcon.colcon_core.environment:checking '/home/rsa2021/py_pub_sub/install/comp3431_interfaces' for CMake module files
[4.267s] Level 1:colcon.colcon_core.environment:checking '/home/rsa2021/py_pub_sub/install/comp3431_interfaces' for CMake config files
[4.269s] Level 1:colcon.colcon_core.shell:create_environment_hook('comp3431_interfaces', 'cmake_prefix_path')
[4.271s] INFO:colcon.colcon_core.shell:Creating environment hook '/home/rsa2021/py_pub_sub/install/comp3431_interfaces/share/comp3431_interfaces/hook/cmake_prefix_path.ps1'
[4.273s] INFO:colcon.colcon_core.shell:Creating environment descriptor '/home/rsa2021/py_pub_sub/install/comp3431_interfaces/share/comp3431_interfaces/hook/cmake_prefix_path.dsv'
[4.274s] INFO:colcon.colcon_core.shell:Creating environment hook '/home/rsa2021/py_pub_sub/install/comp3431_interfaces/share/comp3431_interfaces/hook/cmake_prefix_path.sh'
[4.275s] Level 1:colcon.colcon_core.environment:checking '/home/rsa2021/py_pub_sub/install/comp3431_interfaces/lib'
[4.275s] Level 1:colcon.colcon_core.shell:create_environment_hook('comp3431_interfaces', 'ld_library_path_lib')
[4.276s] INFO:colcon.colcon_core.shell:Creating environment hook '/home/rsa2021/py_pub_sub/install/comp3431_interfaces/share/comp3431_interfaces/hook/ld_library_path_lib.ps1'
[4.277s] INFO:colcon.colcon_core.shell:Creating environment descriptor '/home/rsa2021/py_pub_sub/install/comp3431_interfaces/share/comp3431_interfaces/hook/ld_library_path_lib.dsv'
[4.278s] INFO:colcon.colcon_core.shell:Creating environment hook '/home/rsa2021/py_pub_sub/install/comp3431_interfaces/share/comp3431_interfaces/hook/ld_library_path_lib.sh'
[4.279s] Level 1:colcon.colcon_core.environment:checking '/home/rsa2021/py_pub_sub/install/comp3431_interfaces/bin'
[4.279s] Level 1:colcon.colcon_core.environment:checking '/home/rsa2021/py_pub_sub/install/comp3431_interfaces/lib/pkgconfig/comp3431_interfaces.pc'
[4.279s] Level 1:colcon.colcon_core.environment:checking '/home/rsa2021/py_pub_sub/install/comp3431_interfaces/lib/python3.8/site-packages'
[4.280s] Level 1:colcon.colcon_core.shell:create_environment_hook('comp3431_interfaces', 'pythonpath')
[4.282s] INFO:colcon.colcon_core.shell:Creating environment hook '/home/rsa2021/py_pub_sub/install/comp3431_interfaces/share/comp3431_interfaces/hook/pythonpath.ps1'
[4.285s] INFO:colcon.colcon_core.shell:Creating environment descriptor '/home/rsa2021/py_pub_sub/install/comp3431_interfaces/share/comp3431_interfaces/hook/pythonpath.dsv'
[4.286s] INFO:colcon.colcon_core.shell:Creating environment hook '/home/rsa2021/py_pub_sub/install/comp3431_interfaces/share/comp3431_interfaces/hook/pythonpath.sh'
[4.290s] INFO:colcon.colcon_core.shell:Creating package script '/home/rsa2021/py_pub_sub/install/comp3431_interfaces/share/comp3431_interfaces/package.ps1'
[4.292s] INFO:colcon.colcon_core.shell:Creating package descriptor '/home/rsa2021/py_pub_sub/install/comp3431_interfaces/share/comp3431_interfaces/package.dsv'
[4.294s] INFO:colcon.colcon_core.shell:Creating package script '/home/rsa2021/py_pub_sub/install/comp3431_interfaces/share/comp3431_interfaces/package.sh'
[4.296s] INFO:colcon.colcon_core.shell:Creating package script '/home/rsa2021/py_pub_sub/install/comp3431_interfaces/share/comp3431_interfaces/package.bash'
[4.298s] INFO:colcon.colcon_core.shell:Creating package script '/home/rsa2021/py_pub_sub/install/comp3431_interfaces/share/comp3431_interfaces/package.zsh'
[4.300s] Level 1:colcon.colcon_core.environment:create_file_with_runtime_dependencies(/home/rsa2021/py_pub_sub/install/comp3431_interfaces/share/colcon-core/packages/comp3431_interfaces)
[5.005s] INFO:colcon.colcon_core.task.python.build:Building Python package in '/home/rsa2021/py_pub_sub/src/publisher3431'
[5.008s] INFO:colcon.colcon_core.shell:Skip shell extension 'powershell' for command environment: Not usable outside of PowerShell
[5.008s] DEBUG:colcon.colcon_core.shell:Skip shell extension 'dsv' for command environment
[5.014s] DEBUG:colcon.colcon_core.shell:Ignoring prefix path '/opt/ros/foxy'
[5.023s] INFO:colcon.colcon_ros.task.ament_cmake.build:Building ROS package in '/home/rsa2021/py_pub_sub/src/zbar_ros' with build type 'ament_cmake'
[5.024s] INFO:colcon.colcon_cmake.task.cmake.build:Building CMake package in '/home/rsa2021/py_pub_sub/src/zbar_ros'
[5.027s] INFO:colcon.colcon_core.shell:Skip shell extension 'powershell' for command environment: Not usable outside of PowerShell
[5.027s] DEBUG:colcon.colcon_core.shell:Skip shell extension 'dsv' for command environment
[5.036s] DEBUG:colcon.colcon_core.shell:Ignoring prefix path '/opt/ros/foxy'
[5.065s] DEBUG:colcon.colcon_core.event_handler.log_command:Invoking command in '/home/rsa2021/py_pub_sub/src/publisher3431': PYTHONPATH=/home/rsa2021/py_pub_sub/install/publisher3431/lib/python3.8/site-packages:${PYTHONPATH} /usr/bin/python3 setup.py egg_info --egg-base ../../build/publisher3431 build --build-base /home/rsa2021/py_pub_sub/build/publisher3431/build install --prefix /home/rsa2021/py_pub_sub/install/publisher3431 --record /home/rsa2021/py_pub_sub/build/publisher3431/install.log --single-version-externally-managed
[5.074s] Level 1:colcon.colcon_core.environment:checking '/home/rsa2021/py_pub_sub/install/map_server' for CMake module files
[5.076s] DEBUG:colcon.colcon_core.event_handler.log_command:Invoked command in '/home/rsa2021/py_pub_sub/src/map_server' returned '0': PYTHONPATH=/home/rsa2021/py_pub_sub/install/map_server/lib/python3.8/site-packages:${PYTHONPATH} /usr/bin/python3 setup.py egg_info --egg-base ../../build/map_server build --build-base /home/rsa2021/py_pub_sub/build/map_server/build install --prefix /home/rsa2021/py_pub_sub/install/map_server --record /home/rsa2021/py_pub_sub/build/map_server/install.log --single-version-externally-managed
[5.077s] Level 1:colcon.colcon_core.environment:checking '/home/rsa2021/py_pub_sub/install/map_server' for CMake config files
[5.080s] Level 1:colcon.colcon_core.environment:checking '/home/rsa2021/py_pub_sub/install/map_server/lib'
[5.080s] Level 1:colcon.colcon_core.environment:checking '/home/rsa2021/py_pub_sub/install/map_server/bin'
[5.080s] Level 1:colcon.colcon_core.environment:checking '/home/rsa2021/py_pub_sub/install/map_server/lib/pkgconfig/map_server.pc'
[5.081s] Level 1:colcon.colcon_core.environment:checking '/home/rsa2021/py_pub_sub/install/map_server/lib/python3.8/site-packages'
[5.081s] Level 1:colcon.colcon_core.shell:create_environment_hook('map_server', 'pythonpath')
[5.084s] INFO:colcon.colcon_core.shell:Creating environment hook '/home/rsa2021/py_pub_sub/install/map_server/share/map_server/hook/pythonpath.ps1'
[5.087s] INFO:colcon.colcon_core.shell:Creating environment descriptor '/home/rsa2021/py_pub_sub/install/map_server/share/map_server/hook/pythonpath.dsv'
[5.089s] INFO:colcon.colcon_core.shell:Creating environment hook '/home/rsa2021/py_pub_sub/install/map_server/share/map_server/hook/pythonpath.sh'
[5.093s] Level 1:colcon.colcon_core.environment:create_environment_scripts_only(map_server)
[5.096s] INFO:colcon.colcon_core.shell:Creating package script '/home/rsa2021/py_pub_sub/install/map_server/share/map_server/package.ps1'
[5.098s] INFO:colcon.colcon_core.shell:Creating package descriptor '/home/rsa2021/py_pub_sub/install/map_server/share/map_server/package.dsv'
[5.100s] INFO:colcon.colcon_core.shell:Creating package script '/home/rsa2021/py_pub_sub/install/map_server/share/map_server/package.sh'
[5.102s] INFO:colcon.colcon_core.shell:Creating package script '/home/rsa2021/py_pub_sub/install/map_server/share/map_server/package.bash'
[5.104s] INFO:colcon.colcon_core.shell:Creating package script '/home/rsa2021/py_pub_sub/install/map_server/share/map_server/package.zsh'
[5.106s] Level 1:colcon.colcon_core.environment:create_file_with_runtime_dependencies(/home/rsa2021/py_pub_sub/install/map_server/share/colcon-core/packages/map_server)
[5.130s] DEBUG:colcon.colcon_core.event_handler.log_command:Invoking command in '/home/rsa2021/py_pub_sub/build/zbar_ros': CMAKE_PREFIX_PATH=/home/rsa2021/py_pub_sub/install/zbar_ros_interfaces:/home/rsa2021/py_pub_sub/install/comp3431_interfaces:/home/rsa2021/py_pub_sub/install/zbar_ros:/home/rsa2021/py_pub_sub/install/map_server:/home/rsa2021/py_pub_sub/install/publisher3431:/opt/ros/foxy:/home/rsa2021/py_pub_sub/install/image_publisher:/home/rsa2021/py_pub_sub/install/comp3431_ass3_worlds LD_LIBRARY_PATH=/home/rsa2021/py_pub_sub/install/zbar_ros_interfaces/lib:/home/rsa2021/py_pub_sub/install/comp3431_interfaces/lib:/usr/lib/x86_64-linux-gnu/gazebo-11/plugins:/opt/ros/foxy/opt/yaml_cpp_vendor/lib:/opt/ros/foxy/opt/rviz_ogre_vendor/lib:/opt/ros/foxy/lib/x86_64-linux-gnu:/opt/ros/foxy/lib PYTHONPATH=/home/rsa2021/py_pub_sub/install/zbar_ros_interfaces/lib/python3.8/site-packages:/home/rsa2021/py_pub_sub/install/comp3431_interfaces/lib/python3.8/site-packages:/home/rsa2021/py_pub_sub/install/map_server/lib/python3.8/site-packages:/home/rsa2021/py_pub_sub/install/publisher3431/lib/python3.8/site-packages:/opt/ros/foxy/lib/python3.8/site-packages /usr/bin/cmake --build /home/rsa2021/py_pub_sub/build/zbar_ros -- -j3 -l3
[5.497s] DEBUG:colcon.colcon_core.event_handler.log_command:Invoked command in '/home/rsa2021/py_pub_sub/build/zbar_ros' returned '0': CMAKE_PREFIX_PATH=/home/rsa2021/py_pub_sub/install/zbar_ros_interfaces:/home/rsa2021/py_pub_sub/install/comp3431_interfaces:/home/rsa2021/py_pub_sub/install/zbar_ros:/home/rsa2021/py_pub_sub/install/map_server:/home/rsa2021/py_pub_sub/install/publisher3431:/opt/ros/foxy:/home/rsa2021/py_pub_sub/install/image_publisher:/home/rsa2021/py_pub_sub/install/comp3431_ass3_worlds LD_LIBRARY_PATH=/home/rsa2021/py_pub_sub/install/zbar_ros_interfaces/lib:/home/rsa2021/py_pub_sub/install/comp3431_interfaces/lib:/usr/lib/x86_64-linux-gnu/gazebo-11/plugins:/opt/ros/foxy/opt/yaml_cpp_vendor/lib:/opt/ros/foxy/opt/rviz_ogre_vendor/lib:/opt/ros/foxy/lib/x86_64-linux-gnu:/opt/ros/foxy/lib PYTHONPATH=/home/rsa2021/py_pub_sub/install/zbar_ros_interfaces/lib/python3.8/site-packages:/home/rsa2021/py_pub_sub/install/comp3431_interfaces/lib/python3.8/site-packages:/home/rsa2021/py_pub_sub/install/map_server/lib/python3.8/site-packages:/home/rsa2021/py_pub_sub/install/publisher3431/lib/python3.8/site-packages:/opt/ros/foxy/lib/python3.8/site-packages /usr/bin/cmake --build /home/rsa2021/py_pub_sub/build/zbar_ros -- -j3 -l3
[5.609s] DEBUG:colcon.colcon_core.event_handler.log_command:Invoking command in '/home/rsa2021/py_pub_sub/build/zbar_ros': CMAKE_PREFIX_PATH=/home/rsa2021/py_pub_sub/install/zbar_ros_interfaces:/home/rsa2021/py_pub_sub/install/comp3431_interfaces:/home/rsa2021/py_pub_sub/install/zbar_ros:/home/rsa2021/py_pub_sub/install/map_server:/home/rsa2021/py_pub_sub/install/publisher3431:/opt/ros/foxy:/home/rsa2021/py_pub_sub/install/image_publisher:/home/rsa2021/py_pub_sub/install/comp3431_ass3_worlds LD_LIBRARY_PATH=/home/rsa2021/py_pub_sub/install/zbar_ros_interfaces/lib:/home/rsa2021/py_pub_sub/install/comp3431_interfaces/lib:/usr/lib/x86_64-linux-gnu/gazebo-11/plugins:/opt/ros/foxy/opt/yaml_cpp_vendor/lib:/opt/ros/foxy/opt/rviz_ogre_vendor/lib:/opt/ros/foxy/lib/x86_64-linux-gnu:/opt/ros/foxy/lib PYTHONPATH=/home/rsa2021/py_pub_sub/install/zbar_ros_interfaces/lib/python3.8/site-packages:/home/rsa2021/py_pub_sub/install/comp3431_interfaces/lib/python3.8/site-packages:/home/rsa2021/py_pub_sub/install/map_server/lib/python3.8/site-packages:/home/rsa2021/py_pub_sub/install/publisher3431/lib/python3.8/site-packages:/opt/ros/foxy/lib/python3.8/site-packages /usr/bin/cmake --install /home/rsa2021/py_pub_sub/build/zbar_ros
[5.664s] Level 1:colcon.colcon_core.environment:create_environment_scripts_only(zbar_ros)
[5.669s] Level 1:colcon.colcon_core.environment:checking '/home/rsa2021/py_pub_sub/install/zbar_ros' for CMake module files
[5.673s] DEBUG:colcon.colcon_core.event_handler.log_command:Invoked command in '/home/rsa2021/py_pub_sub/build/zbar_ros' returned '0': CMAKE_PREFIX_PATH=/home/rsa2021/py_pub_sub/install/zbar_ros_interfaces:/home/rsa2021/py_pub_sub/install/comp3431_interfaces:/home/rsa2021/py_pub_sub/install/zbar_ros:/home/rsa2021/py_pub_sub/install/map_server:/home/rsa2021/py_pub_sub/install/publisher3431:/opt/ros/foxy:/home/rsa2021/py_pub_sub/install/image_publisher:/home/rsa2021/py_pub_sub/install/comp3431_ass3_worlds LD_LIBRARY_PATH=/home/rsa2021/py_pub_sub/install/zbar_ros_interfaces/lib:/home/rsa2021/py_pub_sub/install/comp3431_interfaces/lib:/usr/lib/x86_64-linux-gnu/gazebo-11/plugins:/opt/ros/foxy/opt/yaml_cpp_vendor/lib:/opt/ros/foxy/opt/rviz_ogre_vendor/lib:/opt/ros/foxy/lib/x86_64-linux-gnu:/opt/ros/foxy/lib PYTHONPATH=/home/rsa2021/py_pub_sub/install/zbar_ros_interfaces/lib/python3.8/site-packages:/home/rsa2021/py_pub_sub/install/comp3431_interfaces/lib/python3.8/site-packages:/home/rsa2021/py_pub_sub/install/map_server/lib/python3.8/site-packages:/home/rsa2021/py_pub_sub/install/publisher3431/lib/python3.8/site-packages:/opt/ros/foxy/lib/python3.8/site-packages /usr/bin/cmake --install /home/rsa2021/py_pub_sub/build/zbar_ros
[5.674s] Level 1:colcon.colcon_core.environment:checking '/home/rsa2021/py_pub_sub/install/zbar_ros' for CMake config files
[5.675s] Level 1:colcon.colcon_core.shell:create_environment_hook('zbar_ros', 'cmake_prefix_path')
[5.677s] INFO:colcon.colcon_core.shell:Creating environment hook '/home/rsa2021/py_pub_sub/install/zbar_ros/share/zbar_ros/hook/cmake_prefix_path.ps1'
[5.679s] INFO:colcon.colcon_core.shell:Creating environment descriptor '/home/rsa2021/py_pub_sub/install/zbar_ros/share/zbar_ros/hook/cmake_prefix_path.dsv'
[5.681s] INFO:colcon.colcon_core.shell:Creating environment hook '/home/rsa2021/py_pub_sub/install/zbar_ros/share/zbar_ros/hook/cmake_prefix_path.sh'
[5.683s] Level 1:colcon.colcon_core.environment:checking '/home/rsa2021/py_pub_sub/install/zbar_ros/lib'
[5.684s] Level 1:colcon.colcon_core.environment:checking '/home/rsa2021/py_pub_sub/install/zbar_ros/bin'
[5.684s] Level 1:colcon.colcon_core.environment:checking '/home/rsa2021/py_pub_sub/install/zbar_ros/lib/pkgconfig/zbar_ros.pc'
[5.684s] Level 1:colcon.colcon_core.environment:checking '/home/rsa2021/py_pub_sub/install/zbar_ros/lib/python3.8/site-packages'
[5.686s] INFO:colcon.colcon_core.shell:Creating package script '/home/rsa2021/py_pub_sub/install/zbar_ros/share/zbar_ros/package.ps1'
[5.688s] INFO:colcon.colcon_core.shell:Creating package descriptor '/home/rsa2021/py_pub_sub/install/zbar_ros/share/zbar_ros/package.dsv'
[5.690s] INFO:colcon.colcon_core.shell:Creating package script '/home/rsa2021/py_pub_sub/install/zbar_ros/share/zbar_ros/package.sh'
[5.692s] INFO:colcon.colcon_core.shell:Creating package script '/home/rsa2021/py_pub_sub/install/zbar_ros/share/zbar_ros/package.bash'
[5.693s] INFO:colcon.colcon_core.shell:Creating package script '/home/rsa2021/py_pub_sub/install/zbar_ros/share/zbar_ros/package.zsh'
[5.695s] Level 1:colcon.colcon_core.environment:create_file_with_runtime_dependencies(/home/rsa2021/py_pub_sub/install/zbar_ros/share/colcon-core/packages/zbar_ros)
[5.804s] Level 1:colcon.colcon_core.environment:create_environment_scripts_only(zbar_ros)
[5.808s] Level 1:colcon.colcon_core.environment:checking '/home/rsa2021/py_pub_sub/install/zbar_ros' for CMake module files
[5.811s] Level 1:colcon.colcon_core.environment:checking '/home/rsa2021/py_pub_sub/install/zbar_ros' for CMake config files
[5.812s] Level 1:colcon.colcon_core.shell:create_environment_hook('zbar_ros', 'cmake_prefix_path')
[5.815s] INFO:colcon.colcon_core.shell:Creating environment hook '/home/rsa2021/py_pub_sub/install/zbar_ros/share/zbar_ros/hook/cmake_prefix_path.ps1'
[5.817s] INFO:colcon.colcon_core.shell:Creating environment descriptor '/home/rsa2021/py_pub_sub/install/zbar_ros/share/zbar_ros/hook/cmake_prefix_path.dsv'
[5.819s] INFO:colcon.colcon_core.shell:Creating environment hook '/home/rsa2021/py_pub_sub/install/zbar_ros/share/zbar_ros/hook/cmake_prefix_path.sh'
[5.822s] Level 1:colcon.colcon_core.environment:checking '/home/rsa2021/py_pub_sub/install/zbar_ros/lib'
[5.822s] Level 1:colcon.colcon_core.environment:checking '/home/rsa2021/py_pub_sub/install/zbar_ros/bin'
[5.823s] Level 1:colcon.colcon_core.environment:checking '/home/rsa2021/py_pub_sub/install/zbar_ros/lib/pkgconfig/zbar_ros.pc'
[5.823s] Level 1:colcon.colcon_core.environment:checking '/home/rsa2021/py_pub_sub/install/zbar_ros/lib/python3.8/site-packages'
[5.827s] INFO:colcon.colcon_core.shell:Creating package script '/home/rsa2021/py_pub_sub/install/zbar_ros/share/zbar_ros/package.ps1'
[5.831s] INFO:colcon.colcon_core.shell:Creating package descriptor '/home/rsa2021/py_pub_sub/install/zbar_ros/share/zbar_ros/package.dsv'
[5.834s] INFO:colcon.colcon_core.shell:Creating package script '/home/rsa2021/py_pub_sub/install/zbar_ros/share/zbar_ros/package.sh'
[5.837s] INFO:colcon.colcon_core.shell:Creating package script '/home/rsa2021/py_pub_sub/install/zbar_ros/share/zbar_ros/package.bash'
[5.839s] INFO:colcon.colcon_core.shell:Creating package script '/home/rsa2021/py_pub_sub/install/zbar_ros/share/zbar_ros/package.zsh'
[5.842s] Level 1:colcon.colcon_core.environment:create_file_with_runtime_dependencies(/home/rsa2021/py_pub_sub/install/zbar_ros/share/colcon-core/packages/zbar_ros)
[6.136s] Level 1:colcon.colcon_core.environment:checking '/home/rsa2021/py_pub_sub/install/publisher3431' for CMake module files
[6.138s] DEBUG:colcon.colcon_core.event_handler.log_command:Invoked command in '/home/rsa2021/py_pub_sub/src/publisher3431' returned '0': PYTHONPATH=/home/rsa2021/py_pub_sub/install/publisher3431/lib/python3.8/site-packages:${PYTHONPATH} /usr/bin/python3 setup.py egg_info --egg-base ../../build/publisher3431 build --build-base /home/rsa2021/py_pub_sub/build/publisher3431/build install --prefix /home/rsa2021/py_pub_sub/install/publisher3431 --record /home/rsa2021/py_pub_sub/build/publisher3431/install.log --single-version-externally-managed
[6.139s] Level 1:colcon.colcon_core.environment:checking '/home/rsa2021/py_pub_sub/install/publisher3431' for CMake config files
[6.141s] Level 1:colcon.colcon_core.environment:checking '/home/rsa2021/py_pub_sub/install/publisher3431/lib'
[6.141s] Level 1:colcon.colcon_core.environment:checking '/home/rsa2021/py_pub_sub/install/publisher3431/bin'
[6.141s] Level 1:colcon.colcon_core.environment:checking '/home/rsa2021/py_pub_sub/install/publisher3431/lib/pkgconfig/publisher3431.pc'
[6.141s] Level 1:colcon.colcon_core.environment:checking '/home/rsa2021/py_pub_sub/install/publisher3431/lib/python3.8/site-packages'
[6.142s] Level 1:colcon.colcon_core.shell:create_environment_hook('publisher3431', 'pythonpath')
[6.143s] INFO:colcon.colcon_core.shell:Creating environment hook '/home/rsa2021/py_pub_sub/install/publisher3431/share/publisher3431/hook/pythonpath.ps1'
[6.145s] INFO:colcon.colcon_core.shell:Creating environment descriptor '/home/rsa2021/py_pub_sub/install/publisher3431/share/publisher3431/hook/pythonpath.dsv'
[6.146s] INFO:colcon.colcon_core.shell:Creating environment hook '/home/rsa2021/py_pub_sub/install/publisher3431/share/publisher3431/hook/pythonpath.sh'
[6.147s] Level 1:colcon.colcon_core.environment:create_environment_scripts_only(publisher3431)
[6.149s] INFO:colcon.colcon_core.shell:Creating package script '/home/rsa2021/py_pub_sub/install/publisher3431/share/publisher3431/package.ps1'
[6.150s] INFO:colcon.colcon_core.shell:Creating package descriptor '/home/rsa2021/py_pub_sub/install/publisher3431/share/publisher3431/package.dsv'
[6.153s] INFO:colcon.colcon_core.shell:Creating package script '/home/rsa2021/py_pub_sub/install/publisher3431/share/publisher3431/package.sh'
[6.156s] INFO:colcon.colcon_core.shell:Creating package script '/home/rsa2021/py_pub_sub/install/publisher3431/share/publisher3431/package.bash'
[6.157s] INFO:colcon.colcon_core.shell:Creating package script '/home/rsa2021/py_pub_sub/install/publisher3431/share/publisher3431/package.zsh'
[6.158s] Level 1:colcon.colcon_core.environment:create_file_with_runtime_dependencies(/home/rsa2021/py_pub_sub/install/publisher3431/share/colcon-core/packages/publisher3431)
[6.160s] DEBUG:colcon.colcon_parallel_executor.executor.parallel:closing loop
[6.162s] DEBUG:colcon.colcon_parallel_executor.executor.parallel:loop closed
[6.163s] DEBUG:colcon.colcon_parallel_executor.executor.parallel:run_until_complete finished with '0'
[6.163s] DEBUG:colcon.colcon_core.event_reactor:joining thread
[6.190s] INFO:colcon.colcon_core.plugin_system:Skipping extension 'colcon_notification.desktop_notification.terminal_notifier': Not used on non-Darwin systems
[6.190s] INFO:colcon.colcon_core.plugin_system:Skipping extension 'colcon_notification.desktop_notification.win32': Not used on non-Windows systems
[6.191s] INFO:colcon.colcon_notification.desktop_notification:Sending desktop notification using 'notify2'
[6.251s] DEBUG:colcon.colcon_core.event_reactor:joined thread
[6.254s] INFO:colcon.colcon_core.shell:Creating prefix script '/home/rsa2021/py_pub_sub/install/local_setup.ps1'
[6.256s] INFO:colcon.colcon_core.shell:Creating prefix util module '/home/rsa2021/py_pub_sub/install/_local_setup_util_ps1.py'
[6.261s] INFO:colcon.colcon_core.shell:Creating prefix chain script '/home/rsa2021/py_pub_sub/install/setup.ps1'
[6.271s] INFO:colcon.colcon_core.shell:Creating prefix script '/home/rsa2021/py_pub_sub/install/local_setup.sh'
[6.273s] INFO:colcon.colcon_core.shell:Creating prefix util module '/home/rsa2021/py_pub_sub/install/_local_setup_util_sh.py'
[6.275s] INFO:colcon.colcon_core.shell:Creating prefix chain script '/home/rsa2021/py_pub_sub/install/setup.sh'
[6.284s] INFO:colcon.colcon_core.shell:Creating prefix script '/home/rsa2021/py_pub_sub/install/local_setup.bash'
[6.286s] INFO:colcon.colcon_core.shell:Creating prefix chain script '/home/rsa2021/py_pub_sub/install/setup.bash'
[6.296s] INFO:colcon.colcon_core.shell:Creating prefix script '/home/rsa2021/py_pub_sub/install/local_setup.zsh'
[6.298s] INFO:colcon.colcon_core.shell:Creating prefix chain script '/home/rsa2021/py_pub_sub/install/setup.zsh'
