[0.188s] Invoking command in '/home/rsa2021/py_pub_sub/build/zbar_ros_interfaces': CMAKE_PREFIX_PATH=/home/rsa2021/py_pub_sub/install/zbar_ros:/home/rsa2021/py_pub_sub/install/zbar_ros_interfaces:/home/rsa2021/py_pub_sub/install/publisher3431:/opt/ros/foxy:/home/rsa2021/py_pub_sub/install/image_publisher /usr/bin/cmake --build /home/rsa2021/py_pub_sub/build/zbar_ros_interfaces -- -j3 -l3
[0.730s] [  3%] Built target zbar_ros_interfaces__cpp
[0.998s] [ 12%] Built target zbar_ros_interfaces__rosidl_generator_c
[1.181s] [ 22%] Built target zbar_ros_interfaces__rosidl_typesupport_fastrtps_cpp
[1.405s] [ 32%] Built target zbar_ros_interfaces__rosidl_typesupport_introspection_cpp
[1.644s] [ 41%] Built target zbar_ros_interfaces__rosidl_typesupport_introspection_c
[1.784s] [ 51%] Built target zbar_ros_interfaces__rosidl_typesupport_c
[2.033s] [ 61%] Built target zbar_ros_interfaces__rosidl_typesupport_fastrtps_c
[2.214s] [ 70%] Built target zbar_ros_interfaces__rosidl_typesupport_cpp
[2.376s] [ 70%] Built target zbar_ros_interfaces
[2.547s] [ 74%] Built target zbar_ros_interfaces__py
[2.904s] [ 80%] Built target zbar_ros_interfaces__python
[3.227s] [ 87%] Built target zbar_ros_interfaces__rosidl_typesupport_introspection_c__pyext
[3.433s] [ 93%] Built target zbar_ros_interfaces__rosidl_typesupport_c__pyext
[3.726s] [100%] Built target zbar_ros_interfaces__rosidl_typesupport_fastrtps_c__pyext
[3.855s] Invoked command in '/home/rsa2021/py_pub_sub/build/zbar_ros_interfaces' returned '0': CMAKE_PREFIX_PATH=/home/rsa2021/py_pub_sub/install/zbar_ros:/home/rsa2021/py_pub_sub/install/zbar_ros_interfaces:/home/rsa2021/py_pub_sub/install/publisher3431:/opt/ros/foxy:/home/rsa2021/py_pub_sub/install/image_publisher /usr/bin/cmake --build /home/rsa2021/py_pub_sub/build/zbar_ros_interfaces -- -j3 -l3
[4.255s] Invoking command in '/home/rsa2021/py_pub_sub/build/zbar_ros_interfaces': CMAKE_PREFIX_PATH=/home/rsa2021/py_pub_sub/install/zbar_ros:/home/rsa2021/py_pub_sub/install/zbar_ros_interfaces:/home/rsa2021/py_pub_sub/install/publisher3431:/opt/ros/foxy:/home/rsa2021/py_pub_sub/install/image_publisher /usr/bin/cmake --install /home/rsa2021/py_pub_sub/build/zbar_ros_interfaces
[4.311s] -- Install configuration: ""
[4.312s] -- Up-to-date: /home/rsa2021/py_pub_sub/install/zbar_ros_interfaces/share/ament_index/resource_index/rosidl_interfaces/zbar_ros_interfaces
[4.312s] -- Up-to-date: /home/rsa2021/py_pub_sub/install/zbar_ros_interfaces/include/zbar_ros_interfaces
[4.313s] -- Up-to-date: /home/rsa2021/py_pub_sub/install/zbar_ros_interfaces/include/zbar_ros_interfaces/msg
[4.313s] -- Up-to-date: /home/rsa2021/py_pub_sub/install/zbar_ros_interfaces/include/zbar_ros_interfaces/msg/symbol.h
[4.314s] -- Up-to-date: /home/rsa2021/py_pub_sub/install/zbar_ros_interfaces/include/zbar_ros_interfaces/msg/detail
[4.314s] -- Up-to-date: /home/rsa2021/py_pub_sub/install/zbar_ros_interfaces/include/zbar_ros_interfaces/msg/detail/symbol__struct.h
[4.314s] -- Up-to-date: /home/rsa2021/py_pub_sub/install/zbar_ros_interfaces/include/zbar_ros_interfaces/msg/detail/symbol__functions.c
[4.315s] -- Up-to-date: /home/rsa2021/py_pub_sub/install/zbar_ros_interfaces/include/zbar_ros_interfaces/msg/detail/symbol__type_support.h
[4.315s] -- Up-to-date: /home/rsa2021/py_pub_sub/install/zbar_ros_interfaces/include/zbar_ros_interfaces/msg/detail/symbol__functions.h
[4.320s] -- Up-to-date: /home/rsa2021/py_pub_sub/install/zbar_ros_interfaces/include/zbar_ros_interfaces/msg/rosidl_generator_c__visibility_control.h
[4.325s] -- Up-to-date: /home/rsa2021/py_pub_sub/install/zbar_ros_interfaces/share/zbar_ros_interfaces/environment/library_path.sh
[4.325s] -- Up-to-date: /home/rsa2021/py_pub_sub/install/zbar_ros_interfaces/share/zbar_ros_interfaces/environment/library_path.dsv
[4.326s] -- Up-to-date: /home/rsa2021/py_pub_sub/install/zbar_ros_interfaces/lib/libzbar_ros_interfaces__rosidl_generator_c.so
[4.331s] -- Up-to-date: /home/rsa2021/py_pub_sub/install/zbar_ros_interfaces/include/zbar_ros_interfaces
[4.333s] -- Up-to-date: /home/rsa2021/py_pub_sub/install/zbar_ros_interfaces/include/zbar_ros_interfaces/msg
[4.334s] -- Up-to-date: /home/rsa2021/py_pub_sub/install/zbar_ros_interfaces/include/zbar_ros_interfaces/msg/detail
[4.334s] -- Up-to-date: /home/rsa2021/py_pub_sub/install/zbar_ros_interfaces/include/zbar_ros_interfaces/msg/detail/symbol__rosidl_typesupport_fastrtps_c.h
[4.334s] -- Up-to-date: /home/rsa2021/py_pub_sub/install/zbar_ros_interfaces/include/zbar_ros_interfaces/msg/rosidl_typesupport_fastrtps_c__visibility_control.h
[4.334s] -- Up-to-date: /home/rsa2021/py_pub_sub/install/zbar_ros_interfaces/lib/libzbar_ros_interfaces__rosidl_typesupport_fastrtps_c.so
[4.335s] -- Up-to-date: /home/rsa2021/py_pub_sub/install/zbar_ros_interfaces/include/zbar_ros_interfaces
[4.335s] -- Up-to-date: /home/rsa2021/py_pub_sub/install/zbar_ros_interfaces/include/zbar_ros_interfaces/msg
[4.335s] -- Up-to-date: /home/rsa2021/py_pub_sub/install/zbar_ros_interfaces/include/zbar_ros_interfaces/msg/rosidl_typesupport_fastrtps_cpp__visibility_control.h
[4.336s] -- Up-to-date: /home/rsa2021/py_pub_sub/install/zbar_ros_interfaces/include/zbar_ros_interfaces/msg/detail
[4.336s] -- Up-to-date: /home/rsa2021/py_pub_sub/install/zbar_ros_interfaces/include/zbar_ros_interfaces/msg/detail/dds_fastrtps
[4.337s] -- Up-to-date: /home/rsa2021/py_pub_sub/install/zbar_ros_interfaces/include/zbar_ros_interfaces/msg/detail/symbol__rosidl_typesupport_fastrtps_cpp.hpp
[4.338s] -- Up-to-date: /home/rsa2021/py_pub_sub/install/zbar_ros_interfaces/lib/libzbar_ros_interfaces__rosidl_typesupport_fastrtps_cpp.so
[4.338s] -- Up-to-date: /home/rsa2021/py_pub_sub/install/zbar_ros_interfaces/include/zbar_ros_interfaces
[4.338s] -- Up-to-date: /home/rsa2021/py_pub_sub/install/zbar_ros_interfaces/include/zbar_ros_interfaces/msg
[4.338s] -- Up-to-date: /home/rsa2021/py_pub_sub/install/zbar_ros_interfaces/include/zbar_ros_interfaces/msg/detail
[4.339s] -- Up-to-date: /home/rsa2021/py_pub_sub/install/zbar_ros_interfaces/include/zbar_ros_interfaces/msg/detail/symbol__rosidl_typesupport_introspection_c.h
[4.339s] -- Up-to-date: /home/rsa2021/py_pub_sub/install/zbar_ros_interfaces/include/zbar_ros_interfaces/msg/detail/symbol__type_support.c
[4.339s] -- Up-to-date: /home/rsa2021/py_pub_sub/install/zbar_ros_interfaces/include/zbar_ros_interfaces/msg/rosidl_typesupport_introspection_c__visibility_control.h
[4.339s] -- Up-to-date: /home/rsa2021/py_pub_sub/install/zbar_ros_interfaces/lib/libzbar_ros_interfaces__rosidl_typesupport_introspection_c.so
[4.340s] -- Up-to-date: /home/rsa2021/py_pub_sub/install/zbar_ros_interfaces/lib/libzbar_ros_interfaces__rosidl_typesupport_c.so
[4.340s] -- Up-to-date: /home/rsa2021/py_pub_sub/install/zbar_ros_interfaces/include/zbar_ros_interfaces
[4.340s] -- Up-to-date: /home/rsa2021/py_pub_sub/install/zbar_ros_interfaces/include/zbar_ros_interfaces/msg
[4.340s] -- Up-to-date: /home/rsa2021/py_pub_sub/install/zbar_ros_interfaces/include/zbar_ros_interfaces/msg/symbol.hpp
[4.341s] -- Up-to-date: /home/rsa2021/py_pub_sub/install/zbar_ros_interfaces/include/zbar_ros_interfaces/msg/detail
[4.341s] -- Up-to-date: /home/rsa2021/py_pub_sub/install/zbar_ros_interfaces/include/zbar_ros_interfaces/msg/detail/symbol__traits.hpp
[4.341s] -- Up-to-date: /home/rsa2021/py_pub_sub/install/zbar_ros_interfaces/include/zbar_ros_interfaces/msg/detail/symbol__builder.hpp
[4.342s] -- Up-to-date: /home/rsa2021/py_pub_sub/install/zbar_ros_interfaces/include/zbar_ros_interfaces/msg/detail/symbol__struct.hpp
[4.343s] -- Up-to-date: /home/rsa2021/py_pub_sub/install/zbar_ros_interfaces/include/zbar_ros_interfaces
[4.343s] -- Up-to-date: /home/rsa2021/py_pub_sub/install/zbar_ros_interfaces/include/zbar_ros_interfaces/msg
[4.343s] -- Up-to-date: /home/rsa2021/py_pub_sub/install/zbar_ros_interfaces/include/zbar_ros_interfaces/msg/detail
[4.344s] -- Up-to-date: /home/rsa2021/py_pub_sub/install/zbar_ros_interfaces/include/zbar_ros_interfaces/msg/detail/symbol__type_support.cpp
[4.344s] -- Up-to-date: /home/rsa2021/py_pub_sub/install/zbar_ros_interfaces/include/zbar_ros_interfaces/msg/detail/symbol__rosidl_typesupport_introspection_cpp.hpp
[4.344s] -- Up-to-date: /home/rsa2021/py_pub_sub/install/zbar_ros_interfaces/lib/libzbar_ros_interfaces__rosidl_typesupport_introspection_cpp.so
[4.345s] -- Up-to-date: /home/rsa2021/py_pub_sub/install/zbar_ros_interfaces/lib/libzbar_ros_interfaces__rosidl_typesupport_cpp.so
[4.345s] -- Up-to-date: /home/rsa2021/py_pub_sub/install/zbar_ros_interfaces/share/zbar_ros_interfaces/environment/pythonpath.sh
[4.345s] -- Up-to-date: /home/rsa2021/py_pub_sub/install/zbar_ros_interfaces/share/zbar_ros_interfaces/environment/pythonpath.dsv
[4.345s] -- Up-to-date: /home/rsa2021/py_pub_sub/install/zbar_ros_interfaces/lib/python3.8/site-packages/zbar_ros_interfaces/__init__.py
[4.593s] -- Up-to-date: /home/rsa2021/py_pub_sub/install/zbar_ros_interfaces/lib/python3.8/site-packages/zbar_ros_interfaces/msg
[4.600s] -- Up-to-date: /home/rsa2021/py_pub_sub/install/zbar_ros_interfaces/lib/python3.8/site-packages/zbar_ros_interfaces/msg/__init__.py
[4.601s] -- Up-to-date: /home/rsa2021/py_pub_sub/install/zbar_ros_interfaces/lib/python3.8/site-packages/zbar_ros_interfaces/msg/_symbol.py
[4.601s] -- Up-to-date: /home/rsa2021/py_pub_sub/install/zbar_ros_interfaces/lib/python3.8/site-packages/zbar_ros_interfaces/msg/_symbol_s.c
[4.602s] -- Up-to-date: /home/rsa2021/py_pub_sub/install/zbar_ros_interfaces/lib/python3.8/site-packages/zbar_ros_interfaces/zbar_ros_interfaces_s__rosidl_typesupport_fastrtps_c.cpython-38-x86_64-linux-gnu.so
[4.602s] -- Up-to-date: /home/rsa2021/py_pub_sub/install/zbar_ros_interfaces/lib/python3.8/site-packages/zbar_ros_interfaces/zbar_ros_interfaces_s__rosidl_typesupport_introspection_c.cpython-38-x86_64-linux-gnu.so
[4.604s] -- Up-to-date: /home/rsa2021/py_pub_sub/install/zbar_ros_interfaces/lib/python3.8/site-packages/zbar_ros_interfaces/zbar_ros_interfaces_s__rosidl_typesupport_c.cpython-38-x86_64-linux-gnu.so
[4.608s] -- Up-to-date: /home/rsa2021/py_pub_sub/install/zbar_ros_interfaces/lib/libzbar_ros_interfaces__python.so
[4.609s] -- Up-to-date: /home/rsa2021/py_pub_sub/install/zbar_ros_interfaces/share/zbar_ros_interfaces/msg/Symbol.idl
[4.610s] -- Up-to-date: /home/rsa2021/py_pub_sub/install/zbar_ros_interfaces/share/zbar_ros_interfaces/msg/Symbol.msg
[4.613s] -- Up-to-date: /home/rsa2021/py_pub_sub/install/zbar_ros_interfaces/share/ament_index/resource_index/package_run_dependencies/zbar_ros_interfaces
[4.615s] -- Up-to-date: /home/rsa2021/py_pub_sub/install/zbar_ros_interfaces/share/ament_index/resource_index/parent_prefix_path/zbar_ros_interfaces
[4.615s] -- Up-to-date: /home/rsa2021/py_pub_sub/install/zbar_ros_interfaces/share/zbar_ros_interfaces/environment/ament_prefix_path.sh
[4.616s] -- Up-to-date: /home/rsa2021/py_pub_sub/install/zbar_ros_interfaces/share/zbar_ros_interfaces/environment/ament_prefix_path.dsv
[4.616s] -- Up-to-date: /home/rsa2021/py_pub_sub/install/zbar_ros_interfaces/share/zbar_ros_interfaces/environment/path.sh
[4.617s] -- Up-to-date: /home/rsa2021/py_pub_sub/install/zbar_ros_interfaces/share/zbar_ros_interfaces/environment/path.dsv
[4.621s] -- Up-to-date: /home/rsa2021/py_pub_sub/install/zbar_ros_interfaces/share/zbar_ros_interfaces/local_setup.bash
[4.624s] -- Up-to-date: /home/rsa2021/py_pub_sub/install/zbar_ros_interfaces/share/zbar_ros_interfaces/local_setup.sh
[4.625s] -- Up-to-date: /home/rsa2021/py_pub_sub/install/zbar_ros_interfaces/share/zbar_ros_interfaces/local_setup.zsh
[4.629s] -- Up-to-date: /home/rsa2021/py_pub_sub/install/zbar_ros_interfaces/share/zbar_ros_interfaces/local_setup.dsv
[4.633s] -- Installing: /home/rsa2021/py_pub_sub/install/zbar_ros_interfaces/share/zbar_ros_interfaces/package.dsv
[4.636s] -- Up-to-date: /home/rsa2021/py_pub_sub/install/zbar_ros_interfaces/share/ament_index/resource_index/packages/zbar_ros_interfaces
[4.641s] -- Up-to-date: /home/rsa2021/py_pub_sub/install/zbar_ros_interfaces/share/zbar_ros_interfaces/cmake/zbar_ros_interfaces__rosidl_generator_cExport.cmake
[4.641s] -- Up-to-date: /home/rsa2021/py_pub_sub/install/zbar_ros_interfaces/share/zbar_ros_interfaces/cmake/zbar_ros_interfaces__rosidl_generator_cExport-noconfig.cmake
[4.642s] -- Up-to-date: /home/rsa2021/py_pub_sub/install/zbar_ros_interfaces/share/zbar_ros_interfaces/cmake/zbar_ros_interfaces__rosidl_typesupport_introspection_cExport.cmake
[4.642s] -- Up-to-date: /home/rsa2021/py_pub_sub/install/zbar_ros_interfaces/share/zbar_ros_interfaces/cmake/zbar_ros_interfaces__rosidl_typesupport_introspection_cExport-noconfig.cmake
[4.643s] -- Up-to-date: /home/rsa2021/py_pub_sub/install/zbar_ros_interfaces/share/zbar_ros_interfaces/cmake/zbar_ros_interfaces__rosidl_typesupport_cExport.cmake
[4.644s] -- Up-to-date: /home/rsa2021/py_pub_sub/install/zbar_ros_interfaces/share/zbar_ros_interfaces/cmake/zbar_ros_interfaces__rosidl_typesupport_cExport-noconfig.cmake
[4.644s] -- Up-to-date: /home/rsa2021/py_pub_sub/install/zbar_ros_interfaces/share/zbar_ros_interfaces/cmake/zbar_ros_interfaces__rosidl_generator_cppExport.cmake
[4.645s] -- Up-to-date: /home/rsa2021/py_pub_sub/install/zbar_ros_interfaces/share/zbar_ros_interfaces/cmake/zbar_ros_interfaces__rosidl_typesupport_introspection_cppExport.cmake
[4.645s] -- Up-to-date: /home/rsa2021/py_pub_sub/install/zbar_ros_interfaces/share/zbar_ros_interfaces/cmake/zbar_ros_interfaces__rosidl_typesupport_introspection_cppExport-noconfig.cmake
[4.645s] -- Up-to-date: /home/rsa2021/py_pub_sub/install/zbar_ros_interfaces/share/zbar_ros_interfaces/cmake/zbar_ros_interfaces__rosidl_typesupport_cppExport.cmake
[4.645s] -- Up-to-date: /home/rsa2021/py_pub_sub/install/zbar_ros_interfaces/share/zbar_ros_interfaces/cmake/zbar_ros_interfaces__rosidl_typesupport_cppExport-noconfig.cmake
[4.646s] -- Up-to-date: /home/rsa2021/py_pub_sub/install/zbar_ros_interfaces/share/zbar_ros_interfaces/cmake/rosidl_cmake-extras.cmake
[4.646s] -- Up-to-date: /home/rsa2021/py_pub_sub/install/zbar_ros_interfaces/share/zbar_ros_interfaces/cmake/ament_cmake_export_dependencies-extras.cmake
[4.646s] -- Up-to-date: /home/rsa2021/py_pub_sub/install/zbar_ros_interfaces/share/zbar_ros_interfaces/cmake/ament_cmake_export_libraries-extras.cmake
[4.647s] -- Up-to-date: /home/rsa2021/py_pub_sub/install/zbar_ros_interfaces/share/zbar_ros_interfaces/cmake/ament_cmake_export_targets-extras.cmake
[4.647s] -- Up-to-date: /home/rsa2021/py_pub_sub/install/zbar_ros_interfaces/share/zbar_ros_interfaces/cmake/ament_cmake_export_include_directories-extras.cmake
[4.647s] -- Up-to-date: /home/rsa2021/py_pub_sub/install/zbar_ros_interfaces/share/zbar_ros_interfaces/cmake/rosidl_cmake_export_typesupport_libraries-extras.cmake
[4.647s] -- Up-to-date: /home/rsa2021/py_pub_sub/install/zbar_ros_interfaces/share/zbar_ros_interfaces/cmake/rosidl_cmake_export_typesupport_targets-extras.cmake
[4.648s] -- Up-to-date: /home/rsa2021/py_pub_sub/install/zbar_ros_interfaces/share/zbar_ros_interfaces/cmake/zbar_ros_interfacesConfig.cmake
[4.648s] -- Up-to-date: /home/rsa2021/py_pub_sub/install/zbar_ros_interfaces/share/zbar_ros_interfaces/cmake/zbar_ros_interfacesConfig-version.cmake
[4.649s] -- Up-to-date: /home/rsa2021/py_pub_sub/install/zbar_ros_interfaces/share/zbar_ros_interfaces/package.xml
[4.661s] Invoked command in '/home/rsa2021/py_pub_sub/build/zbar_ros_interfaces' returned '0': CMAKE_PREFIX_PATH=/home/rsa2021/py_pub_sub/install/zbar_ros:/home/rsa2021/py_pub_sub/install/zbar_ros_interfaces:/home/rsa2021/py_pub_sub/install/publisher3431:/opt/ros/foxy:/home/rsa2021/py_pub_sub/install/image_publisher /usr/bin/cmake --install /home/rsa2021/py_pub_sub/build/zbar_ros_interfaces
