/home/rsa2021/ass3/astro_boys_girls_ass2_comp3431/install/publisher3431/lib/python3.8/site-packages/publisher3431/__init__.py
/home/rsa2021/ass3/astro_boys_girls_ass2_comp3431/install/publisher3431/lib/python3.8/site-packages/publisher3431/publisher.py
/home/rsa2021/ass3/astro_boys_girls_ass2_comp3431/install/publisher3431/lib/python3.8/site-packages/publisher3431/subscriber_ass2.py
/home/rsa2021/ass3/astro_boys_girls_ass2_comp3431/install/publisher3431/lib/python3.8/site-packages/publisher3431/subscriber.py
/home/rsa2021/ass3/astro_boys_girls_ass2_comp3431/install/publisher3431/lib/python3.8/site-packages/publisher3431/__pycache__/__init__.cpython-38.pyc
/home/rsa2021/ass3/astro_boys_girls_ass2_comp3431/install/publisher3431/lib/python3.8/site-packages/publisher3431/__pycache__/publisher.cpython-38.pyc
/home/rsa2021/ass3/astro_boys_girls_ass2_comp3431/install/publisher3431/lib/python3.8/site-packages/publisher3431/__pycache__/subscriber_ass2.cpython-38.pyc
/home/rsa2021/ass3/astro_boys_girls_ass2_comp3431/install/publisher3431/lib/python3.8/site-packages/publisher3431/__pycache__/subscriber.cpython-38.pyc
/home/rsa2021/ass3/astro_boys_girls_ass2_comp3431/install/publisher3431/share/ament_index/resource_index/packages/publisher3431
/home/rsa2021/ass3/astro_boys_girls_ass2_comp3431/install/publisher3431/share/publisher3431/package.xml
/home/rsa2021/ass3/astro_boys_girls_ass2_comp3431/install/publisher3431/lib/python3.8/site-packages/publisher3431-0.0.0-py3.8.egg-info/dependency_links.txt
/home/rsa2021/ass3/astro_boys_girls_ass2_comp3431/install/publisher3431/lib/python3.8/site-packages/publisher3431-0.0.0-py3.8.egg-info/zip-safe
/home/rsa2021/ass3/astro_boys_girls_ass2_comp3431/install/publisher3431/lib/python3.8/site-packages/publisher3431-0.0.0-py3.8.egg-info/PKG-INFO
/home/rsa2021/ass3/astro_boys_girls_ass2_comp3431/install/publisher3431/lib/python3.8/site-packages/publisher3431-0.0.0-py3.8.egg-info/top_level.txt
/home/rsa2021/ass3/astro_boys_girls_ass2_comp3431/install/publisher3431/lib/python3.8/site-packages/publisher3431-0.0.0-py3.8.egg-info/requires.txt
/home/rsa2021/ass3/astro_boys_girls_ass2_comp3431/install/publisher3431/lib/python3.8/site-packages/publisher3431-0.0.0-py3.8.egg-info/entry_points.txt
/home/rsa2021/ass3/astro_boys_girls_ass2_comp3431/install/publisher3431/lib/python3.8/site-packages/publisher3431-0.0.0-py3.8.egg-info/SOURCES.txt
/home/rsa2021/ass3/astro_boys_girls_ass2_comp3431/install/publisher3431/lib/publisher3431/listener
/home/rsa2021/ass3/astro_boys_girls_ass2_comp3431/install/publisher3431/lib/publisher3431/listener_ass2
/home/rsa2021/ass3/astro_boys_girls_ass2_comp3431/install/publisher3431/lib/publisher3431/talker
