[0.971s] Invoking command in '/home/rsa2021/py_pub_sub/src/publisher3431': PYTHONPATH=/home/rsa2021/py_pub_sub/install/publisher3431/lib/python3.8/site-packages:${PYTHONPATH} /usr/bin/python3 setup.py egg_info --egg-base ../../build/publisher3431 build --build-base /home/rsa2021/py_pub_sub/build/publisher3431/build install --prefix /home/rsa2021/py_pub_sub/install/publisher3431 --record /home/rsa2021/py_pub_sub/build/publisher3431/install.log --single-version-externally-managed
[1.918s] running egg_info
[1.920s] writing ../../build/publisher3431/publisher3431.egg-info/PKG-INFO
[1.922s] writing dependency_links to ../../build/publisher3431/publisher3431.egg-info/dependency_links.txt
[1.924s] writing entry points to ../../build/publisher3431/publisher3431.egg-info/entry_points.txt
[1.924s] writing requirements to ../../build/publisher3431/publisher3431.egg-info/requires.txt
[1.926s] writing top-level names to ../../build/publisher3431/publisher3431.egg-info/top_level.txt
[2.083s] reading manifest file '../../build/publisher3431/publisher3431.egg-info/SOURCES.txt'
[2.086s] writing manifest file '../../build/publisher3431/publisher3431.egg-info/SOURCES.txt'
[2.087s] running build
[2.088s] running build_py
[2.089s] copying publisher3431/subscriber_ass2.py -> /home/rsa2021/py_pub_sub/build/publisher3431/build/lib/publisher3431
[2.090s] running install
[2.094s] running install_lib
[2.099s] copying /home/rsa2021/py_pub_sub/build/publisher3431/build/lib/publisher3431/subscriber_ass2.py -> /home/rsa2021/py_pub_sub/install/publisher3431/lib/python3.8/site-packages/publisher3431
[2.101s] byte-compiling /home/rsa2021/py_pub_sub/install/publisher3431/lib/python3.8/site-packages/publisher3431/subscriber_ass2.py to subscriber_ass2.cpython-38.pyc
[2.112s] running install_data
[2.114s] running install_egg_info
[2.119s] removing '/home/rsa2021/py_pub_sub/install/publisher3431/lib/python3.8/site-packages/publisher3431-0.0.0-py3.8.egg-info' (and everything under it)
[2.120s] Copying ../../build/publisher3431/publisher3431.egg-info to /home/rsa2021/py_pub_sub/install/publisher3431/lib/python3.8/site-packages/publisher3431-0.0.0-py3.8.egg-info
[2.122s] running install_scripts
[2.198s] Installing listener script to /home/rsa2021/py_pub_sub/install/publisher3431/lib/publisher3431
[2.201s] Installing listener_ass2 script to /home/rsa2021/py_pub_sub/install/publisher3431/lib/publisher3431
[2.205s] Installing talker script to /home/rsa2021/py_pub_sub/install/publisher3431/lib/publisher3431
[2.206s] writing list of installed files to '/home/rsa2021/py_pub_sub/build/publisher3431/install.log'
[2.267s] Invoked command in '/home/rsa2021/py_pub_sub/src/publisher3431' returned '0': PYTHONPATH=/home/rsa2021/py_pub_sub/install/publisher3431/lib/python3.8/site-packages:${PYTHONPATH} /usr/bin/python3 setup.py egg_info --egg-base ../../build/publisher3431 build --build-base /home/rsa2021/py_pub_sub/build/publisher3431/build install --prefix /home/rsa2021/py_pub_sub/install/publisher3431 --record /home/rsa2021/py_pub_sub/build/publisher3431/install.log --single-version-externally-managed
