[0.214s] Invoking command in '/home/rsa2021/py_pub_sub/build/zbar_ros_interfaces': CMAKE_PREFIX_PATH=/home/rsa2021/py_pub_sub/install/publisher3431:/opt/ros/foxy /usr/bin/cmake --build /home/rsa2021/py_pub_sub/build/zbar_ros_interfaces -- -j3 -l3
[3.161s] [  3%] Built target zbar_ros_interfaces__cpp
[3.162s] [ 12%] Built target zbar_ros_interfaces__rosidl_generator_c
[3.162s] [ 22%] Built target zbar_ros_interfaces__rosidl_typesupport_fastrtps_cpp
[3.162s] [ 32%] Built target zbar_ros_interfaces__rosidl_typesupport_introspection_cpp
[3.164s] [ 41%] Built target zbar_ros_interfaces__rosidl_typesupport_introspection_c
[3.164s] [ 51%] Built target zbar_ros_interfaces__rosidl_typesupport_c
[3.165s] [ 61%] Built target zbar_ros_interfaces__rosidl_typesupport_fastrtps_c
[3.165s] [ 70%] Built target zbar_ros_interfaces__rosidl_typesupport_cpp
[3.166s] [ 70%] Built target zbar_ros_interfaces
[3.364s] [ 74%] Built target zbar_ros_interfaces__py
[3.631s] [ 80%] Built target zbar_ros_interfaces__python
[3.893s] [ 87%] Built target zbar_ros_interfaces__rosidl_typesupport_introspection_c__pyext
[4.113s] [ 93%] Built target zbar_ros_interfaces__rosidl_typesupport_c__pyext
[4.349s] [100%] Built target zbar_ros_interfaces__rosidl_typesupport_fastrtps_c__pyext
[4.426s] Invoked command in '/home/rsa2021/py_pub_sub/build/zbar_ros_interfaces' returned '0': CMAKE_PREFIX_PATH=/home/rsa2021/py_pub_sub/install/publisher3431:/opt/ros/foxy /usr/bin/cmake --build /home/rsa2021/py_pub_sub/build/zbar_ros_interfaces -- -j3 -l3
[5.287s] Invoking command in '/home/rsa2021/py_pub_sub/build/zbar_ros_interfaces': CMAKE_PREFIX_PATH=/home/rsa2021/py_pub_sub/install/publisher3431:/opt/ros/foxy /usr/bin/cmake --install /home/rsa2021/py_pub_sub/build/zbar_ros_interfaces
[5.351s] -- Install configuration: ""
[5.351s] -- Up-to-date: /home/rsa2021/py_pub_sub/install/zbar_ros_interfaces/share/ament_index/resource_index/rosidl_interfaces/zbar_ros_interfaces
[5.357s] -- Up-to-date: /home/rsa2021/py_pub_sub/install/zbar_ros_interfaces/include/zbar_ros_interfaces
[5.363s] -- Up-to-date: /home/rsa2021/py_pub_sub/install/zbar_ros_interfaces/include/zbar_ros_interfaces/msg
[5.363s] -- Up-to-date: /home/rsa2021/py_pub_sub/install/zbar_ros_interfaces/include/zbar_ros_interfaces/msg/symbol.h
[5.364s] -- Up-to-date: /home/rsa2021/py_pub_sub/install/zbar_ros_interfaces/include/zbar_ros_interfaces/msg/detail
[5.365s] -- Up-to-date: /home/rsa2021/py_pub_sub/install/zbar_ros_interfaces/include/zbar_ros_interfaces/msg/detail/symbol__struct.h
[5.365s] -- Up-to-date: /home/rsa2021/py_pub_sub/install/zbar_ros_interfaces/include/zbar_ros_interfaces/msg/detail/symbol__functions.c
[5.367s] -- Up-to-date: /home/rsa2021/py_pub_sub/install/zbar_ros_interfaces/include/zbar_ros_interfaces/msg/detail/symbol__type_support.h
[5.368s] -- Up-to-date: /home/rsa2021/py_pub_sub/install/zbar_ros_interfaces/include/zbar_ros_interfaces/msg/detail/symbol__functions.h
[5.369s] -- Up-to-date: /home/rsa2021/py_pub_sub/install/zbar_ros_interfaces/include/zbar_ros_interfaces/msg/rosidl_generator_c__visibility_control.h
[5.369s] -- Up-to-date: /home/rsa2021/py_pub_sub/install/zbar_ros_interfaces/share/zbar_ros_interfaces/environment/library_path.sh
[5.369s] -- Up-to-date: /home/rsa2021/py_pub_sub/install/zbar_ros_interfaces/share/zbar_ros_interfaces/environment/library_path.dsv
[5.380s] -- Up-to-date: /home/rsa2021/py_pub_sub/install/zbar_ros_interfaces/lib/libzbar_ros_interfaces__rosidl_generator_c.so
[5.381s] -- Up-to-date: /home/rsa2021/py_pub_sub/install/zbar_ros_interfaces/include/zbar_ros_interfaces
[5.383s] -- Up-to-date: /home/rsa2021/py_pub_sub/install/zbar_ros_interfaces/include/zbar_ros_interfaces/msg
[5.384s] -- Up-to-date: /home/rsa2021/py_pub_sub/install/zbar_ros_interfaces/include/zbar_ros_interfaces/msg/detail
[5.385s] -- Up-to-date: /home/rsa2021/py_pub_sub/install/zbar_ros_interfaces/include/zbar_ros_interfaces/msg/detail/symbol__rosidl_typesupport_fastrtps_c.h
[5.391s] -- Up-to-date: /home/rsa2021/py_pub_sub/install/zbar_ros_interfaces/include/zbar_ros_interfaces/msg/rosidl_typesupport_fastrtps_c__visibility_control.h
[5.393s] -- Up-to-date: /home/rsa2021/py_pub_sub/install/zbar_ros_interfaces/lib/libzbar_ros_interfaces__rosidl_typesupport_fastrtps_c.so
[5.395s] -- Up-to-date: /home/rsa2021/py_pub_sub/install/zbar_ros_interfaces/include/zbar_ros_interfaces
[5.396s] -- Up-to-date: /home/rsa2021/py_pub_sub/install/zbar_ros_interfaces/include/zbar_ros_interfaces/msg
[5.401s] -- Up-to-date: /home/rsa2021/py_pub_sub/install/zbar_ros_interfaces/include/zbar_ros_interfaces/msg/rosidl_typesupport_fastrtps_cpp__visibility_control.h
[5.402s] -- Up-to-date: /home/rsa2021/py_pub_sub/install/zbar_ros_interfaces/include/zbar_ros_interfaces/msg/detail
[5.404s] -- Up-to-date: /home/rsa2021/py_pub_sub/install/zbar_ros_interfaces/include/zbar_ros_interfaces/msg/detail/dds_fastrtps
[5.405s] -- Up-to-date: /home/rsa2021/py_pub_sub/install/zbar_ros_interfaces/include/zbar_ros_interfaces/msg/detail/symbol__rosidl_typesupport_fastrtps_cpp.hpp
[5.411s] -- Up-to-date: /home/rsa2021/py_pub_sub/install/zbar_ros_interfaces/lib/libzbar_ros_interfaces__rosidl_typesupport_fastrtps_cpp.so
[5.416s] -- Up-to-date: /home/rsa2021/py_pub_sub/install/zbar_ros_interfaces/include/zbar_ros_interfaces
[5.417s] -- Up-to-date: /home/rsa2021/py_pub_sub/install/zbar_ros_interfaces/include/zbar_ros_interfaces/msg
[5.418s] -- Up-to-date: /home/rsa2021/py_pub_sub/install/zbar_ros_interfaces/include/zbar_ros_interfaces/msg/detail
[5.422s] -- Up-to-date: /home/rsa2021/py_pub_sub/install/zbar_ros_interfaces/include/zbar_ros_interfaces/msg/detail/symbol__rosidl_typesupport_introspection_c.h
[5.426s] -- Up-to-date: /home/rsa2021/py_pub_sub/install/zbar_ros_interfaces/include/zbar_ros_interfaces/msg/detail/symbol__type_support.c
[5.427s] -- Up-to-date: /home/rsa2021/py_pub_sub/install/zbar_ros_interfaces/include/zbar_ros_interfaces/msg/rosidl_typesupport_introspection_c__visibility_control.h
[5.431s] -- Up-to-date: /home/rsa2021/py_pub_sub/install/zbar_ros_interfaces/lib/libzbar_ros_interfaces__rosidl_typesupport_introspection_c.so
[5.435s] -- Up-to-date: /home/rsa2021/py_pub_sub/install/zbar_ros_interfaces/lib/libzbar_ros_interfaces__rosidl_typesupport_c.so
[5.437s] -- Up-to-date: /home/rsa2021/py_pub_sub/install/zbar_ros_interfaces/include/zbar_ros_interfaces
[5.439s] -- Up-to-date: /home/rsa2021/py_pub_sub/install/zbar_ros_interfaces/include/zbar_ros_interfaces/msg
[5.444s] -- Up-to-date: /home/rsa2021/py_pub_sub/install/zbar_ros_interfaces/include/zbar_ros_interfaces/msg/symbol.hpp
[5.446s] -- Up-to-date: /home/rsa2021/py_pub_sub/install/zbar_ros_interfaces/include/zbar_ros_interfaces/msg/detail
[5.447s] -- Up-to-date: /home/rsa2021/py_pub_sub/install/zbar_ros_interfaces/include/zbar_ros_interfaces/msg/detail/symbol__traits.hpp
[5.448s] -- Up-to-date: /home/rsa2021/py_pub_sub/install/zbar_ros_interfaces/include/zbar_ros_interfaces/msg/detail/symbol__builder.hpp
[5.448s] -- Up-to-date: /home/rsa2021/py_pub_sub/install/zbar_ros_interfaces/include/zbar_ros_interfaces/msg/detail/symbol__struct.hpp
[5.452s] -- Up-to-date: /home/rsa2021/py_pub_sub/install/zbar_ros_interfaces/include/zbar_ros_interfaces
[5.456s] -- Up-to-date: /home/rsa2021/py_pub_sub/install/zbar_ros_interfaces/include/zbar_ros_interfaces/msg
[5.458s] -- Up-to-date: /home/rsa2021/py_pub_sub/install/zbar_ros_interfaces/include/zbar_ros_interfaces/msg/detail
[5.461s] -- Up-to-date: /home/rsa2021/py_pub_sub/install/zbar_ros_interfaces/include/zbar_ros_interfaces/msg/detail/symbol__type_support.cpp
[5.462s] -- Up-to-date: /home/rsa2021/py_pub_sub/install/zbar_ros_interfaces/include/zbar_ros_interfaces/msg/detail/symbol__rosidl_typesupport_introspection_cpp.hpp
[5.462s] -- Up-to-date: /home/rsa2021/py_pub_sub/install/zbar_ros_interfaces/lib/libzbar_ros_interfaces__rosidl_typesupport_introspection_cpp.so
[5.471s] -- Up-to-date: /home/rsa2021/py_pub_sub/install/zbar_ros_interfaces/lib/libzbar_ros_interfaces__rosidl_typesupport_cpp.so
[5.473s] -- Up-to-date: /home/rsa2021/py_pub_sub/install/zbar_ros_interfaces/share/zbar_ros_interfaces/environment/pythonpath.sh
[5.473s] -- Up-to-date: /home/rsa2021/py_pub_sub/install/zbar_ros_interfaces/share/zbar_ros_interfaces/environment/pythonpath.dsv
[5.474s] -- Up-to-date: /home/rsa2021/py_pub_sub/install/zbar_ros_interfaces/lib/python3.8/site-packages/zbar_ros_interfaces/__init__.py
[6.023s] -- Up-to-date: /home/rsa2021/py_pub_sub/install/zbar_ros_interfaces/lib/python3.8/site-packages/zbar_ros_interfaces/msg
[6.023s] -- Up-to-date: /home/rsa2021/py_pub_sub/install/zbar_ros_interfaces/lib/python3.8/site-packages/zbar_ros_interfaces/msg/__init__.py
[6.024s] -- Up-to-date: /home/rsa2021/py_pub_sub/install/zbar_ros_interfaces/lib/python3.8/site-packages/zbar_ros_interfaces/msg/_symbol.py
[6.024s] -- Up-to-date: /home/rsa2021/py_pub_sub/install/zbar_ros_interfaces/lib/python3.8/site-packages/zbar_ros_interfaces/msg/_symbol_s.c
[6.033s] -- Up-to-date: /home/rsa2021/py_pub_sub/install/zbar_ros_interfaces/lib/python3.8/site-packages/zbar_ros_interfaces/zbar_ros_interfaces_s__rosidl_typesupport_fastrtps_c.cpython-38-x86_64-linux-gnu.so
[6.039s] -- Up-to-date: /home/rsa2021/py_pub_sub/install/zbar_ros_interfaces/lib/python3.8/site-packages/zbar_ros_interfaces/zbar_ros_interfaces_s__rosidl_typesupport_introspection_c.cpython-38-x86_64-linux-gnu.so
[6.050s] -- Up-to-date: /home/rsa2021/py_pub_sub/install/zbar_ros_interfaces/lib/python3.8/site-packages/zbar_ros_interfaces/zbar_ros_interfaces_s__rosidl_typesupport_c.cpython-38-x86_64-linux-gnu.so
[6.054s] -- Up-to-date: /home/rsa2021/py_pub_sub/install/zbar_ros_interfaces/lib/libzbar_ros_interfaces__python.so
[6.056s] -- Up-to-date: /home/rsa2021/py_pub_sub/install/zbar_ros_interfaces/share/zbar_ros_interfaces/msg/Symbol.idl
[6.057s] -- Up-to-date: /home/rsa2021/py_pub_sub/install/zbar_ros_interfaces/share/zbar_ros_interfaces/msg/Symbol.msg
[6.058s] -- Up-to-date: /home/rsa2021/py_pub_sub/install/zbar_ros_interfaces/share/ament_index/resource_index/package_run_dependencies/zbar_ros_interfaces
[6.058s] -- Up-to-date: /home/rsa2021/py_pub_sub/install/zbar_ros_interfaces/share/ament_index/resource_index/parent_prefix_path/zbar_ros_interfaces
[6.059s] -- Up-to-date: /home/rsa2021/py_pub_sub/install/zbar_ros_interfaces/share/zbar_ros_interfaces/environment/ament_prefix_path.sh
[6.059s] -- Up-to-date: /home/rsa2021/py_pub_sub/install/zbar_ros_interfaces/share/zbar_ros_interfaces/environment/ament_prefix_path.dsv
[6.059s] -- Up-to-date: /home/rsa2021/py_pub_sub/install/zbar_ros_interfaces/share/zbar_ros_interfaces/environment/path.sh
[6.061s] -- Up-to-date: /home/rsa2021/py_pub_sub/install/zbar_ros_interfaces/share/zbar_ros_interfaces/environment/path.dsv
[6.062s] -- Up-to-date: /home/rsa2021/py_pub_sub/install/zbar_ros_interfaces/share/zbar_ros_interfaces/local_setup.bash
[6.067s] -- Up-to-date: /home/rsa2021/py_pub_sub/install/zbar_ros_interfaces/share/zbar_ros_interfaces/local_setup.sh
[6.068s] -- Up-to-date: /home/rsa2021/py_pub_sub/install/zbar_ros_interfaces/share/zbar_ros_interfaces/local_setup.zsh
[6.069s] -- Up-to-date: /home/rsa2021/py_pub_sub/install/zbar_ros_interfaces/share/zbar_ros_interfaces/local_setup.dsv
[6.069s] -- Installing: /home/rsa2021/py_pub_sub/install/zbar_ros_interfaces/share/zbar_ros_interfaces/package.dsv
[6.070s] -- Up-to-date: /home/rsa2021/py_pub_sub/install/zbar_ros_interfaces/share/ament_index/resource_index/packages/zbar_ros_interfaces
[6.072s] -- Up-to-date: /home/rsa2021/py_pub_sub/install/zbar_ros_interfaces/share/zbar_ros_interfaces/cmake/zbar_ros_interfaces__rosidl_generator_cExport.cmake
[6.073s] -- Up-to-date: /home/rsa2021/py_pub_sub/install/zbar_ros_interfaces/share/zbar_ros_interfaces/cmake/zbar_ros_interfaces__rosidl_generator_cExport-noconfig.cmake
[6.077s] -- Up-to-date: /home/rsa2021/py_pub_sub/install/zbar_ros_interfaces/share/zbar_ros_interfaces/cmake/zbar_ros_interfaces__rosidl_typesupport_introspection_cExport.cmake
[6.078s] -- Up-to-date: /home/rsa2021/py_pub_sub/install/zbar_ros_interfaces/share/zbar_ros_interfaces/cmake/zbar_ros_interfaces__rosidl_typesupport_introspection_cExport-noconfig.cmake
[6.085s] -- Up-to-date: /home/rsa2021/py_pub_sub/install/zbar_ros_interfaces/share/zbar_ros_interfaces/cmake/zbar_ros_interfaces__rosidl_typesupport_cExport.cmake
[6.087s] -- Up-to-date: /home/rsa2021/py_pub_sub/install/zbar_ros_interfaces/share/zbar_ros_interfaces/cmake/zbar_ros_interfaces__rosidl_typesupport_cExport-noconfig.cmake
[6.096s] -- Up-to-date: /home/rsa2021/py_pub_sub/install/zbar_ros_interfaces/share/zbar_ros_interfaces/cmake/zbar_ros_interfaces__rosidl_generator_cppExport.cmake
[6.101s] -- Up-to-date: /home/rsa2021/py_pub_sub/install/zbar_ros_interfaces/share/zbar_ros_interfaces/cmake/zbar_ros_interfaces__rosidl_typesupport_introspection_cppExport.cmake
[6.105s] -- Up-to-date: /home/rsa2021/py_pub_sub/install/zbar_ros_interfaces/share/zbar_ros_interfaces/cmake/zbar_ros_interfaces__rosidl_typesupport_introspection_cppExport-noconfig.cmake
[6.106s] -- Up-to-date: /home/rsa2021/py_pub_sub/install/zbar_ros_interfaces/share/zbar_ros_interfaces/cmake/zbar_ros_interfaces__rosidl_typesupport_cppExport.cmake
[6.107s] -- Up-to-date: /home/rsa2021/py_pub_sub/install/zbar_ros_interfaces/share/zbar_ros_interfaces/cmake/zbar_ros_interfaces__rosidl_typesupport_cppExport-noconfig.cmake
[6.109s] -- Up-to-date: /home/rsa2021/py_pub_sub/install/zbar_ros_interfaces/share/zbar_ros_interfaces/cmake/rosidl_cmake-extras.cmake
[6.110s] -- Up-to-date: /home/rsa2021/py_pub_sub/install/zbar_ros_interfaces/share/zbar_ros_interfaces/cmake/ament_cmake_export_dependencies-extras.cmake
[6.110s] -- Up-to-date: /home/rsa2021/py_pub_sub/install/zbar_ros_interfaces/share/zbar_ros_interfaces/cmake/ament_cmake_export_libraries-extras.cmake
[6.111s] -- Up-to-date: /home/rsa2021/py_pub_sub/install/zbar_ros_interfaces/share/zbar_ros_interfaces/cmake/ament_cmake_export_targets-extras.cmake
[6.111s] -- Up-to-date: /home/rsa2021/py_pub_sub/install/zbar_ros_interfaces/share/zbar_ros_interfaces/cmake/ament_cmake_export_include_directories-extras.cmake
[6.117s] -- Up-to-date: /home/rsa2021/py_pub_sub/install/zbar_ros_interfaces/share/zbar_ros_interfaces/cmake/rosidl_cmake_export_typesupport_libraries-extras.cmake
[6.118s] -- Up-to-date: /home/rsa2021/py_pub_sub/install/zbar_ros_interfaces/share/zbar_ros_interfaces/cmake/rosidl_cmake_export_typesupport_targets-extras.cmake
[6.118s] -- Up-to-date: /home/rsa2021/py_pub_sub/install/zbar_ros_interfaces/share/zbar_ros_interfaces/cmake/zbar_ros_interfacesConfig.cmake
[6.119s] -- Up-to-date: /home/rsa2021/py_pub_sub/install/zbar_ros_interfaces/share/zbar_ros_interfaces/cmake/zbar_ros_interfacesConfig-version.cmake
[6.119s] -- Up-to-date: /home/rsa2021/py_pub_sub/install/zbar_ros_interfaces/share/zbar_ros_interfaces/package.xml
[6.142s] Invoked command in '/home/rsa2021/py_pub_sub/build/zbar_ros_interfaces' returned '0': CMAKE_PREFIX_PATH=/home/rsa2021/py_pub_sub/install/publisher3431:/opt/ros/foxy /usr/bin/cmake --install /home/rsa2021/py_pub_sub/build/zbar_ros_interfaces
