[2.351s] Invoking command in '/home/rsa2021/py_pub_sub/src/publisher3431': PYTHONPATH=/home/rsa2021/py_pub_sub/install/publisher3431/lib/python3.8/site-packages:${PYTHONPATH} /usr/bin/python3 setup.py egg_info --egg-base ../../build/publisher3431 build --build-base /home/rsa2021/py_pub_sub/build/publisher3431/build install --prefix /home/rsa2021/py_pub_sub/install/publisher3431 --record /home/rsa2021/py_pub_sub/build/publisher3431/install.log --single-version-externally-managed
[5.119s] running egg_info
[5.128s] writing ../../build/publisher3431/publisher3431.egg-info/PKG-INFO
[5.139s] writing dependency_links to ../../build/publisher3431/publisher3431.egg-info/dependency_links.txt
[5.140s] writing entry points to ../../build/publisher3431/publisher3431.egg-info/entry_points.txt
[5.141s] writing requirements to ../../build/publisher3431/publisher3431.egg-info/requires.txt
[5.141s] writing top-level names to ../../build/publisher3431/publisher3431.egg-info/top_level.txt
[5.382s] reading manifest file '../../build/publisher3431/publisher3431.egg-info/SOURCES.txt'
[5.386s] writing manifest file '../../build/publisher3431/publisher3431.egg-info/SOURCES.txt'
[5.390s] running build
[5.391s] running build_py
[5.392s] copying publisher3431/subscriber_ass2.py -> /home/rsa2021/py_pub_sub/build/publisher3431/build/lib/publisher3431
[5.398s] running install
[5.401s] running install_lib
[5.406s] copying /home/rsa2021/py_pub_sub/build/publisher3431/build/lib/publisher3431/subscriber_ass2.py -> /home/rsa2021/py_pub_sub/install/publisher3431/lib/python3.8/site-packages/publisher3431
[5.409s] byte-compiling /home/rsa2021/py_pub_sub/install/publisher3431/lib/python3.8/site-packages/publisher3431/subscriber_ass2.py to subscriber_ass2.cpython-38.pyc
[5.421s] running install_data
[5.426s] running install_egg_info
[5.434s] removing '/home/rsa2021/py_pub_sub/install/publisher3431/lib/python3.8/site-packages/publisher3431-0.0.0-py3.8.egg-info' (and everything under it)
[5.439s] Copying ../../build/publisher3431/publisher3431.egg-info to /home/rsa2021/py_pub_sub/install/publisher3431/lib/python3.8/site-packages/publisher3431-0.0.0-py3.8.egg-info
[5.444s] running install_scripts
[5.543s] Installing listener script to /home/rsa2021/py_pub_sub/install/publisher3431/lib/publisher3431
[5.544s] Installing listener_ass2 script to /home/rsa2021/py_pub_sub/install/publisher3431/lib/publisher3431
[5.546s] Installing talker script to /home/rsa2021/py_pub_sub/install/publisher3431/lib/publisher3431
[5.551s] writing list of installed files to '/home/rsa2021/py_pub_sub/build/publisher3431/install.log'
[5.667s] Invoked command in '/home/rsa2021/py_pub_sub/src/publisher3431' returned '0': PYTHONPATH=/home/rsa2021/py_pub_sub/install/publisher3431/lib/python3.8/site-packages:${PYTHONPATH} /usr/bin/python3 setup.py egg_info --egg-base ../../build/publisher3431 build --build-base /home/rsa2021/py_pub_sub/build/publisher3431/build install --prefix /home/rsa2021/py_pub_sub/install/publisher3431 --record /home/rsa2021/py_pub_sub/build/publisher3431/install.log --single-version-externally-managed
