[0.392s] Invoking command in '/home/rsa2021/py_pub_sub/src/publisher3431': PYTHONPATH=/home/rsa2021/py_pub_sub/install/publisher3431/lib/python3.8/site-packages:${PYTHONPATH} /usr/bin/python3 setup.py egg_info --egg-base ../../build/publisher3431 build --build-base /home/rsa2021/py_pub_sub/build/publisher3431/build install --prefix /home/rsa2021/py_pub_sub/install/publisher3431 --record /home/rsa2021/py_pub_sub/build/publisher3431/install.log --single-version-externally-managed
[0.742s] running egg_info
[0.744s] writing ../../build/publisher3431/publisher3431.egg-info/PKG-INFO
[0.745s] writing dependency_links to ../../build/publisher3431/publisher3431.egg-info/dependency_links.txt
[0.746s] writing entry points to ../../build/publisher3431/publisher3431.egg-info/entry_points.txt
[0.747s] writing requirements to ../../build/publisher3431/publisher3431.egg-info/requires.txt
[0.748s] writing top-level names to ../../build/publisher3431/publisher3431.egg-info/top_level.txt
[0.808s] reading manifest file '../../build/publisher3431/publisher3431.egg-info/SOURCES.txt'
[0.810s] writing manifest file '../../build/publisher3431/publisher3431.egg-info/SOURCES.txt'
[0.810s] running build
[0.810s] running build_py
[0.811s] copying publisher3431/subscriber_ass2.py -> /home/rsa2021/py_pub_sub/build/publisher3431/build/lib/publisher3431
[0.812s] running install
[0.813s] running install_lib
[0.815s] copying /home/rsa2021/py_pub_sub/build/publisher3431/build/lib/publisher3431/subscriber_ass2.py -> /home/rsa2021/py_pub_sub/install/publisher3431/lib/python3.8/site-packages/publisher3431
[0.816s] byte-compiling /home/rsa2021/py_pub_sub/install/publisher3431/lib/python3.8/site-packages/publisher3431/subscriber_ass2.py to subscriber_ass2.cpython-38.pyc
[0.820s] running install_data
[0.821s] running install_egg_info
[0.824s] removing '/home/rsa2021/py_pub_sub/install/publisher3431/lib/python3.8/site-packages/publisher3431-0.0.0-py3.8.egg-info' (and everything under it)
[0.825s] Copying ../../build/publisher3431/publisher3431.egg-info to /home/rsa2021/py_pub_sub/install/publisher3431/lib/python3.8/site-packages/publisher3431-0.0.0-py3.8.egg-info
[0.826s] running install_scripts
[0.901s] Installing listener script to /home/rsa2021/py_pub_sub/install/publisher3431/lib/publisher3431
[0.902s] Installing listener_ass2 script to /home/rsa2021/py_pub_sub/install/publisher3431/lib/publisher3431
[0.903s] Installing talker script to /home/rsa2021/py_pub_sub/install/publisher3431/lib/publisher3431
[0.904s] writing list of installed files to '/home/rsa2021/py_pub_sub/build/publisher3431/install.log'
[0.948s] Invoked command in '/home/rsa2021/py_pub_sub/src/publisher3431' returned '0': PYTHONPATH=/home/rsa2021/py_pub_sub/install/publisher3431/lib/python3.8/site-packages:${PYTHONPATH} /usr/bin/python3 setup.py egg_info --egg-base ../../build/publisher3431 build --build-base /home/rsa2021/py_pub_sub/build/publisher3431/build install --prefix /home/rsa2021/py_pub_sub/install/publisher3431 --record /home/rsa2021/py_pub_sub/build/publisher3431/install.log --single-version-externally-managed
