[2.233s] Invoking command in '/home/rsa2021/py_pub_sub/src/publisher3431': PYTHONPATH=/home/rsa2021/py_pub_sub/install/publisher3431/lib/python3.8/site-packages:${PYTHONPATH} /usr/bin/python3 setup.py egg_info --egg-base ../../build/publisher3431 build --build-base /home/rsa2021/py_pub_sub/build/publisher3431/build install --prefix /home/rsa2021/py_pub_sub/install/publisher3431 --record /home/rsa2021/py_pub_sub/build/publisher3431/install.log --single-version-externally-managed
[4.369s] running egg_info
[4.374s] writing ../../build/publisher3431/publisher3431.egg-info/PKG-INFO
[4.378s] writing dependency_links to ../../build/publisher3431/publisher3431.egg-info/dependency_links.txt
[4.381s] writing entry points to ../../build/publisher3431/publisher3431.egg-info/entry_points.txt
[4.386s] writing requirements to ../../build/publisher3431/publisher3431.egg-info/requires.txt
[4.388s] writing top-level names to ../../build/publisher3431/publisher3431.egg-info/top_level.txt
[4.649s] reading manifest file '../../build/publisher3431/publisher3431.egg-info/SOURCES.txt'
[4.652s] writing manifest file '../../build/publisher3431/publisher3431.egg-info/SOURCES.txt'
[4.652s] running build
[4.652s] running build_py
[4.654s] copying publisher3431/subscriber_ass2.py -> /home/rsa2021/py_pub_sub/build/publisher3431/build/lib/publisher3431
[4.658s] running install
[4.665s] running install_lib
[4.675s] copying /home/rsa2021/py_pub_sub/build/publisher3431/build/lib/publisher3431/subscriber_ass2.py -> /home/rsa2021/py_pub_sub/install/publisher3431/lib/python3.8/site-packages/publisher3431
[4.678s] byte-compiling /home/rsa2021/py_pub_sub/install/publisher3431/lib/python3.8/site-packages/publisher3431/subscriber_ass2.py to subscriber_ass2.cpython-38.pyc
[4.689s] running install_data
[4.692s] running install_egg_info
[4.696s] removing '/home/rsa2021/py_pub_sub/install/publisher3431/lib/python3.8/site-packages/publisher3431-0.0.0-py3.8.egg-info' (and everything under it)
[4.696s] Copying ../../build/publisher3431/publisher3431.egg-info to /home/rsa2021/py_pub_sub/install/publisher3431/lib/python3.8/site-packages/publisher3431-0.0.0-py3.8.egg-info
[4.703s] running install_scripts
[4.764s] Installing listener script to /home/rsa2021/py_pub_sub/install/publisher3431/lib/publisher3431
[4.765s] Installing listener_ass2 script to /home/rsa2021/py_pub_sub/install/publisher3431/lib/publisher3431
[4.765s] Installing talker script to /home/rsa2021/py_pub_sub/install/publisher3431/lib/publisher3431
[4.768s] writing list of installed files to '/home/rsa2021/py_pub_sub/build/publisher3431/install.log'
[4.935s] Invoked command in '/home/rsa2021/py_pub_sub/src/publisher3431' returned '0': PYTHONPATH=/home/rsa2021/py_pub_sub/install/publisher3431/lib/python3.8/site-packages:${PYTHONPATH} /usr/bin/python3 setup.py egg_info --egg-base ../../build/publisher3431 build --build-base /home/rsa2021/py_pub_sub/build/publisher3431/build install --prefix /home/rsa2021/py_pub_sub/install/publisher3431 --record /home/rsa2021/py_pub_sub/build/publisher3431/install.log --single-version-externally-managed
