[0.923s] Invoking command in '/home/rsa2021/py_pub_sub/src/publisher3431': PYTHONPATH=/home/rsa2021/py_pub_sub/install/publisher3431/lib/python3.8/site-packages:${PYTHONPATH} /usr/bin/python3 setup.py egg_info --egg-base ../../build/publisher3431 build --build-base /home/rsa2021/py_pub_sub/build/publisher3431/build install --prefix /home/rsa2021/py_pub_sub/install/publisher3431 --record /home/rsa2021/py_pub_sub/build/publisher3431/install.log --single-version-externally-managed
[1.717s] running egg_info
[1.719s] writing ../../build/publisher3431/publisher3431.egg-info/PKG-INFO
[1.720s] writing dependency_links to ../../build/publisher3431/publisher3431.egg-info/dependency_links.txt
[1.721s] writing entry points to ../../build/publisher3431/publisher3431.egg-info/entry_points.txt
[1.722s] writing requirements to ../../build/publisher3431/publisher3431.egg-info/requires.txt
[1.729s] writing top-level names to ../../build/publisher3431/publisher3431.egg-info/top_level.txt
[1.842s] reading manifest file '../../build/publisher3431/publisher3431.egg-info/SOURCES.txt'
[1.845s] writing manifest file '../../build/publisher3431/publisher3431.egg-info/SOURCES.txt'
[1.846s] running build
[1.846s] running build_py
[1.847s] running install
[1.849s] running install_lib
[1.854s] running install_data
[1.856s] running install_egg_info
[1.860s] removing '/home/rsa2021/py_pub_sub/install/publisher3431/lib/python3.8/site-packages/publisher3431-0.0.0-py3.8.egg-info' (and everything under it)
[1.862s] Copying ../../build/publisher3431/publisher3431.egg-info to /home/rsa2021/py_pub_sub/install/publisher3431/lib/python3.8/site-packages/publisher3431-0.0.0-py3.8.egg-info
[1.866s] running install_scripts
[1.927s] Installing listener script to /home/rsa2021/py_pub_sub/install/publisher3431/lib/publisher3431
[1.929s] Installing listener_ass2 script to /home/rsa2021/py_pub_sub/install/publisher3431/lib/publisher3431
[1.933s] Installing talker script to /home/rsa2021/py_pub_sub/install/publisher3431/lib/publisher3431
[1.941s] writing list of installed files to '/home/rsa2021/py_pub_sub/build/publisher3431/install.log'
[2.019s] Invoked command in '/home/rsa2021/py_pub_sub/src/publisher3431' returned '0': PYTHONPATH=/home/rsa2021/py_pub_sub/install/publisher3431/lib/python3.8/site-packages:${PYTHONPATH} /usr/bin/python3 setup.py egg_info --egg-base ../../build/publisher3431 build --build-base /home/rsa2021/py_pub_sub/build/publisher3431/build install --prefix /home/rsa2021/py_pub_sub/install/publisher3431 --record /home/rsa2021/py_pub_sub/build/publisher3431/install.log --single-version-externally-managed
