[1.020s] Invoking command in '/home/rsa2021/py_pub_sub/src/publisher3431': PYTHONPATH=/home/rsa2021/py_pub_sub/install/publisher3431/lib/python3.8/site-packages:${PYTHONPATH} /usr/bin/python3 setup.py egg_info --egg-base ../../build/publisher3431 build --build-base /home/rsa2021/py_pub_sub/build/publisher3431/build install --prefix /home/rsa2021/py_pub_sub/install/publisher3431 --record /home/rsa2021/py_pub_sub/build/publisher3431/install.log --single-version-externally-managed
[1.889s] running egg_info
[1.892s] writing ../../build/publisher3431/publisher3431.egg-info/PKG-INFO
[1.893s] writing dependency_links to ../../build/publisher3431/publisher3431.egg-info/dependency_links.txt
[1.895s] writing entry points to ../../build/publisher3431/publisher3431.egg-info/entry_points.txt
[1.897s] writing requirements to ../../build/publisher3431/publisher3431.egg-info/requires.txt
[1.898s] writing top-level names to ../../build/publisher3431/publisher3431.egg-info/top_level.txt
[2.052s] reading manifest file '../../build/publisher3431/publisher3431.egg-info/SOURCES.txt'
[2.056s] writing manifest file '../../build/publisher3431/publisher3431.egg-info/SOURCES.txt'
[2.057s] running build
[2.058s] running build_py
[2.059s] copying publisher3431/subscriber_ass2.py -> /home/rsa2021/py_pub_sub/build/publisher3431/build/lib/publisher3431
[2.061s] running install
[2.065s] running install_lib
[2.070s] copying /home/rsa2021/py_pub_sub/build/publisher3431/build/lib/publisher3431/subscriber_ass2.py -> /home/rsa2021/py_pub_sub/install/publisher3431/lib/python3.8/site-packages/publisher3431
[2.073s] byte-compiling /home/rsa2021/py_pub_sub/install/publisher3431/lib/python3.8/site-packages/publisher3431/subscriber_ass2.py to subscriber_ass2.cpython-38.pyc
[2.081s] running install_data
[2.084s] running install_egg_info
[2.091s] removing '/home/rsa2021/py_pub_sub/install/publisher3431/lib/python3.8/site-packages/publisher3431-0.0.0-py3.8.egg-info' (and everything under it)
[2.092s] Copying ../../build/publisher3431/publisher3431.egg-info to /home/rsa2021/py_pub_sub/install/publisher3431/lib/python3.8/site-packages/publisher3431-0.0.0-py3.8.egg-info
[2.095s] running install_scripts
[2.145s] Installing listener script to /home/rsa2021/py_pub_sub/install/publisher3431/lib/publisher3431
[2.147s] Installing listener_ass2 script to /home/rsa2021/py_pub_sub/install/publisher3431/lib/publisher3431
[2.147s] Installing talker script to /home/rsa2021/py_pub_sub/install/publisher3431/lib/publisher3431
[2.149s] writing list of installed files to '/home/rsa2021/py_pub_sub/build/publisher3431/install.log'
[2.222s] Invoked command in '/home/rsa2021/py_pub_sub/src/publisher3431' returned '0': PYTHONPATH=/home/rsa2021/py_pub_sub/install/publisher3431/lib/python3.8/site-packages:${PYTHONPATH} /usr/bin/python3 setup.py egg_info --egg-base ../../build/publisher3431 build --build-base /home/rsa2021/py_pub_sub/build/publisher3431/build install --prefix /home/rsa2021/py_pub_sub/install/publisher3431 --record /home/rsa2021/py_pub_sub/build/publisher3431/install.log --single-version-externally-managed
