[1.606s] DEBUG:colcon:Command line arguments: ['/usr/bin/colcon', 'build']
[1.606s] DEBUG:colcon:Parsed command line arguments: Namespace(ament_cmake_args=None, base_paths=['.'], build_base='build', catkin_cmake_args=None, catkin_skip_building_tests=False, cmake_args=None, cmake_clean_cache=False, cmake_clean_first=False, cmake_force_configure=False, cmake_target=None, cmake_target_skip_unavailable=False, continue_on_error=False, event_handlers=None, executor='parallel', ignore_user_meta=False, install_base='install', log_base=None, log_level=None, main=<bound method BuildVerb.main of <colcon_core.verb.build.BuildVerb object at 0x7f3c0cdf4040>>, merge_install=False, metas=['./colcon.meta'], packages_above=None, packages_above_and_dependencies=None, packages_above_depth=None, packages_end=None, packages_ignore=None, packages_ignore_regex=None, packages_select=None, packages_select_build_failed=False, packages_select_by_dep=None, packages_select_regex=None, packages_select_test_failures=False, packages_skip=None, packages_skip_build_finished=False, packages_skip_by_dep=None, packages_skip_regex=None, packages_skip_test_passed=False, packages_skip_up_to=None, packages_start=None, packages_up_to=None, packages_up_to_regex=None, parallel_workers=3, paths=None, symlink_install=False, test_result_base=None, verb_extension=<colcon_core.verb.build.BuildVerb object at 0x7f3c0cdf4040>, verb_name='build', verb_parser=<colcon_defaults.argument_parser.defaults.DefaultArgumentsDecorator object at 0x7f3c0cdf45b0>)
[1.646s] Level 1:colcon.colcon_core.package_discovery:discover_packages(colcon_meta) check parameters
[1.646s] Level 1:colcon.colcon_core.package_discovery:discover_packages(recursive) check parameters
[1.646s] Level 1:colcon.colcon_core.package_discovery:discover_packages(ignore) check parameters
[1.646s] Level 1:colcon.colcon_core.package_discovery:discover_packages(path) check parameters
[1.646s] Level 1:colcon.colcon_core.package_discovery:discover_packages(colcon_meta) discover
[1.647s] Level 1:colcon.colcon_core.package_discovery:discover_packages(recursive) discover
[1.647s] INFO:colcon.colcon_core.package_discovery:Crawling recursively for packages in '/home/rsa2021/py_pub_sub'
[1.647s] Level 1:colcon.colcon_core.package_identification:_identify(.) by extensions ['ignore', 'ignore_ament_install']
[1.647s] Level 1:colcon.colcon_core.package_identification:_identify(.) by extension 'ignore'
[1.647s] Level 1:colcon.colcon_core.package_identification:_identify(.) by extension 'ignore_ament_install'
[1.647s] Level 1:colcon.colcon_core.package_identification:_identify(.) by extensions ['colcon_pkg']
[1.647s] Level 1:colcon.colcon_core.package_identification:_identify(.) by extension 'colcon_pkg'
[1.647s] Level 1:colcon.colcon_core.package_identification:_identify(.) by extensions ['colcon_meta']
[1.647s] Level 1:colcon.colcon_core.package_identification:_identify(.) by extension 'colcon_meta'
[1.647s] Level 1:colcon.colcon_core.package_identification:_identify(.) by extensions ['ros']
[1.647s] Level 1:colcon.colcon_core.package_identification:_identify(.) by extension 'ros'
[1.684s] Level 1:colcon.colcon_core.package_identification:_identify(.) by extensions ['cmake', 'python']
[1.684s] Level 1:colcon.colcon_core.package_identification:_identify(.) by extension 'cmake'
[1.684s] Level 1:colcon.colcon_core.package_identification:_identify(.) by extension 'python'
[1.684s] Level 1:colcon.colcon_core.package_identification:_identify(.) by extensions ['python_setup_py']
[1.684s] Level 1:colcon.colcon_core.package_identification:_identify(.) by extension 'python_setup_py'
[1.684s] Level 1:colcon.colcon_core.package_identification:_identify(build) by extensions ['ignore', 'ignore_ament_install']
[1.684s] Level 1:colcon.colcon_core.package_identification:_identify(build) by extension 'ignore'
[1.685s] Level 1:colcon.colcon_core.package_identification:_identify(build) ignored
[1.685s] Level 1:colcon.colcon_core.package_identification:_identify(install) by extensions ['ignore', 'ignore_ament_install']
[1.685s] Level 1:colcon.colcon_core.package_identification:_identify(install) by extension 'ignore'
[1.685s] Level 1:colcon.colcon_core.package_identification:_identify(install) ignored
[1.686s] Level 1:colcon.colcon_core.package_identification:_identify(log) by extensions ['ignore', 'ignore_ament_install']
[1.686s] Level 1:colcon.colcon_core.package_identification:_identify(log) by extension 'ignore'
[1.686s] Level 1:colcon.colcon_core.package_identification:_identify(log) ignored
[1.686s] Level 1:colcon.colcon_core.package_identification:_identify(src) by extensions ['ignore', 'ignore_ament_install']
[1.686s] Level 1:colcon.colcon_core.package_identification:_identify(src) by extension 'ignore'
[1.686s] Level 1:colcon.colcon_core.package_identification:_identify(src) by extension 'ignore_ament_install'
[1.686s] Level 1:colcon.colcon_core.package_identification:_identify(src) by extensions ['colcon_pkg']
[1.686s] Level 1:colcon.colcon_core.package_identification:_identify(src) by extension 'colcon_pkg'
[1.686s] Level 1:colcon.colcon_core.package_identification:_identify(src) by extensions ['colcon_meta']
[1.686s] Level 1:colcon.colcon_core.package_identification:_identify(src) by extension 'colcon_meta'
[1.686s] Level 1:colcon.colcon_core.package_identification:_identify(src) by extensions ['ros']
[1.686s] Level 1:colcon.colcon_core.package_identification:_identify(src) by extension 'ros'
[1.686s] Level 1:colcon.colcon_core.package_identification:_identify(src) by extensions ['cmake', 'python']
[1.686s] Level 1:colcon.colcon_core.package_identification:_identify(src) by extension 'cmake'
[1.686s] Level 1:colcon.colcon_core.package_identification:_identify(src) by extension 'python'
[1.687s] Level 1:colcon.colcon_core.package_identification:_identify(src) by extensions ['python_setup_py']
[1.687s] Level 1:colcon.colcon_core.package_identification:_identify(src) by extension 'python_setup_py'
[1.687s] Level 1:colcon.colcon_core.package_identification:_identify(src/image_publisher) by extensions ['ignore', 'ignore_ament_install']
[1.687s] Level 1:colcon.colcon_core.package_identification:_identify(src/image_publisher) by extension 'ignore'
[1.687s] Level 1:colcon.colcon_core.package_identification:_identify(src/image_publisher) by extension 'ignore_ament_install'
[1.687s] Level 1:colcon.colcon_core.package_identification:_identify(src/image_publisher) by extensions ['colcon_pkg']
[1.687s] Level 1:colcon.colcon_core.package_identification:_identify(src/image_publisher) by extension 'colcon_pkg'
[1.687s] Level 1:colcon.colcon_core.package_identification:_identify(src/image_publisher) by extensions ['colcon_meta']
[1.687s] Level 1:colcon.colcon_core.package_identification:_identify(src/image_publisher) by extension 'colcon_meta'
[1.687s] Level 1:colcon.colcon_core.package_identification:_identify(src/image_publisher) by extensions ['ros']
[1.687s] Level 1:colcon.colcon_core.package_identification:_identify(src/image_publisher) by extension 'ros'
[1.696s] DEBUG:colcon.colcon_core.package_identification:Package 'src/image_publisher' with type 'ros.ament_cmake' and name 'image_publisher'
[1.696s] Level 1:colcon.colcon_core.package_identification:_identify(src/publisher3431) by extensions ['ignore', 'ignore_ament_install']
[1.696s] Level 1:colcon.colcon_core.package_identification:_identify(src/publisher3431) by extension 'ignore'
[1.696s] Level 1:colcon.colcon_core.package_identification:_identify(src/publisher3431) by extension 'ignore_ament_install'
[1.696s] Level 1:colcon.colcon_core.package_identification:_identify(src/publisher3431) by extensions ['colcon_pkg']
[1.696s] Level 1:colcon.colcon_core.package_identification:_identify(src/publisher3431) by extension 'colcon_pkg'
[1.696s] Level 1:colcon.colcon_core.package_identification:_identify(src/publisher3431) by extensions ['colcon_meta']
[1.696s] Level 1:colcon.colcon_core.package_identification:_identify(src/publisher3431) by extension 'colcon_meta'
[1.696s] Level 1:colcon.colcon_core.package_identification:_identify(src/publisher3431) by extensions ['ros']
[1.696s] Level 1:colcon.colcon_core.package_identification:_identify(src/publisher3431) by extension 'ros'
[1.699s] DEBUG:colcon.colcon_core.package_identification:Package 'src/publisher3431' with type 'ros.ament_python' and name 'publisher3431'
[1.699s] Level 1:colcon.colcon_core.package_identification:_identify(src/zbar_ros) by extensions ['ignore', 'ignore_ament_install']
[1.699s] Level 1:colcon.colcon_core.package_identification:_identify(src/zbar_ros) by extension 'ignore'
[1.699s] Level 1:colcon.colcon_core.package_identification:_identify(src/zbar_ros) by extension 'ignore_ament_install'
[1.699s] Level 1:colcon.colcon_core.package_identification:_identify(src/zbar_ros) by extensions ['colcon_pkg']
[1.699s] Level 1:colcon.colcon_core.package_identification:_identify(src/zbar_ros) by extension 'colcon_pkg'
[1.699s] Level 1:colcon.colcon_core.package_identification:_identify(src/zbar_ros) by extensions ['colcon_meta']
[1.699s] Level 1:colcon.colcon_core.package_identification:_identify(src/zbar_ros) by extension 'colcon_meta'
[1.699s] Level 1:colcon.colcon_core.package_identification:_identify(src/zbar_ros) by extensions ['ros']
[1.699s] Level 1:colcon.colcon_core.package_identification:_identify(src/zbar_ros) by extension 'ros'
[1.701s] DEBUG:colcon.colcon_core.package_identification:Package 'src/zbar_ros' with type 'ros.ament_cmake' and name 'zbar_ros'
[1.702s] Level 1:colcon.colcon_core.package_identification:_identify(src/zbar_ros_interfaces) by extensions ['ignore', 'ignore_ament_install']
[1.702s] Level 1:colcon.colcon_core.package_identification:_identify(src/zbar_ros_interfaces) by extension 'ignore'
[1.702s] Level 1:colcon.colcon_core.package_identification:_identify(src/zbar_ros_interfaces) by extension 'ignore_ament_install'
[1.702s] Level 1:colcon.colcon_core.package_identification:_identify(src/zbar_ros_interfaces) by extensions ['colcon_pkg']
[1.702s] Level 1:colcon.colcon_core.package_identification:_identify(src/zbar_ros_interfaces) by extension 'colcon_pkg'
[1.702s] Level 1:colcon.colcon_core.package_identification:_identify(src/zbar_ros_interfaces) by extensions ['colcon_meta']
[1.702s] Level 1:colcon.colcon_core.package_identification:_identify(src/zbar_ros_interfaces) by extension 'colcon_meta'
[1.702s] Level 1:colcon.colcon_core.package_identification:_identify(src/zbar_ros_interfaces) by extensions ['ros']
[1.702s] Level 1:colcon.colcon_core.package_identification:_identify(src/zbar_ros_interfaces) by extension 'ros'
[1.704s] DEBUG:colcon.colcon_core.package_identification:Package 'src/zbar_ros_interfaces' with type 'ros.ament_cmake' and name 'zbar_ros_interfaces'
[1.704s] Level 1:colcon.colcon_core.package_discovery:discover_packages(recursive) using defaults
[1.704s] Level 1:colcon.colcon_core.package_discovery:discover_packages(ignore) discover
[1.704s] Level 1:colcon.colcon_core.package_discovery:discover_packages(ignore) using defaults
[1.704s] Level 1:colcon.colcon_core.package_discovery:discover_packages(path) discover
[1.704s] Level 1:colcon.colcon_core.package_discovery:discover_packages(path) using defaults
[1.760s] Level 5:colcon.colcon_core.verb:set package 'image_publisher' build argument 'cmake_args' from command line to 'None'
[1.760s] Level 5:colcon.colcon_core.verb:set package 'image_publisher' build argument 'cmake_target' from command line to 'None'
[1.761s] Level 5:colcon.colcon_core.verb:set package 'image_publisher' build argument 'cmake_target_skip_unavailable' from command line to 'False'
[1.761s] Level 5:colcon.colcon_core.verb:set package 'image_publisher' build argument 'cmake_clean_cache' from command line to 'False'
[1.761s] Level 5:colcon.colcon_core.verb:set package 'image_publisher' build argument 'cmake_clean_first' from command line to 'False'
[1.761s] Level 5:colcon.colcon_core.verb:set package 'image_publisher' build argument 'cmake_force_configure' from command line to 'False'
[1.761s] Level 5:colcon.colcon_core.verb:set package 'image_publisher' build argument 'ament_cmake_args' from command line to 'None'
[1.761s] Level 5:colcon.colcon_core.verb:set package 'image_publisher' build argument 'catkin_cmake_args' from command line to 'None'
[1.761s] Level 5:colcon.colcon_core.verb:set package 'image_publisher' build argument 'catkin_skip_building_tests' from command line to 'False'
[1.761s] DEBUG:colcon.colcon_core.verb:Building package 'image_publisher' with the following arguments: {'ament_cmake_args': None, 'build_base': '/home/rsa2021/py_pub_sub/build/image_publisher', 'catkin_cmake_args': None, 'catkin_skip_building_tests': False, 'cmake_args': None, 'cmake_clean_cache': False, 'cmake_clean_first': False, 'cmake_force_configure': False, 'cmake_target': None, 'cmake_target_skip_unavailable': False, 'install_base': '/home/rsa2021/py_pub_sub/install/image_publisher', 'merge_install': False, 'path': '/home/rsa2021/py_pub_sub/src/image_publisher', 'symlink_install': False, 'test_result_base': None}
[1.764s] Level 5:colcon.colcon_core.verb:set package 'publisher3431' build argument 'cmake_args' from command line to 'None'
[1.764s] Level 5:colcon.colcon_core.verb:set package 'publisher3431' build argument 'cmake_target' from command line to 'None'
[1.764s] Level 5:colcon.colcon_core.verb:set package 'publisher3431' build argument 'cmake_target_skip_unavailable' from command line to 'False'
[1.764s] Level 5:colcon.colcon_core.verb:set package 'publisher3431' build argument 'cmake_clean_cache' from command line to 'False'
[1.764s] Level 5:colcon.colcon_core.verb:set package 'publisher3431' build argument 'cmake_clean_first' from command line to 'False'
[1.764s] Level 5:colcon.colcon_core.verb:set package 'publisher3431' build argument 'cmake_force_configure' from command line to 'False'
[1.764s] Level 5:colcon.colcon_core.verb:set package 'publisher3431' build argument 'ament_cmake_args' from command line to 'None'
[1.764s] Level 5:colcon.colcon_core.verb:set package 'publisher3431' build argument 'catkin_cmake_args' from command line to 'None'
[1.764s] Level 5:colcon.colcon_core.verb:set package 'publisher3431' build argument 'catkin_skip_building_tests' from command line to 'False'
[1.764s] DEBUG:colcon.colcon_core.verb:Building package 'publisher3431' with the following arguments: {'ament_cmake_args': None, 'build_base': '/home/rsa2021/py_pub_sub/build/publisher3431', 'catkin_cmake_args': None, 'catkin_skip_building_tests': False, 'cmake_args': None, 'cmake_clean_cache': False, 'cmake_clean_first': False, 'cmake_force_configure': False, 'cmake_target': None, 'cmake_target_skip_unavailable': False, 'install_base': '/home/rsa2021/py_pub_sub/install/publisher3431', 'merge_install': False, 'path': '/home/rsa2021/py_pub_sub/src/publisher3431', 'symlink_install': False, 'test_result_base': None}
[1.767s] Level 5:colcon.colcon_core.verb:set package 'zbar_ros_interfaces' build argument 'cmake_args' from command line to 'None'
[1.767s] Level 5:colcon.colcon_core.verb:set package 'zbar_ros_interfaces' build argument 'cmake_target' from command line to 'None'
[1.767s] Level 5:colcon.colcon_core.verb:set package 'zbar_ros_interfaces' build argument 'cmake_target_skip_unavailable' from command line to 'False'
[1.767s] Level 5:colcon.colcon_core.verb:set package 'zbar_ros_interfaces' build argument 'cmake_clean_cache' from command line to 'False'
[1.767s] Level 5:colcon.colcon_core.verb:set package 'zbar_ros_interfaces' build argument 'cmake_clean_first' from command line to 'False'
[1.767s] Level 5:colcon.colcon_core.verb:set package 'zbar_ros_interfaces' build argument 'cmake_force_configure' from command line to 'False'
[1.767s] Level 5:colcon.colcon_core.verb:set package 'zbar_ros_interfaces' build argument 'ament_cmake_args' from command line to 'None'
[1.767s] Level 5:colcon.colcon_core.verb:set package 'zbar_ros_interfaces' build argument 'catkin_cmake_args' from command line to 'None'
[1.767s] Level 5:colcon.colcon_core.verb:set package 'zbar_ros_interfaces' build argument 'catkin_skip_building_tests' from command line to 'False'
[1.767s] DEBUG:colcon.colcon_core.verb:Building package 'zbar_ros_interfaces' with the following arguments: {'ament_cmake_args': None, 'build_base': '/home/rsa2021/py_pub_sub/build/zbar_ros_interfaces', 'catkin_cmake_args': None, 'catkin_skip_building_tests': False, 'cmake_args': None, 'cmake_clean_cache': False, 'cmake_clean_first': False, 'cmake_force_configure': False, 'cmake_target': None, 'cmake_target_skip_unavailable': False, 'install_base': '/home/rsa2021/py_pub_sub/install/zbar_ros_interfaces', 'merge_install': False, 'path': '/home/rsa2021/py_pub_sub/src/zbar_ros_interfaces', 'symlink_install': False, 'test_result_base': None}
[1.769s] Level 5:colcon.colcon_core.verb:set package 'zbar_ros' build argument 'cmake_args' from command line to 'None'
[1.769s] Level 5:colcon.colcon_core.verb:set package 'zbar_ros' build argument 'cmake_target' from command line to 'None'
[1.769s] Level 5:colcon.colcon_core.verb:set package 'zbar_ros' build argument 'cmake_target_skip_unavailable' from command line to 'False'
[1.769s] Level 5:colcon.colcon_core.verb:set package 'zbar_ros' build argument 'cmake_clean_cache' from command line to 'False'
[1.769s] Level 5:colcon.colcon_core.verb:set package 'zbar_ros' build argument 'cmake_clean_first' from command line to 'False'
[1.769s] Level 5:colcon.colcon_core.verb:set package 'zbar_ros' build argument 'cmake_force_configure' from command line to 'False'
[1.770s] Level 5:colcon.colcon_core.verb:set package 'zbar_ros' build argument 'ament_cmake_args' from command line to 'None'
[1.770s] Level 5:colcon.colcon_core.verb:set package 'zbar_ros' build argument 'catkin_cmake_args' from command line to 'None'
[1.770s] Level 5:colcon.colcon_core.verb:set package 'zbar_ros' build argument 'catkin_skip_building_tests' from command line to 'False'
[1.770s] DEBUG:colcon.colcon_core.verb:Building package 'zbar_ros' with the following arguments: {'ament_cmake_args': None, 'build_base': '/home/rsa2021/py_pub_sub/build/zbar_ros', 'catkin_cmake_args': None, 'catkin_skip_building_tests': False, 'cmake_args': None, 'cmake_clean_cache': False, 'cmake_clean_first': False, 'cmake_force_configure': False, 'cmake_target': None, 'cmake_target_skip_unavailable': False, 'install_base': '/home/rsa2021/py_pub_sub/install/zbar_ros', 'merge_install': False, 'path': '/home/rsa2021/py_pub_sub/src/zbar_ros', 'symlink_install': False, 'test_result_base': None}
[1.770s] INFO:colcon.colcon_core.executor:Executing jobs using 'parallel' executor
[1.773s] DEBUG:colcon.colcon_parallel_executor.executor.parallel:run_until_complete
[1.773s] INFO:colcon.colcon_ros.task.ament_cmake.build:Building ROS package in '/home/rsa2021/py_pub_sub/src/zbar_ros_interfaces' with build type 'ament_cmake'
[1.774s] INFO:colcon.colcon_cmake.task.cmake.build:Building CMake package in '/home/rsa2021/py_pub_sub/src/zbar_ros_interfaces'
[1.802s] INFO:colcon.colcon_core.plugin_system:Skipping extension 'colcon_core.shell.bat': Not used on non-Windows systems
[1.802s] INFO:colcon.colcon_core.shell:Skip shell extension 'powershell' for command environment: Not usable outside of PowerShell
[1.802s] DEBUG:colcon.colcon_core.shell:Skip shell extension 'dsv' for command environment
[1.812s] DEBUG:colcon.colcon_core.shell:Ignoring prefix path '/opt/ros/foxy'
[1.818s] INFO:colcon.colcon_ros.task.ament_cmake.build:Building ROS package in '/home/rsa2021/py_pub_sub/src/image_publisher' with build type 'ament_cmake'
[1.819s] INFO:colcon.colcon_cmake.task.cmake.build:Building CMake package in '/home/rsa2021/py_pub_sub/src/image_publisher'
[1.820s] INFO:colcon.colcon_core.shell:Skip shell extension 'powershell' for command environment: Not usable outside of PowerShell
[1.820s] DEBUG:colcon.colcon_core.shell:Skip shell extension 'dsv' for command environment
[1.824s] DEBUG:colcon.colcon_core.shell:Ignoring prefix path '/opt/ros/foxy'
[1.830s] INFO:colcon.colcon_ros.task.ament_python.build:Building ROS package in '/home/rsa2021/py_pub_sub/src/publisher3431' with build type 'ament_python'
[1.830s] Level 1:colcon.colcon_core.shell:create_environment_hook('publisher3431', 'ament_prefix_path')
[1.832s] INFO:colcon.colcon_core.shell:Creating environment hook '/home/rsa2021/py_pub_sub/install/publisher3431/share/publisher3431/hook/ament_prefix_path.ps1'
[1.836s] INFO:colcon.colcon_core.shell:Creating environment descriptor '/home/rsa2021/py_pub_sub/install/publisher3431/share/publisher3431/hook/ament_prefix_path.dsv'
[1.838s] INFO:colcon.colcon_core.shell:Creating environment hook '/home/rsa2021/py_pub_sub/install/publisher3431/share/publisher3431/hook/ament_prefix_path.sh'
[1.840s] INFO:colcon.colcon_core.shell:Skip shell extension 'powershell' for command environment: Not usable outside of PowerShell
[1.840s] DEBUG:colcon.colcon_core.shell:Skip shell extension 'dsv' for command environment
[1.843s] DEBUG:colcon.colcon_core.shell:Ignoring prefix path '/opt/ros/foxy'
[1.858s] DEBUG:colcon.colcon_core.event_handler.log_command:Invoking command in '/home/rsa2021/py_pub_sub/build/zbar_ros_interfaces': CMAKE_PREFIX_PATH=/home/rsa2021/py_pub_sub/install/zbar_ros:/home/rsa2021/py_pub_sub/install/zbar_ros_interfaces:/home/rsa2021/py_pub_sub/install/publisher3431:/opt/ros/foxy:/home/rsa2021/py_pub_sub/install/image_publisher /usr/bin/cmake --build /home/rsa2021/py_pub_sub/build/zbar_ros_interfaces -- -j3 -l3
[1.882s] DEBUG:colcon.colcon_core.event_handler.log_command:Invoking command in '/home/rsa2021/py_pub_sub/build/image_publisher': CMAKE_PREFIX_PATH=/home/rsa2021/py_pub_sub/install/zbar_ros:/home/rsa2021/py_pub_sub/install/zbar_ros_interfaces:/home/rsa2021/py_pub_sub/install/publisher3431:/opt/ros/foxy:/home/rsa2021/py_pub_sub/install/image_publisher /usr/bin/cmake --build /home/rsa2021/py_pub_sub/build/image_publisher -- -j3 -l3
[2.379s] INFO:colcon.colcon_core.task.python.build:Building Python package in '/home/rsa2021/py_pub_sub/src/publisher3431'
[2.380s] INFO:colcon.colcon_core.shell:Skip shell extension 'powershell' for command environment: Not usable outside of PowerShell
[2.380s] DEBUG:colcon.colcon_core.shell:Skip shell extension 'dsv' for command environment
[2.383s] DEBUG:colcon.colcon_core.shell:Ignoring prefix path '/opt/ros/foxy'
[2.394s] DEBUG:colcon.colcon_core.event_handler.log_command:Invoking command in '/home/rsa2021/py_pub_sub/src/publisher3431': PYTHONPATH=/home/rsa2021/py_pub_sub/install/publisher3431/lib/python3.8/site-packages:${PYTHONPATH} /usr/bin/python3 setup.py egg_info --egg-base ../../build/publisher3431 build --build-base /home/rsa2021/py_pub_sub/build/publisher3431/build install --prefix /home/rsa2021/py_pub_sub/install/publisher3431 --record /home/rsa2021/py_pub_sub/build/publisher3431/install.log --single-version-externally-managed
[2.421s] DEBUG:colcon.colcon_core.event_handler.log_command:Invoked command in '/home/rsa2021/py_pub_sub/build/image_publisher' returned '0': CMAKE_PREFIX_PATH=/home/rsa2021/py_pub_sub/install/zbar_ros:/home/rsa2021/py_pub_sub/install/zbar_ros_interfaces:/home/rsa2021/py_pub_sub/install/publisher3431:/opt/ros/foxy:/home/rsa2021/py_pub_sub/install/image_publisher /usr/bin/cmake --build /home/rsa2021/py_pub_sub/build/image_publisher -- -j3 -l3
[2.491s] DEBUG:colcon.colcon_core.event_handler.log_command:Invoking command in '/home/rsa2021/py_pub_sub/build/image_publisher': CMAKE_PREFIX_PATH=/home/rsa2021/py_pub_sub/install/zbar_ros:/home/rsa2021/py_pub_sub/install/zbar_ros_interfaces:/home/rsa2021/py_pub_sub/install/publisher3431:/opt/ros/foxy:/home/rsa2021/py_pub_sub/install/image_publisher /usr/bin/cmake --install /home/rsa2021/py_pub_sub/build/image_publisher
[2.525s] Level 1:colcon.colcon_core.environment:create_environment_scripts_only(image_publisher)
[2.526s] DEBUG:colcon.colcon_core.event_handler.log_command:Invoked command in '/home/rsa2021/py_pub_sub/build/image_publisher' returned '0': CMAKE_PREFIX_PATH=/home/rsa2021/py_pub_sub/install/zbar_ros:/home/rsa2021/py_pub_sub/install/zbar_ros_interfaces:/home/rsa2021/py_pub_sub/install/publisher3431:/opt/ros/foxy:/home/rsa2021/py_pub_sub/install/image_publisher /usr/bin/cmake --install /home/rsa2021/py_pub_sub/build/image_publisher
[2.544s] Level 1:colcon.colcon_core.environment:checking '/home/rsa2021/py_pub_sub/install/image_publisher' for CMake module files
[2.546s] Level 1:colcon.colcon_core.environment:checking '/home/rsa2021/py_pub_sub/install/image_publisher' for CMake config files
[2.548s] Level 1:colcon.colcon_core.shell:create_environment_hook('image_publisher', 'cmake_prefix_path')
[2.549s] INFO:colcon.colcon_core.shell:Creating environment hook '/home/rsa2021/py_pub_sub/install/image_publisher/share/image_publisher/hook/cmake_prefix_path.ps1'
[2.549s] INFO:colcon.colcon_core.shell:Creating environment descriptor '/home/rsa2021/py_pub_sub/install/image_publisher/share/image_publisher/hook/cmake_prefix_path.dsv'
[2.550s] INFO:colcon.colcon_core.shell:Creating environment hook '/home/rsa2021/py_pub_sub/install/image_publisher/share/image_publisher/hook/cmake_prefix_path.sh'
[2.552s] Level 1:colcon.colcon_core.environment:checking '/home/rsa2021/py_pub_sub/install/image_publisher/lib'
[2.552s] Level 1:colcon.colcon_core.environment:checking '/home/rsa2021/py_pub_sub/install/image_publisher/bin'
[2.552s] Level 1:colcon.colcon_core.shell:create_environment_hook('image_publisher', 'path')
[2.553s] INFO:colcon.colcon_core.shell:Creating environment hook '/home/rsa2021/py_pub_sub/install/image_publisher/share/image_publisher/hook/path.ps1'
[2.554s] INFO:colcon.colcon_core.shell:Creating environment descriptor '/home/rsa2021/py_pub_sub/install/image_publisher/share/image_publisher/hook/path.dsv'
[2.554s] INFO:colcon.colcon_core.shell:Creating environment hook '/home/rsa2021/py_pub_sub/install/image_publisher/share/image_publisher/hook/path.sh'
[2.555s] Level 1:colcon.colcon_core.environment:checking '/home/rsa2021/py_pub_sub/install/image_publisher/lib/pkgconfig/image_publisher.pc'
[2.555s] Level 1:colcon.colcon_core.environment:checking '/home/rsa2021/py_pub_sub/install/image_publisher/lib/python3.8/site-packages'
[2.556s] INFO:colcon.colcon_core.shell:Creating package script '/home/rsa2021/py_pub_sub/install/image_publisher/share/image_publisher/package.ps1'
[2.558s] INFO:colcon.colcon_core.shell:Creating package descriptor '/home/rsa2021/py_pub_sub/install/image_publisher/share/image_publisher/package.dsv'
[2.560s] INFO:colcon.colcon_core.shell:Creating package script '/home/rsa2021/py_pub_sub/install/image_publisher/share/image_publisher/package.sh'
[2.561s] INFO:colcon.colcon_core.shell:Creating package script '/home/rsa2021/py_pub_sub/install/image_publisher/share/image_publisher/package.bash'
[2.564s] INFO:colcon.colcon_core.shell:Creating package script '/home/rsa2021/py_pub_sub/install/image_publisher/share/image_publisher/package.zsh'
[2.566s] Level 1:colcon.colcon_core.environment:create_file_with_runtime_dependencies(/home/rsa2021/py_pub_sub/install/image_publisher/share/colcon-core/packages/image_publisher)
[2.636s] Level 1:colcon.colcon_core.environment:create_environment_scripts_only(image_publisher)
[2.637s] Level 1:colcon.colcon_core.environment:checking '/home/rsa2021/py_pub_sub/install/image_publisher' for CMake module files
[2.637s] Level 1:colcon.colcon_core.environment:checking '/home/rsa2021/py_pub_sub/install/image_publisher' for CMake config files
[2.638s] Level 1:colcon.colcon_core.shell:create_environment_hook('image_publisher', 'cmake_prefix_path')
[2.638s] INFO:colcon.colcon_core.shell:Creating environment hook '/home/rsa2021/py_pub_sub/install/image_publisher/share/image_publisher/hook/cmake_prefix_path.ps1'
[2.639s] INFO:colcon.colcon_core.shell:Creating environment descriptor '/home/rsa2021/py_pub_sub/install/image_publisher/share/image_publisher/hook/cmake_prefix_path.dsv'
[2.639s] INFO:colcon.colcon_core.shell:Creating environment hook '/home/rsa2021/py_pub_sub/install/image_publisher/share/image_publisher/hook/cmake_prefix_path.sh'
[2.640s] Level 1:colcon.colcon_core.environment:checking '/home/rsa2021/py_pub_sub/install/image_publisher/lib'
[2.640s] Level 1:colcon.colcon_core.environment:checking '/home/rsa2021/py_pub_sub/install/image_publisher/bin'
[2.640s] Level 1:colcon.colcon_core.shell:create_environment_hook('image_publisher', 'path')
[2.641s] INFO:colcon.colcon_core.shell:Creating environment hook '/home/rsa2021/py_pub_sub/install/image_publisher/share/image_publisher/hook/path.ps1'
[2.643s] INFO:colcon.colcon_core.shell:Creating environment descriptor '/home/rsa2021/py_pub_sub/install/image_publisher/share/image_publisher/hook/path.dsv'
[2.643s] INFO:colcon.colcon_core.shell:Creating environment hook '/home/rsa2021/py_pub_sub/install/image_publisher/share/image_publisher/hook/path.sh'
[2.644s] Level 1:colcon.colcon_core.environment:checking '/home/rsa2021/py_pub_sub/install/image_publisher/lib/pkgconfig/image_publisher.pc'
[2.644s] Level 1:colcon.colcon_core.environment:checking '/home/rsa2021/py_pub_sub/install/image_publisher/lib/python3.8/site-packages'
[2.645s] INFO:colcon.colcon_core.shell:Creating package script '/home/rsa2021/py_pub_sub/install/image_publisher/share/image_publisher/package.ps1'
[2.646s] INFO:colcon.colcon_core.shell:Creating package descriptor '/home/rsa2021/py_pub_sub/install/image_publisher/share/image_publisher/package.dsv'
[2.647s] INFO:colcon.colcon_core.shell:Creating package script '/home/rsa2021/py_pub_sub/install/image_publisher/share/image_publisher/package.sh'
[2.648s] INFO:colcon.colcon_core.shell:Creating package script '/home/rsa2021/py_pub_sub/install/image_publisher/share/image_publisher/package.bash'
[2.649s] INFO:colcon.colcon_core.shell:Creating package script '/home/rsa2021/py_pub_sub/install/image_publisher/share/image_publisher/package.zsh'
[2.650s] Level 1:colcon.colcon_core.environment:create_file_with_runtime_dependencies(/home/rsa2021/py_pub_sub/install/image_publisher/share/colcon-core/packages/image_publisher)
[2.657s] DEBUG:colcon.colcon_core.event_handler.log_command:Invoked command in '/home/rsa2021/py_pub_sub/build/zbar_ros_interfaces' returned '0': CMAKE_PREFIX_PATH=/home/rsa2021/py_pub_sub/install/zbar_ros:/home/rsa2021/py_pub_sub/install/zbar_ros_interfaces:/home/rsa2021/py_pub_sub/install/publisher3431:/opt/ros/foxy:/home/rsa2021/py_pub_sub/install/image_publisher /usr/bin/cmake --build /home/rsa2021/py_pub_sub/build/zbar_ros_interfaces -- -j3 -l3
[2.742s] DEBUG:colcon.colcon_core.event_handler.log_command:Invoking command in '/home/rsa2021/py_pub_sub/build/zbar_ros_interfaces': CMAKE_PREFIX_PATH=/home/rsa2021/py_pub_sub/install/zbar_ros:/home/rsa2021/py_pub_sub/install/zbar_ros_interfaces:/home/rsa2021/py_pub_sub/install/publisher3431:/opt/ros/foxy:/home/rsa2021/py_pub_sub/install/image_publisher /usr/bin/cmake --install /home/rsa2021/py_pub_sub/build/zbar_ros_interfaces
[2.885s] Level 1:colcon.colcon_core.environment:create_environment_scripts_only(zbar_ros_interfaces)
[2.886s] Level 1:colcon.colcon_core.environment:checking '/home/rsa2021/py_pub_sub/install/zbar_ros_interfaces' for CMake module files
[2.887s] DEBUG:colcon.colcon_core.event_handler.log_command:Invoked command in '/home/rsa2021/py_pub_sub/build/zbar_ros_interfaces' returned '0': CMAKE_PREFIX_PATH=/home/rsa2021/py_pub_sub/install/zbar_ros:/home/rsa2021/py_pub_sub/install/zbar_ros_interfaces:/home/rsa2021/py_pub_sub/install/publisher3431:/opt/ros/foxy:/home/rsa2021/py_pub_sub/install/image_publisher /usr/bin/cmake --install /home/rsa2021/py_pub_sub/build/zbar_ros_interfaces
[2.888s] Level 1:colcon.colcon_core.environment:checking '/home/rsa2021/py_pub_sub/install/zbar_ros_interfaces' for CMake config files
[2.890s] Level 1:colcon.colcon_core.shell:create_environment_hook('zbar_ros_interfaces', 'cmake_prefix_path')
[2.891s] INFO:colcon.colcon_core.shell:Creating environment hook '/home/rsa2021/py_pub_sub/install/zbar_ros_interfaces/share/zbar_ros_interfaces/hook/cmake_prefix_path.ps1'
[2.892s] INFO:colcon.colcon_core.shell:Creating environment descriptor '/home/rsa2021/py_pub_sub/install/zbar_ros_interfaces/share/zbar_ros_interfaces/hook/cmake_prefix_path.dsv'
[2.892s] INFO:colcon.colcon_core.shell:Creating environment hook '/home/rsa2021/py_pub_sub/install/zbar_ros_interfaces/share/zbar_ros_interfaces/hook/cmake_prefix_path.sh'
[2.893s] Level 1:colcon.colcon_core.environment:checking '/home/rsa2021/py_pub_sub/install/zbar_ros_interfaces/lib'
[2.893s] Level 1:colcon.colcon_core.shell:create_environment_hook('zbar_ros_interfaces', 'ld_library_path_lib')
[2.894s] INFO:colcon.colcon_core.shell:Creating environment hook '/home/rsa2021/py_pub_sub/install/zbar_ros_interfaces/share/zbar_ros_interfaces/hook/ld_library_path_lib.ps1'
[2.895s] INFO:colcon.colcon_core.shell:Creating environment descriptor '/home/rsa2021/py_pub_sub/install/zbar_ros_interfaces/share/zbar_ros_interfaces/hook/ld_library_path_lib.dsv'
[2.895s] INFO:colcon.colcon_core.shell:Creating environment hook '/home/rsa2021/py_pub_sub/install/zbar_ros_interfaces/share/zbar_ros_interfaces/hook/ld_library_path_lib.sh'
[2.896s] Level 1:colcon.colcon_core.environment:checking '/home/rsa2021/py_pub_sub/install/zbar_ros_interfaces/bin'
[2.896s] Level 1:colcon.colcon_core.environment:checking '/home/rsa2021/py_pub_sub/install/zbar_ros_interfaces/lib/pkgconfig/zbar_ros_interfaces.pc'
[2.896s] Level 1:colcon.colcon_core.environment:checking '/home/rsa2021/py_pub_sub/install/zbar_ros_interfaces/lib/python3.8/site-packages'
[2.896s] Level 1:colcon.colcon_core.shell:create_environment_hook('zbar_ros_interfaces', 'pythonpath')
[2.897s] INFO:colcon.colcon_core.shell:Creating environment hook '/home/rsa2021/py_pub_sub/install/zbar_ros_interfaces/share/zbar_ros_interfaces/hook/pythonpath.ps1'
[2.898s] INFO:colcon.colcon_core.shell:Creating environment descriptor '/home/rsa2021/py_pub_sub/install/zbar_ros_interfaces/share/zbar_ros_interfaces/hook/pythonpath.dsv'
[2.898s] INFO:colcon.colcon_core.shell:Creating environment hook '/home/rsa2021/py_pub_sub/install/zbar_ros_interfaces/share/zbar_ros_interfaces/hook/pythonpath.sh'
[2.900s] INFO:colcon.colcon_core.shell:Creating package script '/home/rsa2021/py_pub_sub/install/zbar_ros_interfaces/share/zbar_ros_interfaces/package.ps1'
[2.900s] INFO:colcon.colcon_core.shell:Creating package descriptor '/home/rsa2021/py_pub_sub/install/zbar_ros_interfaces/share/zbar_ros_interfaces/package.dsv'
[2.901s] INFO:colcon.colcon_core.shell:Creating package script '/home/rsa2021/py_pub_sub/install/zbar_ros_interfaces/share/zbar_ros_interfaces/package.sh'
[2.902s] INFO:colcon.colcon_core.shell:Creating package script '/home/rsa2021/py_pub_sub/install/zbar_ros_interfaces/share/zbar_ros_interfaces/package.bash'
[2.902s] INFO:colcon.colcon_core.shell:Creating package script '/home/rsa2021/py_pub_sub/install/zbar_ros_interfaces/share/zbar_ros_interfaces/package.zsh'
[2.903s] Level 1:colcon.colcon_core.environment:create_file_with_runtime_dependencies(/home/rsa2021/py_pub_sub/install/zbar_ros_interfaces/share/colcon-core/packages/zbar_ros_interfaces)
[2.912s] Level 1:colcon.colcon_core.environment:checking '/home/rsa2021/py_pub_sub/install/publisher3431' for CMake module files
[2.913s] DEBUG:colcon.colcon_core.event_handler.log_command:Invoked command in '/home/rsa2021/py_pub_sub/src/publisher3431' returned '0': PYTHONPATH=/home/rsa2021/py_pub_sub/install/publisher3431/lib/python3.8/site-packages:${PYTHONPATH} /usr/bin/python3 setup.py egg_info --egg-base ../../build/publisher3431 build --build-base /home/rsa2021/py_pub_sub/build/publisher3431/build install --prefix /home/rsa2021/py_pub_sub/install/publisher3431 --record /home/rsa2021/py_pub_sub/build/publisher3431/install.log --single-version-externally-managed
[2.913s] Level 1:colcon.colcon_core.environment:checking '/home/rsa2021/py_pub_sub/install/publisher3431' for CMake config files
[2.914s] Level 1:colcon.colcon_core.environment:checking '/home/rsa2021/py_pub_sub/install/publisher3431/lib'
[2.914s] Level 1:colcon.colcon_core.environment:checking '/home/rsa2021/py_pub_sub/install/publisher3431/bin'
[2.914s] Level 1:colcon.colcon_core.environment:checking '/home/rsa2021/py_pub_sub/install/publisher3431/lib/pkgconfig/publisher3431.pc'
[2.915s] Level 1:colcon.colcon_core.environment:checking '/home/rsa2021/py_pub_sub/install/publisher3431/lib/python3.8/site-packages'
[2.915s] Level 1:colcon.colcon_core.shell:create_environment_hook('publisher3431', 'pythonpath')
[2.915s] INFO:colcon.colcon_core.shell:Creating environment hook '/home/rsa2021/py_pub_sub/install/publisher3431/share/publisher3431/hook/pythonpath.ps1'
[2.916s] INFO:colcon.colcon_core.shell:Creating environment descriptor '/home/rsa2021/py_pub_sub/install/publisher3431/share/publisher3431/hook/pythonpath.dsv'
[2.917s] INFO:colcon.colcon_core.shell:Creating environment hook '/home/rsa2021/py_pub_sub/install/publisher3431/share/publisher3431/hook/pythonpath.sh'
[2.918s] Level 1:colcon.colcon_core.environment:create_environment_scripts_only(publisher3431)
[2.918s] INFO:colcon.colcon_core.shell:Creating package script '/home/rsa2021/py_pub_sub/install/publisher3431/share/publisher3431/package.ps1'
[2.919s] INFO:colcon.colcon_core.shell:Creating package descriptor '/home/rsa2021/py_pub_sub/install/publisher3431/share/publisher3431/package.dsv'
[2.920s] INFO:colcon.colcon_core.shell:Creating package script '/home/rsa2021/py_pub_sub/install/publisher3431/share/publisher3431/package.sh'
[2.921s] INFO:colcon.colcon_core.shell:Creating package script '/home/rsa2021/py_pub_sub/install/publisher3431/share/publisher3431/package.bash'
[2.922s] INFO:colcon.colcon_core.shell:Creating package script '/home/rsa2021/py_pub_sub/install/publisher3431/share/publisher3431/package.zsh'
[2.923s] Level 1:colcon.colcon_core.environment:create_file_with_runtime_dependencies(/home/rsa2021/py_pub_sub/install/publisher3431/share/colcon-core/packages/publisher3431)
[2.993s] Level 1:colcon.colcon_core.environment:create_environment_scripts_only(zbar_ros_interfaces)
[2.994s] Level 1:colcon.colcon_core.environment:checking '/home/rsa2021/py_pub_sub/install/zbar_ros_interfaces' for CMake module files
[2.995s] Level 1:colcon.colcon_core.environment:checking '/home/rsa2021/py_pub_sub/install/zbar_ros_interfaces' for CMake config files
[2.996s] Level 1:colcon.colcon_core.shell:create_environment_hook('zbar_ros_interfaces', 'cmake_prefix_path')
[2.997s] INFO:colcon.colcon_core.shell:Creating environment hook '/home/rsa2021/py_pub_sub/install/zbar_ros_interfaces/share/zbar_ros_interfaces/hook/cmake_prefix_path.ps1'
[2.999s] INFO:colcon.colcon_core.shell:Creating environment descriptor '/home/rsa2021/py_pub_sub/install/zbar_ros_interfaces/share/zbar_ros_interfaces/hook/cmake_prefix_path.dsv'
[3.001s] INFO:colcon.colcon_core.shell:Creating environment hook '/home/rsa2021/py_pub_sub/install/zbar_ros_interfaces/share/zbar_ros_interfaces/hook/cmake_prefix_path.sh'
[3.003s] Level 1:colcon.colcon_core.environment:checking '/home/rsa2021/py_pub_sub/install/zbar_ros_interfaces/lib'
[3.003s] Level 1:colcon.colcon_core.shell:create_environment_hook('zbar_ros_interfaces', 'ld_library_path_lib')
[3.004s] INFO:colcon.colcon_core.shell:Creating environment hook '/home/rsa2021/py_pub_sub/install/zbar_ros_interfaces/share/zbar_ros_interfaces/hook/ld_library_path_lib.ps1'
[3.005s] INFO:colcon.colcon_core.shell:Creating environment descriptor '/home/rsa2021/py_pub_sub/install/zbar_ros_interfaces/share/zbar_ros_interfaces/hook/ld_library_path_lib.dsv'
[3.005s] INFO:colcon.colcon_core.shell:Creating environment hook '/home/rsa2021/py_pub_sub/install/zbar_ros_interfaces/share/zbar_ros_interfaces/hook/ld_library_path_lib.sh'
[3.006s] Level 1:colcon.colcon_core.environment:checking '/home/rsa2021/py_pub_sub/install/zbar_ros_interfaces/bin'
[3.006s] Level 1:colcon.colcon_core.environment:checking '/home/rsa2021/py_pub_sub/install/zbar_ros_interfaces/lib/pkgconfig/zbar_ros_interfaces.pc'
[3.006s] Level 1:colcon.colcon_core.environment:checking '/home/rsa2021/py_pub_sub/install/zbar_ros_interfaces/lib/python3.8/site-packages'
[3.006s] Level 1:colcon.colcon_core.shell:create_environment_hook('zbar_ros_interfaces', 'pythonpath')
[3.007s] INFO:colcon.colcon_core.shell:Creating environment hook '/home/rsa2021/py_pub_sub/install/zbar_ros_interfaces/share/zbar_ros_interfaces/hook/pythonpath.ps1'
[3.008s] INFO:colcon.colcon_core.shell:Creating environment descriptor '/home/rsa2021/py_pub_sub/install/zbar_ros_interfaces/share/zbar_ros_interfaces/hook/pythonpath.dsv'
[3.009s] INFO:colcon.colcon_core.shell:Creating environment hook '/home/rsa2021/py_pub_sub/install/zbar_ros_interfaces/share/zbar_ros_interfaces/hook/pythonpath.sh'
[3.012s] INFO:colcon.colcon_core.shell:Creating package script '/home/rsa2021/py_pub_sub/install/zbar_ros_interfaces/share/zbar_ros_interfaces/package.ps1'
[3.013s] INFO:colcon.colcon_core.shell:Creating package descriptor '/home/rsa2021/py_pub_sub/install/zbar_ros_interfaces/share/zbar_ros_interfaces/package.dsv'
[3.015s] INFO:colcon.colcon_core.shell:Creating package script '/home/rsa2021/py_pub_sub/install/zbar_ros_interfaces/share/zbar_ros_interfaces/package.sh'
[3.016s] INFO:colcon.colcon_core.shell:Creating package script '/home/rsa2021/py_pub_sub/install/zbar_ros_interfaces/share/zbar_ros_interfaces/package.bash'
[3.017s] INFO:colcon.colcon_core.shell:Creating package script '/home/rsa2021/py_pub_sub/install/zbar_ros_interfaces/share/zbar_ros_interfaces/package.zsh'
[3.018s] Level 1:colcon.colcon_core.environment:create_file_with_runtime_dependencies(/home/rsa2021/py_pub_sub/install/zbar_ros_interfaces/share/colcon-core/packages/zbar_ros_interfaces)
[3.018s] INFO:colcon.colcon_ros.task.ament_cmake.build:Building ROS package in '/home/rsa2021/py_pub_sub/src/zbar_ros' with build type 'ament_cmake'
[3.019s] INFO:colcon.colcon_cmake.task.cmake.build:Building CMake package in '/home/rsa2021/py_pub_sub/src/zbar_ros'
[3.019s] INFO:colcon.colcon_core.shell:Skip shell extension 'powershell' for command environment: Not usable outside of PowerShell
[3.019s] DEBUG:colcon.colcon_core.shell:Skip shell extension 'dsv' for command environment
[3.023s] DEBUG:colcon.colcon_core.shell:Ignoring prefix path '/opt/ros/foxy'
[3.047s] DEBUG:colcon.colcon_core.event_handler.log_command:Invoking command in '/home/rsa2021/py_pub_sub/build/zbar_ros': CMAKE_PREFIX_PATH=/home/rsa2021/py_pub_sub/install/zbar_ros_interfaces:/home/rsa2021/py_pub_sub/install/zbar_ros:/home/rsa2021/py_pub_sub/install/publisher3431:/opt/ros/foxy:/home/rsa2021/py_pub_sub/install/image_publisher /usr/bin/cmake --build /home/rsa2021/py_pub_sub/build/zbar_ros -- -j3 -l3
[3.215s] DEBUG:colcon.colcon_core.event_handler.log_command:Invoked command in '/home/rsa2021/py_pub_sub/build/zbar_ros' returned '0': CMAKE_PREFIX_PATH=/home/rsa2021/py_pub_sub/install/zbar_ros_interfaces:/home/rsa2021/py_pub_sub/install/zbar_ros:/home/rsa2021/py_pub_sub/install/publisher3431:/opt/ros/foxy:/home/rsa2021/py_pub_sub/install/image_publisher /usr/bin/cmake --build /home/rsa2021/py_pub_sub/build/zbar_ros -- -j3 -l3
[3.253s] DEBUG:colcon.colcon_core.event_handler.log_command:Invoking command in '/home/rsa2021/py_pub_sub/build/zbar_ros': CMAKE_PREFIX_PATH=/home/rsa2021/py_pub_sub/install/zbar_ros_interfaces:/home/rsa2021/py_pub_sub/install/zbar_ros:/home/rsa2021/py_pub_sub/install/publisher3431:/opt/ros/foxy:/home/rsa2021/py_pub_sub/install/image_publisher /usr/bin/cmake --install /home/rsa2021/py_pub_sub/build/zbar_ros
[3.284s] Level 1:colcon.colcon_core.environment:create_environment_scripts_only(zbar_ros)
[3.285s] Level 1:colcon.colcon_core.environment:checking '/home/rsa2021/py_pub_sub/install/zbar_ros' for CMake module files
[3.286s] DEBUG:colcon.colcon_core.event_handler.log_command:Invoked command in '/home/rsa2021/py_pub_sub/build/zbar_ros' returned '0': CMAKE_PREFIX_PATH=/home/rsa2021/py_pub_sub/install/zbar_ros_interfaces:/home/rsa2021/py_pub_sub/install/zbar_ros:/home/rsa2021/py_pub_sub/install/publisher3431:/opt/ros/foxy:/home/rsa2021/py_pub_sub/install/image_publisher /usr/bin/cmake --install /home/rsa2021/py_pub_sub/build/zbar_ros
[3.287s] Level 1:colcon.colcon_core.environment:checking '/home/rsa2021/py_pub_sub/install/zbar_ros' for CMake config files
[3.287s] Level 1:colcon.colcon_core.shell:create_environment_hook('zbar_ros', 'cmake_prefix_path')
[3.288s] INFO:colcon.colcon_core.shell:Creating environment hook '/home/rsa2021/py_pub_sub/install/zbar_ros/share/zbar_ros/hook/cmake_prefix_path.ps1'
[3.288s] INFO:colcon.colcon_core.shell:Creating environment descriptor '/home/rsa2021/py_pub_sub/install/zbar_ros/share/zbar_ros/hook/cmake_prefix_path.dsv'
[3.289s] INFO:colcon.colcon_core.shell:Creating environment hook '/home/rsa2021/py_pub_sub/install/zbar_ros/share/zbar_ros/hook/cmake_prefix_path.sh'
[3.290s] Level 1:colcon.colcon_core.environment:checking '/home/rsa2021/py_pub_sub/install/zbar_ros/lib'
[3.290s] Level 1:colcon.colcon_core.environment:checking '/home/rsa2021/py_pub_sub/install/zbar_ros/bin'
[3.290s] Level 1:colcon.colcon_core.environment:checking '/home/rsa2021/py_pub_sub/install/zbar_ros/lib/pkgconfig/zbar_ros.pc'
[3.290s] Level 1:colcon.colcon_core.environment:checking '/home/rsa2021/py_pub_sub/install/zbar_ros/lib/python3.8/site-packages'
[3.291s] INFO:colcon.colcon_core.shell:Creating package script '/home/rsa2021/py_pub_sub/install/zbar_ros/share/zbar_ros/package.ps1'
[3.291s] INFO:colcon.colcon_core.shell:Creating package descriptor '/home/rsa2021/py_pub_sub/install/zbar_ros/share/zbar_ros/package.dsv'
[3.292s] INFO:colcon.colcon_core.shell:Creating package script '/home/rsa2021/py_pub_sub/install/zbar_ros/share/zbar_ros/package.sh'
[3.292s] INFO:colcon.colcon_core.shell:Creating package script '/home/rsa2021/py_pub_sub/install/zbar_ros/share/zbar_ros/package.bash'
[3.293s] INFO:colcon.colcon_core.shell:Creating package script '/home/rsa2021/py_pub_sub/install/zbar_ros/share/zbar_ros/package.zsh'
[3.293s] Level 1:colcon.colcon_core.environment:create_file_with_runtime_dependencies(/home/rsa2021/py_pub_sub/install/zbar_ros/share/colcon-core/packages/zbar_ros)
[3.326s] Level 1:colcon.colcon_core.environment:create_environment_scripts_only(zbar_ros)
[3.327s] Level 1:colcon.colcon_core.environment:checking '/home/rsa2021/py_pub_sub/install/zbar_ros' for CMake module files
[3.327s] Level 1:colcon.colcon_core.environment:checking '/home/rsa2021/py_pub_sub/install/zbar_ros' for CMake config files
[3.327s] Level 1:colcon.colcon_core.shell:create_environment_hook('zbar_ros', 'cmake_prefix_path')
[3.328s] INFO:colcon.colcon_core.shell:Creating environment hook '/home/rsa2021/py_pub_sub/install/zbar_ros/share/zbar_ros/hook/cmake_prefix_path.ps1'
[3.329s] INFO:colcon.colcon_core.shell:Creating environment descriptor '/home/rsa2021/py_pub_sub/install/zbar_ros/share/zbar_ros/hook/cmake_prefix_path.dsv'
[3.331s] INFO:colcon.colcon_core.shell:Creating environment hook '/home/rsa2021/py_pub_sub/install/zbar_ros/share/zbar_ros/hook/cmake_prefix_path.sh'
[3.332s] Level 1:colcon.colcon_core.environment:checking '/home/rsa2021/py_pub_sub/install/zbar_ros/lib'
[3.333s] Level 1:colcon.colcon_core.environment:checking '/home/rsa2021/py_pub_sub/install/zbar_ros/bin'
[3.333s] Level 1:colcon.colcon_core.environment:checking '/home/rsa2021/py_pub_sub/install/zbar_ros/lib/pkgconfig/zbar_ros.pc'
[3.333s] Level 1:colcon.colcon_core.environment:checking '/home/rsa2021/py_pub_sub/install/zbar_ros/lib/python3.8/site-packages'
[3.333s] INFO:colcon.colcon_core.shell:Creating package script '/home/rsa2021/py_pub_sub/install/zbar_ros/share/zbar_ros/package.ps1'
[3.334s] INFO:colcon.colcon_core.shell:Creating package descriptor '/home/rsa2021/py_pub_sub/install/zbar_ros/share/zbar_ros/package.dsv'
[3.335s] INFO:colcon.colcon_core.shell:Creating package script '/home/rsa2021/py_pub_sub/install/zbar_ros/share/zbar_ros/package.sh'
[3.336s] INFO:colcon.colcon_core.shell:Creating package script '/home/rsa2021/py_pub_sub/install/zbar_ros/share/zbar_ros/package.bash'
[3.336s] INFO:colcon.colcon_core.shell:Creating package script '/home/rsa2021/py_pub_sub/install/zbar_ros/share/zbar_ros/package.zsh'
[3.337s] Level 1:colcon.colcon_core.environment:create_file_with_runtime_dependencies(/home/rsa2021/py_pub_sub/install/zbar_ros/share/colcon-core/packages/zbar_ros)
[3.337s] DEBUG:colcon.colcon_parallel_executor.executor.parallel:closing loop
[3.338s] DEBUG:colcon.colcon_parallel_executor.executor.parallel:loop closed
[3.338s] DEBUG:colcon.colcon_parallel_executor.executor.parallel:run_until_complete finished with '0'
[3.338s] DEBUG:colcon.colcon_core.event_reactor:joining thread
[3.354s] INFO:colcon.colcon_core.plugin_system:Skipping extension 'colcon_notification.desktop_notification.terminal_notifier': Not used on non-Darwin systems
[3.354s] INFO:colcon.colcon_core.plugin_system:Skipping extension 'colcon_notification.desktop_notification.win32': Not used on non-Windows systems
[3.354s] INFO:colcon.colcon_notification.desktop_notification:Sending desktop notification using 'notify2'
[3.384s] DEBUG:colcon.colcon_core.event_reactor:joined thread
[3.384s] INFO:colcon.colcon_core.shell:Creating prefix script '/home/rsa2021/py_pub_sub/install/local_setup.ps1'
[3.386s] INFO:colcon.colcon_core.shell:Creating prefix util module '/home/rsa2021/py_pub_sub/install/_local_setup_util_ps1.py'
[3.389s] INFO:colcon.colcon_core.shell:Creating prefix chain script '/home/rsa2021/py_pub_sub/install/setup.ps1'
[3.393s] INFO:colcon.colcon_core.shell:Creating prefix script '/home/rsa2021/py_pub_sub/install/local_setup.sh'
[3.395s] INFO:colcon.colcon_core.shell:Creating prefix util module '/home/rsa2021/py_pub_sub/install/_local_setup_util_sh.py'
[3.396s] INFO:colcon.colcon_core.shell:Creating prefix chain script '/home/rsa2021/py_pub_sub/install/setup.sh'
[3.400s] INFO:colcon.colcon_core.shell:Creating prefix script '/home/rsa2021/py_pub_sub/install/local_setup.bash'
[3.403s] INFO:colcon.colcon_core.shell:Creating prefix chain script '/home/rsa2021/py_pub_sub/install/setup.bash'
[3.407s] INFO:colcon.colcon_core.shell:Creating prefix script '/home/rsa2021/py_pub_sub/install/local_setup.zsh'
[3.409s] INFO:colcon.colcon_core.shell:Creating prefix chain script '/home/rsa2021/py_pub_sub/install/setup.zsh'
