[0.132s] Invoking command in '/home/rsa2021/py_pub_sub/build/image_publisher': CMAKE_PREFIX_PATH=/home/rsa2021/py_pub_sub/install/zbar_ros:/home/rsa2021/py_pub_sub/install/zbar_ros_interfaces:/home/rsa2021/py_pub_sub/install/publisher3431:/opt/ros/foxy:/home/rsa2021/py_pub_sub/install/image_publisher /usr/bin/cmake --build /home/rsa2021/py_pub_sub/build/image_publisher -- -j3 -l3
[1.892s] [ 50%] Built target image_publisher
[1.892s] [100%] Built target image_publisher_node
[1.940s] Invoked command in '/home/rsa2021/py_pub_sub/build/image_publisher' returned '0': CMAKE_PREFIX_PATH=/home/rsa2021/py_pub_sub/install/zbar_ros:/home/rsa2021/py_pub_sub/install/zbar_ros_interfaces:/home/rsa2021/py_pub_sub/install/publisher3431:/opt/ros/foxy:/home/rsa2021/py_pub_sub/install/image_publisher /usr/bin/cmake --build /home/rsa2021/py_pub_sub/build/image_publisher -- -j3 -l3
[2.360s] Invoking command in '/home/rsa2021/py_pub_sub/build/image_publisher': CMAKE_PREFIX_PATH=/home/rsa2021/py_pub_sub/install/zbar_ros:/home/rsa2021/py_pub_sub/install/zbar_ros_interfaces:/home/rsa2021/py_pub_sub/install/publisher3431:/opt/ros/foxy:/home/rsa2021/py_pub_sub/install/image_publisher /usr/bin/cmake --install /home/rsa2021/py_pub_sub/build/image_publisher
[2.454s] -- Install configuration: ""
[2.457s] -- Up-to-date: /home/rsa2021/py_pub_sub/install/image_publisher/include/image_publisher
[2.458s] -- Up-to-date: /home/rsa2021/py_pub_sub/install/image_publisher/include/image_publisher/visibility.h
[2.459s] -- Up-to-date: /home/rsa2021/py_pub_sub/install/image_publisher/lib/image_publisher/image_publisher_node
[2.468s] -- Up-to-date: /home/rsa2021/py_pub_sub/install/image_publisher/lib/image_publisher/libimage_publisher.so
[2.468s] -- Up-to-date: /home/rsa2021/py_pub_sub/install/image_publisher/bin/libimage_publisher.so
[2.470s] -- Up-to-date: /home/rsa2021/py_pub_sub/install/image_publisher/share/image_publisher//launch
[2.472s] -- Up-to-date: /home/rsa2021/py_pub_sub/install/image_publisher/share/image_publisher//launch/image_publisher_file.launch.py
[2.473s] -- Up-to-date: /home/rsa2021/py_pub_sub/install/image_publisher/share/image_publisher//launch/image_publisher_mono.launch.py
[2.474s] -- Up-to-date: /home/rsa2021/py_pub_sub/install/image_publisher/share/image_publisher//launch/image_publisher_stereo.launch.py
[2.474s] -- Up-to-date: /home/rsa2021/py_pub_sub/install/image_publisher/share/image_publisher//launch/splash.png
[2.475s] -- Up-to-date: /home/rsa2021/py_pub_sub/install/image_publisher/share/ament_index/resource_index/package_run_dependencies/image_publisher
[2.481s] -- Up-to-date: /home/rsa2021/py_pub_sub/install/image_publisher/share/ament_index/resource_index/parent_prefix_path/image_publisher
[2.482s] -- Up-to-date: /home/rsa2021/py_pub_sub/install/image_publisher/share/image_publisher/environment/ament_prefix_path.sh
[2.482s] -- Up-to-date: /home/rsa2021/py_pub_sub/install/image_publisher/share/image_publisher/environment/ament_prefix_path.dsv
[2.484s] -- Up-to-date: /home/rsa2021/py_pub_sub/install/image_publisher/share/image_publisher/environment/path.sh
[2.484s] -- Up-to-date: /home/rsa2021/py_pub_sub/install/image_publisher/share/image_publisher/environment/path.dsv
[2.485s] -- Up-to-date: /home/rsa2021/py_pub_sub/install/image_publisher/share/image_publisher/local_setup.bash
[2.490s] -- Up-to-date: /home/rsa2021/py_pub_sub/install/image_publisher/share/image_publisher/local_setup.sh
[2.490s] -- Up-to-date: /home/rsa2021/py_pub_sub/install/image_publisher/share/image_publisher/local_setup.zsh
[2.491s] -- Up-to-date: /home/rsa2021/py_pub_sub/install/image_publisher/share/image_publisher/local_setup.dsv
[2.492s] -- Installing: /home/rsa2021/py_pub_sub/install/image_publisher/share/image_publisher/package.dsv
[2.493s] -- Up-to-date: /home/rsa2021/py_pub_sub/install/image_publisher/share/ament_index/resource_index/packages/image_publisher
[2.494s] -- Up-to-date: /home/rsa2021/py_pub_sub/install/image_publisher/share/ament_index/resource_index/rclcpp_components/image_publisher
[2.501s] -- Up-to-date: /home/rsa2021/py_pub_sub/install/image_publisher/share/image_publisher/cmake/ament_cmake_export_dependencies-extras.cmake
[2.501s] -- Up-to-date: /home/rsa2021/py_pub_sub/install/image_publisher/share/image_publisher/cmake/image_publisherConfig.cmake
[2.502s] -- Up-to-date: /home/rsa2021/py_pub_sub/install/image_publisher/share/image_publisher/cmake/image_publisherConfig-version.cmake
[2.505s] -- Up-to-date: /home/rsa2021/py_pub_sub/install/image_publisher/share/image_publisher/package.xml
[2.515s] Invoked command in '/home/rsa2021/py_pub_sub/build/image_publisher' returned '0': CMAKE_PREFIX_PATH=/home/rsa2021/py_pub_sub/install/zbar_ros:/home/rsa2021/py_pub_sub/install/zbar_ros_interfaces:/home/rsa2021/py_pub_sub/install/publisher3431:/opt/ros/foxy:/home/rsa2021/py_pub_sub/install/image_publisher /usr/bin/cmake --install /home/rsa2021/py_pub_sub/build/image_publisher
