[0.042s] Invoking command in '/home/rsa2021/python_ws/build/zbar_ros_interfaces': CMAKE_PREFIX_PATH=${CMAKE_PREFIX_PATH}:/home/rsa2021/python_ws/install/publisher3431:/opt/ros/foxy /usr/bin/cmake --build /home/rsa2021/python_ws/build/zbar_ros_interfaces -- -j3 -l3
[0.130s] [  3%] Built target zbar_ros_interfaces__cpp
[0.183s] [ 12%] Built target zbar_ros_interfaces__rosidl_generator_c
[0.244s] [ 22%] Built target zbar_ros_interfaces__rosidl_typesupport_fastrtps_cpp
[0.287s] [ 32%] Built target zbar_ros_interfaces__rosidl_typesupport_introspection_cpp
[0.337s] [ 41%] Built target zbar_ros_interfaces__rosidl_typesupport_introspection_c
[0.376s] [ 51%] Built target zbar_ros_interfaces__rosidl_typesupport_c
[0.419s] [ 61%] Built target zbar_ros_interfaces__rosidl_typesupport_fastrtps_c
[0.475s] [ 70%] Built target zbar_ros_interfaces__rosidl_typesupport_cpp
[0.510s] [ 70%] Built target zbar_ros_interfaces
[0.584s] [ 74%] Built target zbar_ros_interfaces__py
[0.666s] [ 80%] Built target zbar_ros_interfaces__python
[0.722s] [ 87%] Built target zbar_ros_interfaces__rosidl_typesupport_introspection_c__pyext
[0.766s] [ 93%] Built target zbar_ros_interfaces__rosidl_typesupport_c__pyext
[0.799s] [100%] Built target zbar_ros_interfaces__rosidl_typesupport_fastrtps_c__pyext
[0.821s] Invoked command in '/home/rsa2021/python_ws/build/zbar_ros_interfaces' returned '0': CMAKE_PREFIX_PATH=${CMAKE_PREFIX_PATH}:/home/rsa2021/python_ws/install/publisher3431:/opt/ros/foxy /usr/bin/cmake --build /home/rsa2021/python_ws/build/zbar_ros_interfaces -- -j3 -l3
[0.894s] Invoking command in '/home/rsa2021/python_ws/build/zbar_ros_interfaces': CMAKE_PREFIX_PATH=${CMAKE_PREFIX_PATH}:/home/rsa2021/python_ws/install/publisher3431:/opt/ros/foxy /usr/bin/cmake --install /home/rsa2021/python_ws/build/zbar_ros_interfaces
[0.912s] -- Install configuration: ""
[0.912s] -- Up-to-date: /home/rsa2021/python_ws/install/zbar_ros_interfaces/share/ament_index/resource_index/rosidl_interfaces/zbar_ros_interfaces
[0.912s] -- Up-to-date: /home/rsa2021/python_ws/install/zbar_ros_interfaces/include/zbar_ros_interfaces
[0.912s] -- Up-to-date: /home/rsa2021/python_ws/install/zbar_ros_interfaces/include/zbar_ros_interfaces/msg
[0.913s] -- Up-to-date: /home/rsa2021/python_ws/install/zbar_ros_interfaces/include/zbar_ros_interfaces/msg/symbol.h
[0.914s] -- Up-to-date: /home/rsa2021/python_ws/install/zbar_ros_interfaces/include/zbar_ros_interfaces/msg/detail
[0.915s] -- Up-to-date: /home/rsa2021/python_ws/install/zbar_ros_interfaces/include/zbar_ros_interfaces/msg/detail/symbol__struct.h
[0.915s] -- Up-to-date: /home/rsa2021/python_ws/install/zbar_ros_interfaces/include/zbar_ros_interfaces/msg/detail/symbol__functions.c
[0.916s] -- Up-to-date: /home/rsa2021/python_ws/install/zbar_ros_interfaces/include/zbar_ros_interfaces/msg/detail/symbol__type_support.h
[0.916s] -- Up-to-date: /home/rsa2021/python_ws/install/zbar_ros_interfaces/include/zbar_ros_interfaces/msg/detail/symbol__functions.h
[0.916s] -- Up-to-date: /home/rsa2021/python_ws/install/zbar_ros_interfaces/include/zbar_ros_interfaces/msg/rosidl_generator_c__visibility_control.h
[0.916s] -- Up-to-date: /home/rsa2021/python_ws/install/zbar_ros_interfaces/share/zbar_ros_interfaces/environment/library_path.sh
[0.916s] -- Up-to-date: /home/rsa2021/python_ws/install/zbar_ros_interfaces/share/zbar_ros_interfaces/environment/library_path.dsv
[0.916s] -- Up-to-date: /home/rsa2021/python_ws/install/zbar_ros_interfaces/lib/libzbar_ros_interfaces__rosidl_generator_c.so
[0.917s] -- Up-to-date: /home/rsa2021/python_ws/install/zbar_ros_interfaces/include/zbar_ros_interfaces
[0.917s] -- Up-to-date: /home/rsa2021/python_ws/install/zbar_ros_interfaces/include/zbar_ros_interfaces/msg
[0.917s] -- Up-to-date: /home/rsa2021/python_ws/install/zbar_ros_interfaces/include/zbar_ros_interfaces/msg/detail
[0.917s] -- Up-to-date: /home/rsa2021/python_ws/install/zbar_ros_interfaces/include/zbar_ros_interfaces/msg/detail/symbol__rosidl_typesupport_fastrtps_c.h
[0.918s] -- Up-to-date: /home/rsa2021/python_ws/install/zbar_ros_interfaces/include/zbar_ros_interfaces/msg/rosidl_typesupport_fastrtps_c__visibility_control.h
[0.918s] -- Up-to-date: /home/rsa2021/python_ws/install/zbar_ros_interfaces/lib/libzbar_ros_interfaces__rosidl_typesupport_fastrtps_c.so
[0.919s] -- Up-to-date: /home/rsa2021/python_ws/install/zbar_ros_interfaces/include/zbar_ros_interfaces
[0.919s] -- Up-to-date: /home/rsa2021/python_ws/install/zbar_ros_interfaces/include/zbar_ros_interfaces/msg
[0.919s] -- Up-to-date: /home/rsa2021/python_ws/install/zbar_ros_interfaces/include/zbar_ros_interfaces/msg/rosidl_typesupport_fastrtps_cpp__visibility_control.h
[0.919s] -- Up-to-date: /home/rsa2021/python_ws/install/zbar_ros_interfaces/include/zbar_ros_interfaces/msg/detail
[0.920s] -- Up-to-date: /home/rsa2021/python_ws/install/zbar_ros_interfaces/include/zbar_ros_interfaces/msg/detail/dds_fastrtps
[0.920s] -- Up-to-date: /home/rsa2021/python_ws/install/zbar_ros_interfaces/include/zbar_ros_interfaces/msg/detail/symbol__rosidl_typesupport_fastrtps_cpp.hpp
[0.920s] -- Up-to-date: /home/rsa2021/python_ws/install/zbar_ros_interfaces/lib/libzbar_ros_interfaces__rosidl_typesupport_fastrtps_cpp.so
[0.921s] -- Up-to-date: /home/rsa2021/python_ws/install/zbar_ros_interfaces/include/zbar_ros_interfaces
[0.921s] -- Up-to-date: /home/rsa2021/python_ws/install/zbar_ros_interfaces/include/zbar_ros_interfaces/msg
[0.921s] -- Up-to-date: /home/rsa2021/python_ws/install/zbar_ros_interfaces/include/zbar_ros_interfaces/msg/detail
[0.921s] -- Up-to-date: /home/rsa2021/python_ws/install/zbar_ros_interfaces/include/zbar_ros_interfaces/msg/detail/symbol__rosidl_typesupport_introspection_c.h
[0.921s] -- Up-to-date: /home/rsa2021/python_ws/install/zbar_ros_interfaces/include/zbar_ros_interfaces/msg/detail/symbol__type_support.c
[0.921s] -- Up-to-date: /home/rsa2021/python_ws/install/zbar_ros_interfaces/include/zbar_ros_interfaces/msg/rosidl_typesupport_introspection_c__visibility_control.h
[0.922s] -- Up-to-date: /home/rsa2021/python_ws/install/zbar_ros_interfaces/lib/libzbar_ros_interfaces__rosidl_typesupport_introspection_c.so
[0.923s] -- Up-to-date: /home/rsa2021/python_ws/install/zbar_ros_interfaces/lib/libzbar_ros_interfaces__rosidl_typesupport_c.so
[0.923s] -- Up-to-date: /home/rsa2021/python_ws/install/zbar_ros_interfaces/include/zbar_ros_interfaces
[0.923s] -- Up-to-date: /home/rsa2021/python_ws/install/zbar_ros_interfaces/include/zbar_ros_interfaces/msg
[0.923s] -- Up-to-date: /home/rsa2021/python_ws/install/zbar_ros_interfaces/include/zbar_ros_interfaces/msg/symbol.hpp
[0.924s] -- Up-to-date: /home/rsa2021/python_ws/install/zbar_ros_interfaces/include/zbar_ros_interfaces/msg/detail
[0.924s] -- Up-to-date: /home/rsa2021/python_ws/install/zbar_ros_interfaces/include/zbar_ros_interfaces/msg/detail/symbol__traits.hpp
[0.924s] -- Up-to-date: /home/rsa2021/python_ws/install/zbar_ros_interfaces/include/zbar_ros_interfaces/msg/detail/symbol__builder.hpp
[0.924s] -- Up-to-date: /home/rsa2021/python_ws/install/zbar_ros_interfaces/include/zbar_ros_interfaces/msg/detail/symbol__struct.hpp
[0.925s] -- Up-to-date: /home/rsa2021/python_ws/install/zbar_ros_interfaces/include/zbar_ros_interfaces
[0.925s] -- Up-to-date: /home/rsa2021/python_ws/install/zbar_ros_interfaces/include/zbar_ros_interfaces/msg
[0.925s] -- Up-to-date: /home/rsa2021/python_ws/install/zbar_ros_interfaces/include/zbar_ros_interfaces/msg/detail
[0.925s] -- Up-to-date: /home/rsa2021/python_ws/install/zbar_ros_interfaces/include/zbar_ros_interfaces/msg/detail/symbol__type_support.cpp
[0.925s] -- Up-to-date: /home/rsa2021/python_ws/install/zbar_ros_interfaces/include/zbar_ros_interfaces/msg/detail/symbol__rosidl_typesupport_introspection_cpp.hpp
[0.926s] -- Up-to-date: /home/rsa2021/python_ws/install/zbar_ros_interfaces/lib/libzbar_ros_interfaces__rosidl_typesupport_introspection_cpp.so
[0.929s] -- Up-to-date: /home/rsa2021/python_ws/install/zbar_ros_interfaces/lib/libzbar_ros_interfaces__rosidl_typesupport_cpp.so
[0.930s] -- Up-to-date: /home/rsa2021/python_ws/install/zbar_ros_interfaces/share/zbar_ros_interfaces/environment/pythonpath.sh
[0.930s] -- Up-to-date: /home/rsa2021/python_ws/install/zbar_ros_interfaces/share/zbar_ros_interfaces/environment/pythonpath.dsv
[0.930s] -- Up-to-date: /home/rsa2021/python_ws/install/zbar_ros_interfaces/lib/python3.8/site-packages/zbar_ros_interfaces/__init__.py
[0.980s] -- Up-to-date: /home/rsa2021/python_ws/install/zbar_ros_interfaces/lib/python3.8/site-packages/zbar_ros_interfaces/msg
[0.980s] -- Up-to-date: /home/rsa2021/python_ws/install/zbar_ros_interfaces/lib/python3.8/site-packages/zbar_ros_interfaces/msg/__init__.py
[0.980s] -- Up-to-date: /home/rsa2021/python_ws/install/zbar_ros_interfaces/lib/python3.8/site-packages/zbar_ros_interfaces/msg/_symbol.py
[0.980s] -- Up-to-date: /home/rsa2021/python_ws/install/zbar_ros_interfaces/lib/python3.8/site-packages/zbar_ros_interfaces/msg/_symbol_s.c
[0.980s] -- Up-to-date: /home/rsa2021/python_ws/install/zbar_ros_interfaces/lib/python3.8/site-packages/zbar_ros_interfaces/zbar_ros_interfaces_s__rosidl_typesupport_fastrtps_c.cpython-38-x86_64-linux-gnu.so
[0.982s] -- Up-to-date: /home/rsa2021/python_ws/install/zbar_ros_interfaces/lib/python3.8/site-packages/zbar_ros_interfaces/zbar_ros_interfaces_s__rosidl_typesupport_introspection_c.cpython-38-x86_64-linux-gnu.so
[0.982s] -- Up-to-date: /home/rsa2021/python_ws/install/zbar_ros_interfaces/lib/python3.8/site-packages/zbar_ros_interfaces/zbar_ros_interfaces_s__rosidl_typesupport_c.cpython-38-x86_64-linux-gnu.so
[0.983s] -- Up-to-date: /home/rsa2021/python_ws/install/zbar_ros_interfaces/lib/libzbar_ros_interfaces__python.so
[0.983s] -- Up-to-date: /home/rsa2021/python_ws/install/zbar_ros_interfaces/share/zbar_ros_interfaces/msg/Symbol.idl
[0.983s] -- Up-to-date: /home/rsa2021/python_ws/install/zbar_ros_interfaces/share/zbar_ros_interfaces/msg/Symbol.msg
[0.983s] -- Up-to-date: /home/rsa2021/python_ws/install/zbar_ros_interfaces/share/ament_index/resource_index/package_run_dependencies/zbar_ros_interfaces
[0.984s] -- Up-to-date: /home/rsa2021/python_ws/install/zbar_ros_interfaces/share/ament_index/resource_index/parent_prefix_path/zbar_ros_interfaces
[0.984s] -- Up-to-date: /home/rsa2021/python_ws/install/zbar_ros_interfaces/share/zbar_ros_interfaces/environment/ament_prefix_path.sh
[0.984s] -- Up-to-date: /home/rsa2021/python_ws/install/zbar_ros_interfaces/share/zbar_ros_interfaces/environment/ament_prefix_path.dsv
[0.984s] -- Up-to-date: /home/rsa2021/python_ws/install/zbar_ros_interfaces/share/zbar_ros_interfaces/environment/path.sh
[0.984s] -- Up-to-date: /home/rsa2021/python_ws/install/zbar_ros_interfaces/share/zbar_ros_interfaces/environment/path.dsv
[0.984s] -- Up-to-date: /home/rsa2021/python_ws/install/zbar_ros_interfaces/share/zbar_ros_interfaces/local_setup.bash
[0.984s] -- Up-to-date: /home/rsa2021/python_ws/install/zbar_ros_interfaces/share/zbar_ros_interfaces/local_setup.sh
[0.985s] -- Up-to-date: /home/rsa2021/python_ws/install/zbar_ros_interfaces/share/zbar_ros_interfaces/local_setup.zsh
[0.985s] -- Up-to-date: /home/rsa2021/python_ws/install/zbar_ros_interfaces/share/zbar_ros_interfaces/local_setup.dsv
[0.985s] -- Installing: /home/rsa2021/python_ws/install/zbar_ros_interfaces/share/zbar_ros_interfaces/package.dsv
[0.985s] -- Up-to-date: /home/rsa2021/python_ws/install/zbar_ros_interfaces/share/ament_index/resource_index/packages/zbar_ros_interfaces
[0.985s] -- Up-to-date: /home/rsa2021/python_ws/install/zbar_ros_interfaces/share/zbar_ros_interfaces/cmake/zbar_ros_interfaces__rosidl_generator_cExport.cmake
[0.985s] -- Up-to-date: /home/rsa2021/python_ws/install/zbar_ros_interfaces/share/zbar_ros_interfaces/cmake/zbar_ros_interfaces__rosidl_generator_cExport-noconfig.cmake
[0.987s] -- Up-to-date: /home/rsa2021/python_ws/install/zbar_ros_interfaces/share/zbar_ros_interfaces/cmake/zbar_ros_interfaces__rosidl_typesupport_introspection_cExport.cmake
[0.987s] -- Up-to-date: /home/rsa2021/python_ws/install/zbar_ros_interfaces/share/zbar_ros_interfaces/cmake/zbar_ros_interfaces__rosidl_typesupport_introspection_cExport-noconfig.cmake
[0.987s] -- Up-to-date: /home/rsa2021/python_ws/install/zbar_ros_interfaces/share/zbar_ros_interfaces/cmake/zbar_ros_interfaces__rosidl_typesupport_cExport.cmake
[0.987s] -- Up-to-date: /home/rsa2021/python_ws/install/zbar_ros_interfaces/share/zbar_ros_interfaces/cmake/zbar_ros_interfaces__rosidl_typesupport_cExport-noconfig.cmake
[0.987s] -- Up-to-date: /home/rsa2021/python_ws/install/zbar_ros_interfaces/share/zbar_ros_interfaces/cmake/zbar_ros_interfaces__rosidl_generator_cppExport.cmake
[0.987s] -- Up-to-date: /home/rsa2021/python_ws/install/zbar_ros_interfaces/share/zbar_ros_interfaces/cmake/zbar_ros_interfaces__rosidl_typesupport_introspection_cppExport.cmake
[0.988s] -- Up-to-date: /home/rsa2021/python_ws/install/zbar_ros_interfaces/share/zbar_ros_interfaces/cmake/zbar_ros_interfaces__rosidl_typesupport_introspection_cppExport-noconfig.cmake
[0.988s] -- Up-to-date: /home/rsa2021/python_ws/install/zbar_ros_interfaces/share/zbar_ros_interfaces/cmake/zbar_ros_interfaces__rosidl_typesupport_cppExport.cmake
[0.988s] -- Up-to-date: /home/rsa2021/python_ws/install/zbar_ros_interfaces/share/zbar_ros_interfaces/cmake/zbar_ros_interfaces__rosidl_typesupport_cppExport-noconfig.cmake
[0.988s] -- Up-to-date: /home/rsa2021/python_ws/install/zbar_ros_interfaces/share/zbar_ros_interfaces/cmake/rosidl_cmake-extras.cmake
[0.988s] -- Up-to-date: /home/rsa2021/python_ws/install/zbar_ros_interfaces/share/zbar_ros_interfaces/cmake/ament_cmake_export_dependencies-extras.cmake
[0.988s] -- Up-to-date: /home/rsa2021/python_ws/install/zbar_ros_interfaces/share/zbar_ros_interfaces/cmake/ament_cmake_export_libraries-extras.cmake
[0.988s] -- Up-to-date: /home/rsa2021/python_ws/install/zbar_ros_interfaces/share/zbar_ros_interfaces/cmake/ament_cmake_export_targets-extras.cmake
[0.988s] -- Up-to-date: /home/rsa2021/python_ws/install/zbar_ros_interfaces/share/zbar_ros_interfaces/cmake/ament_cmake_export_include_directories-extras.cmake
[0.988s] -- Up-to-date: /home/rsa2021/python_ws/install/zbar_ros_interfaces/share/zbar_ros_interfaces/cmake/rosidl_cmake_export_typesupport_libraries-extras.cmake
[0.988s] -- Up-to-date: /home/rsa2021/python_ws/install/zbar_ros_interfaces/share/zbar_ros_interfaces/cmake/rosidl_cmake_export_typesupport_targets-extras.cmake
[0.988s] -- Up-to-date: /home/rsa2021/python_ws/install/zbar_ros_interfaces/share/zbar_ros_interfaces/cmake/zbar_ros_interfacesConfig.cmake
[0.988s] -- Up-to-date: /home/rsa2021/python_ws/install/zbar_ros_interfaces/share/zbar_ros_interfaces/cmake/zbar_ros_interfacesConfig-version.cmake
[0.988s] -- Up-to-date: /home/rsa2021/python_ws/install/zbar_ros_interfaces/share/zbar_ros_interfaces/package.xml
[0.990s] Invoked command in '/home/rsa2021/python_ws/build/zbar_ros_interfaces' returned '0': CMAKE_PREFIX_PATH=${CMAKE_PREFIX_PATH}:/home/rsa2021/python_ws/install/publisher3431:/opt/ros/foxy /usr/bin/cmake --install /home/rsa2021/python_ws/build/zbar_ros_interfaces
