[0.798s] Invoking command in '/home/rsa2021/py_pub_sub/src/publisher3431': PYTHONPATH=/home/rsa2021/py_pub_sub/install/publisher3431/lib/python3.8/site-packages:${PYTHONPATH} /usr/bin/python3 setup.py egg_info --egg-base ../../build/publisher3431 build --build-base /home/rsa2021/py_pub_sub/build/publisher3431/build install --prefix /home/rsa2021/py_pub_sub/install/publisher3431 --record /home/rsa2021/py_pub_sub/build/publisher3431/install.log --single-version-externally-managed
[1.534s] running egg_info
[1.536s] writing ../../build/publisher3431/publisher3431.egg-info/PKG-INFO
[1.543s] writing dependency_links to ../../build/publisher3431/publisher3431.egg-info/dependency_links.txt
[1.543s] writing entry points to ../../build/publisher3431/publisher3431.egg-info/entry_points.txt
[1.543s] writing requirements to ../../build/publisher3431/publisher3431.egg-info/requires.txt
[1.544s] writing top-level names to ../../build/publisher3431/publisher3431.egg-info/top_level.txt
[1.701s] reading manifest file '../../build/publisher3431/publisher3431.egg-info/SOURCES.txt'
[1.709s] writing manifest file '../../build/publisher3431/publisher3431.egg-info/SOURCES.txt'
[1.710s] running build
[1.711s] running build_py
[1.712s] copying publisher3431/subscriber_ass2.py -> /home/rsa2021/py_pub_sub/build/publisher3431/build/lib/publisher3431
[1.718s] running install
[1.721s] running install_lib
[1.726s] copying /home/rsa2021/py_pub_sub/build/publisher3431/build/lib/publisher3431/subscriber_ass2.py -> /home/rsa2021/py_pub_sub/install/publisher3431/lib/python3.8/site-packages/publisher3431
[1.727s] byte-compiling /home/rsa2021/py_pub_sub/install/publisher3431/lib/python3.8/site-packages/publisher3431/subscriber_ass2.py to subscriber_ass2.cpython-38.pyc
[1.738s] running install_data
[1.739s] running install_egg_info
[1.744s] removing '/home/rsa2021/py_pub_sub/install/publisher3431/lib/python3.8/site-packages/publisher3431-0.0.0-py3.8.egg-info' (and everything under it)
[1.751s] Copying ../../build/publisher3431/publisher3431.egg-info to /home/rsa2021/py_pub_sub/install/publisher3431/lib/python3.8/site-packages/publisher3431-0.0.0-py3.8.egg-info
[1.760s] running install_scripts
[1.804s] Installing listener script to /home/rsa2021/py_pub_sub/install/publisher3431/lib/publisher3431
[1.805s] Installing listener_ass2 script to /home/rsa2021/py_pub_sub/install/publisher3431/lib/publisher3431
[1.805s] Installing talker script to /home/rsa2021/py_pub_sub/install/publisher3431/lib/publisher3431
[1.806s] writing list of installed files to '/home/rsa2021/py_pub_sub/build/publisher3431/install.log'
[1.880s] Invoked command in '/home/rsa2021/py_pub_sub/src/publisher3431' returned '0': PYTHONPATH=/home/rsa2021/py_pub_sub/install/publisher3431/lib/python3.8/site-packages:${PYTHONPATH} /usr/bin/python3 setup.py egg_info --egg-base ../../build/publisher3431 build --build-base /home/rsa2021/py_pub_sub/build/publisher3431/build install --prefix /home/rsa2021/py_pub_sub/install/publisher3431 --record /home/rsa2021/py_pub_sub/build/publisher3431/install.log --single-version-externally-managed
