[ 25%] [32mBuilding CXX object CMakeFiles/barcode_reader_node.dir/src/barcode_reader_node.cpp.o[0m
[ 50%] [32m[1mLinking CXX static library libbarcode_reader_node.a[0m
[ 50%] Built target barcode_reader_node
[35m[1mScanning dependencies of target barcode_reader[0m
[ 75%] [32mBuilding CXX object CMakeFiles/barcode_reader.dir/src/barcode_reader_main.cpp.o[0m
[100%] [32m[1mLinking CXX executable barcode_reader[0m
[100%] Built target barcode_reader
-- Install configuration: ""
-- Installing: /home/rsa2021/py_pub_sub/install/zbar_ros/lib/zbar_ros/barcode_reader
-- Set runtime path of "/home/rsa2021/py_pub_sub/install/zbar_ros/lib/zbar_ros/barcode_reader" to ""
-- Installing: /home/rsa2021/py_pub_sub/install/zbar_ros/include/
-- Installing: /home/rsa2021/py_pub_sub/install/zbar_ros/include//zbar_ros
-- Installing: /home/rsa2021/py_pub_sub/install/zbar_ros/include//zbar_ros/barcode_reader_node.hpp
-- Installing: /home/rsa2021/py_pub_sub/install/zbar_ros/lib/libbarcode_reader_node.a
-- Installing: /home/rsa2021/py_pub_sub/install/zbar_ros/share/ament_index/resource_index/package_run_dependencies/zbar_ros
-- Installing: /home/rsa2021/py_pub_sub/install/zbar_ros/share/ament_index/resource_index/parent_prefix_path/zbar_ros
-- Installing: /home/rsa2021/py_pub_sub/install/zbar_ros/share/zbar_ros/environment/ament_prefix_path.sh
-- Installing: /home/rsa2021/py_pub_sub/install/zbar_ros/share/zbar_ros/environment/ament_prefix_path.dsv
-- Installing: /home/rsa2021/py_pub_sub/install/zbar_ros/share/zbar_ros/environment/path.sh
-- Installing: /home/rsa2021/py_pub_sub/install/zbar_ros/share/zbar_ros/environment/path.dsv
-- Installing: /home/rsa2021/py_pub_sub/install/zbar_ros/share/zbar_ros/local_setup.bash
-- Installing: /home/rsa2021/py_pub_sub/install/zbar_ros/share/zbar_ros/local_setup.sh
-- Installing: /home/rsa2021/py_pub_sub/install/zbar_ros/share/zbar_ros/local_setup.zsh
-- Installing: /home/rsa2021/py_pub_sub/install/zbar_ros/share/zbar_ros/local_setup.dsv
-- Installing: /home/rsa2021/py_pub_sub/install/zbar_ros/share/zbar_ros/package.dsv
-- Installing: /home/rsa2021/py_pub_sub/install/zbar_ros/share/ament_index/resource_index/packages/zbar_ros
-- Installing: /home/rsa2021/py_pub_sub/install/zbar_ros/share/zbar_ros/cmake/zbar_rosConfig.cmake
-- Installing: /home/rsa2021/py_pub_sub/install/zbar_ros/share/zbar_ros/cmake/zbar_rosConfig-version.cmake
-- Installing: /home/rsa2021/py_pub_sub/install/zbar_ros/share/zbar_ros/package.xml
