[1.159s] Invoking command in '/home/rsa2021/py_pub_sub/src/publisher3431': PYTHONPATH=/home/rsa2021/py_pub_sub/install/publisher3431/lib/python3.8/site-packages:${PYTHONPATH} /usr/bin/python3 setup.py egg_info --egg-base ../../build/publisher3431 build --build-base /home/rsa2021/py_pub_sub/build/publisher3431/build install --prefix /home/rsa2021/py_pub_sub/install/publisher3431 --record /home/rsa2021/py_pub_sub/build/publisher3431/install.log --single-version-externally-managed
[2.542s] running egg_info
[2.543s] writing ../../build/publisher3431/publisher3431.egg-info/PKG-INFO
[2.543s] writing dependency_links to ../../build/publisher3431/publisher3431.egg-info/dependency_links.txt
[2.554s] writing entry points to ../../build/publisher3431/publisher3431.egg-info/entry_points.txt
[2.554s] writing requirements to ../../build/publisher3431/publisher3431.egg-info/requires.txt
[2.555s] writing top-level names to ../../build/publisher3431/publisher3431.egg-info/top_level.txt
[2.632s] reading manifest file '../../build/publisher3431/publisher3431.egg-info/SOURCES.txt'
[2.634s] writing manifest file '../../build/publisher3431/publisher3431.egg-info/SOURCES.txt'
[2.635s] running build
[2.635s] running build_py
[2.636s] copying publisher3431/subscriber_ass2.py -> /home/rsa2021/py_pub_sub/build/publisher3431/build/lib/publisher3431
[2.640s] running install
[2.640s] running install_lib
[2.643s] copying /home/rsa2021/py_pub_sub/build/publisher3431/build/lib/publisher3431/subscriber_ass2.py -> /home/rsa2021/py_pub_sub/install/publisher3431/lib/python3.8/site-packages/publisher3431
[2.644s] byte-compiling /home/rsa2021/py_pub_sub/install/publisher3431/lib/python3.8/site-packages/publisher3431/subscriber_ass2.py to subscriber_ass2.cpython-38.pyc
[2.647s] running install_data
[2.648s] running install_egg_info
[2.651s] removing '/home/rsa2021/py_pub_sub/install/publisher3431/lib/python3.8/site-packages/publisher3431-0.0.0-py3.8.egg-info' (and everything under it)
[2.651s] Copying ../../build/publisher3431/publisher3431.egg-info to /home/rsa2021/py_pub_sub/install/publisher3431/lib/python3.8/site-packages/publisher3431-0.0.0-py3.8.egg-info
[2.652s] running install_scripts
[2.723s] Installing listener script to /home/rsa2021/py_pub_sub/install/publisher3431/lib/publisher3431
[2.723s] Installing listener_ass2 script to /home/rsa2021/py_pub_sub/install/publisher3431/lib/publisher3431
[2.724s] Installing talker script to /home/rsa2021/py_pub_sub/install/publisher3431/lib/publisher3431
[2.724s] writing list of installed files to '/home/rsa2021/py_pub_sub/build/publisher3431/install.log'
[2.870s] Invoked command in '/home/rsa2021/py_pub_sub/src/publisher3431' returned '0': PYTHONPATH=/home/rsa2021/py_pub_sub/install/publisher3431/lib/python3.8/site-packages:${PYTHONPATH} /usr/bin/python3 setup.py egg_info --egg-base ../../build/publisher3431 build --build-base /home/rsa2021/py_pub_sub/build/publisher3431/build install --prefix /home/rsa2021/py_pub_sub/install/publisher3431 --record /home/rsa2021/py_pub_sub/build/publisher3431/install.log --single-version-externally-managed
