[0.109s] Invoking command in '/home/rsa2021/python_ws/build/zbar_ros_interfaces': CMAKE_PREFIX_PATH=${CMAKE_PREFIX_PATH}:/home/rsa2021/python_ws/install/publisher3431:/opt/ros/foxy /usr/bin/cmake --build /home/rsa2021/python_ws/build/zbar_ros_interfaces -- -j3 -l3
[1.133s] [  3%] Built target zbar_ros_interfaces__cpp
[1.134s] [ 12%] Built target zbar_ros_interfaces__rosidl_generator_c
[1.134s] [ 22%] Built target zbar_ros_interfaces__rosidl_typesupport_fastrtps_cpp
[1.134s] [ 32%] Built target zbar_ros_interfaces__rosidl_typesupport_cpp
[1.134s] [ 41%] Built target zbar_ros_interfaces__rosidl_typesupport_introspection_cpp
[1.134s] [ 51%] Built target zbar_ros_interfaces__rosidl_typesupport_introspection_c
[1.134s] [ 61%] Built target zbar_ros_interfaces__rosidl_typesupport_c
[1.135s] [ 70%] Built target zbar_ros_interfaces__rosidl_typesupport_fastrtps_c
[1.135s] [ 70%] Built target zbar_ros_interfaces
[1.135s] [ 74%] Built target zbar_ros_interfaces__py
[1.135s] [ 80%] Built target zbar_ros_interfaces__python
[1.135s] [ 87%] Built target zbar_ros_interfaces__rosidl_typesupport_fastrtps_c__pyext
[1.143s] [ 93%] Built target zbar_ros_interfaces__rosidl_typesupport_introspection_c__pyext
[1.157s] [100%] Built target zbar_ros_interfaces__rosidl_typesupport_c__pyext
[1.194s] Invoked command in '/home/rsa2021/python_ws/build/zbar_ros_interfaces' returned '0': CMAKE_PREFIX_PATH=${CMAKE_PREFIX_PATH}:/home/rsa2021/python_ws/install/publisher3431:/opt/ros/foxy /usr/bin/cmake --build /home/rsa2021/python_ws/build/zbar_ros_interfaces -- -j3 -l3
[1.483s] Invoking command in '/home/rsa2021/python_ws/build/zbar_ros_interfaces': CMAKE_PREFIX_PATH=${CMAKE_PREFIX_PATH}:/home/rsa2021/python_ws/install/publisher3431:/opt/ros/foxy /usr/bin/cmake --install /home/rsa2021/python_ws/build/zbar_ros_interfaces
[1.536s] -- Install configuration: ""
[1.537s] -- Up-to-date: /home/rsa2021/python_ws/install/zbar_ros_interfaces/share/ament_index/resource_index/rosidl_interfaces/zbar_ros_interfaces
[1.537s] -- Up-to-date: /home/rsa2021/python_ws/install/zbar_ros_interfaces/include/zbar_ros_interfaces
[1.537s] -- Up-to-date: /home/rsa2021/python_ws/install/zbar_ros_interfaces/include/zbar_ros_interfaces/msg
[1.537s] -- Up-to-date: /home/rsa2021/python_ws/install/zbar_ros_interfaces/include/zbar_ros_interfaces/msg/symbol.h
[1.538s] -- Up-to-date: /home/rsa2021/python_ws/install/zbar_ros_interfaces/include/zbar_ros_interfaces/msg/detail
[1.538s] -- Up-to-date: /home/rsa2021/python_ws/install/zbar_ros_interfaces/include/zbar_ros_interfaces/msg/detail/symbol__struct.h
[1.538s] -- Up-to-date: /home/rsa2021/python_ws/install/zbar_ros_interfaces/include/zbar_ros_interfaces/msg/detail/symbol__functions.c
[1.538s] -- Up-to-date: /home/rsa2021/python_ws/install/zbar_ros_interfaces/include/zbar_ros_interfaces/msg/detail/symbol__type_support.h
[1.538s] -- Up-to-date: /home/rsa2021/python_ws/install/zbar_ros_interfaces/include/zbar_ros_interfaces/msg/detail/symbol__functions.h
[1.538s] -- Up-to-date: /home/rsa2021/python_ws/install/zbar_ros_interfaces/include/zbar_ros_interfaces/msg/rosidl_generator_c__visibility_control.h
[1.539s] -- Up-to-date: /home/rsa2021/python_ws/install/zbar_ros_interfaces/share/zbar_ros_interfaces/environment/library_path.sh
[1.539s] -- Up-to-date: /home/rsa2021/python_ws/install/zbar_ros_interfaces/share/zbar_ros_interfaces/environment/library_path.dsv
[1.539s] -- Up-to-date: /home/rsa2021/python_ws/install/zbar_ros_interfaces/lib/libzbar_ros_interfaces__rosidl_generator_c.so
[1.539s] -- Up-to-date: /home/rsa2021/python_ws/install/zbar_ros_interfaces/include/zbar_ros_interfaces
[1.540s] -- Up-to-date: /home/rsa2021/python_ws/install/zbar_ros_interfaces/include/zbar_ros_interfaces/msg
[1.540s] -- Up-to-date: /home/rsa2021/python_ws/install/zbar_ros_interfaces/include/zbar_ros_interfaces/msg/detail
[1.541s] -- Up-to-date: /home/rsa2021/python_ws/install/zbar_ros_interfaces/include/zbar_ros_interfaces/msg/detail/symbol__rosidl_typesupport_fastrtps_c.h
[1.541s] -- Up-to-date: /home/rsa2021/python_ws/install/zbar_ros_interfaces/include/zbar_ros_interfaces/msg/rosidl_typesupport_fastrtps_c__visibility_control.h
[1.541s] -- Up-to-date: /home/rsa2021/python_ws/install/zbar_ros_interfaces/lib/libzbar_ros_interfaces__rosidl_typesupport_fastrtps_c.so
[1.541s] -- Up-to-date: /home/rsa2021/python_ws/install/zbar_ros_interfaces/include/zbar_ros_interfaces
[1.541s] -- Up-to-date: /home/rsa2021/python_ws/install/zbar_ros_interfaces/include/zbar_ros_interfaces/msg
[1.541s] -- Up-to-date: /home/rsa2021/python_ws/install/zbar_ros_interfaces/include/zbar_ros_interfaces/msg/rosidl_typesupport_fastrtps_cpp__visibility_control.h
[1.541s] -- Up-to-date: /home/rsa2021/python_ws/install/zbar_ros_interfaces/include/zbar_ros_interfaces/msg/detail
[1.541s] -- Up-to-date: /home/rsa2021/python_ws/install/zbar_ros_interfaces/include/zbar_ros_interfaces/msg/detail/dds_fastrtps
[1.542s] -- Up-to-date: /home/rsa2021/python_ws/install/zbar_ros_interfaces/include/zbar_ros_interfaces/msg/detail/symbol__rosidl_typesupport_fastrtps_cpp.hpp
[1.542s] -- Up-to-date: /home/rsa2021/python_ws/install/zbar_ros_interfaces/lib/libzbar_ros_interfaces__rosidl_typesupport_fastrtps_cpp.so
[1.542s] -- Up-to-date: /home/rsa2021/python_ws/install/zbar_ros_interfaces/include/zbar_ros_interfaces
[1.542s] -- Up-to-date: /home/rsa2021/python_ws/install/zbar_ros_interfaces/include/zbar_ros_interfaces/msg
[1.542s] -- Up-to-date: /home/rsa2021/python_ws/install/zbar_ros_interfaces/include/zbar_ros_interfaces/msg/detail
[1.542s] -- Up-to-date: /home/rsa2021/python_ws/install/zbar_ros_interfaces/include/zbar_ros_interfaces/msg/detail/symbol__rosidl_typesupport_introspection_c.h
[1.543s] -- Up-to-date: /home/rsa2021/python_ws/install/zbar_ros_interfaces/include/zbar_ros_interfaces/msg/detail/symbol__type_support.c
[1.543s] -- Up-to-date: /home/rsa2021/python_ws/install/zbar_ros_interfaces/include/zbar_ros_interfaces/msg/rosidl_typesupport_introspection_c__visibility_control.h
[1.544s] -- Up-to-date: /home/rsa2021/python_ws/install/zbar_ros_interfaces/lib/libzbar_ros_interfaces__rosidl_typesupport_introspection_c.so
[1.544s] -- Up-to-date: /home/rsa2021/python_ws/install/zbar_ros_interfaces/lib/libzbar_ros_interfaces__rosidl_typesupport_c.so
[1.545s] -- Up-to-date: /home/rsa2021/python_ws/install/zbar_ros_interfaces/include/zbar_ros_interfaces
[1.545s] -- Up-to-date: /home/rsa2021/python_ws/install/zbar_ros_interfaces/include/zbar_ros_interfaces/msg
[1.545s] -- Up-to-date: /home/rsa2021/python_ws/install/zbar_ros_interfaces/include/zbar_ros_interfaces/msg/symbol.hpp
[1.545s] -- Up-to-date: /home/rsa2021/python_ws/install/zbar_ros_interfaces/include/zbar_ros_interfaces/msg/detail
[1.545s] -- Up-to-date: /home/rsa2021/python_ws/install/zbar_ros_interfaces/include/zbar_ros_interfaces/msg/detail/symbol__traits.hpp
[1.545s] -- Up-to-date: /home/rsa2021/python_ws/install/zbar_ros_interfaces/include/zbar_ros_interfaces/msg/detail/symbol__builder.hpp
[1.545s] -- Up-to-date: /home/rsa2021/python_ws/install/zbar_ros_interfaces/include/zbar_ros_interfaces/msg/detail/symbol__struct.hpp
[1.545s] -- Up-to-date: /home/rsa2021/python_ws/install/zbar_ros_interfaces/include/zbar_ros_interfaces
[1.545s] -- Up-to-date: /home/rsa2021/python_ws/install/zbar_ros_interfaces/include/zbar_ros_interfaces/msg
[1.545s] -- Up-to-date: /home/rsa2021/python_ws/install/zbar_ros_interfaces/include/zbar_ros_interfaces/msg/detail
[1.546s] -- Up-to-date: /home/rsa2021/python_ws/install/zbar_ros_interfaces/include/zbar_ros_interfaces/msg/detail/symbol__type_support.cpp
[1.546s] -- Up-to-date: /home/rsa2021/python_ws/install/zbar_ros_interfaces/include/zbar_ros_interfaces/msg/detail/symbol__rosidl_typesupport_introspection_cpp.hpp
[1.546s] -- Up-to-date: /home/rsa2021/python_ws/install/zbar_ros_interfaces/lib/libzbar_ros_interfaces__rosidl_typesupport_introspection_cpp.so
[1.547s] -- Up-to-date: /home/rsa2021/python_ws/install/zbar_ros_interfaces/lib/libzbar_ros_interfaces__rosidl_typesupport_cpp.so
[1.547s] -- Up-to-date: /home/rsa2021/python_ws/install/zbar_ros_interfaces/share/zbar_ros_interfaces/environment/pythonpath.sh
[1.547s] -- Up-to-date: /home/rsa2021/python_ws/install/zbar_ros_interfaces/share/zbar_ros_interfaces/environment/pythonpath.dsv
[1.547s] -- Up-to-date: /home/rsa2021/python_ws/install/zbar_ros_interfaces/lib/python3.8/site-packages/zbar_ros_interfaces/__init__.py
[1.674s] -- Up-to-date: /home/rsa2021/python_ws/install/zbar_ros_interfaces/lib/python3.8/site-packages/zbar_ros_interfaces/msg
[1.675s] -- Up-to-date: /home/rsa2021/python_ws/install/zbar_ros_interfaces/lib/python3.8/site-packages/zbar_ros_interfaces/msg/__init__.py
[1.675s] -- Up-to-date: /home/rsa2021/python_ws/install/zbar_ros_interfaces/lib/python3.8/site-packages/zbar_ros_interfaces/msg/_symbol.py
[1.676s] -- Up-to-date: /home/rsa2021/python_ws/install/zbar_ros_interfaces/lib/python3.8/site-packages/zbar_ros_interfaces/msg/_symbol_s.c
[1.676s] -- Up-to-date: /home/rsa2021/python_ws/install/zbar_ros_interfaces/lib/python3.8/site-packages/zbar_ros_interfaces/zbar_ros_interfaces_s__rosidl_typesupport_fastrtps_c.cpython-38-x86_64-linux-gnu.so
[1.677s] -- Up-to-date: /home/rsa2021/python_ws/install/zbar_ros_interfaces/lib/python3.8/site-packages/zbar_ros_interfaces/zbar_ros_interfaces_s__rosidl_typesupport_introspection_c.cpython-38-x86_64-linux-gnu.so
[1.678s] -- Up-to-date: /home/rsa2021/python_ws/install/zbar_ros_interfaces/lib/python3.8/site-packages/zbar_ros_interfaces/zbar_ros_interfaces_s__rosidl_typesupport_c.cpython-38-x86_64-linux-gnu.so
[1.680s] -- Up-to-date: /home/rsa2021/python_ws/install/zbar_ros_interfaces/lib/libzbar_ros_interfaces__python.so
[1.680s] -- Up-to-date: /home/rsa2021/python_ws/install/zbar_ros_interfaces/share/zbar_ros_interfaces/msg/Symbol.idl
[1.681s] -- Up-to-date: /home/rsa2021/python_ws/install/zbar_ros_interfaces/share/zbar_ros_interfaces/msg/Symbol.msg
[1.681s] -- Up-to-date: /home/rsa2021/python_ws/install/zbar_ros_interfaces/share/ament_index/resource_index/package_run_dependencies/zbar_ros_interfaces
[1.694s] -- Up-to-date: /home/rsa2021/python_ws/install/zbar_ros_interfaces/share/ament_index/resource_index/parent_prefix_path/zbar_ros_interfaces
[1.694s] -- Up-to-date: /home/rsa2021/python_ws/install/zbar_ros_interfaces/share/zbar_ros_interfaces/environment/ament_prefix_path.sh
[1.695s] -- Up-to-date: /home/rsa2021/python_ws/install/zbar_ros_interfaces/share/zbar_ros_interfaces/environment/ament_prefix_path.dsv
[1.695s] -- Up-to-date: /home/rsa2021/python_ws/install/zbar_ros_interfaces/share/zbar_ros_interfaces/environment/path.sh
[1.695s] -- Up-to-date: /home/rsa2021/python_ws/install/zbar_ros_interfaces/share/zbar_ros_interfaces/environment/path.dsv
[1.702s] -- Up-to-date: /home/rsa2021/python_ws/install/zbar_ros_interfaces/share/zbar_ros_interfaces/local_setup.bash
[1.702s] -- Up-to-date: /home/rsa2021/python_ws/install/zbar_ros_interfaces/share/zbar_ros_interfaces/local_setup.sh
[1.702s] -- Up-to-date: /home/rsa2021/python_ws/install/zbar_ros_interfaces/share/zbar_ros_interfaces/local_setup.zsh
[1.702s] -- Up-to-date: /home/rsa2021/python_ws/install/zbar_ros_interfaces/share/zbar_ros_interfaces/local_setup.dsv
[1.702s] -- Installing: /home/rsa2021/python_ws/install/zbar_ros_interfaces/share/zbar_ros_interfaces/package.dsv
[1.702s] -- Up-to-date: /home/rsa2021/python_ws/install/zbar_ros_interfaces/share/ament_index/resource_index/packages/zbar_ros_interfaces
[1.704s] -- Up-to-date: /home/rsa2021/python_ws/install/zbar_ros_interfaces/share/zbar_ros_interfaces/cmake/zbar_ros_interfaces__rosidl_generator_cExport.cmake
[1.704s] -- Up-to-date: /home/rsa2021/python_ws/install/zbar_ros_interfaces/share/zbar_ros_interfaces/cmake/zbar_ros_interfaces__rosidl_generator_cExport-noconfig.cmake
[1.704s] -- Up-to-date: /home/rsa2021/python_ws/install/zbar_ros_interfaces/share/zbar_ros_interfaces/cmake/zbar_ros_interfaces__rosidl_typesupport_introspection_cExport.cmake
[1.704s] -- Up-to-date: /home/rsa2021/python_ws/install/zbar_ros_interfaces/share/zbar_ros_interfaces/cmake/zbar_ros_interfaces__rosidl_typesupport_introspection_cExport-noconfig.cmake
[1.705s] -- Up-to-date: /home/rsa2021/python_ws/install/zbar_ros_interfaces/share/zbar_ros_interfaces/cmake/zbar_ros_interfaces__rosidl_typesupport_cExport.cmake
[1.705s] -- Up-to-date: /home/rsa2021/python_ws/install/zbar_ros_interfaces/share/zbar_ros_interfaces/cmake/zbar_ros_interfaces__rosidl_typesupport_cExport-noconfig.cmake
[1.706s] -- Up-to-date: /home/rsa2021/python_ws/install/zbar_ros_interfaces/share/zbar_ros_interfaces/cmake/zbar_ros_interfaces__rosidl_generator_cppExport.cmake
[1.710s] -- Up-to-date: /home/rsa2021/python_ws/install/zbar_ros_interfaces/share/zbar_ros_interfaces/cmake/zbar_ros_interfaces__rosidl_typesupport_introspection_cppExport.cmake
[1.711s] -- Up-to-date: /home/rsa2021/python_ws/install/zbar_ros_interfaces/share/zbar_ros_interfaces/cmake/zbar_ros_interfaces__rosidl_typesupport_introspection_cppExport-noconfig.cmake
[1.712s] -- Up-to-date: /home/rsa2021/python_ws/install/zbar_ros_interfaces/share/zbar_ros_interfaces/cmake/zbar_ros_interfaces__rosidl_typesupport_cppExport.cmake
[1.712s] -- Up-to-date: /home/rsa2021/python_ws/install/zbar_ros_interfaces/share/zbar_ros_interfaces/cmake/zbar_ros_interfaces__rosidl_typesupport_cppExport-noconfig.cmake
[1.713s] -- Up-to-date: /home/rsa2021/python_ws/install/zbar_ros_interfaces/share/zbar_ros_interfaces/cmake/rosidl_cmake-extras.cmake
[1.713s] -- Up-to-date: /home/rsa2021/python_ws/install/zbar_ros_interfaces/share/zbar_ros_interfaces/cmake/ament_cmake_export_dependencies-extras.cmake
[1.713s] -- Up-to-date: /home/rsa2021/python_ws/install/zbar_ros_interfaces/share/zbar_ros_interfaces/cmake/ament_cmake_export_libraries-extras.cmake
[1.713s] -- Up-to-date: /home/rsa2021/python_ws/install/zbar_ros_interfaces/share/zbar_ros_interfaces/cmake/ament_cmake_export_targets-extras.cmake
[1.714s] -- Up-to-date: /home/rsa2021/python_ws/install/zbar_ros_interfaces/share/zbar_ros_interfaces/cmake/ament_cmake_export_include_directories-extras.cmake
[1.714s] -- Up-to-date: /home/rsa2021/python_ws/install/zbar_ros_interfaces/share/zbar_ros_interfaces/cmake/rosidl_cmake_export_typesupport_libraries-extras.cmake
[1.715s] -- Up-to-date: /home/rsa2021/python_ws/install/zbar_ros_interfaces/share/zbar_ros_interfaces/cmake/rosidl_cmake_export_typesupport_targets-extras.cmake
[1.715s] -- Up-to-date: /home/rsa2021/python_ws/install/zbar_ros_interfaces/share/zbar_ros_interfaces/cmake/zbar_ros_interfacesConfig.cmake
[1.715s] -- Up-to-date: /home/rsa2021/python_ws/install/zbar_ros_interfaces/share/zbar_ros_interfaces/cmake/zbar_ros_interfacesConfig-version.cmake
[1.716s] -- Up-to-date: /home/rsa2021/python_ws/install/zbar_ros_interfaces/share/zbar_ros_interfaces/package.xml
[1.729s] Invoked command in '/home/rsa2021/python_ws/build/zbar_ros_interfaces' returned '0': CMAKE_PREFIX_PATH=${CMAKE_PREFIX_PATH}:/home/rsa2021/python_ws/install/publisher3431:/opt/ros/foxy /usr/bin/cmake --install /home/rsa2021/python_ws/build/zbar_ros_interfaces
