[0.045s] Invoking command in '/home/rsa2021/py_pub_sub/build/comp3431_ass3_worlds': CMAKE_PREFIX_PATH=/home/rsa2021/py_pub_sub/install/zbar_ros:/home/rsa2021/py_pub_sub/install/zbar_ros_interfaces:/home/rsa2021/py_pub_sub/install/publisher3431:/opt/ros/foxy:/home/rsa2021/py_pub_sub/install/image_publisher /usr/bin/cmake --build /home/rsa2021/py_pub_sub/build/comp3431_ass3_worlds -- -j3 -l3
[0.412s] Invoked command in '/home/rsa2021/py_pub_sub/build/comp3431_ass3_worlds' returned '0': CMAKE_PREFIX_PATH=/home/rsa2021/py_pub_sub/install/zbar_ros:/home/rsa2021/py_pub_sub/install/zbar_ros_interfaces:/home/rsa2021/py_pub_sub/install/publisher3431:/opt/ros/foxy:/home/rsa2021/py_pub_sub/install/image_publisher /usr/bin/cmake --build /home/rsa2021/py_pub_sub/build/comp3431_ass3_worlds -- -j3 -l3
[0.545s] Invoking command in '/home/rsa2021/py_pub_sub/build/comp3431_ass3_worlds': CMAKE_PREFIX_PATH=/home/rsa2021/py_pub_sub/install/zbar_ros:/home/rsa2021/py_pub_sub/install/zbar_ros_interfaces:/home/rsa2021/py_pub_sub/install/publisher3431:/opt/ros/foxy:/home/rsa2021/py_pub_sub/install/image_publisher /usr/bin/cmake --install /home/rsa2021/py_pub_sub/build/comp3431_ass3_worlds
[0.557s] -- Install configuration: ""
[0.558s] -- Up-to-date: /home/rsa2021/py_pub_sub/install/comp3431_ass3_worlds/share/comp3431_ass3_worlds//launch
[0.558s] -- Up-to-date: /home/rsa2021/py_pub_sub/install/comp3431_ass3_worlds/share/comp3431_ass3_worlds//launch/house1.launch.py
[0.558s] -- Up-to-date: /home/rsa2021/py_pub_sub/install/comp3431_ass3_worlds/share/comp3431_ass3_worlds//models
[0.559s] -- Up-to-date: /home/rsa2021/py_pub_sub/install/comp3431_ass3_worlds/share/comp3431_ass3_worlds//models/dining-room
[0.559s] -- Up-to-date: /home/rsa2021/py_pub_sub/install/comp3431_ass3_worlds/share/comp3431_ass3_worlds//models/dining-room/materials
[0.559s] -- Up-to-date: /home/rsa2021/py_pub_sub/install/comp3431_ass3_worlds/share/comp3431_ass3_worlds//models/dining-room/materials/textures
[0.559s] -- Up-to-date: /home/rsa2021/py_pub_sub/install/comp3431_ass3_worlds/share/comp3431_ass3_worlds//models/dining-room/materials/textures/dining-room_coffee_banana.png
[0.560s] -- Up-to-date: /home/rsa2021/py_pub_sub/install/comp3431_ass3_worlds/share/comp3431_ass3_worlds//models/dining-room/materials/textures/dining-room.png
[0.560s] -- Up-to-date: /home/rsa2021/py_pub_sub/install/comp3431_ass3_worlds/share/comp3431_ass3_worlds//models/dining-room/.model.sdf.swp
[0.560s] -- Up-to-date: /home/rsa2021/py_pub_sub/install/comp3431_ass3_worlds/share/comp3431_ass3_worlds//models/dining-room/model.config
[0.560s] -- Up-to-date: /home/rsa2021/py_pub_sub/install/comp3431_ass3_worlds/share/comp3431_ass3_worlds//models/dining-room/meshes
[0.560s] -- Up-to-date: /home/rsa2021/py_pub_sub/install/comp3431_ass3_worlds/share/comp3431_ass3_worlds//models/dining-room/meshes/dining-room.dae
[0.560s] -- Up-to-date: /home/rsa2021/py_pub_sub/install/comp3431_ass3_worlds/share/comp3431_ass3_worlds//models/dining-room/model.sdf
[0.560s] -- Up-to-date: /home/rsa2021/py_pub_sub/install/comp3431_ass3_worlds/share/comp3431_ass3_worlds//models/storage-room
[0.561s] -- Up-to-date: /home/rsa2021/py_pub_sub/install/comp3431_ass3_worlds/share/comp3431_ass3_worlds//models/storage-room/materials
[0.561s] -- Up-to-date: /home/rsa2021/py_pub_sub/install/comp3431_ass3_worlds/share/comp3431_ass3_worlds//models/storage-room/materials/textures
[0.561s] -- Up-to-date: /home/rsa2021/py_pub_sub/install/comp3431_ass3_worlds/share/comp3431_ass3_worlds//models/storage-room/materials/textures/storage-room.png
[0.561s] -- Up-to-date: /home/rsa2021/py_pub_sub/install/comp3431_ass3_worlds/share/comp3431_ass3_worlds//models/storage-room/.model.sdf.swp
[0.561s] -- Up-to-date: /home/rsa2021/py_pub_sub/install/comp3431_ass3_worlds/share/comp3431_ass3_worlds//models/storage-room/model.config
[0.561s] -- Up-to-date: /home/rsa2021/py_pub_sub/install/comp3431_ass3_worlds/share/comp3431_ass3_worlds//models/storage-room/meshes
[0.561s] -- Up-to-date: /home/rsa2021/py_pub_sub/install/comp3431_ass3_worlds/share/comp3431_ass3_worlds//models/storage-room/meshes/storage-room.dae
[0.561s] -- Up-to-date: /home/rsa2021/py_pub_sub/install/comp3431_ass3_worlds/share/comp3431_ass3_worlds//models/storage-room/model.sdf
[0.561s] -- Up-to-date: /home/rsa2021/py_pub_sub/install/comp3431_ass3_worlds/share/comp3431_ass3_worlds//models/living-room
[0.561s] -- Up-to-date: /home/rsa2021/py_pub_sub/install/comp3431_ass3_worlds/share/comp3431_ass3_worlds//models/living-room/materials
[0.562s] -- Up-to-date: /home/rsa2021/py_pub_sub/install/comp3431_ass3_worlds/share/comp3431_ass3_worlds//models/living-room/materials/textures
[0.562s] -- Up-to-date: /home/rsa2021/py_pub_sub/install/comp3431_ass3_worlds/share/comp3431_ass3_worlds//models/living-room/materials/textures/living-room.png
[0.562s] -- Up-to-date: /home/rsa2021/py_pub_sub/install/comp3431_ass3_worlds/share/comp3431_ass3_worlds//models/living-room/.model.sdf.swp
[0.562s] -- Up-to-date: /home/rsa2021/py_pub_sub/install/comp3431_ass3_worlds/share/comp3431_ass3_worlds//models/living-room/model.config
[0.562s] -- Up-to-date: /home/rsa2021/py_pub_sub/install/comp3431_ass3_worlds/share/comp3431_ass3_worlds//models/living-room/meshes
[0.562s] -- Up-to-date: /home/rsa2021/py_pub_sub/install/comp3431_ass3_worlds/share/comp3431_ass3_worlds//models/living-room/meshes/living-room.dae
[0.563s] -- Up-to-date: /home/rsa2021/py_pub_sub/install/comp3431_ass3_worlds/share/comp3431_ass3_worlds//models/living-room/model.sdf
[0.563s] -- Up-to-date: /home/rsa2021/py_pub_sub/install/comp3431_ass3_worlds/share/comp3431_ass3_worlds//models/kitchen
[0.563s] -- Up-to-date: /home/rsa2021/py_pub_sub/install/comp3431_ass3_worlds/share/comp3431_ass3_worlds//models/kitchen/materials
[0.563s] -- Up-to-date: /home/rsa2021/py_pub_sub/install/comp3431_ass3_worlds/share/comp3431_ass3_worlds//models/kitchen/materials/textures
[0.564s] -- Up-to-date: /home/rsa2021/py_pub_sub/install/comp3431_ass3_worlds/share/comp3431_ass3_worlds//models/kitchen/materials/textures/kitchen_fanta_apple.png
[0.564s] -- Up-to-date: /home/rsa2021/py_pub_sub/install/comp3431_ass3_worlds/share/comp3431_ass3_worlds//models/kitchen/materials/textures/kitchen.png
[0.564s] -- Up-to-date: /home/rsa2021/py_pub_sub/install/comp3431_ass3_worlds/share/comp3431_ass3_worlds//models/kitchen/.model.sdf.swp
[0.564s] -- Up-to-date: /home/rsa2021/py_pub_sub/install/comp3431_ass3_worlds/share/comp3431_ass3_worlds//models/kitchen/model.config
[0.564s] -- Up-to-date: /home/rsa2021/py_pub_sub/install/comp3431_ass3_worlds/share/comp3431_ass3_worlds//models/kitchen/meshes
[0.565s] -- Up-to-date: /home/rsa2021/py_pub_sub/install/comp3431_ass3_worlds/share/comp3431_ass3_worlds//models/kitchen/meshes/kitchen.dae
[0.565s] -- Up-to-date: /home/rsa2021/py_pub_sub/install/comp3431_ass3_worlds/share/comp3431_ass3_worlds//models/kitchen/model.sdf
[0.565s] -- Up-to-date: /home/rsa2021/py_pub_sub/install/comp3431_ass3_worlds/share/comp3431_ass3_worlds//models/study
[0.565s] -- Up-to-date: /home/rsa2021/py_pub_sub/install/comp3431_ass3_worlds/share/comp3431_ass3_worlds//models/study/materials
[0.565s] -- Up-to-date: /home/rsa2021/py_pub_sub/install/comp3431_ass3_worlds/share/comp3431_ass3_worlds//models/study/materials/textures
[0.566s] -- Up-to-date: /home/rsa2021/py_pub_sub/install/comp3431_ass3_worlds/share/comp3431_ass3_worlds//models/study/materials/textures/study_orange.png
[0.566s] -- Up-to-date: /home/rsa2021/py_pub_sub/install/comp3431_ass3_worlds/share/comp3431_ass3_worlds//models/study/materials/textures/study.png
[0.566s] -- Up-to-date: /home/rsa2021/py_pub_sub/install/comp3431_ass3_worlds/share/comp3431_ass3_worlds//models/study/.model.sdf.swp
[0.566s] -- Up-to-date: /home/rsa2021/py_pub_sub/install/comp3431_ass3_worlds/share/comp3431_ass3_worlds//models/study/model.config
[0.566s] -- Up-to-date: /home/rsa2021/py_pub_sub/install/comp3431_ass3_worlds/share/comp3431_ass3_worlds//models/study/meshes
[0.568s] -- Up-to-date: /home/rsa2021/py_pub_sub/install/comp3431_ass3_worlds/share/comp3431_ass3_worlds//models/study/meshes/study.dae
[0.568s] -- Up-to-date: /home/rsa2021/py_pub_sub/install/comp3431_ass3_worlds/share/comp3431_ass3_worlds//models/study/model.sdf
[0.568s] -- Up-to-date: /home/rsa2021/py_pub_sub/install/comp3431_ass3_worlds/share/comp3431_ass3_worlds//models/pantry
[0.569s] -- Up-to-date: /home/rsa2021/py_pub_sub/install/comp3431_ass3_worlds/share/comp3431_ass3_worlds//models/pantry/materials
[0.569s] -- Up-to-date: /home/rsa2021/py_pub_sub/install/comp3431_ass3_worlds/share/comp3431_ass3_worlds//models/pantry/materials/textures
[0.569s] -- Up-to-date: /home/rsa2021/py_pub_sub/install/comp3431_ass3_worlds/share/comp3431_ass3_worlds//models/pantry/materials/textures/pantry.png
[0.570s] -- Up-to-date: /home/rsa2021/py_pub_sub/install/comp3431_ass3_worlds/share/comp3431_ass3_worlds//models/pantry/.model.sdf.swp
[0.570s] -- Up-to-date: /home/rsa2021/py_pub_sub/install/comp3431_ass3_worlds/share/comp3431_ass3_worlds//models/pantry/model.config
[0.570s] -- Up-to-date: /home/rsa2021/py_pub_sub/install/comp3431_ass3_worlds/share/comp3431_ass3_worlds//models/pantry/meshes
[0.570s] -- Up-to-date: /home/rsa2021/py_pub_sub/install/comp3431_ass3_worlds/share/comp3431_ass3_worlds//models/pantry/meshes/pantry.dae
[0.570s] -- Up-to-date: /home/rsa2021/py_pub_sub/install/comp3431_ass3_worlds/share/comp3431_ass3_worlds//models/pantry/model.sdf
[0.571s] -- Up-to-date: /home/rsa2021/py_pub_sub/install/comp3431_ass3_worlds/share/comp3431_ass3_worlds//worlds
[0.571s] -- Up-to-date: /home/rsa2021/py_pub_sub/install/comp3431_ass3_worlds/share/comp3431_ass3_worlds//worlds/house1.model
[0.571s] -- Up-to-date: /home/rsa2021/py_pub_sub/install/comp3431_ass3_worlds/share/ament_index/resource_index/package_run_dependencies/comp3431_ass3_worlds
[0.571s] -- Up-to-date: /home/rsa2021/py_pub_sub/install/comp3431_ass3_worlds/share/ament_index/resource_index/parent_prefix_path/comp3431_ass3_worlds
[0.571s] -- Up-to-date: /home/rsa2021/py_pub_sub/install/comp3431_ass3_worlds/share/comp3431_ass3_worlds/environment/ament_prefix_path.sh
[0.571s] -- Up-to-date: /home/rsa2021/py_pub_sub/install/comp3431_ass3_worlds/share/comp3431_ass3_worlds/environment/ament_prefix_path.dsv
[0.572s] -- Up-to-date: /home/rsa2021/py_pub_sub/install/comp3431_ass3_worlds/share/comp3431_ass3_worlds/environment/path.sh
[0.572s] -- Up-to-date: /home/rsa2021/py_pub_sub/install/comp3431_ass3_worlds/share/comp3431_ass3_worlds/environment/path.dsv
[0.572s] -- Up-to-date: /home/rsa2021/py_pub_sub/install/comp3431_ass3_worlds/share/comp3431_ass3_worlds/local_setup.bash
[0.572s] -- Up-to-date: /home/rsa2021/py_pub_sub/install/comp3431_ass3_worlds/share/comp3431_ass3_worlds/local_setup.sh
[0.572s] -- Up-to-date: /home/rsa2021/py_pub_sub/install/comp3431_ass3_worlds/share/comp3431_ass3_worlds/local_setup.zsh
[0.572s] -- Up-to-date: /home/rsa2021/py_pub_sub/install/comp3431_ass3_worlds/share/comp3431_ass3_worlds/local_setup.dsv
[0.573s] -- Installing: /home/rsa2021/py_pub_sub/install/comp3431_ass3_worlds/share/comp3431_ass3_worlds/package.dsv
[0.573s] -- Up-to-date: /home/rsa2021/py_pub_sub/install/comp3431_ass3_worlds/share/ament_index/resource_index/packages/comp3431_ass3_worlds
[0.573s] -- Up-to-date: /home/rsa2021/py_pub_sub/install/comp3431_ass3_worlds/share/comp3431_ass3_worlds/cmake/comp3431_ass3_worldsConfig.cmake
[0.574s] -- Up-to-date: /home/rsa2021/py_pub_sub/install/comp3431_ass3_worlds/share/comp3431_ass3_worlds/cmake/comp3431_ass3_worldsConfig-version.cmake
[0.574s] -- Up-to-date: /home/rsa2021/py_pub_sub/install/comp3431_ass3_worlds/share/comp3431_ass3_worlds/package.xml
[0.574s] Invoked command in '/home/rsa2021/py_pub_sub/build/comp3431_ass3_worlds' returned '0': CMAKE_PREFIX_PATH=/home/rsa2021/py_pub_sub/install/zbar_ros:/home/rsa2021/py_pub_sub/install/zbar_ros_interfaces:/home/rsa2021/py_pub_sub/install/publisher3431:/opt/ros/foxy:/home/rsa2021/py_pub_sub/install/image_publisher /usr/bin/cmake --install /home/rsa2021/py_pub_sub/build/comp3431_ass3_worlds
