[0.065s] Invoking command in '/home/rsa2021/py_pub_sub/build/image_publisher': CMAKE_PREFIX_PATH=/home/rsa2021/py_pub_sub/install/zbar_ros:/home/rsa2021/py_pub_sub/install/zbar_ros_interfaces:/home/rsa2021/py_pub_sub/install/publisher3431:/opt/ros/foxy:/home/rsa2021/py_pub_sub/install/image_publisher /usr/bin/cmake --build /home/rsa2021/py_pub_sub/build/image_publisher -- -j3 -l3
[0.483s] [ 50%] Built target image_publisher
[0.652s] [100%] Built target image_publisher_node
[1.136s] Invoked command in '/home/rsa2021/py_pub_sub/build/image_publisher' returned '0': CMAKE_PREFIX_PATH=/home/rsa2021/py_pub_sub/install/zbar_ros:/home/rsa2021/py_pub_sub/install/zbar_ros_interfaces:/home/rsa2021/py_pub_sub/install/publisher3431:/opt/ros/foxy:/home/rsa2021/py_pub_sub/install/image_publisher /usr/bin/cmake --build /home/rsa2021/py_pub_sub/build/image_publisher -- -j3 -l3
[1.404s] Invoking command in '/home/rsa2021/py_pub_sub/build/image_publisher': CMAKE_PREFIX_PATH=/home/rsa2021/py_pub_sub/install/zbar_ros:/home/rsa2021/py_pub_sub/install/zbar_ros_interfaces:/home/rsa2021/py_pub_sub/install/publisher3431:/opt/ros/foxy:/home/rsa2021/py_pub_sub/install/image_publisher /usr/bin/cmake --install /home/rsa2021/py_pub_sub/build/image_publisher
[1.450s] -- Install configuration: ""
[1.454s] -- Up-to-date: /home/rsa2021/py_pub_sub/install/image_publisher/include/image_publisher
[1.454s] -- Up-to-date: /home/rsa2021/py_pub_sub/install/image_publisher/include/image_publisher/visibility.h
[1.455s] -- Up-to-date: /home/rsa2021/py_pub_sub/install/image_publisher/lib/image_publisher/image_publisher_node
[1.457s] -- Up-to-date: /home/rsa2021/py_pub_sub/install/image_publisher/lib/image_publisher/libimage_publisher.so
[1.462s] -- Up-to-date: /home/rsa2021/py_pub_sub/install/image_publisher/bin/libimage_publisher.so
[1.462s] -- Up-to-date: /home/rsa2021/py_pub_sub/install/image_publisher/share/image_publisher//launch
[1.462s] -- Up-to-date: /home/rsa2021/py_pub_sub/install/image_publisher/share/image_publisher//launch/image_publisher_file.launch.py
[1.462s] -- Up-to-date: /home/rsa2021/py_pub_sub/install/image_publisher/share/image_publisher//launch/image_publisher_mono.launch.py
[1.462s] -- Up-to-date: /home/rsa2021/py_pub_sub/install/image_publisher/share/image_publisher//launch/image_publisher_stereo.launch.py
[1.463s] -- Up-to-date: /home/rsa2021/py_pub_sub/install/image_publisher/share/image_publisher//launch/splash.png
[1.463s] -- Up-to-date: /home/rsa2021/py_pub_sub/install/image_publisher/share/ament_index/resource_index/package_run_dependencies/image_publisher
[1.463s] -- Up-to-date: /home/rsa2021/py_pub_sub/install/image_publisher/share/ament_index/resource_index/parent_prefix_path/image_publisher
[1.463s] -- Up-to-date: /home/rsa2021/py_pub_sub/install/image_publisher/share/image_publisher/environment/ament_prefix_path.sh
[1.463s] -- Up-to-date: /home/rsa2021/py_pub_sub/install/image_publisher/share/image_publisher/environment/ament_prefix_path.dsv
[1.463s] -- Up-to-date: /home/rsa2021/py_pub_sub/install/image_publisher/share/image_publisher/environment/path.sh
[1.464s] -- Up-to-date: /home/rsa2021/py_pub_sub/install/image_publisher/share/image_publisher/environment/path.dsv
[1.466s] -- Up-to-date: /home/rsa2021/py_pub_sub/install/image_publisher/share/image_publisher/local_setup.bash
[1.467s] -- Up-to-date: /home/rsa2021/py_pub_sub/install/image_publisher/share/image_publisher/local_setup.sh
[1.467s] -- Up-to-date: /home/rsa2021/py_pub_sub/install/image_publisher/share/image_publisher/local_setup.zsh
[1.467s] -- Up-to-date: /home/rsa2021/py_pub_sub/install/image_publisher/share/image_publisher/local_setup.dsv
[1.468s] -- Installing: /home/rsa2021/py_pub_sub/install/image_publisher/share/image_publisher/package.dsv
[1.475s] -- Up-to-date: /home/rsa2021/py_pub_sub/install/image_publisher/share/ament_index/resource_index/packages/image_publisher
[1.475s] -- Up-to-date: /home/rsa2021/py_pub_sub/install/image_publisher/share/ament_index/resource_index/rclcpp_components/image_publisher
[1.480s] -- Up-to-date: /home/rsa2021/py_pub_sub/install/image_publisher/share/image_publisher/cmake/ament_cmake_export_dependencies-extras.cmake
[1.480s] -- Up-to-date: /home/rsa2021/py_pub_sub/install/image_publisher/share/image_publisher/cmake/image_publisherConfig.cmake
[1.480s] -- Up-to-date: /home/rsa2021/py_pub_sub/install/image_publisher/share/image_publisher/cmake/image_publisherConfig-version.cmake
[1.480s] -- Up-to-date: /home/rsa2021/py_pub_sub/install/image_publisher/share/image_publisher/package.xml
[1.485s] Invoked command in '/home/rsa2021/py_pub_sub/build/image_publisher' returned '0': CMAKE_PREFIX_PATH=/home/rsa2021/py_pub_sub/install/zbar_ros:/home/rsa2021/py_pub_sub/install/zbar_ros_interfaces:/home/rsa2021/py_pub_sub/install/publisher3431:/opt/ros/foxy:/home/rsa2021/py_pub_sub/install/image_publisher /usr/bin/cmake --install /home/rsa2021/py_pub_sub/build/image_publisher
