[1.849s] Invoking command in '/home/rsa2021/py_pub_sub/src/publisher3431': PYTHONPATH=/home/rsa2021/py_pub_sub/install/publisher3431/lib/python3.8/site-packages:${PYTHONPATH} /usr/bin/python3 setup.py egg_info --egg-base ../../build/publisher3431 build --build-base /home/rsa2021/py_pub_sub/build/publisher3431/build install --prefix /home/rsa2021/py_pub_sub/install/publisher3431 --record /home/rsa2021/py_pub_sub/build/publisher3431/install.log --single-version-externally-managed
[3.544s] running egg_info
[3.547s] writing ../../build/publisher3431/publisher3431.egg-info/PKG-INFO
[3.549s] writing dependency_links to ../../build/publisher3431/publisher3431.egg-info/dependency_links.txt
[3.550s] writing entry points to ../../build/publisher3431/publisher3431.egg-info/entry_points.txt
[3.551s] writing requirements to ../../build/publisher3431/publisher3431.egg-info/requires.txt
[3.552s] writing top-level names to ../../build/publisher3431/publisher3431.egg-info/top_level.txt
[3.813s] reading manifest file '../../build/publisher3431/publisher3431.egg-info/SOURCES.txt'
[3.820s] writing manifest file '../../build/publisher3431/publisher3431.egg-info/SOURCES.txt'
[3.821s] running build
[3.824s] running build_py
[3.825s] running install
[3.829s] running install_lib
[3.844s] running install_data
[3.848s] running install_egg_info
[3.856s] removing '/home/rsa2021/py_pub_sub/install/publisher3431/lib/python3.8/site-packages/publisher3431-0.0.0-py3.8.egg-info' (and everything under it)
[3.857s] Copying ../../build/publisher3431/publisher3431.egg-info to /home/rsa2021/py_pub_sub/install/publisher3431/lib/python3.8/site-packages/publisher3431-0.0.0-py3.8.egg-info
[3.867s] running install_scripts
[4.009s] Installing listener script to /home/rsa2021/py_pub_sub/install/publisher3431/lib/publisher3431
[4.010s] Installing listener_ass2 script to /home/rsa2021/py_pub_sub/install/publisher3431/lib/publisher3431
[4.012s] Installing talker script to /home/rsa2021/py_pub_sub/install/publisher3431/lib/publisher3431
[4.013s] writing list of installed files to '/home/rsa2021/py_pub_sub/build/publisher3431/install.log'
[4.318s] Invoked command in '/home/rsa2021/py_pub_sub/src/publisher3431' returned '0': PYTHONPATH=/home/rsa2021/py_pub_sub/install/publisher3431/lib/python3.8/site-packages:${PYTHONPATH} /usr/bin/python3 setup.py egg_info --egg-base ../../build/publisher3431 build --build-base /home/rsa2021/py_pub_sub/build/publisher3431/build install --prefix /home/rsa2021/py_pub_sub/install/publisher3431 --record /home/rsa2021/py_pub_sub/build/publisher3431/install.log --single-version-externally-managed
