[0.106s] Invoking command in '/home/rsa2021/py_pub_sub/build/image_publisher': CMAKE_PREFIX_PATH=/home/rsa2021/dev_ws/install/tutorial_interfaces:/home/rsa2021/dev_ws/install/turtlesim:/home/rsa2021/py_pub_sub/install/zbar_ros:/home/rsa2021/py_pub_sub/install/zbar_ros_interfaces:/home/rsa2021/dev_ws/install/py_srvcli:/home/rsa2021/dev_ws/install/py_pubsub:/home/rsa2021/dev_ws/install/learning_tf2_py:/home/rsa2021/dev_ws/install/my_package:/home/rsa2021/py_pub_sub/install/publisher3431:/home/rsa2021/py_pub_sub/install/map_server:/opt/ros/foxy:/home/rsa2021/py_pub_sub/install/image_publisher:/home/rsa2021/py_pub_sub/install/comp3431_interfaces:/home/rsa2021/py_pub_sub/install/comp3431_ass3_worlds /usr/bin/cmake --build /home/rsa2021/py_pub_sub/build/image_publisher -- -j3 -l3
[0.539s] [ 50%] Built target image_publisher
[0.767s] [100%] Built target image_publisher_node
[0.811s] Invoked command in '/home/rsa2021/py_pub_sub/build/image_publisher' returned '0': CMAKE_PREFIX_PATH=/home/rsa2021/dev_ws/install/tutorial_interfaces:/home/rsa2021/dev_ws/install/turtlesim:/home/rsa2021/py_pub_sub/install/zbar_ros:/home/rsa2021/py_pub_sub/install/zbar_ros_interfaces:/home/rsa2021/dev_ws/install/py_srvcli:/home/rsa2021/dev_ws/install/py_pubsub:/home/rsa2021/dev_ws/install/learning_tf2_py:/home/rsa2021/dev_ws/install/my_package:/home/rsa2021/py_pub_sub/install/publisher3431:/home/rsa2021/py_pub_sub/install/map_server:/opt/ros/foxy:/home/rsa2021/py_pub_sub/install/image_publisher:/home/rsa2021/py_pub_sub/install/comp3431_interfaces:/home/rsa2021/py_pub_sub/install/comp3431_ass3_worlds /usr/bin/cmake --build /home/rsa2021/py_pub_sub/build/image_publisher -- -j3 -l3
[0.971s] Invoking command in '/home/rsa2021/py_pub_sub/build/image_publisher': CMAKE_PREFIX_PATH=/home/rsa2021/dev_ws/install/tutorial_interfaces:/home/rsa2021/dev_ws/install/turtlesim:/home/rsa2021/py_pub_sub/install/zbar_ros:/home/rsa2021/py_pub_sub/install/zbar_ros_interfaces:/home/rsa2021/dev_ws/install/py_srvcli:/home/rsa2021/dev_ws/install/py_pubsub:/home/rsa2021/dev_ws/install/learning_tf2_py:/home/rsa2021/dev_ws/install/my_package:/home/rsa2021/py_pub_sub/install/publisher3431:/home/rsa2021/py_pub_sub/install/map_server:/opt/ros/foxy:/home/rsa2021/py_pub_sub/install/image_publisher:/home/rsa2021/py_pub_sub/install/comp3431_interfaces:/home/rsa2021/py_pub_sub/install/comp3431_ass3_worlds /usr/bin/cmake --install /home/rsa2021/py_pub_sub/build/image_publisher
[1.012s] -- Install configuration: ""
[1.013s] -- Up-to-date: /home/rsa2021/py_pub_sub/install/image_publisher/include/image_publisher
[1.013s] -- Up-to-date: /home/rsa2021/py_pub_sub/install/image_publisher/include/image_publisher/visibility.h
[1.015s] -- Up-to-date: /home/rsa2021/py_pub_sub/install/image_publisher/lib/image_publisher/image_publisher_node
[1.024s] -- Up-to-date: /home/rsa2021/py_pub_sub/install/image_publisher/lib/image_publisher/libimage_publisher.so
[1.026s] -- Up-to-date: /home/rsa2021/py_pub_sub/install/image_publisher/bin/libimage_publisher.so
[1.029s] -- Up-to-date: /home/rsa2021/py_pub_sub/install/image_publisher/share/image_publisher//launch
[1.030s] -- Up-to-date: /home/rsa2021/py_pub_sub/install/image_publisher/share/image_publisher//launch/image_publisher_file.launch.py
[1.030s] -- Up-to-date: /home/rsa2021/py_pub_sub/install/image_publisher/share/image_publisher//launch/image_publisher_mono.launch.py
[1.030s] -- Up-to-date: /home/rsa2021/py_pub_sub/install/image_publisher/share/image_publisher//launch/image_publisher_stereo.launch.py
[1.030s] -- Up-to-date: /home/rsa2021/py_pub_sub/install/image_publisher/share/image_publisher//launch/splash.png
[1.031s] -- Up-to-date: /home/rsa2021/py_pub_sub/install/image_publisher/share/ament_index/resource_index/package_run_dependencies/image_publisher
[1.032s] -- Up-to-date: /home/rsa2021/py_pub_sub/install/image_publisher/share/ament_index/resource_index/parent_prefix_path/image_publisher
[1.034s] -- Up-to-date: /home/rsa2021/py_pub_sub/install/image_publisher/share/image_publisher/environment/ament_prefix_path.sh
[1.035s] -- Up-to-date: /home/rsa2021/py_pub_sub/install/image_publisher/share/image_publisher/environment/ament_prefix_path.dsv
[1.036s] -- Up-to-date: /home/rsa2021/py_pub_sub/install/image_publisher/share/image_publisher/environment/path.sh
[1.037s] -- Up-to-date: /home/rsa2021/py_pub_sub/install/image_publisher/share/image_publisher/environment/path.dsv
[1.037s] -- Up-to-date: /home/rsa2021/py_pub_sub/install/image_publisher/share/image_publisher/local_setup.bash
[1.039s] -- Up-to-date: /home/rsa2021/py_pub_sub/install/image_publisher/share/image_publisher/local_setup.sh
[1.040s] -- Up-to-date: /home/rsa2021/py_pub_sub/install/image_publisher/share/image_publisher/local_setup.zsh
[1.041s] -- Up-to-date: /home/rsa2021/py_pub_sub/install/image_publisher/share/image_publisher/local_setup.dsv
[1.041s] -- Installing: /home/rsa2021/py_pub_sub/install/image_publisher/share/image_publisher/package.dsv
[1.043s] -- Up-to-date: /home/rsa2021/py_pub_sub/install/image_publisher/share/ament_index/resource_index/packages/image_publisher
[1.044s] -- Up-to-date: /home/rsa2021/py_pub_sub/install/image_publisher/share/ament_index/resource_index/rclcpp_components/image_publisher
[1.045s] -- Up-to-date: /home/rsa2021/py_pub_sub/install/image_publisher/share/image_publisher/cmake/ament_cmake_export_dependencies-extras.cmake
[1.046s] -- Up-to-date: /home/rsa2021/py_pub_sub/install/image_publisher/share/image_publisher/cmake/image_publisherConfig.cmake
[1.048s] -- Up-to-date: /home/rsa2021/py_pub_sub/install/image_publisher/share/image_publisher/cmake/image_publisherConfig-version.cmake
[1.049s] -- Up-to-date: /home/rsa2021/py_pub_sub/install/image_publisher/share/image_publisher/package.xml
[1.063s] Invoked command in '/home/rsa2021/py_pub_sub/build/image_publisher' returned '0': CMAKE_PREFIX_PATH=/home/rsa2021/dev_ws/install/tutorial_interfaces:/home/rsa2021/dev_ws/install/turtlesim:/home/rsa2021/py_pub_sub/install/zbar_ros:/home/rsa2021/py_pub_sub/install/zbar_ros_interfaces:/home/rsa2021/dev_ws/install/py_srvcli:/home/rsa2021/dev_ws/install/py_pubsub:/home/rsa2021/dev_ws/install/learning_tf2_py:/home/rsa2021/dev_ws/install/my_package:/home/rsa2021/py_pub_sub/install/publisher3431:/home/rsa2021/py_pub_sub/install/map_server:/opt/ros/foxy:/home/rsa2021/py_pub_sub/install/image_publisher:/home/rsa2021/py_pub_sub/install/comp3431_interfaces:/home/rsa2021/py_pub_sub/install/comp3431_ass3_worlds /usr/bin/cmake --install /home/rsa2021/py_pub_sub/build/image_publisher
