[0.123s] Invoking command in '/home/rsa2021/py_pub_sub/build/comp3431_interfaces': CMAKE_PREFIX_PATH=/home/rsa2021/py_pub_sub/install/zbar_ros:/home/rsa2021/py_pub_sub/install/zbar_ros_interfaces:/home/rsa2021/py_pub_sub/install/publisher3431:/home/rsa2021/py_pub_sub/install/map_server:/home/rsa2021/dev_ws/install/py_srvcli:/home/rsa2021/dev_ws/install/py_pubsub:/home/rsa2021/dev_ws/install/learning_tf2_py:/home/rsa2021/dev_ws/install/my_package:/opt/ros/foxy:/home/rsa2021/py_pub_sub/install/image_publisher:/home/rsa2021/py_pub_sub/install/comp3431_interfaces:/home/rsa2021/py_pub_sub/install/comp3431_ass3_worlds:/home/rsa2021/dev_ws/install/tutorial_interfaces:/home/rsa2021/dev_ws/install/turtlesim:/home/rsa2021/dev_ws/install/comp3431_interfaces /usr/bin/cmake --build /home/rsa2021/py_pub_sub/build/comp3431_interfaces -- -j3 -l3
[0.445s] [  2%] Built target comp3431_interfaces__cpp
[0.463s] [ 12%] Built target comp3431_interfaces__rosidl_generator_c
[0.639s] [ 23%] Built target comp3431_interfaces__rosidl_typesupport_cpp
[0.691s] [ 34%] Built target comp3431_interfaces__rosidl_typesupport_introspection_cpp
[0.748s] [ 44%] Built target comp3431_interfaces__rosidl_typesupport_fastrtps_cpp
[0.876s] [ 55%] Built target comp3431_interfaces__rosidl_typesupport_introspection_c
[0.938s] [ 65%] Built target comp3431_interfaces__rosidl_typesupport_c
[0.950s] [ 76%] Built target comp3431_interfaces__rosidl_typesupport_fastrtps_c
[1.032s] [ 76%] Built target comp3431_interfaces
[1.144s] [ 78%] Built target comp3431_interfaces__py
[1.302s] [ 87%] Built target comp3431_interfaces__python
[1.476s] [ 91%] Built target comp3431_interfaces__rosidl_typesupport_c__pyext
[1.523s] [ 95%] Built target comp3431_interfaces__rosidl_typesupport_fastrtps_c__pyext
[1.534s] [100%] Built target comp3431_interfaces__rosidl_typesupport_introspection_c__pyext
[2.375s] Invoked command in '/home/rsa2021/py_pub_sub/build/comp3431_interfaces' returned '0': CMAKE_PREFIX_PATH=/home/rsa2021/py_pub_sub/install/zbar_ros:/home/rsa2021/py_pub_sub/install/zbar_ros_interfaces:/home/rsa2021/py_pub_sub/install/publisher3431:/home/rsa2021/py_pub_sub/install/map_server:/home/rsa2021/dev_ws/install/py_srvcli:/home/rsa2021/dev_ws/install/py_pubsub:/home/rsa2021/dev_ws/install/learning_tf2_py:/home/rsa2021/dev_ws/install/my_package:/opt/ros/foxy:/home/rsa2021/py_pub_sub/install/image_publisher:/home/rsa2021/py_pub_sub/install/comp3431_interfaces:/home/rsa2021/py_pub_sub/install/comp3431_ass3_worlds:/home/rsa2021/dev_ws/install/tutorial_interfaces:/home/rsa2021/dev_ws/install/turtlesim:/home/rsa2021/dev_ws/install/comp3431_interfaces /usr/bin/cmake --build /home/rsa2021/py_pub_sub/build/comp3431_interfaces -- -j3 -l3
[2.777s] Invoking command in '/home/rsa2021/py_pub_sub/build/comp3431_interfaces': CMAKE_PREFIX_PATH=/home/rsa2021/py_pub_sub/install/zbar_ros:/home/rsa2021/py_pub_sub/install/zbar_ros_interfaces:/home/rsa2021/py_pub_sub/install/publisher3431:/home/rsa2021/py_pub_sub/install/map_server:/home/rsa2021/dev_ws/install/py_srvcli:/home/rsa2021/dev_ws/install/py_pubsub:/home/rsa2021/dev_ws/install/learning_tf2_py:/home/rsa2021/dev_ws/install/my_package:/opt/ros/foxy:/home/rsa2021/py_pub_sub/install/image_publisher:/home/rsa2021/py_pub_sub/install/comp3431_interfaces:/home/rsa2021/py_pub_sub/install/comp3431_ass3_worlds:/home/rsa2021/dev_ws/install/tutorial_interfaces:/home/rsa2021/dev_ws/install/turtlesim:/home/rsa2021/dev_ws/install/comp3431_interfaces /usr/bin/cmake --install /home/rsa2021/py_pub_sub/build/comp3431_interfaces
[2.810s] -- Install configuration: ""
[2.812s] -- Up-to-date: /home/rsa2021/py_pub_sub/install/comp3431_interfaces/share/ament_index/resource_index/rosidl_interfaces/comp3431_interfaces
[2.812s] -- Up-to-date: /home/rsa2021/py_pub_sub/install/comp3431_interfaces/include/comp3431_interfaces
[2.813s] -- Up-to-date: /home/rsa2021/py_pub_sub/install/comp3431_interfaces/include/comp3431_interfaces/action
[2.814s] -- Up-to-date: /home/rsa2021/py_pub_sub/install/comp3431_interfaces/include/comp3431_interfaces/action/move_object_to_room.h
[2.814s] -- Up-to-date: /home/rsa2021/py_pub_sub/install/comp3431_interfaces/include/comp3431_interfaces/action/detail
[2.815s] -- Up-to-date: /home/rsa2021/py_pub_sub/install/comp3431_interfaces/include/comp3431_interfaces/action/detail/move_object_to_room__struct.h
[2.817s] -- Up-to-date: /home/rsa2021/py_pub_sub/install/comp3431_interfaces/include/comp3431_interfaces/action/detail/move_object_to_room__functions.h
[2.818s] -- Up-to-date: /home/rsa2021/py_pub_sub/install/comp3431_interfaces/include/comp3431_interfaces/action/detail/move_object_to_room__type_support.h
[2.818s] -- Up-to-date: /home/rsa2021/py_pub_sub/install/comp3431_interfaces/include/comp3431_interfaces/action/detail/move_object_to_room__functions.c
[2.819s] -- Up-to-date: /home/rsa2021/py_pub_sub/install/comp3431_interfaces/include/comp3431_interfaces/srv
[2.820s] -- Up-to-date: /home/rsa2021/py_pub_sub/install/comp3431_interfaces/include/comp3431_interfaces/srv/map_info.h
[2.821s] -- Up-to-date: /home/rsa2021/py_pub_sub/install/comp3431_interfaces/include/comp3431_interfaces/srv/detail
[2.822s] -- Up-to-date: /home/rsa2021/py_pub_sub/install/comp3431_interfaces/include/comp3431_interfaces/srv/detail/map_info__functions.c
[2.824s] -- Up-to-date: /home/rsa2021/py_pub_sub/install/comp3431_interfaces/include/comp3431_interfaces/srv/detail/map_info__functions.h
[2.824s] -- Up-to-date: /home/rsa2021/py_pub_sub/install/comp3431_interfaces/include/comp3431_interfaces/srv/detail/map_info__struct.h
[2.825s] -- Up-to-date: /home/rsa2021/py_pub_sub/install/comp3431_interfaces/include/comp3431_interfaces/srv/detail/map_info__type_support.h
[2.826s] -- Up-to-date: /home/rsa2021/py_pub_sub/install/comp3431_interfaces/include/comp3431_interfaces/msg
[2.827s] -- Up-to-date: /home/rsa2021/py_pub_sub/install/comp3431_interfaces/include/comp3431_interfaces/msg/qr_code_block.h
[2.828s] -- Up-to-date: /home/rsa2021/py_pub_sub/install/comp3431_interfaces/include/comp3431_interfaces/msg/detail
[2.829s] -- Up-to-date: /home/rsa2021/py_pub_sub/install/comp3431_interfaces/include/comp3431_interfaces/msg/detail/qr_code_block__type_support.h
[2.830s] -- Up-to-date: /home/rsa2021/py_pub_sub/install/comp3431_interfaces/include/comp3431_interfaces/msg/detail/qr_code_block__struct.h
[2.831s] -- Up-to-date: /home/rsa2021/py_pub_sub/install/comp3431_interfaces/include/comp3431_interfaces/msg/detail/qr_code_block__functions.c
[2.837s] -- Up-to-date: /home/rsa2021/py_pub_sub/install/comp3431_interfaces/include/comp3431_interfaces/msg/detail/qr_code_block__functions.h
[2.838s] -- Up-to-date: /home/rsa2021/py_pub_sub/install/comp3431_interfaces/include/comp3431_interfaces/msg/rosidl_generator_c__visibility_control.h
[2.839s] -- Up-to-date: /home/rsa2021/py_pub_sub/install/comp3431_interfaces/share/comp3431_interfaces/environment/library_path.sh
[2.839s] -- Up-to-date: /home/rsa2021/py_pub_sub/install/comp3431_interfaces/share/comp3431_interfaces/environment/library_path.dsv
[2.840s] -- Up-to-date: /home/rsa2021/py_pub_sub/install/comp3431_interfaces/lib/libcomp3431_interfaces__rosidl_generator_c.so
[2.840s] -- Up-to-date: /home/rsa2021/py_pub_sub/install/comp3431_interfaces/include/comp3431_interfaces
[2.841s] -- Up-to-date: /home/rsa2021/py_pub_sub/install/comp3431_interfaces/include/comp3431_interfaces/action
[2.841s] -- Up-to-date: /home/rsa2021/py_pub_sub/install/comp3431_interfaces/include/comp3431_interfaces/action/detail
[2.842s] -- Up-to-date: /home/rsa2021/py_pub_sub/install/comp3431_interfaces/include/comp3431_interfaces/action/detail/move_object_to_room__rosidl_typesupport_fastrtps_c.h
[2.842s] -- Up-to-date: /home/rsa2021/py_pub_sub/install/comp3431_interfaces/include/comp3431_interfaces/srv
[2.842s] -- Up-to-date: /home/rsa2021/py_pub_sub/install/comp3431_interfaces/include/comp3431_interfaces/srv/detail
[2.844s] -- Up-to-date: /home/rsa2021/py_pub_sub/install/comp3431_interfaces/include/comp3431_interfaces/srv/detail/map_info__rosidl_typesupport_fastrtps_c.h
[2.845s] -- Up-to-date: /home/rsa2021/py_pub_sub/install/comp3431_interfaces/include/comp3431_interfaces/msg
[2.850s] -- Up-to-date: /home/rsa2021/py_pub_sub/install/comp3431_interfaces/include/comp3431_interfaces/msg/detail
[2.850s] -- Up-to-date: /home/rsa2021/py_pub_sub/install/comp3431_interfaces/include/comp3431_interfaces/msg/detail/qr_code_block__rosidl_typesupport_fastrtps_c.h
[2.852s] -- Up-to-date: /home/rsa2021/py_pub_sub/install/comp3431_interfaces/include/comp3431_interfaces/msg/rosidl_typesupport_fastrtps_c__visibility_control.h
[2.853s] -- Up-to-date: /home/rsa2021/py_pub_sub/install/comp3431_interfaces/lib/libcomp3431_interfaces__rosidl_typesupport_fastrtps_c.so
[2.854s] -- Up-to-date: /home/rsa2021/py_pub_sub/install/comp3431_interfaces/include/comp3431_interfaces
[2.855s] -- Up-to-date: /home/rsa2021/py_pub_sub/install/comp3431_interfaces/include/comp3431_interfaces/action
[2.855s] -- Up-to-date: /home/rsa2021/py_pub_sub/install/comp3431_interfaces/include/comp3431_interfaces/action/detail
[2.858s] -- Up-to-date: /home/rsa2021/py_pub_sub/install/comp3431_interfaces/include/comp3431_interfaces/action/detail/dds_fastrtps
[2.859s] -- Up-to-date: /home/rsa2021/py_pub_sub/install/comp3431_interfaces/include/comp3431_interfaces/action/detail/move_object_to_room__rosidl_typesupport_fastrtps_cpp.hpp
[2.859s] -- Up-to-date: /home/rsa2021/py_pub_sub/install/comp3431_interfaces/include/comp3431_interfaces/srv
[2.860s] -- Up-to-date: /home/rsa2021/py_pub_sub/install/comp3431_interfaces/include/comp3431_interfaces/srv/detail
[2.860s] -- Up-to-date: /home/rsa2021/py_pub_sub/install/comp3431_interfaces/include/comp3431_interfaces/srv/detail/dds_fastrtps
[2.861s] -- Up-to-date: /home/rsa2021/py_pub_sub/install/comp3431_interfaces/include/comp3431_interfaces/srv/detail/map_info__rosidl_typesupport_fastrtps_cpp.hpp
[2.862s] -- Up-to-date: /home/rsa2021/py_pub_sub/install/comp3431_interfaces/include/comp3431_interfaces/msg
[2.862s] -- Up-to-date: /home/rsa2021/py_pub_sub/install/comp3431_interfaces/include/comp3431_interfaces/msg/rosidl_typesupport_fastrtps_cpp__visibility_control.h
[2.863s] -- Up-to-date: /home/rsa2021/py_pub_sub/install/comp3431_interfaces/include/comp3431_interfaces/msg/detail
[2.865s] -- Up-to-date: /home/rsa2021/py_pub_sub/install/comp3431_interfaces/include/comp3431_interfaces/msg/detail/dds_fastrtps
[2.869s] -- Up-to-date: /home/rsa2021/py_pub_sub/install/comp3431_interfaces/include/comp3431_interfaces/msg/detail/qr_code_block__rosidl_typesupport_fastrtps_cpp.hpp
[2.870s] -- Up-to-date: /home/rsa2021/py_pub_sub/install/comp3431_interfaces/lib/libcomp3431_interfaces__rosidl_typesupport_fastrtps_cpp.so
[2.871s] -- Up-to-date: /home/rsa2021/py_pub_sub/install/comp3431_interfaces/include/comp3431_interfaces
[2.872s] -- Up-to-date: /home/rsa2021/py_pub_sub/install/comp3431_interfaces/include/comp3431_interfaces/action
[2.872s] -- Up-to-date: /home/rsa2021/py_pub_sub/install/comp3431_interfaces/include/comp3431_interfaces/action/detail
[2.874s] -- Up-to-date: /home/rsa2021/py_pub_sub/install/comp3431_interfaces/include/comp3431_interfaces/action/detail/move_object_to_room__rosidl_typesupport_introspection_c.h
[2.875s] -- Up-to-date: /home/rsa2021/py_pub_sub/install/comp3431_interfaces/include/comp3431_interfaces/action/detail/move_object_to_room__type_support.c
[2.875s] -- Up-to-date: /home/rsa2021/py_pub_sub/install/comp3431_interfaces/include/comp3431_interfaces/srv
[2.876s] -- Up-to-date: /home/rsa2021/py_pub_sub/install/comp3431_interfaces/include/comp3431_interfaces/srv/detail
[2.879s] -- Up-to-date: /home/rsa2021/py_pub_sub/install/comp3431_interfaces/include/comp3431_interfaces/srv/detail/map_info__type_support.c
[2.880s] -- Up-to-date: /home/rsa2021/py_pub_sub/install/comp3431_interfaces/include/comp3431_interfaces/srv/detail/map_info__rosidl_typesupport_introspection_c.h
[2.880s] -- Up-to-date: /home/rsa2021/py_pub_sub/install/comp3431_interfaces/include/comp3431_interfaces/msg
[2.880s] -- Up-to-date: /home/rsa2021/py_pub_sub/install/comp3431_interfaces/include/comp3431_interfaces/msg/detail
[2.886s] -- Up-to-date: /home/rsa2021/py_pub_sub/install/comp3431_interfaces/include/comp3431_interfaces/msg/detail/qr_code_block__type_support.c
[2.886s] -- Up-to-date: /home/rsa2021/py_pub_sub/install/comp3431_interfaces/include/comp3431_interfaces/msg/detail/qr_code_block__rosidl_typesupport_introspection_c.h
[2.889s] -- Up-to-date: /home/rsa2021/py_pub_sub/install/comp3431_interfaces/include/comp3431_interfaces/msg/rosidl_typesupport_introspection_c__visibility_control.h
[2.889s] -- Up-to-date: /home/rsa2021/py_pub_sub/install/comp3431_interfaces/lib/libcomp3431_interfaces__rosidl_typesupport_introspection_c.so
[2.889s] -- Up-to-date: /home/rsa2021/py_pub_sub/install/comp3431_interfaces/lib/libcomp3431_interfaces__rosidl_typesupport_c.so
[2.890s] -- Up-to-date: /home/rsa2021/py_pub_sub/install/comp3431_interfaces/include/comp3431_interfaces
[2.890s] -- Up-to-date: /home/rsa2021/py_pub_sub/install/comp3431_interfaces/include/comp3431_interfaces/action
[2.890s] -- Up-to-date: /home/rsa2021/py_pub_sub/install/comp3431_interfaces/include/comp3431_interfaces/action/move_object_to_room.hpp
[2.891s] -- Up-to-date: /home/rsa2021/py_pub_sub/install/comp3431_interfaces/include/comp3431_interfaces/action/detail
[2.891s] -- Up-to-date: /home/rsa2021/py_pub_sub/install/comp3431_interfaces/include/comp3431_interfaces/action/detail/move_object_to_room__struct.hpp
[2.892s] -- Up-to-date: /home/rsa2021/py_pub_sub/install/comp3431_interfaces/include/comp3431_interfaces/action/detail/move_object_to_room__builder.hpp
[2.892s] -- Up-to-date: /home/rsa2021/py_pub_sub/install/comp3431_interfaces/include/comp3431_interfaces/action/detail/move_object_to_room__traits.hpp
[2.893s] -- Up-to-date: /home/rsa2021/py_pub_sub/install/comp3431_interfaces/include/comp3431_interfaces/srv
[2.893s] -- Up-to-date: /home/rsa2021/py_pub_sub/install/comp3431_interfaces/include/comp3431_interfaces/srv/map_info.hpp
[2.894s] -- Up-to-date: /home/rsa2021/py_pub_sub/install/comp3431_interfaces/include/comp3431_interfaces/srv/detail
[2.894s] -- Up-to-date: /home/rsa2021/py_pub_sub/install/comp3431_interfaces/include/comp3431_interfaces/srv/detail/map_info__builder.hpp
[2.895s] -- Up-to-date: /home/rsa2021/py_pub_sub/install/comp3431_interfaces/include/comp3431_interfaces/srv/detail/map_info__traits.hpp
[2.895s] -- Up-to-date: /home/rsa2021/py_pub_sub/install/comp3431_interfaces/include/comp3431_interfaces/srv/detail/map_info__struct.hpp
[2.896s] -- Up-to-date: /home/rsa2021/py_pub_sub/install/comp3431_interfaces/include/comp3431_interfaces/msg
[2.896s] -- Up-to-date: /home/rsa2021/py_pub_sub/install/comp3431_interfaces/include/comp3431_interfaces/msg/qr_code_block.hpp
[2.896s] -- Up-to-date: /home/rsa2021/py_pub_sub/install/comp3431_interfaces/include/comp3431_interfaces/msg/detail
[2.897s] -- Up-to-date: /home/rsa2021/py_pub_sub/install/comp3431_interfaces/include/comp3431_interfaces/msg/detail/qr_code_block__traits.hpp
[2.897s] -- Up-to-date: /home/rsa2021/py_pub_sub/install/comp3431_interfaces/include/comp3431_interfaces/msg/detail/qr_code_block__struct.hpp
[2.898s] -- Up-to-date: /home/rsa2021/py_pub_sub/install/comp3431_interfaces/include/comp3431_interfaces/msg/detail/qr_code_block__builder.hpp
[2.898s] -- Up-to-date: /home/rsa2021/py_pub_sub/install/comp3431_interfaces/include/comp3431_interfaces
[2.898s] -- Up-to-date: /home/rsa2021/py_pub_sub/install/comp3431_interfaces/include/comp3431_interfaces/action
[2.899s] -- Up-to-date: /home/rsa2021/py_pub_sub/install/comp3431_interfaces/include/comp3431_interfaces/action/detail
[2.899s] -- Up-to-date: /home/rsa2021/py_pub_sub/install/comp3431_interfaces/include/comp3431_interfaces/action/detail/move_object_to_room__type_support.cpp
[2.900s] -- Up-to-date: /home/rsa2021/py_pub_sub/install/comp3431_interfaces/include/comp3431_interfaces/action/detail/move_object_to_room__rosidl_typesupport_introspection_cpp.hpp
[2.900s] -- Up-to-date: /home/rsa2021/py_pub_sub/install/comp3431_interfaces/include/comp3431_interfaces/srv
[2.900s] -- Up-to-date: /home/rsa2021/py_pub_sub/install/comp3431_interfaces/include/comp3431_interfaces/srv/detail
[2.901s] -- Up-to-date: /home/rsa2021/py_pub_sub/install/comp3431_interfaces/include/comp3431_interfaces/srv/detail/map_info__rosidl_typesupport_introspection_cpp.hpp
[2.901s] -- Up-to-date: /home/rsa2021/py_pub_sub/install/comp3431_interfaces/include/comp3431_interfaces/srv/detail/map_info__type_support.cpp
[2.901s] -- Up-to-date: /home/rsa2021/py_pub_sub/install/comp3431_interfaces/include/comp3431_interfaces/msg
[2.902s] -- Up-to-date: /home/rsa2021/py_pub_sub/install/comp3431_interfaces/include/comp3431_interfaces/msg/detail
[2.902s] -- Up-to-date: /home/rsa2021/py_pub_sub/install/comp3431_interfaces/include/comp3431_interfaces/msg/detail/qr_code_block__rosidl_typesupport_introspection_cpp.hpp
[2.902s] -- Up-to-date: /home/rsa2021/py_pub_sub/install/comp3431_interfaces/include/comp3431_interfaces/msg/detail/qr_code_block__type_support.cpp
[2.903s] -- Up-to-date: /home/rsa2021/py_pub_sub/install/comp3431_interfaces/lib/libcomp3431_interfaces__rosidl_typesupport_introspection_cpp.so
[2.903s] -- Up-to-date: /home/rsa2021/py_pub_sub/install/comp3431_interfaces/lib/libcomp3431_interfaces__rosidl_typesupport_cpp.so
[2.904s] -- Up-to-date: /home/rsa2021/py_pub_sub/install/comp3431_interfaces/share/comp3431_interfaces/environment/pythonpath.sh
[2.904s] -- Up-to-date: /home/rsa2021/py_pub_sub/install/comp3431_interfaces/share/comp3431_interfaces/environment/pythonpath.dsv
[2.904s] -- Up-to-date: /home/rsa2021/py_pub_sub/install/comp3431_interfaces/lib/python3.8/site-packages/comp3431_interfaces/__init__.py
[3.046s] -- Up-to-date: /home/rsa2021/py_pub_sub/install/comp3431_interfaces/lib/python3.8/site-packages/comp3431_interfaces/msg
[3.048s] -- Up-to-date: /home/rsa2021/py_pub_sub/install/comp3431_interfaces/lib/python3.8/site-packages/comp3431_interfaces/msg/__init__.py
[3.049s] -- Up-to-date: /home/rsa2021/py_pub_sub/install/comp3431_interfaces/lib/python3.8/site-packages/comp3431_interfaces/msg/_qr_code_block.py
[3.050s] -- Up-to-date: /home/rsa2021/py_pub_sub/install/comp3431_interfaces/lib/python3.8/site-packages/comp3431_interfaces/msg/_qr_code_block_s.c
[3.050s] -- Up-to-date: /home/rsa2021/py_pub_sub/install/comp3431_interfaces/lib/python3.8/site-packages/comp3431_interfaces/srv
[3.050s] -- Up-to-date: /home/rsa2021/py_pub_sub/install/comp3431_interfaces/lib/python3.8/site-packages/comp3431_interfaces/srv/__init__.py
[3.051s] -- Up-to-date: /home/rsa2021/py_pub_sub/install/comp3431_interfaces/lib/python3.8/site-packages/comp3431_interfaces/srv/_map_info_s.c
[3.052s] -- Up-to-date: /home/rsa2021/py_pub_sub/install/comp3431_interfaces/lib/python3.8/site-packages/comp3431_interfaces/srv/_map_info.py
[3.057s] -- Up-to-date: /home/rsa2021/py_pub_sub/install/comp3431_interfaces/lib/python3.8/site-packages/comp3431_interfaces/action
[3.058s] -- Up-to-date: /home/rsa2021/py_pub_sub/install/comp3431_interfaces/lib/python3.8/site-packages/comp3431_interfaces/action/__init__.py
[3.058s] -- Up-to-date: /home/rsa2021/py_pub_sub/install/comp3431_interfaces/lib/python3.8/site-packages/comp3431_interfaces/action/_move_object_to_room.py
[3.059s] -- Up-to-date: /home/rsa2021/py_pub_sub/install/comp3431_interfaces/lib/python3.8/site-packages/comp3431_interfaces/action/_move_object_to_room_s.c
[3.060s] -- Up-to-date: /home/rsa2021/py_pub_sub/install/comp3431_interfaces/lib/python3.8/site-packages/comp3431_interfaces/comp3431_interfaces_s__rosidl_typesupport_fastrtps_c.cpython-38-x86_64-linux-gnu.so
[3.060s] -- Up-to-date: /home/rsa2021/py_pub_sub/install/comp3431_interfaces/lib/python3.8/site-packages/comp3431_interfaces/comp3431_interfaces_s__rosidl_typesupport_introspection_c.cpython-38-x86_64-linux-gnu.so
[3.061s] -- Up-to-date: /home/rsa2021/py_pub_sub/install/comp3431_interfaces/lib/python3.8/site-packages/comp3431_interfaces/comp3431_interfaces_s__rosidl_typesupport_c.cpython-38-x86_64-linux-gnu.so
[3.061s] -- Up-to-date: /home/rsa2021/py_pub_sub/install/comp3431_interfaces/lib/libcomp3431_interfaces__python.so
[3.062s] -- Up-to-date: /home/rsa2021/py_pub_sub/install/comp3431_interfaces/share/comp3431_interfaces/msg/QRCodeBlock.idl
[3.062s] -- Up-to-date: /home/rsa2021/py_pub_sub/install/comp3431_interfaces/share/comp3431_interfaces/srv/MapInfo.idl
[3.071s] -- Up-to-date: /home/rsa2021/py_pub_sub/install/comp3431_interfaces/share/comp3431_interfaces/action/MoveObjectToRoom.idl
[3.077s] -- Up-to-date: /home/rsa2021/py_pub_sub/install/comp3431_interfaces/share/comp3431_interfaces/msg/QRCodeBlock.msg
[3.077s] -- Up-to-date: /home/rsa2021/py_pub_sub/install/comp3431_interfaces/share/comp3431_interfaces/srv/MapInfo.srv
[3.078s] -- Up-to-date: /home/rsa2021/py_pub_sub/install/comp3431_interfaces/share/comp3431_interfaces/srv/MapInfo_Request.msg
[3.078s] -- Up-to-date: /home/rsa2021/py_pub_sub/install/comp3431_interfaces/share/comp3431_interfaces/srv/MapInfo_Response.msg
[3.079s] -- Up-to-date: /home/rsa2021/py_pub_sub/install/comp3431_interfaces/share/comp3431_interfaces/action/MoveObjectToRoom.action
[3.079s] -- Up-to-date: /home/rsa2021/py_pub_sub/install/comp3431_interfaces/share/ament_index/resource_index/package_run_dependencies/comp3431_interfaces
[3.080s] -- Up-to-date: /home/rsa2021/py_pub_sub/install/comp3431_interfaces/share/ament_index/resource_index/parent_prefix_path/comp3431_interfaces
[3.080s] -- Up-to-date: /home/rsa2021/py_pub_sub/install/comp3431_interfaces/share/comp3431_interfaces/environment/ament_prefix_path.sh
[3.080s] -- Up-to-date: /home/rsa2021/py_pub_sub/install/comp3431_interfaces/share/comp3431_interfaces/environment/ament_prefix_path.dsv
[3.080s] -- Up-to-date: /home/rsa2021/py_pub_sub/install/comp3431_interfaces/share/comp3431_interfaces/environment/path.sh
[3.081s] -- Up-to-date: /home/rsa2021/py_pub_sub/install/comp3431_interfaces/share/comp3431_interfaces/environment/path.dsv
[3.083s] -- Up-to-date: /home/rsa2021/py_pub_sub/install/comp3431_interfaces/share/comp3431_interfaces/local_setup.bash
[3.085s] -- Up-to-date: /home/rsa2021/py_pub_sub/install/comp3431_interfaces/share/comp3431_interfaces/local_setup.sh
[3.086s] -- Up-to-date: /home/rsa2021/py_pub_sub/install/comp3431_interfaces/share/comp3431_interfaces/local_setup.zsh
[3.087s] -- Up-to-date: /home/rsa2021/py_pub_sub/install/comp3431_interfaces/share/comp3431_interfaces/local_setup.dsv
[3.088s] -- Installing: /home/rsa2021/py_pub_sub/install/comp3431_interfaces/share/comp3431_interfaces/package.dsv
[3.089s] -- Up-to-date: /home/rsa2021/py_pub_sub/install/comp3431_interfaces/share/ament_index/resource_index/packages/comp3431_interfaces
[3.089s] -- Up-to-date: /home/rsa2021/py_pub_sub/install/comp3431_interfaces/share/comp3431_interfaces/cmake/comp3431_interfaces__rosidl_generator_cExport.cmake
[3.090s] -- Up-to-date: /home/rsa2021/py_pub_sub/install/comp3431_interfaces/share/comp3431_interfaces/cmake/comp3431_interfaces__rosidl_generator_cExport-noconfig.cmake
[3.092s] -- Up-to-date: /home/rsa2021/py_pub_sub/install/comp3431_interfaces/share/comp3431_interfaces/cmake/comp3431_interfaces__rosidl_typesupport_introspection_cExport.cmake
[3.093s] -- Up-to-date: /home/rsa2021/py_pub_sub/install/comp3431_interfaces/share/comp3431_interfaces/cmake/comp3431_interfaces__rosidl_typesupport_introspection_cExport-noconfig.cmake
[3.094s] -- Up-to-date: /home/rsa2021/py_pub_sub/install/comp3431_interfaces/share/comp3431_interfaces/cmake/comp3431_interfaces__rosidl_typesupport_cExport.cmake
[3.095s] -- Up-to-date: /home/rsa2021/py_pub_sub/install/comp3431_interfaces/share/comp3431_interfaces/cmake/comp3431_interfaces__rosidl_typesupport_cExport-noconfig.cmake
[3.096s] -- Up-to-date: /home/rsa2021/py_pub_sub/install/comp3431_interfaces/share/comp3431_interfaces/cmake/comp3431_interfaces__rosidl_generator_cppExport.cmake
[3.097s] -- Up-to-date: /home/rsa2021/py_pub_sub/install/comp3431_interfaces/share/comp3431_interfaces/cmake/comp3431_interfaces__rosidl_typesupport_introspection_cppExport.cmake
[3.097s] -- Up-to-date: /home/rsa2021/py_pub_sub/install/comp3431_interfaces/share/comp3431_interfaces/cmake/comp3431_interfaces__rosidl_typesupport_introspection_cppExport-noconfig.cmake
[3.098s] -- Up-to-date: /home/rsa2021/py_pub_sub/install/comp3431_interfaces/share/comp3431_interfaces/cmake/comp3431_interfaces__rosidl_typesupport_cppExport.cmake
[3.099s] -- Up-to-date: /home/rsa2021/py_pub_sub/install/comp3431_interfaces/share/comp3431_interfaces/cmake/comp3431_interfaces__rosidl_typesupport_cppExport-noconfig.cmake
[3.101s] -- Up-to-date: /home/rsa2021/py_pub_sub/install/comp3431_interfaces/share/comp3431_interfaces/cmake/rosidl_cmake-extras.cmake
[3.102s] -- Up-to-date: /home/rsa2021/py_pub_sub/install/comp3431_interfaces/share/comp3431_interfaces/cmake/ament_cmake_export_dependencies-extras.cmake
[3.105s] -- Up-to-date: /home/rsa2021/py_pub_sub/install/comp3431_interfaces/share/comp3431_interfaces/cmake/ament_cmake_export_libraries-extras.cmake
[3.106s] -- Up-to-date: /home/rsa2021/py_pub_sub/install/comp3431_interfaces/share/comp3431_interfaces/cmake/ament_cmake_export_targets-extras.cmake
[3.107s] -- Up-to-date: /home/rsa2021/py_pub_sub/install/comp3431_interfaces/share/comp3431_interfaces/cmake/ament_cmake_export_include_directories-extras.cmake
[3.108s] -- Up-to-date: /home/rsa2021/py_pub_sub/install/comp3431_interfaces/share/comp3431_interfaces/cmake/rosidl_cmake_export_typesupport_libraries-extras.cmake
[3.108s] -- Up-to-date: /home/rsa2021/py_pub_sub/install/comp3431_interfaces/share/comp3431_interfaces/cmake/rosidl_cmake_export_typesupport_targets-extras.cmake
[3.109s] -- Up-to-date: /home/rsa2021/py_pub_sub/install/comp3431_interfaces/share/comp3431_interfaces/cmake/comp3431_interfacesConfig.cmake
[3.110s] -- Up-to-date: /home/rsa2021/py_pub_sub/install/comp3431_interfaces/share/comp3431_interfaces/cmake/comp3431_interfacesConfig-version.cmake
[3.110s] -- Up-to-date: /home/rsa2021/py_pub_sub/install/comp3431_interfaces/share/comp3431_interfaces/package.xml
[3.131s] Invoked command in '/home/rsa2021/py_pub_sub/build/comp3431_interfaces' returned '0': CMAKE_PREFIX_PATH=/home/rsa2021/py_pub_sub/install/zbar_ros:/home/rsa2021/py_pub_sub/install/zbar_ros_interfaces:/home/rsa2021/py_pub_sub/install/publisher3431:/home/rsa2021/py_pub_sub/install/map_server:/home/rsa2021/dev_ws/install/py_srvcli:/home/rsa2021/dev_ws/install/py_pubsub:/home/rsa2021/dev_ws/install/learning_tf2_py:/home/rsa2021/dev_ws/install/my_package:/opt/ros/foxy:/home/rsa2021/py_pub_sub/install/image_publisher:/home/rsa2021/py_pub_sub/install/comp3431_interfaces:/home/rsa2021/py_pub_sub/install/comp3431_ass3_worlds:/home/rsa2021/dev_ws/install/tutorial_interfaces:/home/rsa2021/dev_ws/install/turtlesim:/home/rsa2021/dev_ws/install/comp3431_interfaces /usr/bin/cmake --install /home/rsa2021/py_pub_sub/build/comp3431_interfaces
