[0.902s] Invoking command in '/home/rsa2021/py_pub_sub/src/publisher3431': PYTHONPATH=/home/rsa2021/py_pub_sub/install/publisher3431/lib/python3.8/site-packages:${PYTHONPATH} /usr/bin/python3 setup.py egg_info --egg-base ../../build/publisher3431 build --build-base /home/rsa2021/py_pub_sub/build/publisher3431/build install --prefix /home/rsa2021/py_pub_sub/install/publisher3431 --record /home/rsa2021/py_pub_sub/build/publisher3431/install.log --single-version-externally-managed
[1.618s] running egg_info
[1.618s] writing ../../build/publisher3431/publisher3431.egg-info/PKG-INFO
[1.619s] writing dependency_links to ../../build/publisher3431/publisher3431.egg-info/dependency_links.txt
[1.620s] writing entry points to ../../build/publisher3431/publisher3431.egg-info/entry_points.txt
[1.620s] writing requirements to ../../build/publisher3431/publisher3431.egg-info/requires.txt
[1.621s] writing top-level names to ../../build/publisher3431/publisher3431.egg-info/top_level.txt
[1.696s] reading manifest file '../../build/publisher3431/publisher3431.egg-info/SOURCES.txt'
[1.698s] writing manifest file '../../build/publisher3431/publisher3431.egg-info/SOURCES.txt'
[1.698s] running build
[1.698s] running build_py
[1.699s] copying publisher3431/subscriber_ass2.py -> /home/rsa2021/py_pub_sub/build/publisher3431/build/lib/publisher3431
[1.699s] running install
[1.701s] running install_lib
[1.703s] copying /home/rsa2021/py_pub_sub/build/publisher3431/build/lib/publisher3431/subscriber_ass2.py -> /home/rsa2021/py_pub_sub/install/publisher3431/lib/python3.8/site-packages/publisher3431
[1.708s] byte-compiling /home/rsa2021/py_pub_sub/install/publisher3431/lib/python3.8/site-packages/publisher3431/subscriber_ass2.py to subscriber_ass2.cpython-38.pyc
[1.714s] running install_data
[1.718s] running install_egg_info
[1.720s] removing '/home/rsa2021/py_pub_sub/install/publisher3431/lib/python3.8/site-packages/publisher3431-0.0.0-py3.8.egg-info' (and everything under it)
[1.720s] Copying ../../build/publisher3431/publisher3431.egg-info to /home/rsa2021/py_pub_sub/install/publisher3431/lib/python3.8/site-packages/publisher3431-0.0.0-py3.8.egg-info
[1.722s] running install_scripts
[1.765s] Installing listener script to /home/rsa2021/py_pub_sub/install/publisher3431/lib/publisher3431
[1.765s] Installing listener_ass2 script to /home/rsa2021/py_pub_sub/install/publisher3431/lib/publisher3431
[1.767s] Installing talker script to /home/rsa2021/py_pub_sub/install/publisher3431/lib/publisher3431
[1.767s] writing list of installed files to '/home/rsa2021/py_pub_sub/build/publisher3431/install.log'
[1.852s] Invoked command in '/home/rsa2021/py_pub_sub/src/publisher3431' returned '0': PYTHONPATH=/home/rsa2021/py_pub_sub/install/publisher3431/lib/python3.8/site-packages:${PYTHONPATH} /usr/bin/python3 setup.py egg_info --egg-base ../../build/publisher3431 build --build-base /home/rsa2021/py_pub_sub/build/publisher3431/build install --prefix /home/rsa2021/py_pub_sub/install/publisher3431 --record /home/rsa2021/py_pub_sub/build/publisher3431/install.log --single-version-externally-managed
