[0.863s] DEBUG:colcon:Command line arguments: ['/usr/bin/colcon', 'build']
[0.863s] DEBUG:colcon:Parsed command line arguments: Namespace(ament_cmake_args=None, base_paths=['.'], build_base='build', catkin_cmake_args=None, catkin_skip_building_tests=False, cmake_args=None, cmake_clean_cache=False, cmake_clean_first=False, cmake_force_configure=False, cmake_target=None, cmake_target_skip_unavailable=False, continue_on_error=False, event_handlers=None, executor='parallel', ignore_user_meta=False, install_base='install', log_base=None, log_level=None, main=<bound method BuildVerb.main of <colcon_core.verb.build.BuildVerb object at 0x7f840f790ac0>>, merge_install=False, metas=['./colcon.meta'], packages_above=None, packages_above_and_dependencies=None, packages_above_depth=None, packages_end=None, packages_ignore=None, packages_ignore_regex=None, packages_select=None, packages_select_build_failed=False, packages_select_by_dep=None, packages_select_regex=None, packages_select_test_failures=False, packages_skip=None, packages_skip_build_finished=False, packages_skip_by_dep=None, packages_skip_regex=None, packages_skip_test_passed=False, packages_skip_up_to=None, packages_start=None, packages_up_to=None, packages_up_to_regex=None, parallel_workers=3, paths=None, symlink_install=False, test_result_base=None, verb_extension=<colcon_core.verb.build.BuildVerb object at 0x7f840f790ac0>, verb_name='build', verb_parser=<colcon_defaults.argument_parser.defaults.DefaultArgumentsDecorator object at 0x7f840f8ffac0>)
[0.878s] Level 1:colcon.colcon_core.package_discovery:discover_packages(colcon_meta) check parameters
[0.878s] Level 1:colcon.colcon_core.package_discovery:discover_packages(recursive) check parameters
[0.878s] Level 1:colcon.colcon_core.package_discovery:discover_packages(ignore) check parameters
[0.878s] Level 1:colcon.colcon_core.package_discovery:discover_packages(path) check parameters
[0.878s] Level 1:colcon.colcon_core.package_discovery:discover_packages(colcon_meta) discover
[0.879s] Level 1:colcon.colcon_core.package_discovery:discover_packages(recursive) discover
[0.879s] INFO:colcon.colcon_core.package_discovery:Crawling recursively for packages in '/home/rsa2021/py_pub_sub'
[0.879s] Level 1:colcon.colcon_core.package_identification:_identify(.) by extensions ['ignore', 'ignore_ament_install']
[0.879s] Level 1:colcon.colcon_core.package_identification:_identify(.) by extension 'ignore'
[0.880s] Level 1:colcon.colcon_core.package_identification:_identify(.) by extension 'ignore_ament_install'
[0.880s] Level 1:colcon.colcon_core.package_identification:_identify(.) by extensions ['colcon_pkg']
[0.880s] Level 1:colcon.colcon_core.package_identification:_identify(.) by extension 'colcon_pkg'
[0.880s] Level 1:colcon.colcon_core.package_identification:_identify(.) by extensions ['colcon_meta']
[0.880s] Level 1:colcon.colcon_core.package_identification:_identify(.) by extension 'colcon_meta'
[0.880s] Level 1:colcon.colcon_core.package_identification:_identify(.) by extensions ['ros']
[0.880s] Level 1:colcon.colcon_core.package_identification:_identify(.) by extension 'ros'
[0.912s] Level 1:colcon.colcon_core.package_identification:_identify(.) by extensions ['cmake', 'python']
[0.912s] Level 1:colcon.colcon_core.package_identification:_identify(.) by extension 'cmake'
[0.912s] Level 1:colcon.colcon_core.package_identification:_identify(.) by extension 'python'
[0.912s] Level 1:colcon.colcon_core.package_identification:_identify(.) by extensions ['python_setup_py']
[0.913s] Level 1:colcon.colcon_core.package_identification:_identify(.) by extension 'python_setup_py'
[0.913s] Level 1:colcon.colcon_core.package_identification:_identify(build) by extensions ['ignore', 'ignore_ament_install']
[0.913s] Level 1:colcon.colcon_core.package_identification:_identify(build) by extension 'ignore'
[0.913s] Level 1:colcon.colcon_core.package_identification:_identify(build) ignored
[0.914s] Level 1:colcon.colcon_core.package_identification:_identify(install) by extensions ['ignore', 'ignore_ament_install']
[0.914s] Level 1:colcon.colcon_core.package_identification:_identify(install) by extension 'ignore'
[0.914s] Level 1:colcon.colcon_core.package_identification:_identify(install) ignored
[0.915s] Level 1:colcon.colcon_core.package_identification:_identify(log) by extensions ['ignore', 'ignore_ament_install']
[0.915s] Level 1:colcon.colcon_core.package_identification:_identify(log) by extension 'ignore'
[0.916s] Level 1:colcon.colcon_core.package_identification:_identify(log) ignored
[0.916s] Level 1:colcon.colcon_core.package_identification:_identify(src) by extensions ['ignore', 'ignore_ament_install']
[0.916s] Level 1:colcon.colcon_core.package_identification:_identify(src) by extension 'ignore'
[0.916s] Level 1:colcon.colcon_core.package_identification:_identify(src) by extension 'ignore_ament_install'
[0.917s] Level 1:colcon.colcon_core.package_identification:_identify(src) by extensions ['colcon_pkg']
[0.917s] Level 1:colcon.colcon_core.package_identification:_identify(src) by extension 'colcon_pkg'
[0.917s] Level 1:colcon.colcon_core.package_identification:_identify(src) by extensions ['colcon_meta']
[0.917s] Level 1:colcon.colcon_core.package_identification:_identify(src) by extension 'colcon_meta'
[0.917s] Level 1:colcon.colcon_core.package_identification:_identify(src) by extensions ['ros']
[0.917s] Level 1:colcon.colcon_core.package_identification:_identify(src) by extension 'ros'
[0.917s] Level 1:colcon.colcon_core.package_identification:_identify(src) by extensions ['cmake', 'python']
[0.917s] Level 1:colcon.colcon_core.package_identification:_identify(src) by extension 'cmake'
[0.918s] Level 1:colcon.colcon_core.package_identification:_identify(src) by extension 'python'
[0.918s] Level 1:colcon.colcon_core.package_identification:_identify(src) by extensions ['python_setup_py']
[0.918s] Level 1:colcon.colcon_core.package_identification:_identify(src) by extension 'python_setup_py'
[0.918s] Level 1:colcon.colcon_core.package_identification:_identify(src/FF-X) by extensions ['ignore', 'ignore_ament_install']
[0.918s] Level 1:colcon.colcon_core.package_identification:_identify(src/FF-X) by extension 'ignore'
[0.919s] Level 1:colcon.colcon_core.package_identification:_identify(src/FF-X) by extension 'ignore_ament_install'
[0.919s] Level 1:colcon.colcon_core.package_identification:_identify(src/FF-X) by extensions ['colcon_pkg']
[0.919s] Level 1:colcon.colcon_core.package_identification:_identify(src/FF-X) by extension 'colcon_pkg'
[0.919s] Level 1:colcon.colcon_core.package_identification:_identify(src/FF-X) by extensions ['colcon_meta']
[0.919s] Level 1:colcon.colcon_core.package_identification:_identify(src/FF-X) by extension 'colcon_meta'
[0.919s] Level 1:colcon.colcon_core.package_identification:_identify(src/FF-X) by extensions ['ros']
[0.919s] Level 1:colcon.colcon_core.package_identification:_identify(src/FF-X) by extension 'ros'
[0.920s] Level 1:colcon.colcon_core.package_identification:_identify(src/FF-X) by extensions ['cmake', 'python']
[0.920s] Level 1:colcon.colcon_core.package_identification:_identify(src/FF-X) by extension 'cmake'
[0.920s] Level 1:colcon.colcon_core.package_identification:_identify(src/FF-X) by extension 'python'
[0.920s] Level 1:colcon.colcon_core.package_identification:_identify(src/FF-X) by extensions ['python_setup_py']
[0.920s] Level 1:colcon.colcon_core.package_identification:_identify(src/FF-X) by extension 'python_setup_py'
[0.920s] Level 1:colcon.colcon_core.package_identification:_identify(src/comp3431_interfaces) by extensions ['ignore', 'ignore_ament_install']
[0.921s] Level 1:colcon.colcon_core.package_identification:_identify(src/comp3431_interfaces) by extension 'ignore'
[0.921s] Level 1:colcon.colcon_core.package_identification:_identify(src/comp3431_interfaces) by extension 'ignore_ament_install'
[0.921s] Level 1:colcon.colcon_core.package_identification:_identify(src/comp3431_interfaces) by extensions ['colcon_pkg']
[0.921s] Level 1:colcon.colcon_core.package_identification:_identify(src/comp3431_interfaces) by extension 'colcon_pkg'
[0.921s] Level 1:colcon.colcon_core.package_identification:_identify(src/comp3431_interfaces) by extensions ['colcon_meta']
[0.921s] Level 1:colcon.colcon_core.package_identification:_identify(src/comp3431_interfaces) by extension 'colcon_meta'
[0.922s] Level 1:colcon.colcon_core.package_identification:_identify(src/comp3431_interfaces) by extensions ['ros']
[0.922s] Level 1:colcon.colcon_core.package_identification:_identify(src/comp3431_interfaces) by extension 'ros'
[0.922s] Level 1:colcon.colcon_core.package_identification:_identify(src/comp3431_interfaces) by extensions ['cmake', 'python']
[0.922s] Level 1:colcon.colcon_core.package_identification:_identify(src/comp3431_interfaces) by extension 'cmake'
[0.922s] Level 1:colcon.colcon_core.package_identification:_identify(src/comp3431_interfaces) by extension 'python'
[0.922s] Level 1:colcon.colcon_core.package_identification:_identify(src/comp3431_interfaces) by extensions ['python_setup_py']
[0.922s] Level 1:colcon.colcon_core.package_identification:_identify(src/comp3431_interfaces) by extension 'python_setup_py'
[0.923s] Level 1:colcon.colcon_core.package_identification:_identify(src/comp3431_interfaces/comp3431_interfaces-rolling) by extensions ['ignore', 'ignore_ament_install']
[0.923s] Level 1:colcon.colcon_core.package_identification:_identify(src/comp3431_interfaces/comp3431_interfaces-rolling) by extension 'ignore'
[0.923s] Level 1:colcon.colcon_core.package_identification:_identify(src/comp3431_interfaces/comp3431_interfaces-rolling) by extension 'ignore_ament_install'
[0.923s] Level 1:colcon.colcon_core.package_identification:_identify(src/comp3431_interfaces/comp3431_interfaces-rolling) by extensions ['colcon_pkg']
[0.923s] Level 1:colcon.colcon_core.package_identification:_identify(src/comp3431_interfaces/comp3431_interfaces-rolling) by extension 'colcon_pkg'
[0.924s] Level 1:colcon.colcon_core.package_identification:_identify(src/comp3431_interfaces/comp3431_interfaces-rolling) by extensions ['colcon_meta']
[0.924s] Level 1:colcon.colcon_core.package_identification:_identify(src/comp3431_interfaces/comp3431_interfaces-rolling) by extension 'colcon_meta'
[0.924s] Level 1:colcon.colcon_core.package_identification:_identify(src/comp3431_interfaces/comp3431_interfaces-rolling) by extensions ['ros']
[0.924s] Level 1:colcon.colcon_core.package_identification:_identify(src/comp3431_interfaces/comp3431_interfaces-rolling) by extension 'ros'
[0.930s] DEBUG:colcon.colcon_core.package_identification:Package 'src/comp3431_interfaces/comp3431_interfaces-rolling' with type 'ros.ament_cmake' and name 'comp3431_interfaces'
[0.930s] Level 1:colcon.colcon_core.package_identification:_identify(src/image_publisher) by extensions ['ignore', 'ignore_ament_install']
[0.931s] Level 1:colcon.colcon_core.package_identification:_identify(src/image_publisher) by extension 'ignore'
[0.931s] Level 1:colcon.colcon_core.package_identification:_identify(src/image_publisher) by extension 'ignore_ament_install'
[0.931s] Level 1:colcon.colcon_core.package_identification:_identify(src/image_publisher) by extensions ['colcon_pkg']
[0.931s] Level 1:colcon.colcon_core.package_identification:_identify(src/image_publisher) by extension 'colcon_pkg'
[0.931s] Level 1:colcon.colcon_core.package_identification:_identify(src/image_publisher) by extensions ['colcon_meta']
[0.931s] Level 1:colcon.colcon_core.package_identification:_identify(src/image_publisher) by extension 'colcon_meta'
[0.932s] Level 1:colcon.colcon_core.package_identification:_identify(src/image_publisher) by extensions ['ros']
[0.932s] Level 1:colcon.colcon_core.package_identification:_identify(src/image_publisher) by extension 'ros'
[0.935s] DEBUG:colcon.colcon_core.package_identification:Package 'src/image_publisher' with type 'ros.ament_cmake' and name 'image_publisher'
[0.935s] Level 1:colcon.colcon_core.package_identification:_identify(src/map_server) by extensions ['ignore', 'ignore_ament_install']
[0.935s] Level 1:colcon.colcon_core.package_identification:_identify(src/map_server) by extension 'ignore'
[0.935s] Level 1:colcon.colcon_core.package_identification:_identify(src/map_server) by extension 'ignore_ament_install'
[0.936s] Level 1:colcon.colcon_core.package_identification:_identify(src/map_server) by extensions ['colcon_pkg']
[0.936s] Level 1:colcon.colcon_core.package_identification:_identify(src/map_server) by extension 'colcon_pkg'
[0.936s] Level 1:colcon.colcon_core.package_identification:_identify(src/map_server) by extensions ['colcon_meta']
[0.936s] Level 1:colcon.colcon_core.package_identification:_identify(src/map_server) by extension 'colcon_meta'
[0.936s] Level 1:colcon.colcon_core.package_identification:_identify(src/map_server) by extensions ['ros']
[0.936s] Level 1:colcon.colcon_core.package_identification:_identify(src/map_server) by extension 'ros'
[0.938s] DEBUG:colcon.colcon_core.package_identification:Package 'src/map_server' with type 'ros.ament_python' and name 'map_server'
[0.939s] Level 1:colcon.colcon_core.package_identification:_identify(src/publisher3431) by extensions ['ignore', 'ignore_ament_install']
[0.939s] Level 1:colcon.colcon_core.package_identification:_identify(src/publisher3431) by extension 'ignore'
[0.939s] Level 1:colcon.colcon_core.package_identification:_identify(src/publisher3431) by extension 'ignore_ament_install'
[0.939s] Level 1:colcon.colcon_core.package_identification:_identify(src/publisher3431) by extensions ['colcon_pkg']
[0.939s] Level 1:colcon.colcon_core.package_identification:_identify(src/publisher3431) by extension 'colcon_pkg'
[0.939s] Level 1:colcon.colcon_core.package_identification:_identify(src/publisher3431) by extensions ['colcon_meta']
[0.940s] Level 1:colcon.colcon_core.package_identification:_identify(src/publisher3431) by extension 'colcon_meta'
[0.940s] Level 1:colcon.colcon_core.package_identification:_identify(src/publisher3431) by extensions ['ros']
[0.940s] Level 1:colcon.colcon_core.package_identification:_identify(src/publisher3431) by extension 'ros'
[0.942s] DEBUG:colcon.colcon_core.package_identification:Package 'src/publisher3431' with type 'ros.ament_python' and name 'publisher3431'
[0.942s] Level 1:colcon.colcon_core.package_identification:_identify(src/zbar_ros) by extensions ['ignore', 'ignore_ament_install']
[0.942s] Level 1:colcon.colcon_core.package_identification:_identify(src/zbar_ros) by extension 'ignore'
[0.942s] Level 1:colcon.colcon_core.package_identification:_identify(src/zbar_ros) by extension 'ignore_ament_install'
[0.943s] Level 1:colcon.colcon_core.package_identification:_identify(src/zbar_ros) by extensions ['colcon_pkg']
[0.943s] Level 1:colcon.colcon_core.package_identification:_identify(src/zbar_ros) by extension 'colcon_pkg'
[0.943s] Level 1:colcon.colcon_core.package_identification:_identify(src/zbar_ros) by extensions ['colcon_meta']
[0.943s] Level 1:colcon.colcon_core.package_identification:_identify(src/zbar_ros) by extension 'colcon_meta'
[0.943s] Level 1:colcon.colcon_core.package_identification:_identify(src/zbar_ros) by extensions ['ros']
[0.943s] Level 1:colcon.colcon_core.package_identification:_identify(src/zbar_ros) by extension 'ros'
[0.946s] DEBUG:colcon.colcon_core.package_identification:Package 'src/zbar_ros' with type 'ros.ament_cmake' and name 'zbar_ros'
[0.946s] Level 1:colcon.colcon_core.package_identification:_identify(src/zbar_ros_interfaces) by extensions ['ignore', 'ignore_ament_install']
[0.946s] Level 1:colcon.colcon_core.package_identification:_identify(src/zbar_ros_interfaces) by extension 'ignore'
[0.946s] Level 1:colcon.colcon_core.package_identification:_identify(src/zbar_ros_interfaces) by extension 'ignore_ament_install'
[0.946s] Level 1:colcon.colcon_core.package_identification:_identify(src/zbar_ros_interfaces) by extensions ['colcon_pkg']
[0.947s] Level 1:colcon.colcon_core.package_identification:_identify(src/zbar_ros_interfaces) by extension 'colcon_pkg'
[0.947s] Level 1:colcon.colcon_core.package_identification:_identify(src/zbar_ros_interfaces) by extensions ['colcon_meta']
[0.947s] Level 1:colcon.colcon_core.package_identification:_identify(src/zbar_ros_interfaces) by extension 'colcon_meta'
[0.947s] Level 1:colcon.colcon_core.package_identification:_identify(src/zbar_ros_interfaces) by extensions ['ros']
[0.947s] Level 1:colcon.colcon_core.package_identification:_identify(src/zbar_ros_interfaces) by extension 'ros'
[0.948s] DEBUG:colcon.colcon_core.package_identification:Package 'src/zbar_ros_interfaces' with type 'ros.ament_cmake' and name 'zbar_ros_interfaces'
[0.948s] Level 1:colcon.colcon_core.package_discovery:discover_packages(recursive) using defaults
[0.949s] Level 1:colcon.colcon_core.package_discovery:discover_packages(ignore) discover
[0.949s] Level 1:colcon.colcon_core.package_discovery:discover_packages(ignore) using defaults
[0.949s] Level 1:colcon.colcon_core.package_discovery:discover_packages(path) discover
[0.949s] Level 1:colcon.colcon_core.package_discovery:discover_packages(path) using defaults
[1.003s] Level 5:colcon.colcon_core.verb:set package 'comp3431_interfaces' build argument 'cmake_args' from command line to 'None'
[1.003s] Level 5:colcon.colcon_core.verb:set package 'comp3431_interfaces' build argument 'cmake_target' from command line to 'None'
[1.004s] Level 5:colcon.colcon_core.verb:set package 'comp3431_interfaces' build argument 'cmake_target_skip_unavailable' from command line to 'False'
[1.004s] Level 5:colcon.colcon_core.verb:set package 'comp3431_interfaces' build argument 'cmake_clean_cache' from command line to 'False'
[1.004s] Level 5:colcon.colcon_core.verb:set package 'comp3431_interfaces' build argument 'cmake_clean_first' from command line to 'False'
[1.004s] Level 5:colcon.colcon_core.verb:set package 'comp3431_interfaces' build argument 'cmake_force_configure' from command line to 'False'
[1.004s] Level 5:colcon.colcon_core.verb:set package 'comp3431_interfaces' build argument 'ament_cmake_args' from command line to 'None'
[1.004s] Level 5:colcon.colcon_core.verb:set package 'comp3431_interfaces' build argument 'catkin_cmake_args' from command line to 'None'
[1.004s] Level 5:colcon.colcon_core.verb:set package 'comp3431_interfaces' build argument 'catkin_skip_building_tests' from command line to 'False'
[1.004s] DEBUG:colcon.colcon_core.verb:Building package 'comp3431_interfaces' with the following arguments: {'ament_cmake_args': None, 'build_base': '/home/rsa2021/py_pub_sub/build/comp3431_interfaces', 'catkin_cmake_args': None, 'catkin_skip_building_tests': False, 'cmake_args': None, 'cmake_clean_cache': False, 'cmake_clean_first': False, 'cmake_force_configure': False, 'cmake_target': None, 'cmake_target_skip_unavailable': False, 'install_base': '/home/rsa2021/py_pub_sub/install/comp3431_interfaces', 'merge_install': False, 'path': '/home/rsa2021/py_pub_sub/src/comp3431_interfaces/comp3431_interfaces-rolling', 'symlink_install': False, 'test_result_base': None}
[1.011s] Level 5:colcon.colcon_core.verb:set package 'image_publisher' build argument 'cmake_args' from command line to 'None'
[1.011s] Level 5:colcon.colcon_core.verb:set package 'image_publisher' build argument 'cmake_target' from command line to 'None'
[1.011s] Level 5:colcon.colcon_core.verb:set package 'image_publisher' build argument 'cmake_target_skip_unavailable' from command line to 'False'
[1.012s] Level 5:colcon.colcon_core.verb:set package 'image_publisher' build argument 'cmake_clean_cache' from command line to 'False'
[1.012s] Level 5:colcon.colcon_core.verb:set package 'image_publisher' build argument 'cmake_clean_first' from command line to 'False'
[1.012s] Level 5:colcon.colcon_core.verb:set package 'image_publisher' build argument 'cmake_force_configure' from command line to 'False'
[1.012s] Level 5:colcon.colcon_core.verb:set package 'image_publisher' build argument 'ament_cmake_args' from command line to 'None'
[1.012s] Level 5:colcon.colcon_core.verb:set package 'image_publisher' build argument 'catkin_cmake_args' from command line to 'None'
[1.012s] Level 5:colcon.colcon_core.verb:set package 'image_publisher' build argument 'catkin_skip_building_tests' from command line to 'False'
[1.012s] DEBUG:colcon.colcon_core.verb:Building package 'image_publisher' with the following arguments: {'ament_cmake_args': None, 'build_base': '/home/rsa2021/py_pub_sub/build/image_publisher', 'catkin_cmake_args': None, 'catkin_skip_building_tests': False, 'cmake_args': None, 'cmake_clean_cache': False, 'cmake_clean_first': False, 'cmake_force_configure': False, 'cmake_target': None, 'cmake_target_skip_unavailable': False, 'install_base': '/home/rsa2021/py_pub_sub/install/image_publisher', 'merge_install': False, 'path': '/home/rsa2021/py_pub_sub/src/image_publisher', 'symlink_install': False, 'test_result_base': None}
[1.018s] Level 5:colcon.colcon_core.verb:set package 'publisher3431' build argument 'cmake_args' from command line to 'None'
[1.019s] Level 5:colcon.colcon_core.verb:set package 'publisher3431' build argument 'cmake_target' from command line to 'None'
[1.019s] Level 5:colcon.colcon_core.verb:set package 'publisher3431' build argument 'cmake_target_skip_unavailable' from command line to 'False'
[1.019s] Level 5:colcon.colcon_core.verb:set package 'publisher3431' build argument 'cmake_clean_cache' from command line to 'False'
[1.019s] Level 5:colcon.colcon_core.verb:set package 'publisher3431' build argument 'cmake_clean_first' from command line to 'False'
[1.019s] Level 5:colcon.colcon_core.verb:set package 'publisher3431' build argument 'cmake_force_configure' from command line to 'False'
[1.019s] Level 5:colcon.colcon_core.verb:set package 'publisher3431' build argument 'ament_cmake_args' from command line to 'None'
[1.019s] Level 5:colcon.colcon_core.verb:set package 'publisher3431' build argument 'catkin_cmake_args' from command line to 'None'
[1.019s] Level 5:colcon.colcon_core.verb:set package 'publisher3431' build argument 'catkin_skip_building_tests' from command line to 'False'
[1.019s] DEBUG:colcon.colcon_core.verb:Building package 'publisher3431' with the following arguments: {'ament_cmake_args': None, 'build_base': '/home/rsa2021/py_pub_sub/build/publisher3431', 'catkin_cmake_args': None, 'catkin_skip_building_tests': False, 'cmake_args': None, 'cmake_clean_cache': False, 'cmake_clean_first': False, 'cmake_force_configure': False, 'cmake_target': None, 'cmake_target_skip_unavailable': False, 'install_base': '/home/rsa2021/py_pub_sub/install/publisher3431', 'merge_install': False, 'path': '/home/rsa2021/py_pub_sub/src/publisher3431', 'symlink_install': False, 'test_result_base': None}
[1.026s] Level 5:colcon.colcon_core.verb:set package 'zbar_ros_interfaces' build argument 'cmake_args' from command line to 'None'
[1.026s] Level 5:colcon.colcon_core.verb:set package 'zbar_ros_interfaces' build argument 'cmake_target' from command line to 'None'
[1.026s] Level 5:colcon.colcon_core.verb:set package 'zbar_ros_interfaces' build argument 'cmake_target_skip_unavailable' from command line to 'False'
[1.026s] Level 5:colcon.colcon_core.verb:set package 'zbar_ros_interfaces' build argument 'cmake_clean_cache' from command line to 'False'
[1.026s] Level 5:colcon.colcon_core.verb:set package 'zbar_ros_interfaces' build argument 'cmake_clean_first' from command line to 'False'
[1.026s] Level 5:colcon.colcon_core.verb:set package 'zbar_ros_interfaces' build argument 'cmake_force_configure' from command line to 'False'
[1.027s] Level 5:colcon.colcon_core.verb:set package 'zbar_ros_interfaces' build argument 'ament_cmake_args' from command line to 'None'
[1.027s] Level 5:colcon.colcon_core.verb:set package 'zbar_ros_interfaces' build argument 'catkin_cmake_args' from command line to 'None'
[1.027s] Level 5:colcon.colcon_core.verb:set package 'zbar_ros_interfaces' build argument 'catkin_skip_building_tests' from command line to 'False'
[1.027s] DEBUG:colcon.colcon_core.verb:Building package 'zbar_ros_interfaces' with the following arguments: {'ament_cmake_args': None, 'build_base': '/home/rsa2021/py_pub_sub/build/zbar_ros_interfaces', 'catkin_cmake_args': None, 'catkin_skip_building_tests': False, 'cmake_args': None, 'cmake_clean_cache': False, 'cmake_clean_first': False, 'cmake_force_configure': False, 'cmake_target': None, 'cmake_target_skip_unavailable': False, 'install_base': '/home/rsa2021/py_pub_sub/install/zbar_ros_interfaces', 'merge_install': False, 'path': '/home/rsa2021/py_pub_sub/src/zbar_ros_interfaces', 'symlink_install': False, 'test_result_base': None}
[1.033s] Level 5:colcon.colcon_core.verb:set package 'map_server' build argument 'cmake_args' from command line to 'None'
[1.033s] Level 5:colcon.colcon_core.verb:set package 'map_server' build argument 'cmake_target' from command line to 'None'
[1.034s] Level 5:colcon.colcon_core.verb:set package 'map_server' build argument 'cmake_target_skip_unavailable' from command line to 'False'
[1.034s] Level 5:colcon.colcon_core.verb:set package 'map_server' build argument 'cmake_clean_cache' from command line to 'False'
[1.034s] Level 5:colcon.colcon_core.verb:set package 'map_server' build argument 'cmake_clean_first' from command line to 'False'
[1.034s] Level 5:colcon.colcon_core.verb:set package 'map_server' build argument 'cmake_force_configure' from command line to 'False'
[1.034s] Level 5:colcon.colcon_core.verb:set package 'map_server' build argument 'ament_cmake_args' from command line to 'None'
[1.034s] Level 5:colcon.colcon_core.verb:set package 'map_server' build argument 'catkin_cmake_args' from command line to 'None'
[1.034s] Level 5:colcon.colcon_core.verb:set package 'map_server' build argument 'catkin_skip_building_tests' from command line to 'False'
[1.034s] DEBUG:colcon.colcon_core.verb:Building package 'map_server' with the following arguments: {'ament_cmake_args': None, 'build_base': '/home/rsa2021/py_pub_sub/build/map_server', 'catkin_cmake_args': None, 'catkin_skip_building_tests': False, 'cmake_args': None, 'cmake_clean_cache': False, 'cmake_clean_first': False, 'cmake_force_configure': False, 'cmake_target': None, 'cmake_target_skip_unavailable': False, 'install_base': '/home/rsa2021/py_pub_sub/install/map_server', 'merge_install': False, 'path': '/home/rsa2021/py_pub_sub/src/map_server', 'symlink_install': False, 'test_result_base': None}
[1.040s] Level 5:colcon.colcon_core.verb:set package 'zbar_ros' build argument 'cmake_args' from command line to 'None'
[1.041s] Level 5:colcon.colcon_core.verb:set package 'zbar_ros' build argument 'cmake_target' from command line to 'None'
[1.041s] Level 5:colcon.colcon_core.verb:set package 'zbar_ros' build argument 'cmake_target_skip_unavailable' from command line to 'False'
[1.041s] Level 5:colcon.colcon_core.verb:set package 'zbar_ros' build argument 'cmake_clean_cache' from command line to 'False'
[1.041s] Level 5:colcon.colcon_core.verb:set package 'zbar_ros' build argument 'cmake_clean_first' from command line to 'False'
[1.041s] Level 5:colcon.colcon_core.verb:set package 'zbar_ros' build argument 'cmake_force_configure' from command line to 'False'
[1.041s] Level 5:colcon.colcon_core.verb:set package 'zbar_ros' build argument 'ament_cmake_args' from command line to 'None'
[1.041s] Level 5:colcon.colcon_core.verb:set package 'zbar_ros' build argument 'catkin_cmake_args' from command line to 'None'
[1.041s] Level 5:colcon.colcon_core.verb:set package 'zbar_ros' build argument 'catkin_skip_building_tests' from command line to 'False'
[1.041s] DEBUG:colcon.colcon_core.verb:Building package 'zbar_ros' with the following arguments: {'ament_cmake_args': None, 'build_base': '/home/rsa2021/py_pub_sub/build/zbar_ros', 'catkin_cmake_args': None, 'catkin_skip_building_tests': False, 'cmake_args': None, 'cmake_clean_cache': False, 'cmake_clean_first': False, 'cmake_force_configure': False, 'cmake_target': None, 'cmake_target_skip_unavailable': False, 'install_base': '/home/rsa2021/py_pub_sub/install/zbar_ros', 'merge_install': False, 'path': '/home/rsa2021/py_pub_sub/src/zbar_ros', 'symlink_install': False, 'test_result_base': None}
[1.042s] INFO:colcon.colcon_core.executor:Executing jobs using 'parallel' executor
[1.048s] DEBUG:colcon.colcon_parallel_executor.executor.parallel:run_until_complete
[1.051s] INFO:colcon.colcon_ros.task.ament_cmake.build:Building ROS package in '/home/rsa2021/py_pub_sub/src/comp3431_interfaces/comp3431_interfaces-rolling' with build type 'ament_cmake'
[1.052s] INFO:colcon.colcon_cmake.task.cmake.build:Building CMake package in '/home/rsa2021/py_pub_sub/src/comp3431_interfaces/comp3431_interfaces-rolling'
[1.063s] INFO:colcon.colcon_core.plugin_system:Skipping extension 'colcon_core.shell.bat': Not used on non-Windows systems
[1.063s] INFO:colcon.colcon_core.shell:Skip shell extension 'powershell' for command environment: Not usable outside of PowerShell
[1.063s] DEBUG:colcon.colcon_core.shell:Skip shell extension 'dsv' for command environment
[1.073s] DEBUG:colcon.colcon_core.shell:Ignoring prefix path '/opt/ros/foxy'
[1.085s] INFO:colcon.colcon_ros.task.ament_cmake.build:Building ROS package in '/home/rsa2021/py_pub_sub/src/zbar_ros_interfaces' with build type 'ament_cmake'
[1.086s] INFO:colcon.colcon_cmake.task.cmake.build:Building CMake package in '/home/rsa2021/py_pub_sub/src/zbar_ros_interfaces'
[1.090s] INFO:colcon.colcon_core.shell:Skip shell extension 'powershell' for command environment: Not usable outside of PowerShell
[1.090s] DEBUG:colcon.colcon_core.shell:Skip shell extension 'dsv' for command environment
[1.101s] DEBUG:colcon.colcon_core.shell:Ignoring prefix path '/opt/ros/foxy'
[1.115s] INFO:colcon.colcon_ros.task.ament_cmake.build:Building ROS package in '/home/rsa2021/py_pub_sub/src/image_publisher' with build type 'ament_cmake'
[1.116s] INFO:colcon.colcon_cmake.task.cmake.build:Building CMake package in '/home/rsa2021/py_pub_sub/src/image_publisher'
[1.120s] INFO:colcon.colcon_core.shell:Skip shell extension 'powershell' for command environment: Not usable outside of PowerShell
[1.122s] DEBUG:colcon.colcon_core.shell:Skip shell extension 'dsv' for command environment
[1.134s] DEBUG:colcon.colcon_core.shell:Ignoring prefix path '/opt/ros/foxy'
[1.179s] DEBUG:colcon.colcon_core.event_handler.log_command:Invoking command in '/home/rsa2021/py_pub_sub/build/comp3431_interfaces': CMAKE_PREFIX_PATH=/home/rsa2021/py_pub_sub/install/zbar_ros:/home/rsa2021/py_pub_sub/install/zbar_ros_interfaces:/home/rsa2021/py_pub_sub/install/publisher3431:/home/rsa2021/py_pub_sub/install/map_server:/home/rsa2021/dev_ws/install/py_srvcli:/home/rsa2021/dev_ws/install/py_pubsub:/home/rsa2021/dev_ws/install/learning_tf2_py:/home/rsa2021/dev_ws/install/my_package:/opt/ros/foxy:/home/rsa2021/py_pub_sub/install/image_publisher:/home/rsa2021/py_pub_sub/install/comp3431_interfaces:/home/rsa2021/py_pub_sub/install/comp3431_ass3_worlds:/home/rsa2021/dev_ws/install/tutorial_interfaces:/home/rsa2021/dev_ws/install/turtlesim:/home/rsa2021/dev_ws/install/comp3431_interfaces /usr/bin/cmake --build /home/rsa2021/py_pub_sub/build/comp3431_interfaces -- -j3 -l3
[1.213s] DEBUG:colcon.colcon_core.event_handler.log_command:Invoking command in '/home/rsa2021/py_pub_sub/build/zbar_ros_interfaces': CMAKE_PREFIX_PATH=/home/rsa2021/py_pub_sub/install/zbar_ros:/home/rsa2021/py_pub_sub/install/zbar_ros_interfaces:/home/rsa2021/py_pub_sub/install/publisher3431:/home/rsa2021/py_pub_sub/install/map_server:/home/rsa2021/dev_ws/install/py_srvcli:/home/rsa2021/dev_ws/install/py_pubsub:/home/rsa2021/dev_ws/install/learning_tf2_py:/home/rsa2021/dev_ws/install/my_package:/opt/ros/foxy:/home/rsa2021/py_pub_sub/install/image_publisher:/home/rsa2021/py_pub_sub/install/comp3431_interfaces:/home/rsa2021/py_pub_sub/install/comp3431_ass3_worlds:/home/rsa2021/dev_ws/install/tutorial_interfaces:/home/rsa2021/dev_ws/install/turtlesim:/home/rsa2021/dev_ws/install/comp3431_interfaces /usr/bin/cmake --build /home/rsa2021/py_pub_sub/build/zbar_ros_interfaces -- -j3 -l3
[1.257s] DEBUG:colcon.colcon_core.event_handler.log_command:Invoking command in '/home/rsa2021/py_pub_sub/build/image_publisher': CMAKE_PREFIX_PATH=/home/rsa2021/py_pub_sub/install/zbar_ros:/home/rsa2021/py_pub_sub/install/zbar_ros_interfaces:/home/rsa2021/py_pub_sub/install/publisher3431:/home/rsa2021/py_pub_sub/install/map_server:/home/rsa2021/dev_ws/install/py_srvcli:/home/rsa2021/dev_ws/install/py_pubsub:/home/rsa2021/dev_ws/install/learning_tf2_py:/home/rsa2021/dev_ws/install/my_package:/opt/ros/foxy:/home/rsa2021/py_pub_sub/install/image_publisher:/home/rsa2021/py_pub_sub/install/comp3431_interfaces:/home/rsa2021/py_pub_sub/install/comp3431_ass3_worlds:/home/rsa2021/dev_ws/install/tutorial_interfaces:/home/rsa2021/dev_ws/install/turtlesim:/home/rsa2021/dev_ws/install/comp3431_interfaces /usr/bin/cmake --build /home/rsa2021/py_pub_sub/build/image_publisher -- -j3 -l3
[1.975s] DEBUG:colcon.colcon_core.event_handler.log_command:Invoked command in '/home/rsa2021/py_pub_sub/build/image_publisher' returned '0': CMAKE_PREFIX_PATH=/home/rsa2021/py_pub_sub/install/zbar_ros:/home/rsa2021/py_pub_sub/install/zbar_ros_interfaces:/home/rsa2021/py_pub_sub/install/publisher3431:/home/rsa2021/py_pub_sub/install/map_server:/home/rsa2021/dev_ws/install/py_srvcli:/home/rsa2021/dev_ws/install/py_pubsub:/home/rsa2021/dev_ws/install/learning_tf2_py:/home/rsa2021/dev_ws/install/my_package:/opt/ros/foxy:/home/rsa2021/py_pub_sub/install/image_publisher:/home/rsa2021/py_pub_sub/install/comp3431_interfaces:/home/rsa2021/py_pub_sub/install/comp3431_ass3_worlds:/home/rsa2021/dev_ws/install/tutorial_interfaces:/home/rsa2021/dev_ws/install/turtlesim:/home/rsa2021/dev_ws/install/comp3431_interfaces /usr/bin/cmake --build /home/rsa2021/py_pub_sub/build/image_publisher -- -j3 -l3
[2.140s] DEBUG:colcon.colcon_core.event_handler.log_command:Invoking command in '/home/rsa2021/py_pub_sub/build/image_publisher': CMAKE_PREFIX_PATH=/home/rsa2021/py_pub_sub/install/zbar_ros:/home/rsa2021/py_pub_sub/install/zbar_ros_interfaces:/home/rsa2021/py_pub_sub/install/publisher3431:/home/rsa2021/py_pub_sub/install/map_server:/home/rsa2021/dev_ws/install/py_srvcli:/home/rsa2021/dev_ws/install/py_pubsub:/home/rsa2021/dev_ws/install/learning_tf2_py:/home/rsa2021/dev_ws/install/my_package:/opt/ros/foxy:/home/rsa2021/py_pub_sub/install/image_publisher:/home/rsa2021/py_pub_sub/install/comp3431_interfaces:/home/rsa2021/py_pub_sub/install/comp3431_ass3_worlds:/home/rsa2021/dev_ws/install/tutorial_interfaces:/home/rsa2021/dev_ws/install/turtlesim:/home/rsa2021/dev_ws/install/comp3431_interfaces /usr/bin/cmake --install /home/rsa2021/py_pub_sub/build/image_publisher
[2.227s] Level 1:colcon.colcon_core.environment:create_environment_scripts_only(image_publisher)
[2.231s] DEBUG:colcon.colcon_core.event_handler.log_command:Invoked command in '/home/rsa2021/py_pub_sub/build/image_publisher' returned '0': CMAKE_PREFIX_PATH=/home/rsa2021/py_pub_sub/install/zbar_ros:/home/rsa2021/py_pub_sub/install/zbar_ros_interfaces:/home/rsa2021/py_pub_sub/install/publisher3431:/home/rsa2021/py_pub_sub/install/map_server:/home/rsa2021/dev_ws/install/py_srvcli:/home/rsa2021/dev_ws/install/py_pubsub:/home/rsa2021/dev_ws/install/learning_tf2_py:/home/rsa2021/dev_ws/install/my_package:/opt/ros/foxy:/home/rsa2021/py_pub_sub/install/image_publisher:/home/rsa2021/py_pub_sub/install/comp3431_interfaces:/home/rsa2021/py_pub_sub/install/comp3431_ass3_worlds:/home/rsa2021/dev_ws/install/tutorial_interfaces:/home/rsa2021/dev_ws/install/turtlesim:/home/rsa2021/dev_ws/install/comp3431_interfaces /usr/bin/cmake --install /home/rsa2021/py_pub_sub/build/image_publisher
[2.240s] Level 1:colcon.colcon_core.environment:checking '/home/rsa2021/py_pub_sub/install/image_publisher' for CMake module files
[2.242s] Level 1:colcon.colcon_core.environment:checking '/home/rsa2021/py_pub_sub/install/image_publisher' for CMake config files
[2.242s] Level 1:colcon.colcon_core.shell:create_environment_hook('image_publisher', 'cmake_prefix_path')
[2.244s] INFO:colcon.colcon_core.shell:Creating environment hook '/home/rsa2021/py_pub_sub/install/image_publisher/share/image_publisher/hook/cmake_prefix_path.ps1'
[2.246s] INFO:colcon.colcon_core.shell:Creating environment descriptor '/home/rsa2021/py_pub_sub/install/image_publisher/share/image_publisher/hook/cmake_prefix_path.dsv'
[2.248s] INFO:colcon.colcon_core.shell:Creating environment hook '/home/rsa2021/py_pub_sub/install/image_publisher/share/image_publisher/hook/cmake_prefix_path.sh'
[2.251s] Level 1:colcon.colcon_core.environment:checking '/home/rsa2021/py_pub_sub/install/image_publisher/lib'
[2.252s] Level 1:colcon.colcon_core.environment:checking '/home/rsa2021/py_pub_sub/install/image_publisher/bin'
[2.252s] Level 1:colcon.colcon_core.shell:create_environment_hook('image_publisher', 'path')
[2.253s] INFO:colcon.colcon_core.shell:Creating environment hook '/home/rsa2021/py_pub_sub/install/image_publisher/share/image_publisher/hook/path.ps1'
[2.255s] INFO:colcon.colcon_core.shell:Creating environment descriptor '/home/rsa2021/py_pub_sub/install/image_publisher/share/image_publisher/hook/path.dsv'
[2.256s] INFO:colcon.colcon_core.shell:Creating environment hook '/home/rsa2021/py_pub_sub/install/image_publisher/share/image_publisher/hook/path.sh'
[2.257s] Level 1:colcon.colcon_core.environment:checking '/home/rsa2021/py_pub_sub/install/image_publisher/lib/pkgconfig/image_publisher.pc'
[2.258s] Level 1:colcon.colcon_core.environment:checking '/home/rsa2021/py_pub_sub/install/image_publisher/lib/python3.8/site-packages'
[2.259s] INFO:colcon.colcon_core.shell:Creating package script '/home/rsa2021/py_pub_sub/install/image_publisher/share/image_publisher/package.ps1'
[2.262s] INFO:colcon.colcon_core.shell:Creating package descriptor '/home/rsa2021/py_pub_sub/install/image_publisher/share/image_publisher/package.dsv'
[2.264s] INFO:colcon.colcon_core.shell:Creating package script '/home/rsa2021/py_pub_sub/install/image_publisher/share/image_publisher/package.sh'
[2.272s] INFO:colcon.colcon_core.shell:Creating package script '/home/rsa2021/py_pub_sub/install/image_publisher/share/image_publisher/package.bash'
[2.276s] INFO:colcon.colcon_core.shell:Creating package script '/home/rsa2021/py_pub_sub/install/image_publisher/share/image_publisher/package.zsh'
[2.279s] Level 1:colcon.colcon_core.environment:create_file_with_runtime_dependencies(/home/rsa2021/py_pub_sub/install/image_publisher/share/colcon-core/packages/image_publisher)
[2.490s] Level 1:colcon.colcon_core.environment:create_environment_scripts_only(image_publisher)
[2.495s] Level 1:colcon.colcon_core.environment:checking '/home/rsa2021/py_pub_sub/install/image_publisher' for CMake module files
[2.499s] Level 1:colcon.colcon_core.environment:checking '/home/rsa2021/py_pub_sub/install/image_publisher' for CMake config files
[2.500s] Level 1:colcon.colcon_core.shell:create_environment_hook('image_publisher', 'cmake_prefix_path')
[2.503s] INFO:colcon.colcon_core.shell:Creating environment hook '/home/rsa2021/py_pub_sub/install/image_publisher/share/image_publisher/hook/cmake_prefix_path.ps1'
[2.505s] INFO:colcon.colcon_core.shell:Creating environment descriptor '/home/rsa2021/py_pub_sub/install/image_publisher/share/image_publisher/hook/cmake_prefix_path.dsv'
[2.507s] INFO:colcon.colcon_core.shell:Creating environment hook '/home/rsa2021/py_pub_sub/install/image_publisher/share/image_publisher/hook/cmake_prefix_path.sh'
[2.513s] Level 1:colcon.colcon_core.environment:checking '/home/rsa2021/py_pub_sub/install/image_publisher/lib'
[2.514s] Level 1:colcon.colcon_core.environment:checking '/home/rsa2021/py_pub_sub/install/image_publisher/bin'
[2.514s] Level 1:colcon.colcon_core.shell:create_environment_hook('image_publisher', 'path')
[2.517s] INFO:colcon.colcon_core.shell:Creating environment hook '/home/rsa2021/py_pub_sub/install/image_publisher/share/image_publisher/hook/path.ps1'
[2.519s] INFO:colcon.colcon_core.shell:Creating environment descriptor '/home/rsa2021/py_pub_sub/install/image_publisher/share/image_publisher/hook/path.dsv'
[2.521s] INFO:colcon.colcon_core.shell:Creating environment hook '/home/rsa2021/py_pub_sub/install/image_publisher/share/image_publisher/hook/path.sh'
[2.523s] Level 1:colcon.colcon_core.environment:checking '/home/rsa2021/py_pub_sub/install/image_publisher/lib/pkgconfig/image_publisher.pc'
[2.523s] Level 1:colcon.colcon_core.environment:checking '/home/rsa2021/py_pub_sub/install/image_publisher/lib/python3.8/site-packages'
[2.526s] INFO:colcon.colcon_core.shell:Creating package script '/home/rsa2021/py_pub_sub/install/image_publisher/share/image_publisher/package.ps1'
[2.529s] INFO:colcon.colcon_core.shell:Creating package descriptor '/home/rsa2021/py_pub_sub/install/image_publisher/share/image_publisher/package.dsv'
[2.534s] INFO:colcon.colcon_core.shell:Creating package script '/home/rsa2021/py_pub_sub/install/image_publisher/share/image_publisher/package.sh'
[2.536s] INFO:colcon.colcon_core.shell:Creating package script '/home/rsa2021/py_pub_sub/install/image_publisher/share/image_publisher/package.bash'
[2.538s] INFO:colcon.colcon_core.shell:Creating package script '/home/rsa2021/py_pub_sub/install/image_publisher/share/image_publisher/package.zsh'
[2.539s] Level 1:colcon.colcon_core.environment:create_file_with_runtime_dependencies(/home/rsa2021/py_pub_sub/install/image_publisher/share/colcon-core/packages/image_publisher)
[2.543s] INFO:colcon.colcon_ros.task.ament_python.build:Building ROS package in '/home/rsa2021/py_pub_sub/src/publisher3431' with build type 'ament_python'
[2.543s] Level 1:colcon.colcon_core.shell:create_environment_hook('publisher3431', 'ament_prefix_path')
[2.545s] INFO:colcon.colcon_core.shell:Creating environment hook '/home/rsa2021/py_pub_sub/install/publisher3431/share/publisher3431/hook/ament_prefix_path.ps1'
[2.546s] INFO:colcon.colcon_core.shell:Creating environment descriptor '/home/rsa2021/py_pub_sub/install/publisher3431/share/publisher3431/hook/ament_prefix_path.dsv'
[2.547s] INFO:colcon.colcon_core.shell:Creating environment hook '/home/rsa2021/py_pub_sub/install/publisher3431/share/publisher3431/hook/ament_prefix_path.sh'
[2.550s] INFO:colcon.colcon_core.shell:Skip shell extension 'powershell' for command environment: Not usable outside of PowerShell
[2.551s] DEBUG:colcon.colcon_core.shell:Skip shell extension 'dsv' for command environment
[2.574s] DEBUG:colcon.colcon_core.shell:Ignoring prefix path '/opt/ros/foxy'
[2.602s] DEBUG:colcon.colcon_core.event_handler.log_command:Invoked command in '/home/rsa2021/py_pub_sub/build/zbar_ros_interfaces' returned '0': CMAKE_PREFIX_PATH=/home/rsa2021/py_pub_sub/install/zbar_ros:/home/rsa2021/py_pub_sub/install/zbar_ros_interfaces:/home/rsa2021/py_pub_sub/install/publisher3431:/home/rsa2021/py_pub_sub/install/map_server:/home/rsa2021/dev_ws/install/py_srvcli:/home/rsa2021/dev_ws/install/py_pubsub:/home/rsa2021/dev_ws/install/learning_tf2_py:/home/rsa2021/dev_ws/install/my_package:/opt/ros/foxy:/home/rsa2021/py_pub_sub/install/image_publisher:/home/rsa2021/py_pub_sub/install/comp3431_interfaces:/home/rsa2021/py_pub_sub/install/comp3431_ass3_worlds:/home/rsa2021/dev_ws/install/tutorial_interfaces:/home/rsa2021/dev_ws/install/turtlesim:/home/rsa2021/dev_ws/install/comp3431_interfaces /usr/bin/cmake --build /home/rsa2021/py_pub_sub/build/zbar_ros_interfaces -- -j3 -l3
[3.365s] INFO:colcon.colcon_core.task.python.build:Building Python package in '/home/rsa2021/py_pub_sub/src/publisher3431'
[3.368s] INFO:colcon.colcon_core.shell:Skip shell extension 'powershell' for command environment: Not usable outside of PowerShell
[3.368s] DEBUG:colcon.colcon_core.shell:Skip shell extension 'dsv' for command environment
[3.375s] DEBUG:colcon.colcon_core.shell:Ignoring prefix path '/opt/ros/foxy'
[3.393s] DEBUG:colcon.colcon_core.event_handler.log_command:Invoking command in '/home/rsa2021/py_pub_sub/build/zbar_ros_interfaces': CMAKE_PREFIX_PATH=/home/rsa2021/py_pub_sub/install/zbar_ros:/home/rsa2021/py_pub_sub/install/zbar_ros_interfaces:/home/rsa2021/py_pub_sub/install/publisher3431:/home/rsa2021/py_pub_sub/install/map_server:/home/rsa2021/dev_ws/install/py_srvcli:/home/rsa2021/dev_ws/install/py_pubsub:/home/rsa2021/dev_ws/install/learning_tf2_py:/home/rsa2021/dev_ws/install/my_package:/opt/ros/foxy:/home/rsa2021/py_pub_sub/install/image_publisher:/home/rsa2021/py_pub_sub/install/comp3431_interfaces:/home/rsa2021/py_pub_sub/install/comp3431_ass3_worlds:/home/rsa2021/dev_ws/install/tutorial_interfaces:/home/rsa2021/dev_ws/install/turtlesim:/home/rsa2021/dev_ws/install/comp3431_interfaces /usr/bin/cmake --install /home/rsa2021/py_pub_sub/build/zbar_ros_interfaces
[3.411s] DEBUG:colcon.colcon_core.event_handler.log_command:Invoked command in '/home/rsa2021/py_pub_sub/build/comp3431_interfaces' returned '0': CMAKE_PREFIX_PATH=/home/rsa2021/py_pub_sub/install/zbar_ros:/home/rsa2021/py_pub_sub/install/zbar_ros_interfaces:/home/rsa2021/py_pub_sub/install/publisher3431:/home/rsa2021/py_pub_sub/install/map_server:/home/rsa2021/dev_ws/install/py_srvcli:/home/rsa2021/dev_ws/install/py_pubsub:/home/rsa2021/dev_ws/install/learning_tf2_py:/home/rsa2021/dev_ws/install/my_package:/opt/ros/foxy:/home/rsa2021/py_pub_sub/install/image_publisher:/home/rsa2021/py_pub_sub/install/comp3431_interfaces:/home/rsa2021/py_pub_sub/install/comp3431_ass3_worlds:/home/rsa2021/dev_ws/install/tutorial_interfaces:/home/rsa2021/dev_ws/install/turtlesim:/home/rsa2021/dev_ws/install/comp3431_interfaces /usr/bin/cmake --build /home/rsa2021/py_pub_sub/build/comp3431_interfaces -- -j3 -l3
[3.428s] DEBUG:colcon.colcon_core.event_handler.log_command:Invoking command in '/home/rsa2021/py_pub_sub/src/publisher3431': PYTHONPATH=/home/rsa2021/py_pub_sub/install/publisher3431/lib/python3.8/site-packages:${PYTHONPATH} /usr/bin/python3 setup.py egg_info --egg-base ../../build/publisher3431 build --build-base /home/rsa2021/py_pub_sub/build/publisher3431/build install --prefix /home/rsa2021/py_pub_sub/install/publisher3431 --record /home/rsa2021/py_pub_sub/build/publisher3431/install.log --single-version-externally-managed
[3.684s] Level 1:colcon.colcon_core.environment:create_environment_scripts_only(zbar_ros_interfaces)
[3.689s] Level 1:colcon.colcon_core.environment:checking '/home/rsa2021/py_pub_sub/install/zbar_ros_interfaces' for CMake module files
[3.693s] DEBUG:colcon.colcon_core.event_handler.log_command:Invoked command in '/home/rsa2021/py_pub_sub/build/zbar_ros_interfaces' returned '0': CMAKE_PREFIX_PATH=/home/rsa2021/py_pub_sub/install/zbar_ros:/home/rsa2021/py_pub_sub/install/zbar_ros_interfaces:/home/rsa2021/py_pub_sub/install/publisher3431:/home/rsa2021/py_pub_sub/install/map_server:/home/rsa2021/dev_ws/install/py_srvcli:/home/rsa2021/dev_ws/install/py_pubsub:/home/rsa2021/dev_ws/install/learning_tf2_py:/home/rsa2021/dev_ws/install/my_package:/opt/ros/foxy:/home/rsa2021/py_pub_sub/install/image_publisher:/home/rsa2021/py_pub_sub/install/comp3431_interfaces:/home/rsa2021/py_pub_sub/install/comp3431_ass3_worlds:/home/rsa2021/dev_ws/install/tutorial_interfaces:/home/rsa2021/dev_ws/install/turtlesim:/home/rsa2021/dev_ws/install/comp3431_interfaces /usr/bin/cmake --install /home/rsa2021/py_pub_sub/build/zbar_ros_interfaces
[3.695s] Level 1:colcon.colcon_core.environment:checking '/home/rsa2021/py_pub_sub/install/zbar_ros_interfaces' for CMake config files
[3.697s] Level 1:colcon.colcon_core.shell:create_environment_hook('zbar_ros_interfaces', 'cmake_prefix_path')
[3.699s] INFO:colcon.colcon_core.shell:Creating environment hook '/home/rsa2021/py_pub_sub/install/zbar_ros_interfaces/share/zbar_ros_interfaces/hook/cmake_prefix_path.ps1'
[3.701s] INFO:colcon.colcon_core.shell:Creating environment descriptor '/home/rsa2021/py_pub_sub/install/zbar_ros_interfaces/share/zbar_ros_interfaces/hook/cmake_prefix_path.dsv'
[3.703s] INFO:colcon.colcon_core.shell:Creating environment hook '/home/rsa2021/py_pub_sub/install/zbar_ros_interfaces/share/zbar_ros_interfaces/hook/cmake_prefix_path.sh'
[3.706s] Level 1:colcon.colcon_core.environment:checking '/home/rsa2021/py_pub_sub/install/zbar_ros_interfaces/lib'
[3.706s] Level 1:colcon.colcon_core.shell:create_environment_hook('zbar_ros_interfaces', 'ld_library_path_lib')
[3.708s] INFO:colcon.colcon_core.shell:Creating environment hook '/home/rsa2021/py_pub_sub/install/zbar_ros_interfaces/share/zbar_ros_interfaces/hook/ld_library_path_lib.ps1'
[3.710s] INFO:colcon.colcon_core.shell:Creating environment descriptor '/home/rsa2021/py_pub_sub/install/zbar_ros_interfaces/share/zbar_ros_interfaces/hook/ld_library_path_lib.dsv'
[3.712s] INFO:colcon.colcon_core.shell:Creating environment hook '/home/rsa2021/py_pub_sub/install/zbar_ros_interfaces/share/zbar_ros_interfaces/hook/ld_library_path_lib.sh'
[3.714s] Level 1:colcon.colcon_core.environment:checking '/home/rsa2021/py_pub_sub/install/zbar_ros_interfaces/bin'
[3.715s] Level 1:colcon.colcon_core.environment:checking '/home/rsa2021/py_pub_sub/install/zbar_ros_interfaces/lib/pkgconfig/zbar_ros_interfaces.pc'
[3.715s] Level 1:colcon.colcon_core.environment:checking '/home/rsa2021/py_pub_sub/install/zbar_ros_interfaces/lib/python3.8/site-packages'
[3.715s] Level 1:colcon.colcon_core.shell:create_environment_hook('zbar_ros_interfaces', 'pythonpath')
[3.718s] INFO:colcon.colcon_core.shell:Creating environment hook '/home/rsa2021/py_pub_sub/install/zbar_ros_interfaces/share/zbar_ros_interfaces/hook/pythonpath.ps1'
[3.720s] INFO:colcon.colcon_core.shell:Creating environment descriptor '/home/rsa2021/py_pub_sub/install/zbar_ros_interfaces/share/zbar_ros_interfaces/hook/pythonpath.dsv'
[3.722s] INFO:colcon.colcon_core.shell:Creating environment hook '/home/rsa2021/py_pub_sub/install/zbar_ros_interfaces/share/zbar_ros_interfaces/hook/pythonpath.sh'
[3.726s] INFO:colcon.colcon_core.shell:Creating package script '/home/rsa2021/py_pub_sub/install/zbar_ros_interfaces/share/zbar_ros_interfaces/package.ps1'
[3.729s] INFO:colcon.colcon_core.shell:Creating package descriptor '/home/rsa2021/py_pub_sub/install/zbar_ros_interfaces/share/zbar_ros_interfaces/package.dsv'
[3.732s] INFO:colcon.colcon_core.shell:Creating package script '/home/rsa2021/py_pub_sub/install/zbar_ros_interfaces/share/zbar_ros_interfaces/package.sh'
[3.734s] INFO:colcon.colcon_core.shell:Creating package script '/home/rsa2021/py_pub_sub/install/zbar_ros_interfaces/share/zbar_ros_interfaces/package.bash'
[3.736s] INFO:colcon.colcon_core.shell:Creating package script '/home/rsa2021/py_pub_sub/install/zbar_ros_interfaces/share/zbar_ros_interfaces/package.zsh'
[3.738s] Level 1:colcon.colcon_core.environment:create_file_with_runtime_dependencies(/home/rsa2021/py_pub_sub/install/zbar_ros_interfaces/share/colcon-core/packages/zbar_ros_interfaces)
[3.777s] DEBUG:colcon.colcon_core.event_handler.log_command:Invoking command in '/home/rsa2021/py_pub_sub/build/comp3431_interfaces': CMAKE_PREFIX_PATH=/home/rsa2021/py_pub_sub/install/zbar_ros:/home/rsa2021/py_pub_sub/install/zbar_ros_interfaces:/home/rsa2021/py_pub_sub/install/publisher3431:/home/rsa2021/py_pub_sub/install/map_server:/home/rsa2021/dev_ws/install/py_srvcli:/home/rsa2021/dev_ws/install/py_pubsub:/home/rsa2021/dev_ws/install/learning_tf2_py:/home/rsa2021/dev_ws/install/my_package:/opt/ros/foxy:/home/rsa2021/py_pub_sub/install/image_publisher:/home/rsa2021/py_pub_sub/install/comp3431_interfaces:/home/rsa2021/py_pub_sub/install/comp3431_ass3_worlds:/home/rsa2021/dev_ws/install/tutorial_interfaces:/home/rsa2021/dev_ws/install/turtlesim:/home/rsa2021/dev_ws/install/comp3431_interfaces /usr/bin/cmake --install /home/rsa2021/py_pub_sub/build/comp3431_interfaces
[4.025s] Level 1:colcon.colcon_core.environment:create_environment_scripts_only(zbar_ros_interfaces)
[4.030s] Level 1:colcon.colcon_core.environment:checking '/home/rsa2021/py_pub_sub/install/zbar_ros_interfaces' for CMake module files
[4.033s] Level 1:colcon.colcon_core.environment:checking '/home/rsa2021/py_pub_sub/install/zbar_ros_interfaces' for CMake config files
[4.035s] Level 1:colcon.colcon_core.shell:create_environment_hook('zbar_ros_interfaces', 'cmake_prefix_path')
[4.038s] INFO:colcon.colcon_core.shell:Creating environment hook '/home/rsa2021/py_pub_sub/install/zbar_ros_interfaces/share/zbar_ros_interfaces/hook/cmake_prefix_path.ps1'
[4.040s] INFO:colcon.colcon_core.shell:Creating environment descriptor '/home/rsa2021/py_pub_sub/install/zbar_ros_interfaces/share/zbar_ros_interfaces/hook/cmake_prefix_path.dsv'
[4.042s] INFO:colcon.colcon_core.shell:Creating environment hook '/home/rsa2021/py_pub_sub/install/zbar_ros_interfaces/share/zbar_ros_interfaces/hook/cmake_prefix_path.sh'
[4.045s] Level 1:colcon.colcon_core.environment:checking '/home/rsa2021/py_pub_sub/install/zbar_ros_interfaces/lib'
[4.045s] Level 1:colcon.colcon_core.shell:create_environment_hook('zbar_ros_interfaces', 'ld_library_path_lib')
[4.049s] INFO:colcon.colcon_core.shell:Creating environment hook '/home/rsa2021/py_pub_sub/install/zbar_ros_interfaces/share/zbar_ros_interfaces/hook/ld_library_path_lib.ps1'
[4.051s] INFO:colcon.colcon_core.shell:Creating environment descriptor '/home/rsa2021/py_pub_sub/install/zbar_ros_interfaces/share/zbar_ros_interfaces/hook/ld_library_path_lib.dsv'
[4.053s] INFO:colcon.colcon_core.shell:Creating environment hook '/home/rsa2021/py_pub_sub/install/zbar_ros_interfaces/share/zbar_ros_interfaces/hook/ld_library_path_lib.sh'
[4.055s] Level 1:colcon.colcon_core.environment:checking '/home/rsa2021/py_pub_sub/install/zbar_ros_interfaces/bin'
[4.055s] Level 1:colcon.colcon_core.environment:checking '/home/rsa2021/py_pub_sub/install/zbar_ros_interfaces/lib/pkgconfig/zbar_ros_interfaces.pc'
[4.055s] Level 1:colcon.colcon_core.environment:checking '/home/rsa2021/py_pub_sub/install/zbar_ros_interfaces/lib/python3.8/site-packages'
[4.056s] Level 1:colcon.colcon_core.shell:create_environment_hook('zbar_ros_interfaces', 'pythonpath')
[4.058s] INFO:colcon.colcon_core.shell:Creating environment hook '/home/rsa2021/py_pub_sub/install/zbar_ros_interfaces/share/zbar_ros_interfaces/hook/pythonpath.ps1'
[4.060s] INFO:colcon.colcon_core.shell:Creating environment descriptor '/home/rsa2021/py_pub_sub/install/zbar_ros_interfaces/share/zbar_ros_interfaces/hook/pythonpath.dsv'
[4.080s] INFO:colcon.colcon_core.shell:Creating environment hook '/home/rsa2021/py_pub_sub/install/zbar_ros_interfaces/share/zbar_ros_interfaces/hook/pythonpath.sh'
[4.104s] INFO:colcon.colcon_core.shell:Creating package script '/home/rsa2021/py_pub_sub/install/zbar_ros_interfaces/share/zbar_ros_interfaces/package.ps1'
[4.121s] INFO:colcon.colcon_core.shell:Creating package descriptor '/home/rsa2021/py_pub_sub/install/zbar_ros_interfaces/share/zbar_ros_interfaces/package.dsv'
[4.123s] INFO:colcon.colcon_core.shell:Creating package script '/home/rsa2021/py_pub_sub/install/zbar_ros_interfaces/share/zbar_ros_interfaces/package.sh'
[4.125s] INFO:colcon.colcon_core.shell:Creating package script '/home/rsa2021/py_pub_sub/install/zbar_ros_interfaces/share/zbar_ros_interfaces/package.bash'
[4.128s] INFO:colcon.colcon_core.shell:Creating package script '/home/rsa2021/py_pub_sub/install/zbar_ros_interfaces/share/zbar_ros_interfaces/package.zsh'
[4.135s] Level 1:colcon.colcon_core.environment:create_file_with_runtime_dependencies(/home/rsa2021/py_pub_sub/install/zbar_ros_interfaces/share/colcon-core/packages/zbar_ros_interfaces)
[4.138s] INFO:colcon.colcon_ros.task.ament_cmake.build:Building ROS package in '/home/rsa2021/py_pub_sub/src/zbar_ros' with build type 'ament_cmake'
[4.139s] INFO:colcon.colcon_cmake.task.cmake.build:Building CMake package in '/home/rsa2021/py_pub_sub/src/zbar_ros'
[4.140s] INFO:colcon.colcon_core.shell:Skip shell extension 'powershell' for command environment: Not usable outside of PowerShell
[4.140s] DEBUG:colcon.colcon_core.shell:Skip shell extension 'dsv' for command environment
[4.148s] DEBUG:colcon.colcon_core.shell:Ignoring prefix path '/opt/ros/foxy'
[4.168s] Level 1:colcon.colcon_core.environment:create_environment_scripts_only(comp3431_interfaces)
[4.174s] Level 1:colcon.colcon_core.environment:checking '/home/rsa2021/py_pub_sub/install/comp3431_interfaces' for CMake module files
[4.179s] DEBUG:colcon.colcon_core.event_handler.log_command:Invoked command in '/home/rsa2021/py_pub_sub/build/comp3431_interfaces' returned '0': CMAKE_PREFIX_PATH=/home/rsa2021/py_pub_sub/install/zbar_ros:/home/rsa2021/py_pub_sub/install/zbar_ros_interfaces:/home/rsa2021/py_pub_sub/install/publisher3431:/home/rsa2021/py_pub_sub/install/map_server:/home/rsa2021/dev_ws/install/py_srvcli:/home/rsa2021/dev_ws/install/py_pubsub:/home/rsa2021/dev_ws/install/learning_tf2_py:/home/rsa2021/dev_ws/install/my_package:/opt/ros/foxy:/home/rsa2021/py_pub_sub/install/image_publisher:/home/rsa2021/py_pub_sub/install/comp3431_interfaces:/home/rsa2021/py_pub_sub/install/comp3431_ass3_worlds:/home/rsa2021/dev_ws/install/tutorial_interfaces:/home/rsa2021/dev_ws/install/turtlesim:/home/rsa2021/dev_ws/install/comp3431_interfaces /usr/bin/cmake --install /home/rsa2021/py_pub_sub/build/comp3431_interfaces
[4.182s] Level 1:colcon.colcon_core.environment:checking '/home/rsa2021/py_pub_sub/install/comp3431_interfaces' for CMake config files
[4.186s] Level 1:colcon.colcon_core.shell:create_environment_hook('comp3431_interfaces', 'cmake_prefix_path')
[4.188s] INFO:colcon.colcon_core.shell:Creating environment hook '/home/rsa2021/py_pub_sub/install/comp3431_interfaces/share/comp3431_interfaces/hook/cmake_prefix_path.ps1'
[4.190s] INFO:colcon.colcon_core.shell:Creating environment descriptor '/home/rsa2021/py_pub_sub/install/comp3431_interfaces/share/comp3431_interfaces/hook/cmake_prefix_path.dsv'
[4.192s] INFO:colcon.colcon_core.shell:Creating environment hook '/home/rsa2021/py_pub_sub/install/comp3431_interfaces/share/comp3431_interfaces/hook/cmake_prefix_path.sh'
[4.196s] Level 1:colcon.colcon_core.environment:checking '/home/rsa2021/py_pub_sub/install/comp3431_interfaces/lib'
[4.196s] Level 1:colcon.colcon_core.shell:create_environment_hook('comp3431_interfaces', 'ld_library_path_lib')
[4.199s] INFO:colcon.colcon_core.shell:Creating environment hook '/home/rsa2021/py_pub_sub/install/comp3431_interfaces/share/comp3431_interfaces/hook/ld_library_path_lib.ps1'
[4.202s] INFO:colcon.colcon_core.shell:Creating environment descriptor '/home/rsa2021/py_pub_sub/install/comp3431_interfaces/share/comp3431_interfaces/hook/ld_library_path_lib.dsv'
[4.203s] INFO:colcon.colcon_core.shell:Creating environment hook '/home/rsa2021/py_pub_sub/install/comp3431_interfaces/share/comp3431_interfaces/hook/ld_library_path_lib.sh'
[4.206s] Level 1:colcon.colcon_core.environment:checking '/home/rsa2021/py_pub_sub/install/comp3431_interfaces/bin'
[4.206s] Level 1:colcon.colcon_core.environment:checking '/home/rsa2021/py_pub_sub/install/comp3431_interfaces/lib/pkgconfig/comp3431_interfaces.pc'
[4.207s] Level 1:colcon.colcon_core.environment:checking '/home/rsa2021/py_pub_sub/install/comp3431_interfaces/lib/python3.8/site-packages'
[4.208s] Level 1:colcon.colcon_core.shell:create_environment_hook('comp3431_interfaces', 'pythonpath')
[4.214s] INFO:colcon.colcon_core.shell:Creating environment hook '/home/rsa2021/py_pub_sub/install/comp3431_interfaces/share/comp3431_interfaces/hook/pythonpath.ps1'
[4.216s] INFO:colcon.colcon_core.shell:Creating environment descriptor '/home/rsa2021/py_pub_sub/install/comp3431_interfaces/share/comp3431_interfaces/hook/pythonpath.dsv'
[4.219s] INFO:colcon.colcon_core.shell:Creating environment hook '/home/rsa2021/py_pub_sub/install/comp3431_interfaces/share/comp3431_interfaces/hook/pythonpath.sh'
[4.224s] INFO:colcon.colcon_core.shell:Creating package script '/home/rsa2021/py_pub_sub/install/comp3431_interfaces/share/comp3431_interfaces/package.ps1'
[4.226s] INFO:colcon.colcon_core.shell:Creating package descriptor '/home/rsa2021/py_pub_sub/install/comp3431_interfaces/share/comp3431_interfaces/package.dsv'
[4.228s] INFO:colcon.colcon_core.shell:Creating package script '/home/rsa2021/py_pub_sub/install/comp3431_interfaces/share/comp3431_interfaces/package.sh'
[4.231s] INFO:colcon.colcon_core.shell:Creating package script '/home/rsa2021/py_pub_sub/install/comp3431_interfaces/share/comp3431_interfaces/package.bash'
[4.232s] INFO:colcon.colcon_core.shell:Creating package script '/home/rsa2021/py_pub_sub/install/comp3431_interfaces/share/comp3431_interfaces/package.zsh'
[4.233s] Level 1:colcon.colcon_core.environment:create_file_with_runtime_dependencies(/home/rsa2021/py_pub_sub/install/comp3431_interfaces/share/colcon-core/packages/comp3431_interfaces)
[4.267s] DEBUG:colcon.colcon_core.event_handler.log_command:Invoking command in '/home/rsa2021/py_pub_sub/build/zbar_ros': CMAKE_PREFIX_PATH=/home/rsa2021/py_pub_sub/install/zbar_ros_interfaces:/home/rsa2021/py_pub_sub/install/zbar_ros:/home/rsa2021/py_pub_sub/install/publisher3431:/home/rsa2021/py_pub_sub/install/map_server:/home/rsa2021/dev_ws/install/py_srvcli:/home/rsa2021/dev_ws/install/py_pubsub:/home/rsa2021/dev_ws/install/learning_tf2_py:/home/rsa2021/dev_ws/install/my_package:/opt/ros/foxy:/home/rsa2021/py_pub_sub/install/image_publisher:/home/rsa2021/py_pub_sub/install/comp3431_interfaces:/home/rsa2021/py_pub_sub/install/comp3431_ass3_worlds:/home/rsa2021/dev_ws/install/tutorial_interfaces:/home/rsa2021/dev_ws/install/turtlesim:/home/rsa2021/dev_ws/install/comp3431_interfaces /usr/bin/cmake --build /home/rsa2021/py_pub_sub/build/zbar_ros -- -j3 -l3
[4.618s] Level 1:colcon.colcon_core.environment:checking '/home/rsa2021/py_pub_sub/install/publisher3431' for CMake module files
[4.622s] DEBUG:colcon.colcon_core.event_handler.log_command:Invoked command in '/home/rsa2021/py_pub_sub/src/publisher3431' returned '0': PYTHONPATH=/home/rsa2021/py_pub_sub/install/publisher3431/lib/python3.8/site-packages:${PYTHONPATH} /usr/bin/python3 setup.py egg_info --egg-base ../../build/publisher3431 build --build-base /home/rsa2021/py_pub_sub/build/publisher3431/build install --prefix /home/rsa2021/py_pub_sub/install/publisher3431 --record /home/rsa2021/py_pub_sub/build/publisher3431/install.log --single-version-externally-managed
[4.630s] Level 1:colcon.colcon_core.environment:checking '/home/rsa2021/py_pub_sub/install/publisher3431' for CMake config files
[4.633s] Level 1:colcon.colcon_core.environment:checking '/home/rsa2021/py_pub_sub/install/publisher3431/lib'
[4.633s] Level 1:colcon.colcon_core.environment:checking '/home/rsa2021/py_pub_sub/install/publisher3431/bin'
[4.634s] Level 1:colcon.colcon_core.environment:checking '/home/rsa2021/py_pub_sub/install/publisher3431/lib/pkgconfig/publisher3431.pc'
[4.634s] Level 1:colcon.colcon_core.environment:checking '/home/rsa2021/py_pub_sub/install/publisher3431/lib/python3.8/site-packages'
[4.634s] Level 1:colcon.colcon_core.shell:create_environment_hook('publisher3431', 'pythonpath')
[4.637s] INFO:colcon.colcon_core.shell:Creating environment hook '/home/rsa2021/py_pub_sub/install/publisher3431/share/publisher3431/hook/pythonpath.ps1'
[4.639s] INFO:colcon.colcon_core.shell:Creating environment descriptor '/home/rsa2021/py_pub_sub/install/publisher3431/share/publisher3431/hook/pythonpath.dsv'
[4.641s] INFO:colcon.colcon_core.shell:Creating environment hook '/home/rsa2021/py_pub_sub/install/publisher3431/share/publisher3431/hook/pythonpath.sh'
[4.643s] Level 1:colcon.colcon_core.environment:create_environment_scripts_only(publisher3431)
[4.646s] INFO:colcon.colcon_core.shell:Creating package script '/home/rsa2021/py_pub_sub/install/publisher3431/share/publisher3431/package.ps1'
[4.650s] INFO:colcon.colcon_core.shell:Creating package descriptor '/home/rsa2021/py_pub_sub/install/publisher3431/share/publisher3431/package.dsv'
[4.652s] INFO:colcon.colcon_core.shell:Creating package script '/home/rsa2021/py_pub_sub/install/publisher3431/share/publisher3431/package.sh'
[4.655s] INFO:colcon.colcon_core.shell:Creating package script '/home/rsa2021/py_pub_sub/install/publisher3431/share/publisher3431/package.bash'
[4.656s] INFO:colcon.colcon_core.shell:Creating package script '/home/rsa2021/py_pub_sub/install/publisher3431/share/publisher3431/package.zsh'
[4.658s] Level 1:colcon.colcon_core.environment:create_file_with_runtime_dependencies(/home/rsa2021/py_pub_sub/install/publisher3431/share/colcon-core/packages/publisher3431)
[4.667s] DEBUG:colcon.colcon_core.event_handler.log_command:Invoked command in '/home/rsa2021/py_pub_sub/build/zbar_ros' returned '0': CMAKE_PREFIX_PATH=/home/rsa2021/py_pub_sub/install/zbar_ros_interfaces:/home/rsa2021/py_pub_sub/install/zbar_ros:/home/rsa2021/py_pub_sub/install/publisher3431:/home/rsa2021/py_pub_sub/install/map_server:/home/rsa2021/dev_ws/install/py_srvcli:/home/rsa2021/dev_ws/install/py_pubsub:/home/rsa2021/dev_ws/install/learning_tf2_py:/home/rsa2021/dev_ws/install/my_package:/opt/ros/foxy:/home/rsa2021/py_pub_sub/install/image_publisher:/home/rsa2021/py_pub_sub/install/comp3431_interfaces:/home/rsa2021/py_pub_sub/install/comp3431_ass3_worlds:/home/rsa2021/dev_ws/install/tutorial_interfaces:/home/rsa2021/dev_ws/install/turtlesim:/home/rsa2021/dev_ws/install/comp3431_interfaces /usr/bin/cmake --build /home/rsa2021/py_pub_sub/build/zbar_ros -- -j3 -l3
[4.679s] Level 1:colcon.colcon_core.environment:create_environment_scripts_only(comp3431_interfaces)
[4.683s] Level 1:colcon.colcon_core.environment:checking '/home/rsa2021/py_pub_sub/install/comp3431_interfaces' for CMake module files
[4.686s] Level 1:colcon.colcon_core.environment:checking '/home/rsa2021/py_pub_sub/install/comp3431_interfaces' for CMake config files
[4.690s] Level 1:colcon.colcon_core.shell:create_environment_hook('comp3431_interfaces', 'cmake_prefix_path')
[4.694s] INFO:colcon.colcon_core.shell:Creating environment hook '/home/rsa2021/py_pub_sub/install/comp3431_interfaces/share/comp3431_interfaces/hook/cmake_prefix_path.ps1'
[4.699s] INFO:colcon.colcon_core.shell:Creating environment descriptor '/home/rsa2021/py_pub_sub/install/comp3431_interfaces/share/comp3431_interfaces/hook/cmake_prefix_path.dsv'
[4.701s] INFO:colcon.colcon_core.shell:Creating environment hook '/home/rsa2021/py_pub_sub/install/comp3431_interfaces/share/comp3431_interfaces/hook/cmake_prefix_path.sh'
[4.703s] Level 1:colcon.colcon_core.environment:checking '/home/rsa2021/py_pub_sub/install/comp3431_interfaces/lib'
[4.704s] Level 1:colcon.colcon_core.shell:create_environment_hook('comp3431_interfaces', 'ld_library_path_lib')
[4.706s] INFO:colcon.colcon_core.shell:Creating environment hook '/home/rsa2021/py_pub_sub/install/comp3431_interfaces/share/comp3431_interfaces/hook/ld_library_path_lib.ps1'
[4.708s] INFO:colcon.colcon_core.shell:Creating environment descriptor '/home/rsa2021/py_pub_sub/install/comp3431_interfaces/share/comp3431_interfaces/hook/ld_library_path_lib.dsv'
[4.709s] INFO:colcon.colcon_core.shell:Creating environment hook '/home/rsa2021/py_pub_sub/install/comp3431_interfaces/share/comp3431_interfaces/hook/ld_library_path_lib.sh'
[4.711s] Level 1:colcon.colcon_core.environment:checking '/home/rsa2021/py_pub_sub/install/comp3431_interfaces/bin'
[4.712s] Level 1:colcon.colcon_core.environment:checking '/home/rsa2021/py_pub_sub/install/comp3431_interfaces/lib/pkgconfig/comp3431_interfaces.pc'
[4.712s] Level 1:colcon.colcon_core.environment:checking '/home/rsa2021/py_pub_sub/install/comp3431_interfaces/lib/python3.8/site-packages'
[4.713s] Level 1:colcon.colcon_core.shell:create_environment_hook('comp3431_interfaces', 'pythonpath')
[4.719s] INFO:colcon.colcon_core.shell:Creating environment hook '/home/rsa2021/py_pub_sub/install/comp3431_interfaces/share/comp3431_interfaces/hook/pythonpath.ps1'
[4.721s] INFO:colcon.colcon_core.shell:Creating environment descriptor '/home/rsa2021/py_pub_sub/install/comp3431_interfaces/share/comp3431_interfaces/hook/pythonpath.dsv'
[4.724s] INFO:colcon.colcon_core.shell:Creating environment hook '/home/rsa2021/py_pub_sub/install/comp3431_interfaces/share/comp3431_interfaces/hook/pythonpath.sh'
[4.732s] INFO:colcon.colcon_core.shell:Creating package script '/home/rsa2021/py_pub_sub/install/comp3431_interfaces/share/comp3431_interfaces/package.ps1'
[4.735s] INFO:colcon.colcon_core.shell:Creating package descriptor '/home/rsa2021/py_pub_sub/install/comp3431_interfaces/share/comp3431_interfaces/package.dsv'
[4.737s] INFO:colcon.colcon_core.shell:Creating package script '/home/rsa2021/py_pub_sub/install/comp3431_interfaces/share/comp3431_interfaces/package.sh'
[4.740s] INFO:colcon.colcon_core.shell:Creating package script '/home/rsa2021/py_pub_sub/install/comp3431_interfaces/share/comp3431_interfaces/package.bash'
[4.742s] INFO:colcon.colcon_core.shell:Creating package script '/home/rsa2021/py_pub_sub/install/comp3431_interfaces/share/comp3431_interfaces/package.zsh'
[4.744s] Level 1:colcon.colcon_core.environment:create_file_with_runtime_dependencies(/home/rsa2021/py_pub_sub/install/comp3431_interfaces/share/colcon-core/packages/comp3431_interfaces)
[4.749s] INFO:colcon.colcon_ros.task.ament_python.build:Building ROS package in '/home/rsa2021/py_pub_sub/src/map_server' with build type 'ament_python'
[4.751s] Level 1:colcon.colcon_core.shell:create_environment_hook('map_server', 'ament_prefix_path')
[4.754s] INFO:colcon.colcon_core.shell:Creating environment hook '/home/rsa2021/py_pub_sub/install/map_server/share/map_server/hook/ament_prefix_path.ps1'
[4.756s] INFO:colcon.colcon_core.shell:Creating environment descriptor '/home/rsa2021/py_pub_sub/install/map_server/share/map_server/hook/ament_prefix_path.dsv'
[4.757s] INFO:colcon.colcon_core.shell:Creating environment hook '/home/rsa2021/py_pub_sub/install/map_server/share/map_server/hook/ament_prefix_path.sh'
[4.762s] INFO:colcon.colcon_core.shell:Skip shell extension 'powershell' for command environment: Not usable outside of PowerShell
[4.763s] DEBUG:colcon.colcon_core.shell:Skip shell extension 'dsv' for command environment
[4.772s] DEBUG:colcon.colcon_core.shell:Ignoring prefix path '/opt/ros/foxy'
[4.801s] DEBUG:colcon.colcon_core.event_handler.log_command:Invoking command in '/home/rsa2021/py_pub_sub/build/zbar_ros': CMAKE_PREFIX_PATH=/home/rsa2021/py_pub_sub/install/zbar_ros_interfaces:/home/rsa2021/py_pub_sub/install/zbar_ros:/home/rsa2021/py_pub_sub/install/publisher3431:/home/rsa2021/py_pub_sub/install/map_server:/home/rsa2021/dev_ws/install/py_srvcli:/home/rsa2021/dev_ws/install/py_pubsub:/home/rsa2021/dev_ws/install/learning_tf2_py:/home/rsa2021/dev_ws/install/my_package:/opt/ros/foxy:/home/rsa2021/py_pub_sub/install/image_publisher:/home/rsa2021/py_pub_sub/install/comp3431_interfaces:/home/rsa2021/py_pub_sub/install/comp3431_ass3_worlds:/home/rsa2021/dev_ws/install/tutorial_interfaces:/home/rsa2021/dev_ws/install/turtlesim:/home/rsa2021/dev_ws/install/comp3431_interfaces /usr/bin/cmake --install /home/rsa2021/py_pub_sub/build/zbar_ros
[5.510s] INFO:colcon.colcon_core.task.python.build:Building Python package in '/home/rsa2021/py_pub_sub/src/map_server'
[5.512s] INFO:colcon.colcon_core.shell:Skip shell extension 'powershell' for command environment: Not usable outside of PowerShell
[5.513s] DEBUG:colcon.colcon_core.shell:Skip shell extension 'dsv' for command environment
[5.521s] DEBUG:colcon.colcon_core.shell:Ignoring prefix path '/opt/ros/foxy'
[5.534s] Level 1:colcon.colcon_core.environment:create_environment_scripts_only(zbar_ros)
[5.540s] Level 1:colcon.colcon_core.environment:checking '/home/rsa2021/py_pub_sub/install/zbar_ros' for CMake module files
[5.545s] DEBUG:colcon.colcon_core.event_handler.log_command:Invoked command in '/home/rsa2021/py_pub_sub/build/zbar_ros' returned '0': CMAKE_PREFIX_PATH=/home/rsa2021/py_pub_sub/install/zbar_ros_interfaces:/home/rsa2021/py_pub_sub/install/zbar_ros:/home/rsa2021/py_pub_sub/install/publisher3431:/home/rsa2021/py_pub_sub/install/map_server:/home/rsa2021/dev_ws/install/py_srvcli:/home/rsa2021/dev_ws/install/py_pubsub:/home/rsa2021/dev_ws/install/learning_tf2_py:/home/rsa2021/dev_ws/install/my_package:/opt/ros/foxy:/home/rsa2021/py_pub_sub/install/image_publisher:/home/rsa2021/py_pub_sub/install/comp3431_interfaces:/home/rsa2021/py_pub_sub/install/comp3431_ass3_worlds:/home/rsa2021/dev_ws/install/tutorial_interfaces:/home/rsa2021/dev_ws/install/turtlesim:/home/rsa2021/dev_ws/install/comp3431_interfaces /usr/bin/cmake --install /home/rsa2021/py_pub_sub/build/zbar_ros
[5.547s] Level 1:colcon.colcon_core.environment:checking '/home/rsa2021/py_pub_sub/install/zbar_ros' for CMake config files
[5.548s] Level 1:colcon.colcon_core.shell:create_environment_hook('zbar_ros', 'cmake_prefix_path')
[5.550s] INFO:colcon.colcon_core.shell:Creating environment hook '/home/rsa2021/py_pub_sub/install/zbar_ros/share/zbar_ros/hook/cmake_prefix_path.ps1'
[5.552s] INFO:colcon.colcon_core.shell:Creating environment descriptor '/home/rsa2021/py_pub_sub/install/zbar_ros/share/zbar_ros/hook/cmake_prefix_path.dsv'
[5.553s] INFO:colcon.colcon_core.shell:Creating environment hook '/home/rsa2021/py_pub_sub/install/zbar_ros/share/zbar_ros/hook/cmake_prefix_path.sh'
[5.555s] Level 1:colcon.colcon_core.environment:checking '/home/rsa2021/py_pub_sub/install/zbar_ros/lib'
[5.555s] Level 1:colcon.colcon_core.environment:checking '/home/rsa2021/py_pub_sub/install/zbar_ros/bin'
[5.556s] Level 1:colcon.colcon_core.environment:checking '/home/rsa2021/py_pub_sub/install/zbar_ros/lib/pkgconfig/zbar_ros.pc'
[5.556s] Level 1:colcon.colcon_core.environment:checking '/home/rsa2021/py_pub_sub/install/zbar_ros/lib/python3.8/site-packages'
[5.558s] INFO:colcon.colcon_core.shell:Creating package script '/home/rsa2021/py_pub_sub/install/zbar_ros/share/zbar_ros/package.ps1'
[5.560s] INFO:colcon.colcon_core.shell:Creating package descriptor '/home/rsa2021/py_pub_sub/install/zbar_ros/share/zbar_ros/package.dsv'
[5.561s] INFO:colcon.colcon_core.shell:Creating package script '/home/rsa2021/py_pub_sub/install/zbar_ros/share/zbar_ros/package.sh'
[5.563s] INFO:colcon.colcon_core.shell:Creating package script '/home/rsa2021/py_pub_sub/install/zbar_ros/share/zbar_ros/package.bash'
[5.566s] INFO:colcon.colcon_core.shell:Creating package script '/home/rsa2021/py_pub_sub/install/zbar_ros/share/zbar_ros/package.zsh'
[5.568s] Level 1:colcon.colcon_core.environment:create_file_with_runtime_dependencies(/home/rsa2021/py_pub_sub/install/zbar_ros/share/colcon-core/packages/zbar_ros)
[5.603s] DEBUG:colcon.colcon_core.event_handler.log_command:Invoking command in '/home/rsa2021/py_pub_sub/src/map_server': CMAKE_PREFIX_PATH=/home/rsa2021/py_pub_sub/install/comp3431_interfaces:/home/rsa2021/py_pub_sub/install/zbar_ros:/home/rsa2021/py_pub_sub/install/zbar_ros_interfaces:/home/rsa2021/py_pub_sub/install/image_publisher:/home/rsa2021/py_pub_sub/install/comp3431_ass3_worlds:/home/rsa2021/dev_ws/install/tutorial_interfaces:/home/rsa2021/dev_ws/install/turtlesim:/home/rsa2021/dev_ws/install/comp3431_interfaces LD_LIBRARY_PATH=/home/rsa2021/py_pub_sub/install/comp3431_interfaces/lib:/home/rsa2021/py_pub_sub/install/zbar_ros_interfaces/lib:/home/rsa2021/dev_ws/install/tutorial_interfaces/lib:/home/rsa2021/dev_ws/install/turtlesim/lib:/home/rsa2021/dev_ws/install/comp3431_interfaces/lib:/usr/lib/x86_64-linux-gnu/gazebo-11/plugins:/opt/ros/foxy/opt/yaml_cpp_vendor/lib:/opt/ros/foxy/opt/rviz_ogre_vendor/lib:/opt/ros/foxy/lib/x86_64-linux-gnu:/opt/ros/foxy/lib PYTHONPATH=/home/rsa2021/py_pub_sub/install/map_server/lib/python3.8/site-packages:/home/rsa2021/py_pub_sub/install/comp3431_interfaces/lib/python3.8/site-packages:/home/rsa2021/py_pub_sub/install/zbar_ros_interfaces/lib/python3.8/site-packages:/home/rsa2021/py_pub_sub/install/publisher3431/lib/python3.8/site-packages:/home/rsa2021/py_pub_sub/install/map_server/lib/python3.8/site-packages:/home/rsa2021/dev_ws/install/py_srvcli/lib/python3.8/site-packages:/home/rsa2021/dev_ws/install/py_pubsub/lib/python3.8/site-packages:/home/rsa2021/dev_ws/install/tutorial_interfaces/lib/python3.8/site-packages:/home/rsa2021/dev_ws/install/learning_tf2_py/lib/python3.8/site-packages:/home/rsa2021/dev_ws/install/turtlesim/lib/python3.8/site-packages:/home/rsa2021/dev_ws/install/my_package/lib/python3.8/site-packages:/home/rsa2021/dev_ws/install/comp3431_interfaces/lib/python3.8/site-packages:/opt/ros/foxy/lib/python3.8/site-packages /usr/bin/python3 setup.py egg_info --egg-base ../../build/map_server build --build-base /home/rsa2021/py_pub_sub/build/map_server/build install --prefix /home/rsa2021/py_pub_sub/install/map_server --record /home/rsa2021/py_pub_sub/build/map_server/install.log --single-version-externally-managed
[5.692s] Level 1:colcon.colcon_core.environment:create_environment_scripts_only(zbar_ros)
[5.694s] Level 1:colcon.colcon_core.environment:checking '/home/rsa2021/py_pub_sub/install/zbar_ros' for CMake module files
[5.695s] Level 1:colcon.colcon_core.environment:checking '/home/rsa2021/py_pub_sub/install/zbar_ros' for CMake config files
[5.696s] Level 1:colcon.colcon_core.shell:create_environment_hook('zbar_ros', 'cmake_prefix_path')
[5.698s] INFO:colcon.colcon_core.shell:Creating environment hook '/home/rsa2021/py_pub_sub/install/zbar_ros/share/zbar_ros/hook/cmake_prefix_path.ps1'
[5.699s] INFO:colcon.colcon_core.shell:Creating environment descriptor '/home/rsa2021/py_pub_sub/install/zbar_ros/share/zbar_ros/hook/cmake_prefix_path.dsv'
[5.701s] INFO:colcon.colcon_core.shell:Creating environment hook '/home/rsa2021/py_pub_sub/install/zbar_ros/share/zbar_ros/hook/cmake_prefix_path.sh'
[5.703s] Level 1:colcon.colcon_core.environment:checking '/home/rsa2021/py_pub_sub/install/zbar_ros/lib'
[5.703s] Level 1:colcon.colcon_core.environment:checking '/home/rsa2021/py_pub_sub/install/zbar_ros/bin'
[5.703s] Level 1:colcon.colcon_core.environment:checking '/home/rsa2021/py_pub_sub/install/zbar_ros/lib/pkgconfig/zbar_ros.pc'
[5.703s] Level 1:colcon.colcon_core.environment:checking '/home/rsa2021/py_pub_sub/install/zbar_ros/lib/python3.8/site-packages'
[5.705s] INFO:colcon.colcon_core.shell:Creating package script '/home/rsa2021/py_pub_sub/install/zbar_ros/share/zbar_ros/package.ps1'
[5.707s] INFO:colcon.colcon_core.shell:Creating package descriptor '/home/rsa2021/py_pub_sub/install/zbar_ros/share/zbar_ros/package.dsv'
[5.709s] INFO:colcon.colcon_core.shell:Creating package script '/home/rsa2021/py_pub_sub/install/zbar_ros/share/zbar_ros/package.sh'
[5.712s] INFO:colcon.colcon_core.shell:Creating package script '/home/rsa2021/py_pub_sub/install/zbar_ros/share/zbar_ros/package.bash'
[5.713s] INFO:colcon.colcon_core.shell:Creating package script '/home/rsa2021/py_pub_sub/install/zbar_ros/share/zbar_ros/package.zsh'
[5.715s] Level 1:colcon.colcon_core.environment:create_file_with_runtime_dependencies(/home/rsa2021/py_pub_sub/install/zbar_ros/share/colcon-core/packages/zbar_ros)
[6.552s] Level 1:colcon.colcon_core.environment:checking '/home/rsa2021/py_pub_sub/install/map_server' for CMake module files
[6.555s] DEBUG:colcon.colcon_core.event_handler.log_command:Invoked command in '/home/rsa2021/py_pub_sub/src/map_server' returned '0': CMAKE_PREFIX_PATH=/home/rsa2021/py_pub_sub/install/comp3431_interfaces:/home/rsa2021/py_pub_sub/install/zbar_ros:/home/rsa2021/py_pub_sub/install/zbar_ros_interfaces:/home/rsa2021/py_pub_sub/install/image_publisher:/home/rsa2021/py_pub_sub/install/comp3431_ass3_worlds:/home/rsa2021/dev_ws/install/tutorial_interfaces:/home/rsa2021/dev_ws/install/turtlesim:/home/rsa2021/dev_ws/install/comp3431_interfaces LD_LIBRARY_PATH=/home/rsa2021/py_pub_sub/install/comp3431_interfaces/lib:/home/rsa2021/py_pub_sub/install/zbar_ros_interfaces/lib:/home/rsa2021/dev_ws/install/tutorial_interfaces/lib:/home/rsa2021/dev_ws/install/turtlesim/lib:/home/rsa2021/dev_ws/install/comp3431_interfaces/lib:/usr/lib/x86_64-linux-gnu/gazebo-11/plugins:/opt/ros/foxy/opt/yaml_cpp_vendor/lib:/opt/ros/foxy/opt/rviz_ogre_vendor/lib:/opt/ros/foxy/lib/x86_64-linux-gnu:/opt/ros/foxy/lib PYTHONPATH=/home/rsa2021/py_pub_sub/install/map_server/lib/python3.8/site-packages:/home/rsa2021/py_pub_sub/install/comp3431_interfaces/lib/python3.8/site-packages:/home/rsa2021/py_pub_sub/install/zbar_ros_interfaces/lib/python3.8/site-packages:/home/rsa2021/py_pub_sub/install/publisher3431/lib/python3.8/site-packages:/home/rsa2021/py_pub_sub/install/map_server/lib/python3.8/site-packages:/home/rsa2021/dev_ws/install/py_srvcli/lib/python3.8/site-packages:/home/rsa2021/dev_ws/install/py_pubsub/lib/python3.8/site-packages:/home/rsa2021/dev_ws/install/tutorial_interfaces/lib/python3.8/site-packages:/home/rsa2021/dev_ws/install/learning_tf2_py/lib/python3.8/site-packages:/home/rsa2021/dev_ws/install/turtlesim/lib/python3.8/site-packages:/home/rsa2021/dev_ws/install/my_package/lib/python3.8/site-packages:/home/rsa2021/dev_ws/install/comp3431_interfaces/lib/python3.8/site-packages:/opt/ros/foxy/lib/python3.8/site-packages /usr/bin/python3 setup.py egg_info --egg-base ../../build/map_server build --build-base /home/rsa2021/py_pub_sub/build/map_server/build install --prefix /home/rsa2021/py_pub_sub/install/map_server --record /home/rsa2021/py_pub_sub/build/map_server/install.log --single-version-externally-managed
[6.556s] Level 1:colcon.colcon_core.environment:checking '/home/rsa2021/py_pub_sub/install/map_server' for CMake config files
[6.557s] Level 1:colcon.colcon_core.environment:checking '/home/rsa2021/py_pub_sub/install/map_server/lib'
[6.558s] Level 1:colcon.colcon_core.environment:checking '/home/rsa2021/py_pub_sub/install/map_server/bin'
[6.558s] Level 1:colcon.colcon_core.environment:checking '/home/rsa2021/py_pub_sub/install/map_server/lib/pkgconfig/map_server.pc'
[6.558s] Level 1:colcon.colcon_core.environment:checking '/home/rsa2021/py_pub_sub/install/map_server/lib/python3.8/site-packages'
[6.558s] Level 1:colcon.colcon_core.shell:create_environment_hook('map_server', 'pythonpath')
[6.559s] INFO:colcon.colcon_core.shell:Creating environment hook '/home/rsa2021/py_pub_sub/install/map_server/share/map_server/hook/pythonpath.ps1'
[6.561s] INFO:colcon.colcon_core.shell:Creating environment descriptor '/home/rsa2021/py_pub_sub/install/map_server/share/map_server/hook/pythonpath.dsv'
[6.562s] INFO:colcon.colcon_core.shell:Creating environment hook '/home/rsa2021/py_pub_sub/install/map_server/share/map_server/hook/pythonpath.sh'
[6.563s] Level 1:colcon.colcon_core.environment:create_environment_scripts_only(map_server)
[6.564s] INFO:colcon.colcon_core.shell:Creating package script '/home/rsa2021/py_pub_sub/install/map_server/share/map_server/package.ps1'
[6.566s] INFO:colcon.colcon_core.shell:Creating package descriptor '/home/rsa2021/py_pub_sub/install/map_server/share/map_server/package.dsv'
[6.567s] INFO:colcon.colcon_core.shell:Creating package script '/home/rsa2021/py_pub_sub/install/map_server/share/map_server/package.sh'
[6.569s] INFO:colcon.colcon_core.shell:Creating package script '/home/rsa2021/py_pub_sub/install/map_server/share/map_server/package.bash'
[6.571s] INFO:colcon.colcon_core.shell:Creating package script '/home/rsa2021/py_pub_sub/install/map_server/share/map_server/package.zsh'
[6.573s] Level 1:colcon.colcon_core.environment:create_file_with_runtime_dependencies(/home/rsa2021/py_pub_sub/install/map_server/share/colcon-core/packages/map_server)
[6.574s] DEBUG:colcon.colcon_parallel_executor.executor.parallel:closing loop
[6.576s] DEBUG:colcon.colcon_parallel_executor.executor.parallel:loop closed
[6.577s] DEBUG:colcon.colcon_parallel_executor.executor.parallel:run_until_complete finished with '0'
[6.577s] DEBUG:colcon.colcon_core.event_reactor:joining thread
[6.600s] INFO:colcon.colcon_core.plugin_system:Skipping extension 'colcon_notification.desktop_notification.terminal_notifier': Not used on non-Darwin systems
[6.600s] INFO:colcon.colcon_core.plugin_system:Skipping extension 'colcon_notification.desktop_notification.win32': Not used on non-Windows systems
[6.601s] INFO:colcon.colcon_notification.desktop_notification:Sending desktop notification using 'notify2'
[6.649s] DEBUG:colcon.colcon_core.event_reactor:joined thread
[6.651s] INFO:colcon.colcon_core.shell:Creating prefix script '/home/rsa2021/py_pub_sub/install/local_setup.ps1'
[6.654s] INFO:colcon.colcon_core.shell:Creating prefix util module '/home/rsa2021/py_pub_sub/install/_local_setup_util_ps1.py'
[6.658s] INFO:colcon.colcon_core.shell:Creating prefix chain script '/home/rsa2021/py_pub_sub/install/setup.ps1'
[6.669s] INFO:colcon.colcon_core.shell:Creating prefix script '/home/rsa2021/py_pub_sub/install/local_setup.sh'
[6.671s] INFO:colcon.colcon_core.shell:Creating prefix util module '/home/rsa2021/py_pub_sub/install/_local_setup_util_sh.py'
[6.672s] INFO:colcon.colcon_core.shell:Creating prefix chain script '/home/rsa2021/py_pub_sub/install/setup.sh'
[6.687s] INFO:colcon.colcon_core.shell:Creating prefix script '/home/rsa2021/py_pub_sub/install/local_setup.bash'
[6.690s] INFO:colcon.colcon_core.shell:Creating prefix chain script '/home/rsa2021/py_pub_sub/install/setup.bash'
[6.703s] INFO:colcon.colcon_core.shell:Creating prefix script '/home/rsa2021/py_pub_sub/install/local_setup.zsh'
[6.705s] INFO:colcon.colcon_core.shell:Creating prefix chain script '/home/rsa2021/py_pub_sub/install/setup.zsh'
