[0.136s] Invoking command in '/home/rsa2021/py_pub_sub/build/comp3431_interfaces': CMAKE_PREFIX_PATH=/home/rsa2021/py_pub_sub/install/zbar_ros:/home/rsa2021/py_pub_sub/install/zbar_ros_interfaces:/home/rsa2021/py_pub_sub/install/publisher3431:/home/rsa2021/py_pub_sub/install/map_server:/home/rsa2021/dev_ws/install/py_srvcli:/home/rsa2021/dev_ws/install/py_pubsub:/home/rsa2021/dev_ws/install/learning_tf2_py:/home/rsa2021/dev_ws/install/my_package:/opt/ros/foxy:/home/rsa2021/py_pub_sub/install/image_publisher:/home/rsa2021/py_pub_sub/install/comp3431_interfaces:/home/rsa2021/py_pub_sub/install/comp3431_ass3_worlds:/home/rsa2021/dev_ws/install/tutorial_interfaces:/home/rsa2021/dev_ws/install/turtlesim:/home/rsa2021/dev_ws/install/comp3431_interfaces /usr/bin/cmake --build /home/rsa2021/py_pub_sub/build/comp3431_interfaces -- -j3 -l3
[0.290s] -- Found ament_cmake: 0.9.9 (/opt/ros/foxy/share/ament_cmake/cmake)
[0.404s] -- Found PythonInterp: /usr/bin/python3 (found suitable version "3.8.10", minimum required is "3") 
[0.405s] -- Using PYTHON_EXECUTABLE: /usr/bin/python3
[1.449s] -- Found rosidl_default_generators: 1.0.1 (/opt/ros/foxy/share/rosidl_default_generators/cmake)
[1.465s] -- Using all available rosidl_typesupport_c: rosidl_typesupport_fastrtps_c;rosidl_typesupport_introspection_c
[1.473s] -- Found rosidl_adapter: 1.2.1 (/opt/ros/foxy/share/rosidl_adapter/cmake)
[2.090s] -- Using all available rosidl_typesupport_cpp: rosidl_typesupport_fastrtps_cpp;rosidl_typesupport_introspection_cpp
[2.213s] -- Found geometry_msgs: 2.0.4 (/opt/ros/foxy/share/geometry_msgs/cmake)
[2.654s] -- Found PythonInterp: /usr/bin/python3 (found version "3.8.10") 
[3.774s] -- Found ament_cmake_ros: 0.9.2 (/opt/ros/foxy/share/ament_cmake_ros/cmake)
[4.733s] -- Using all available rosidl_typesupport_c: rosidl_typesupport_fastrtps_c;rosidl_typesupport_introspection_c
[5.112s] -- Using all available rosidl_typesupport_cpp: rosidl_typesupport_fastrtps_cpp;rosidl_typesupport_introspection_cpp
[5.214s] -- Found PythonInterp: /usr/bin/python3 (found suitable version "3.8.10", minimum required is "3.5") 
[5.216s] -- Found python_cmake_module: 0.8.1 (/opt/ros/foxy/share/python_cmake_module/cmake)
[5.290s] -- Using PYTHON_EXECUTABLE: /usr/bin/python3
[5.291s] -- Using PYTHON_INCLUDE_DIRS: /usr/include/python3.8
[5.291s] -- Using PYTHON_LIBRARIES: /usr/lib/x86_64-linux-gnu/libpython3.8.so
[5.496s] -- Found ament_lint_auto: 0.9.6 (/opt/ros/foxy/share/ament_lint_auto/cmake)
[5.532s] -- Added test 'copyright' to check source files copyright and LICENSE
[5.538s] -- Added test 'lint_cmake' to check CMake code style
[5.542s] -- Added test 'xmllint' to check XML markup files
[5.554s] -- Configuring done
[5.777s] -- Generating done
[5.795s] -- Build files have been written to: /home/rsa2021/py_pub_sub/build/comp3431_interfaces
[5.890s] [  2%] [34m[1mGenerating C code for ROS interfaces[0m
[5.922s] [  4%] [34m[1mGenerating C++ code for ROS interfaces[0m
[8.068s] [35m[1mScanning dependencies of target comp3431_interfaces__rosidl_generator_c[0m
[8.123s] [  6%] [32mBuilding C object CMakeFiles/comp3431_interfaces__rosidl_generator_c.dir/rosidl_generator_c/comp3431_interfaces/msg/detail/qr_code_block__functions.c.o[0m
[8.140s] [  8%] [32mBuilding C object CMakeFiles/comp3431_interfaces__rosidl_generator_c.dir/rosidl_generator_c/comp3431_interfaces/srv/detail/map_info__functions.c.o[0m
[8.165s] [  8%] Built target comp3431_interfaces__cpp
[8.204s] [ 10%] [34m[1mGenerating C++ type support dispatch for ROS interfaces[0m
[8.294s] [ 12%] [32mBuilding C object CMakeFiles/comp3431_interfaces__rosidl_generator_c.dir/rosidl_generator_c/comp3431_interfaces/action/detail/move_object_to_room__functions.c.o[0m
[8.327s] [ 14%] [34m[1mGenerating C++ type support for eProsima Fast-RTPS[0m
[8.574s] [ 17%] [32m[1mLinking C shared library libcomp3431_interfaces__rosidl_generator_c.so[0m
[8.703s] [ 17%] Built target comp3431_interfaces__rosidl_generator_c
[8.742s] [ 19%] [34m[1mGenerating C++ introspection for ROS interfaces[0m
[9.413s] [35m[1mScanning dependencies of target comp3431_interfaces__rosidl_typesupport_cpp[0m
[9.460s] [ 21%] [32mBuilding CXX object CMakeFiles/comp3431_interfaces__rosidl_typesupport_cpp.dir/rosidl_typesupport_cpp/comp3431_interfaces/msg/qr_code_block__type_support.cpp.o[0m
[10.284s] [35m[1mScanning dependencies of target comp3431_interfaces__rosidl_typesupport_fastrtps_cpp[0m
[10.338s] [ 23%] [32mBuilding CXX object CMakeFiles/comp3431_interfaces__rosidl_typesupport_fastrtps_cpp.dir/rosidl_typesupport_fastrtps_cpp/comp3431_interfaces/msg/detail/dds_fastrtps/qr_code_block__type_support.cpp.o[0m
[10.482s] [35m[1mScanning dependencies of target comp3431_interfaces__rosidl_typesupport_introspection_cpp[0m
[10.531s] [ 25%] [32mBuilding CXX object CMakeFiles/comp3431_interfaces__rosidl_typesupport_introspection_cpp.dir/rosidl_typesupport_introspection_cpp/comp3431_interfaces/msg/detail/qr_code_block__type_support.cpp.o[0m
[10.560s] [ 27%] [32mBuilding CXX object CMakeFiles/comp3431_interfaces__rosidl_typesupport_cpp.dir/rosidl_typesupport_cpp/comp3431_interfaces/srv/map_info__type_support.cpp.o[0m
[11.627s] [ 29%] [32mBuilding CXX object CMakeFiles/comp3431_interfaces__rosidl_typesupport_introspection_cpp.dir/rosidl_typesupport_introspection_cpp/comp3431_interfaces/srv/detail/map_info__type_support.cpp.o[0m
[11.627s] [ 31%] [32mBuilding CXX object CMakeFiles/comp3431_interfaces__rosidl_typesupport_cpp.dir/rosidl_typesupport_cpp/comp3431_interfaces/action/move_object_to_room__type_support.cpp.o[0m
[11.862s] [ 34%] [32mBuilding CXX object CMakeFiles/comp3431_interfaces__rosidl_typesupport_fastrtps_cpp.dir/rosidl_typesupport_fastrtps_cpp/comp3431_interfaces/srv/detail/dds_fastrtps/map_info__type_support.cpp.o[0m
[12.797s] [ 36%] [32m[1mLinking CXX shared library libcomp3431_interfaces__rosidl_typesupport_cpp.so[0m
[12.869s] [ 38%] [32mBuilding CXX object CMakeFiles/comp3431_interfaces__rosidl_typesupport_introspection_cpp.dir/rosidl_typesupport_introspection_cpp/comp3431_interfaces/action/detail/move_object_to_room__type_support.cpp.o[0m
[12.972s] [ 38%] Built target comp3431_interfaces__rosidl_typesupport_cpp
[13.012s] [ 40%] [34m[1mGenerating C introspection for ROS interfaces[0m
[13.723s] [ 42%] [32mBuilding CXX object CMakeFiles/comp3431_interfaces__rosidl_typesupport_fastrtps_cpp.dir/rosidl_typesupport_fastrtps_cpp/comp3431_interfaces/action/detail/dds_fastrtps/move_object_to_room__type_support.cpp.o[0m
[14.169s] [ 44%] [32m[1mLinking CXX shared library libcomp3431_interfaces__rosidl_typesupport_introspection_cpp.so[0m
[14.393s] [ 44%] Built target comp3431_interfaces__rosidl_typesupport_introspection_cpp
[14.431s] [ 46%] [34m[1mGenerating C type support dispatch for ROS interfaces[0m
[14.711s] [35m[1mScanning dependencies of target comp3431_interfaces__rosidl_typesupport_introspection_c[0m
[14.782s] [ 48%] [32mBuilding C object CMakeFiles/comp3431_interfaces__rosidl_typesupport_introspection_c.dir/rosidl_typesupport_introspection_c/comp3431_interfaces/msg/detail/qr_code_block__type_support.c.o[0m
[14.935s] [ 51%] [32mBuilding C object CMakeFiles/comp3431_interfaces__rosidl_typesupport_introspection_c.dir/rosidl_typesupport_introspection_c/comp3431_interfaces/srv/detail/map_info__type_support.c.o[0m
[15.104s] [ 53%] [32mBuilding C object CMakeFiles/comp3431_interfaces__rosidl_typesupport_introspection_c.dir/rosidl_typesupport_introspection_c/comp3431_interfaces/action/detail/move_object_to_room__type_support.c.o[0m
[15.309s] [ 55%] [32m[1mLinking C shared library libcomp3431_interfaces__rosidl_typesupport_introspection_c.so[0m
[15.451s] [ 55%] Built target comp3431_interfaces__rosidl_typesupport_introspection_c
[15.463s] [35m[1mScanning dependencies of target comp3431_interfaces__rosidl_typesupport_c[0m
[15.528s] [ 57%] [32mBuilding CXX object CMakeFiles/comp3431_interfaces__rosidl_typesupport_c.dir/rosidl_typesupport_c/comp3431_interfaces/msg/qr_code_block__type_support.cpp.o[0m
[15.533s] [ 59%] [32mBuilding CXX object CMakeFiles/comp3431_interfaces__rosidl_typesupport_c.dir/rosidl_typesupport_c/comp3431_interfaces/srv/map_info__type_support.cpp.o[0m
[15.645s] [ 61%] [32m[1mLinking CXX shared library libcomp3431_interfaces__rosidl_typesupport_fastrtps_cpp.so[0m
[15.659s] [ 63%] [32mBuilding CXX object CMakeFiles/comp3431_interfaces__rosidl_typesupport_c.dir/rosidl_typesupport_c/comp3431_interfaces/action/move_object_to_room__type_support.cpp.o[0m
[15.811s] [ 65%] [32m[1mLinking CXX shared library libcomp3431_interfaces__rosidl_typesupport_c.so[0m
[15.930s] [ 65%] Built target comp3431_interfaces__rosidl_typesupport_fastrtps_cpp
[15.958s] [ 65%] Built target comp3431_interfaces__rosidl_typesupport_c
[15.969s] [ 68%] [34m[1mGenerating C type support for eProsima Fast-RTPS[0m
[17.287s] [35m[1mScanning dependencies of target comp3431_interfaces__rosidl_typesupport_fastrtps_c[0m
[17.361s] [ 70%] [32mBuilding CXX object CMakeFiles/comp3431_interfaces__rosidl_typesupport_fastrtps_c.dir/rosidl_typesupport_fastrtps_c/comp3431_interfaces/srv/detail/map_info__type_support_c.cpp.o[0m
[17.363s] [ 72%] [32mBuilding CXX object CMakeFiles/comp3431_interfaces__rosidl_typesupport_fastrtps_c.dir/rosidl_typesupport_fastrtps_c/comp3431_interfaces/msg/detail/qr_code_block__type_support_c.cpp.o[0m
[17.379s] [ 74%] [32mBuilding CXX object CMakeFiles/comp3431_interfaces__rosidl_typesupport_fastrtps_c.dir/rosidl_typesupport_fastrtps_c/comp3431_interfaces/action/detail/move_object_to_room__type_support_c.cpp.o[0m
[18.817s] [ 76%] [32m[1mLinking CXX shared library libcomp3431_interfaces__rosidl_typesupport_fastrtps_c.so[0m
[19.082s] [ 76%] Built target comp3431_interfaces__rosidl_typesupport_fastrtps_c
[19.145s] [ 76%] Built target comp3431_interfaces
[19.219s] [ 78%] [34m[1mGenerating Python code for ROS interfaces[0m
[22.122s] [ 78%] Built target comp3431_interfaces__py
[22.159s] [35m[1mScanning dependencies of target comp3431_interfaces__python[0m
[22.223s] [ 80%] [32mBuilding C object CMakeFiles/comp3431_interfaces__python.dir/rosidl_generator_py/comp3431_interfaces/srv/_map_info_s.c.o[0m
[22.228s] [ 82%] [32mBuilding C object CMakeFiles/comp3431_interfaces__python.dir/rosidl_generator_py/comp3431_interfaces/msg/_qr_code_block_s.c.o[0m
[22.249s] [ 85%] [32mBuilding C object CMakeFiles/comp3431_interfaces__python.dir/rosidl_generator_py/comp3431_interfaces/action/_move_object_to_room_s.c.o[0m
[22.724s] [ 87%] [32m[1mLinking C shared library rosidl_generator_py/comp3431_interfaces/libcomp3431_interfaces__python.so[0m
[22.872s] [ 87%] Built target comp3431_interfaces__python
[22.912s] [35m[1mScanning dependencies of target comp3431_interfaces__rosidl_typesupport_c__pyext[0m
[22.921s] [35m[1mScanning dependencies of target comp3431_interfaces__rosidl_typesupport_fastrtps_c__pyext[0m
[22.923s] [35m[1mScanning dependencies of target comp3431_interfaces__rosidl_typesupport_introspection_c__pyext[0m
[22.976s] [ 89%] [32mBuilding C object CMakeFiles/comp3431_interfaces__rosidl_typesupport_c__pyext.dir/rosidl_generator_py/comp3431_interfaces/_comp3431_interfaces_s.ep.rosidl_typesupport_c.c.o[0m
[23.013s] [ 91%] [32mBuilding C object CMakeFiles/comp3431_interfaces__rosidl_typesupport_introspection_c__pyext.dir/rosidl_generator_py/comp3431_interfaces/_comp3431_interfaces_s.ep.rosidl_typesupport_introspection_c.c.o[0m
[23.016s] [ 93%] [32mBuilding C object CMakeFiles/comp3431_interfaces__rosidl_typesupport_fastrtps_c__pyext.dir/rosidl_generator_py/comp3431_interfaces/_comp3431_interfaces_s.ep.rosidl_typesupport_fastrtps_c.c.o[0m
[23.324s] [ 95%] [32m[1mLinking C shared library rosidl_generator_py/comp3431_interfaces/comp3431_interfaces_s__rosidl_typesupport_c.cpython-38-x86_64-linux-gnu.so[0m
[23.432s] [ 97%] [32m[1mLinking CXX shared library rosidl_generator_py/comp3431_interfaces/comp3431_interfaces_s__rosidl_typesupport_fastrtps_c.cpython-38-x86_64-linux-gnu.so[0m
[23.495s] [100%] [32m[1mLinking C shared library rosidl_generator_py/comp3431_interfaces/comp3431_interfaces_s__rosidl_typesupport_introspection_c.cpython-38-x86_64-linux-gnu.so[0m
[23.509s] [100%] Built target comp3431_interfaces__rosidl_typesupport_c__pyext
[23.637s] [100%] Built target comp3431_interfaces__rosidl_typesupport_introspection_c__pyext
[23.676s] [100%] Built target comp3431_interfaces__rosidl_typesupport_fastrtps_c__pyext
[23.715s] Invoked command in '/home/rsa2021/py_pub_sub/build/comp3431_interfaces' returned '0': CMAKE_PREFIX_PATH=/home/rsa2021/py_pub_sub/install/zbar_ros:/home/rsa2021/py_pub_sub/install/zbar_ros_interfaces:/home/rsa2021/py_pub_sub/install/publisher3431:/home/rsa2021/py_pub_sub/install/map_server:/home/rsa2021/dev_ws/install/py_srvcli:/home/rsa2021/dev_ws/install/py_pubsub:/home/rsa2021/dev_ws/install/learning_tf2_py:/home/rsa2021/dev_ws/install/my_package:/opt/ros/foxy:/home/rsa2021/py_pub_sub/install/image_publisher:/home/rsa2021/py_pub_sub/install/comp3431_interfaces:/home/rsa2021/py_pub_sub/install/comp3431_ass3_worlds:/home/rsa2021/dev_ws/install/tutorial_interfaces:/home/rsa2021/dev_ws/install/turtlesim:/home/rsa2021/dev_ws/install/comp3431_interfaces /usr/bin/cmake --build /home/rsa2021/py_pub_sub/build/comp3431_interfaces -- -j3 -l3
[24.040s] Invoking command in '/home/rsa2021/py_pub_sub/build/comp3431_interfaces': CMAKE_PREFIX_PATH=/home/rsa2021/py_pub_sub/install/zbar_ros:/home/rsa2021/py_pub_sub/install/zbar_ros_interfaces:/home/rsa2021/py_pub_sub/install/publisher3431:/home/rsa2021/py_pub_sub/install/map_server:/home/rsa2021/dev_ws/install/py_srvcli:/home/rsa2021/dev_ws/install/py_pubsub:/home/rsa2021/dev_ws/install/learning_tf2_py:/home/rsa2021/dev_ws/install/my_package:/opt/ros/foxy:/home/rsa2021/py_pub_sub/install/image_publisher:/home/rsa2021/py_pub_sub/install/comp3431_interfaces:/home/rsa2021/py_pub_sub/install/comp3431_ass3_worlds:/home/rsa2021/dev_ws/install/tutorial_interfaces:/home/rsa2021/dev_ws/install/turtlesim:/home/rsa2021/dev_ws/install/comp3431_interfaces /usr/bin/cmake --install /home/rsa2021/py_pub_sub/build/comp3431_interfaces
[24.075s] -- Install configuration: ""
[24.077s] -- Up-to-date: /home/rsa2021/py_pub_sub/install/comp3431_interfaces/share/ament_index/resource_index/rosidl_interfaces/comp3431_interfaces
[24.077s] -- Up-to-date: /home/rsa2021/py_pub_sub/install/comp3431_interfaces/include/comp3431_interfaces
[24.079s] -- Up-to-date: /home/rsa2021/py_pub_sub/install/comp3431_interfaces/include/comp3431_interfaces/action
[24.080s] -- Installing: /home/rsa2021/py_pub_sub/install/comp3431_interfaces/include/comp3431_interfaces/action/move_object_to_room.h
[24.081s] -- Up-to-date: /home/rsa2021/py_pub_sub/install/comp3431_interfaces/include/comp3431_interfaces/action/detail
[24.082s] -- Installing: /home/rsa2021/py_pub_sub/install/comp3431_interfaces/include/comp3431_interfaces/action/detail/move_object_to_room__struct.h
[24.083s] -- Installing: /home/rsa2021/py_pub_sub/install/comp3431_interfaces/include/comp3431_interfaces/action/detail/move_object_to_room__functions.h
[24.084s] -- Installing: /home/rsa2021/py_pub_sub/install/comp3431_interfaces/include/comp3431_interfaces/action/detail/move_object_to_room__type_support.h
[24.085s] -- Installing: /home/rsa2021/py_pub_sub/install/comp3431_interfaces/include/comp3431_interfaces/action/detail/move_object_to_room__functions.c
[24.086s] -- Up-to-date: /home/rsa2021/py_pub_sub/install/comp3431_interfaces/include/comp3431_interfaces/srv
[24.087s] -- Installing: /home/rsa2021/py_pub_sub/install/comp3431_interfaces/include/comp3431_interfaces/srv/map_info.h
[24.089s] -- Up-to-date: /home/rsa2021/py_pub_sub/install/comp3431_interfaces/include/comp3431_interfaces/srv/detail
[24.090s] -- Installing: /home/rsa2021/py_pub_sub/install/comp3431_interfaces/include/comp3431_interfaces/srv/detail/map_info__functions.c
[24.091s] -- Installing: /home/rsa2021/py_pub_sub/install/comp3431_interfaces/include/comp3431_interfaces/srv/detail/map_info__functions.h
[24.092s] -- Installing: /home/rsa2021/py_pub_sub/install/comp3431_interfaces/include/comp3431_interfaces/srv/detail/map_info__struct.h
[24.095s] -- Installing: /home/rsa2021/py_pub_sub/install/comp3431_interfaces/include/comp3431_interfaces/srv/detail/map_info__type_support.h
[24.096s] -- Up-to-date: /home/rsa2021/py_pub_sub/install/comp3431_interfaces/include/comp3431_interfaces/msg
[24.097s] -- Installing: /home/rsa2021/py_pub_sub/install/comp3431_interfaces/include/comp3431_interfaces/msg/qr_code_block.h
[24.098s] -- Up-to-date: /home/rsa2021/py_pub_sub/install/comp3431_interfaces/include/comp3431_interfaces/msg/detail
[24.099s] -- Installing: /home/rsa2021/py_pub_sub/install/comp3431_interfaces/include/comp3431_interfaces/msg/detail/qr_code_block__type_support.h
[24.100s] -- Installing: /home/rsa2021/py_pub_sub/install/comp3431_interfaces/include/comp3431_interfaces/msg/detail/qr_code_block__struct.h
[24.100s] -- Installing: /home/rsa2021/py_pub_sub/install/comp3431_interfaces/include/comp3431_interfaces/msg/detail/qr_code_block__functions.c
[24.101s] -- Installing: /home/rsa2021/py_pub_sub/install/comp3431_interfaces/include/comp3431_interfaces/msg/detail/qr_code_block__functions.h
[24.104s] -- Up-to-date: /home/rsa2021/py_pub_sub/install/comp3431_interfaces/include/comp3431_interfaces/msg/rosidl_generator_c__visibility_control.h
[24.104s] -- Up-to-date: /home/rsa2021/py_pub_sub/install/comp3431_interfaces/share/comp3431_interfaces/environment/library_path.sh
[24.105s] -- Installing: /home/rsa2021/py_pub_sub/install/comp3431_interfaces/share/comp3431_interfaces/environment/library_path.dsv
[24.107s] -- Installing: /home/rsa2021/py_pub_sub/install/comp3431_interfaces/lib/libcomp3431_interfaces__rosidl_generator_c.so
[24.107s] -- Set runtime path of "/home/rsa2021/py_pub_sub/install/comp3431_interfaces/lib/libcomp3431_interfaces__rosidl_generator_c.so" to ""
[24.108s] -- Up-to-date: /home/rsa2021/py_pub_sub/install/comp3431_interfaces/include/comp3431_interfaces
[24.109s] -- Up-to-date: /home/rsa2021/py_pub_sub/install/comp3431_interfaces/include/comp3431_interfaces/action
[24.109s] -- Up-to-date: /home/rsa2021/py_pub_sub/install/comp3431_interfaces/include/comp3431_interfaces/action/detail
[24.110s] -- Installing: /home/rsa2021/py_pub_sub/install/comp3431_interfaces/include/comp3431_interfaces/action/detail/move_object_to_room__rosidl_typesupport_fastrtps_c.h
[24.111s] -- Up-to-date: /home/rsa2021/py_pub_sub/install/comp3431_interfaces/include/comp3431_interfaces/srv
[24.112s] -- Up-to-date: /home/rsa2021/py_pub_sub/install/comp3431_interfaces/include/comp3431_interfaces/srv/detail
[24.112s] -- Installing: /home/rsa2021/py_pub_sub/install/comp3431_interfaces/include/comp3431_interfaces/srv/detail/map_info__rosidl_typesupport_fastrtps_c.h
[24.113s] -- Up-to-date: /home/rsa2021/py_pub_sub/install/comp3431_interfaces/include/comp3431_interfaces/msg
[24.114s] -- Up-to-date: /home/rsa2021/py_pub_sub/install/comp3431_interfaces/include/comp3431_interfaces/msg/detail
[24.114s] -- Installing: /home/rsa2021/py_pub_sub/install/comp3431_interfaces/include/comp3431_interfaces/msg/detail/qr_code_block__rosidl_typesupport_fastrtps_c.h
[24.115s] -- Up-to-date: /home/rsa2021/py_pub_sub/install/comp3431_interfaces/include/comp3431_interfaces/msg/rosidl_typesupport_fastrtps_c__visibility_control.h
[24.116s] -- Installing: /home/rsa2021/py_pub_sub/install/comp3431_interfaces/lib/libcomp3431_interfaces__rosidl_typesupport_fastrtps_c.so
[24.117s] -- Set runtime path of "/home/rsa2021/py_pub_sub/install/comp3431_interfaces/lib/libcomp3431_interfaces__rosidl_typesupport_fastrtps_c.so" to ""
[24.118s] -- Up-to-date: /home/rsa2021/py_pub_sub/install/comp3431_interfaces/include/comp3431_interfaces
[24.119s] -- Up-to-date: /home/rsa2021/py_pub_sub/install/comp3431_interfaces/include/comp3431_interfaces/action
[24.120s] -- Up-to-date: /home/rsa2021/py_pub_sub/install/comp3431_interfaces/include/comp3431_interfaces/action/detail
[24.121s] -- Up-to-date: /home/rsa2021/py_pub_sub/install/comp3431_interfaces/include/comp3431_interfaces/action/detail/dds_fastrtps
[24.122s] -- Installing: /home/rsa2021/py_pub_sub/install/comp3431_interfaces/include/comp3431_interfaces/action/detail/move_object_to_room__rosidl_typesupport_fastrtps_cpp.hpp
[24.122s] -- Up-to-date: /home/rsa2021/py_pub_sub/install/comp3431_interfaces/include/comp3431_interfaces/srv
[24.123s] -- Up-to-date: /home/rsa2021/py_pub_sub/install/comp3431_interfaces/include/comp3431_interfaces/srv/detail
[24.124s] -- Up-to-date: /home/rsa2021/py_pub_sub/install/comp3431_interfaces/include/comp3431_interfaces/srv/detail/dds_fastrtps
[24.125s] -- Installing: /home/rsa2021/py_pub_sub/install/comp3431_interfaces/include/comp3431_interfaces/srv/detail/map_info__rosidl_typesupport_fastrtps_cpp.hpp
[24.126s] -- Up-to-date: /home/rsa2021/py_pub_sub/install/comp3431_interfaces/include/comp3431_interfaces/msg
[24.127s] -- Up-to-date: /home/rsa2021/py_pub_sub/install/comp3431_interfaces/include/comp3431_interfaces/msg/rosidl_typesupport_fastrtps_cpp__visibility_control.h
[24.128s] -- Up-to-date: /home/rsa2021/py_pub_sub/install/comp3431_interfaces/include/comp3431_interfaces/msg/detail
[24.128s] -- Up-to-date: /home/rsa2021/py_pub_sub/install/comp3431_interfaces/include/comp3431_interfaces/msg/detail/dds_fastrtps
[24.129s] -- Installing: /home/rsa2021/py_pub_sub/install/comp3431_interfaces/include/comp3431_interfaces/msg/detail/qr_code_block__rosidl_typesupport_fastrtps_cpp.hpp
[24.129s] -- Installing: /home/rsa2021/py_pub_sub/install/comp3431_interfaces/lib/libcomp3431_interfaces__rosidl_typesupport_fastrtps_cpp.so
[24.130s] -- Set runtime path of "/home/rsa2021/py_pub_sub/install/comp3431_interfaces/lib/libcomp3431_interfaces__rosidl_typesupport_fastrtps_cpp.so" to ""
[24.131s] -- Up-to-date: /home/rsa2021/py_pub_sub/install/comp3431_interfaces/include/comp3431_interfaces
[24.132s] -- Up-to-date: /home/rsa2021/py_pub_sub/install/comp3431_interfaces/include/comp3431_interfaces/action
[24.133s] -- Up-to-date: /home/rsa2021/py_pub_sub/install/comp3431_interfaces/include/comp3431_interfaces/action/detail
[24.133s] -- Installing: /home/rsa2021/py_pub_sub/install/comp3431_interfaces/include/comp3431_interfaces/action/detail/move_object_to_room__rosidl_typesupport_introspection_c.h
[24.134s] -- Installing: /home/rsa2021/py_pub_sub/install/comp3431_interfaces/include/comp3431_interfaces/action/detail/move_object_to_room__type_support.c
[24.135s] -- Up-to-date: /home/rsa2021/py_pub_sub/install/comp3431_interfaces/include/comp3431_interfaces/srv
[24.136s] -- Up-to-date: /home/rsa2021/py_pub_sub/install/comp3431_interfaces/include/comp3431_interfaces/srv/detail
[24.136s] -- Installing: /home/rsa2021/py_pub_sub/install/comp3431_interfaces/include/comp3431_interfaces/srv/detail/map_info__type_support.c
[24.137s] -- Installing: /home/rsa2021/py_pub_sub/install/comp3431_interfaces/include/comp3431_interfaces/srv/detail/map_info__rosidl_typesupport_introspection_c.h
[24.138s] -- Up-to-date: /home/rsa2021/py_pub_sub/install/comp3431_interfaces/include/comp3431_interfaces/msg
[24.138s] -- Up-to-date: /home/rsa2021/py_pub_sub/install/comp3431_interfaces/include/comp3431_interfaces/msg/detail
[24.139s] -- Installing: /home/rsa2021/py_pub_sub/install/comp3431_interfaces/include/comp3431_interfaces/msg/detail/qr_code_block__type_support.c
[24.140s] -- Installing: /home/rsa2021/py_pub_sub/install/comp3431_interfaces/include/comp3431_interfaces/msg/detail/qr_code_block__rosidl_typesupport_introspection_c.h
[24.141s] -- Up-to-date: /home/rsa2021/py_pub_sub/install/comp3431_interfaces/include/comp3431_interfaces/msg/rosidl_typesupport_introspection_c__visibility_control.h
[24.142s] -- Installing: /home/rsa2021/py_pub_sub/install/comp3431_interfaces/lib/libcomp3431_interfaces__rosidl_typesupport_introspection_c.so
[24.144s] -- Set runtime path of "/home/rsa2021/py_pub_sub/install/comp3431_interfaces/lib/libcomp3431_interfaces__rosidl_typesupport_introspection_c.so" to ""
[24.145s] -- Installing: /home/rsa2021/py_pub_sub/install/comp3431_interfaces/lib/libcomp3431_interfaces__rosidl_typesupport_c.so
[24.147s] -- Set runtime path of "/home/rsa2021/py_pub_sub/install/comp3431_interfaces/lib/libcomp3431_interfaces__rosidl_typesupport_c.so" to ""
[24.148s] -- Up-to-date: /home/rsa2021/py_pub_sub/install/comp3431_interfaces/include/comp3431_interfaces
[24.148s] -- Up-to-date: /home/rsa2021/py_pub_sub/install/comp3431_interfaces/include/comp3431_interfaces/action
[24.149s] -- Installing: /home/rsa2021/py_pub_sub/install/comp3431_interfaces/include/comp3431_interfaces/action/move_object_to_room.hpp
[24.150s] -- Up-to-date: /home/rsa2021/py_pub_sub/install/comp3431_interfaces/include/comp3431_interfaces/action/detail
[24.150s] -- Installing: /home/rsa2021/py_pub_sub/install/comp3431_interfaces/include/comp3431_interfaces/action/detail/move_object_to_room__struct.hpp
[24.151s] -- Installing: /home/rsa2021/py_pub_sub/install/comp3431_interfaces/include/comp3431_interfaces/action/detail/move_object_to_room__builder.hpp
[24.152s] -- Installing: /home/rsa2021/py_pub_sub/install/comp3431_interfaces/include/comp3431_interfaces/action/detail/move_object_to_room__traits.hpp
[24.152s] -- Up-to-date: /home/rsa2021/py_pub_sub/install/comp3431_interfaces/include/comp3431_interfaces/srv
[24.153s] -- Installing: /home/rsa2021/py_pub_sub/install/comp3431_interfaces/include/comp3431_interfaces/srv/map_info.hpp
[24.154s] -- Up-to-date: /home/rsa2021/py_pub_sub/install/comp3431_interfaces/include/comp3431_interfaces/srv/detail
[24.155s] -- Installing: /home/rsa2021/py_pub_sub/install/comp3431_interfaces/include/comp3431_interfaces/srv/detail/map_info__builder.hpp
[24.155s] -- Installing: /home/rsa2021/py_pub_sub/install/comp3431_interfaces/include/comp3431_interfaces/srv/detail/map_info__traits.hpp
[24.156s] -- Installing: /home/rsa2021/py_pub_sub/install/comp3431_interfaces/include/comp3431_interfaces/srv/detail/map_info__struct.hpp
[24.157s] -- Up-to-date: /home/rsa2021/py_pub_sub/install/comp3431_interfaces/include/comp3431_interfaces/msg
[24.158s] -- Installing: /home/rsa2021/py_pub_sub/install/comp3431_interfaces/include/comp3431_interfaces/msg/qr_code_block.hpp
[24.159s] -- Up-to-date: /home/rsa2021/py_pub_sub/install/comp3431_interfaces/include/comp3431_interfaces/msg/detail
[24.159s] -- Installing: /home/rsa2021/py_pub_sub/install/comp3431_interfaces/include/comp3431_interfaces/msg/detail/qr_code_block__traits.hpp
[24.160s] -- Installing: /home/rsa2021/py_pub_sub/install/comp3431_interfaces/include/comp3431_interfaces/msg/detail/qr_code_block__struct.hpp
[24.161s] -- Installing: /home/rsa2021/py_pub_sub/install/comp3431_interfaces/include/comp3431_interfaces/msg/detail/qr_code_block__builder.hpp
[24.162s] -- Up-to-date: /home/rsa2021/py_pub_sub/install/comp3431_interfaces/include/comp3431_interfaces
[24.163s] -- Up-to-date: /home/rsa2021/py_pub_sub/install/comp3431_interfaces/include/comp3431_interfaces/action
[24.163s] -- Up-to-date: /home/rsa2021/py_pub_sub/install/comp3431_interfaces/include/comp3431_interfaces/action/detail
[24.164s] -- Installing: /home/rsa2021/py_pub_sub/install/comp3431_interfaces/include/comp3431_interfaces/action/detail/move_object_to_room__type_support.cpp
[24.166s] -- Installing: /home/rsa2021/py_pub_sub/install/comp3431_interfaces/include/comp3431_interfaces/action/detail/move_object_to_room__rosidl_typesupport_introspection_cpp.hpp
[24.167s] -- Up-to-date: /home/rsa2021/py_pub_sub/install/comp3431_interfaces/include/comp3431_interfaces/srv
[24.168s] -- Up-to-date: /home/rsa2021/py_pub_sub/install/comp3431_interfaces/include/comp3431_interfaces/srv/detail
[24.168s] -- Installing: /home/rsa2021/py_pub_sub/install/comp3431_interfaces/include/comp3431_interfaces/srv/detail/map_info__rosidl_typesupport_introspection_cpp.hpp
[24.169s] -- Installing: /home/rsa2021/py_pub_sub/install/comp3431_interfaces/include/comp3431_interfaces/srv/detail/map_info__type_support.cpp
[24.169s] -- Up-to-date: /home/rsa2021/py_pub_sub/install/comp3431_interfaces/include/comp3431_interfaces/msg
[24.170s] -- Up-to-date: /home/rsa2021/py_pub_sub/install/comp3431_interfaces/include/comp3431_interfaces/msg/detail
[24.170s] -- Installing: /home/rsa2021/py_pub_sub/install/comp3431_interfaces/include/comp3431_interfaces/msg/detail/qr_code_block__rosidl_typesupport_introspection_cpp.hpp
[24.171s] -- Installing: /home/rsa2021/py_pub_sub/install/comp3431_interfaces/include/comp3431_interfaces/msg/detail/qr_code_block__type_support.cpp
[24.172s] -- Installing: /home/rsa2021/py_pub_sub/install/comp3431_interfaces/lib/libcomp3431_interfaces__rosidl_typesupport_introspection_cpp.so
[24.172s] -- Set runtime path of "/home/rsa2021/py_pub_sub/install/comp3431_interfaces/lib/libcomp3431_interfaces__rosidl_typesupport_introspection_cpp.so" to ""
[24.173s] -- Installing: /home/rsa2021/py_pub_sub/install/comp3431_interfaces/lib/libcomp3431_interfaces__rosidl_typesupport_cpp.so
[24.174s] -- Set runtime path of "/home/rsa2021/py_pub_sub/install/comp3431_interfaces/lib/libcomp3431_interfaces__rosidl_typesupport_cpp.so" to ""
[24.177s] -- Up-to-date: /home/rsa2021/py_pub_sub/install/comp3431_interfaces/share/comp3431_interfaces/environment/pythonpath.sh
[24.178s] -- Installing: /home/rsa2021/py_pub_sub/install/comp3431_interfaces/share/comp3431_interfaces/environment/pythonpath.dsv
[24.179s] -- Installing: /home/rsa2021/py_pub_sub/install/comp3431_interfaces/lib/python3.8/site-packages/comp3431_interfaces/__init__.py
[24.280s] Compiling '/home/rsa2021/py_pub_sub/install/comp3431_interfaces/lib/python3.8/site-packages/comp3431_interfaces/__init__.py'...
[24.290s] -- Up-to-date: /home/rsa2021/py_pub_sub/install/comp3431_interfaces/lib/python3.8/site-packages/comp3431_interfaces/msg
[24.291s] -- Installing: /home/rsa2021/py_pub_sub/install/comp3431_interfaces/lib/python3.8/site-packages/comp3431_interfaces/msg/__init__.py
[24.292s] -- Installing: /home/rsa2021/py_pub_sub/install/comp3431_interfaces/lib/python3.8/site-packages/comp3431_interfaces/msg/_qr_code_block.py
[24.293s] -- Installing: /home/rsa2021/py_pub_sub/install/comp3431_interfaces/lib/python3.8/site-packages/comp3431_interfaces/msg/_qr_code_block_s.c
[24.293s] -- Up-to-date: /home/rsa2021/py_pub_sub/install/comp3431_interfaces/lib/python3.8/site-packages/comp3431_interfaces/srv
[24.295s] -- Installing: /home/rsa2021/py_pub_sub/install/comp3431_interfaces/lib/python3.8/site-packages/comp3431_interfaces/srv/__init__.py
[24.295s] -- Installing: /home/rsa2021/py_pub_sub/install/comp3431_interfaces/lib/python3.8/site-packages/comp3431_interfaces/srv/_map_info_s.c
[24.296s] -- Installing: /home/rsa2021/py_pub_sub/install/comp3431_interfaces/lib/python3.8/site-packages/comp3431_interfaces/srv/_map_info.py
[24.297s] -- Up-to-date: /home/rsa2021/py_pub_sub/install/comp3431_interfaces/lib/python3.8/site-packages/comp3431_interfaces/action
[24.298s] -- Installing: /home/rsa2021/py_pub_sub/install/comp3431_interfaces/lib/python3.8/site-packages/comp3431_interfaces/action/__init__.py
[24.298s] -- Installing: /home/rsa2021/py_pub_sub/install/comp3431_interfaces/lib/python3.8/site-packages/comp3431_interfaces/action/_move_object_to_room.py
[24.299s] -- Installing: /home/rsa2021/py_pub_sub/install/comp3431_interfaces/lib/python3.8/site-packages/comp3431_interfaces/action/_move_object_to_room_s.c
[24.301s] -- Installing: /home/rsa2021/py_pub_sub/install/comp3431_interfaces/lib/python3.8/site-packages/comp3431_interfaces/comp3431_interfaces_s__rosidl_typesupport_fastrtps_c.cpython-38-x86_64-linux-gnu.so
[24.303s] -- Set runtime path of "/home/rsa2021/py_pub_sub/install/comp3431_interfaces/lib/python3.8/site-packages/comp3431_interfaces/comp3431_interfaces_s__rosidl_typesupport_fastrtps_c.cpython-38-x86_64-linux-gnu.so" to ""
[24.305s] -- Installing: /home/rsa2021/py_pub_sub/install/comp3431_interfaces/lib/python3.8/site-packages/comp3431_interfaces/comp3431_interfaces_s__rosidl_typesupport_introspection_c.cpython-38-x86_64-linux-gnu.so
[24.307s] -- Set runtime path of "/home/rsa2021/py_pub_sub/install/comp3431_interfaces/lib/python3.8/site-packages/comp3431_interfaces/comp3431_interfaces_s__rosidl_typesupport_introspection_c.cpython-38-x86_64-linux-gnu.so" to ""
[24.308s] -- Installing: /home/rsa2021/py_pub_sub/install/comp3431_interfaces/lib/python3.8/site-packages/comp3431_interfaces/comp3431_interfaces_s__rosidl_typesupport_c.cpython-38-x86_64-linux-gnu.so
[24.311s] -- Set runtime path of "/home/rsa2021/py_pub_sub/install/comp3431_interfaces/lib/python3.8/site-packages/comp3431_interfaces/comp3431_interfaces_s__rosidl_typesupport_c.cpython-38-x86_64-linux-gnu.so" to ""
[24.312s] -- Installing: /home/rsa2021/py_pub_sub/install/comp3431_interfaces/lib/libcomp3431_interfaces__python.so
[24.314s] -- Set runtime path of "/home/rsa2021/py_pub_sub/install/comp3431_interfaces/lib/libcomp3431_interfaces__python.so" to ""
[24.314s] -- Up-to-date: /home/rsa2021/py_pub_sub/install/comp3431_interfaces/share/comp3431_interfaces/msg/QRCodeBlock.idl
[24.315s] -- Up-to-date: /home/rsa2021/py_pub_sub/install/comp3431_interfaces/share/comp3431_interfaces/srv/MapInfo.idl
[24.316s] -- Installing: /home/rsa2021/py_pub_sub/install/comp3431_interfaces/share/comp3431_interfaces/action/MoveObjectToRoom.idl
[24.317s] -- Up-to-date: /home/rsa2021/py_pub_sub/install/comp3431_interfaces/share/comp3431_interfaces/msg/QRCodeBlock.msg
[24.318s] -- Up-to-date: /home/rsa2021/py_pub_sub/install/comp3431_interfaces/share/comp3431_interfaces/srv/MapInfo.srv
[24.318s] -- Up-to-date: /home/rsa2021/py_pub_sub/install/comp3431_interfaces/share/comp3431_interfaces/srv/MapInfo_Request.msg
[24.319s] -- Up-to-date: /home/rsa2021/py_pub_sub/install/comp3431_interfaces/share/comp3431_interfaces/srv/MapInfo_Response.msg
[24.319s] -- Installing: /home/rsa2021/py_pub_sub/install/comp3431_interfaces/share/comp3431_interfaces/action/MoveObjectToRoom.action
[24.320s] -- Up-to-date: /home/rsa2021/py_pub_sub/install/comp3431_interfaces/share/ament_index/resource_index/package_run_dependencies/comp3431_interfaces
[24.320s] -- Up-to-date: /home/rsa2021/py_pub_sub/install/comp3431_interfaces/share/ament_index/resource_index/parent_prefix_path/comp3431_interfaces
[24.321s] -- Up-to-date: /home/rsa2021/py_pub_sub/install/comp3431_interfaces/share/comp3431_interfaces/environment/ament_prefix_path.sh
[24.322s] -- Installing: /home/rsa2021/py_pub_sub/install/comp3431_interfaces/share/comp3431_interfaces/environment/ament_prefix_path.dsv
[24.323s] -- Up-to-date: /home/rsa2021/py_pub_sub/install/comp3431_interfaces/share/comp3431_interfaces/environment/path.sh
[24.323s] -- Installing: /home/rsa2021/py_pub_sub/install/comp3431_interfaces/share/comp3431_interfaces/environment/path.dsv
[24.324s] -- Up-to-date: /home/rsa2021/py_pub_sub/install/comp3431_interfaces/share/comp3431_interfaces/local_setup.bash
[24.327s] -- Up-to-date: /home/rsa2021/py_pub_sub/install/comp3431_interfaces/share/comp3431_interfaces/local_setup.sh
[24.327s] -- Up-to-date: /home/rsa2021/py_pub_sub/install/comp3431_interfaces/share/comp3431_interfaces/local_setup.zsh
[24.328s] -- Installing: /home/rsa2021/py_pub_sub/install/comp3431_interfaces/share/comp3431_interfaces/local_setup.dsv
[24.328s] -- Installing: /home/rsa2021/py_pub_sub/install/comp3431_interfaces/share/comp3431_interfaces/package.dsv
[24.329s] -- Up-to-date: /home/rsa2021/py_pub_sub/install/comp3431_interfaces/share/ament_index/resource_index/packages/comp3431_interfaces
[24.331s] -- Up-to-date: /home/rsa2021/py_pub_sub/install/comp3431_interfaces/share/comp3431_interfaces/cmake/comp3431_interfaces__rosidl_generator_cExport.cmake
[24.331s] -- Installing: /home/rsa2021/py_pub_sub/install/comp3431_interfaces/share/comp3431_interfaces/cmake/comp3431_interfaces__rosidl_generator_cExport-noconfig.cmake
[24.333s] -- Up-to-date: /home/rsa2021/py_pub_sub/install/comp3431_interfaces/share/comp3431_interfaces/cmake/comp3431_interfaces__rosidl_typesupport_introspection_cExport.cmake
[24.333s] -- Installing: /home/rsa2021/py_pub_sub/install/comp3431_interfaces/share/comp3431_interfaces/cmake/comp3431_interfaces__rosidl_typesupport_introspection_cExport-noconfig.cmake
[24.335s] -- Up-to-date: /home/rsa2021/py_pub_sub/install/comp3431_interfaces/share/comp3431_interfaces/cmake/comp3431_interfaces__rosidl_typesupport_cExport.cmake
[24.335s] -- Installing: /home/rsa2021/py_pub_sub/install/comp3431_interfaces/share/comp3431_interfaces/cmake/comp3431_interfaces__rosidl_typesupport_cExport-noconfig.cmake
[24.336s] -- Up-to-date: /home/rsa2021/py_pub_sub/install/comp3431_interfaces/share/comp3431_interfaces/cmake/comp3431_interfaces__rosidl_generator_cppExport.cmake
[24.337s] -- Up-to-date: /home/rsa2021/py_pub_sub/install/comp3431_interfaces/share/comp3431_interfaces/cmake/comp3431_interfaces__rosidl_typesupport_introspection_cppExport.cmake
[24.338s] -- Installing: /home/rsa2021/py_pub_sub/install/comp3431_interfaces/share/comp3431_interfaces/cmake/comp3431_interfaces__rosidl_typesupport_introspection_cppExport-noconfig.cmake
[24.339s] -- Up-to-date: /home/rsa2021/py_pub_sub/install/comp3431_interfaces/share/comp3431_interfaces/cmake/comp3431_interfaces__rosidl_typesupport_cppExport.cmake
[24.340s] -- Installing: /home/rsa2021/py_pub_sub/install/comp3431_interfaces/share/comp3431_interfaces/cmake/comp3431_interfaces__rosidl_typesupport_cppExport-noconfig.cmake
[24.341s] -- Up-to-date: /home/rsa2021/py_pub_sub/install/comp3431_interfaces/share/comp3431_interfaces/cmake/rosidl_cmake-extras.cmake
[24.342s] -- Up-to-date: /home/rsa2021/py_pub_sub/install/comp3431_interfaces/share/comp3431_interfaces/cmake/ament_cmake_export_dependencies-extras.cmake
[24.343s] -- Up-to-date: /home/rsa2021/py_pub_sub/install/comp3431_interfaces/share/comp3431_interfaces/cmake/ament_cmake_export_libraries-extras.cmake
[24.343s] -- Up-to-date: /home/rsa2021/py_pub_sub/install/comp3431_interfaces/share/comp3431_interfaces/cmake/ament_cmake_export_targets-extras.cmake
[24.344s] -- Up-to-date: /home/rsa2021/py_pub_sub/install/comp3431_interfaces/share/comp3431_interfaces/cmake/ament_cmake_export_include_directories-extras.cmake
[24.345s] -- Up-to-date: /home/rsa2021/py_pub_sub/install/comp3431_interfaces/share/comp3431_interfaces/cmake/rosidl_cmake_export_typesupport_libraries-extras.cmake
[24.346s] -- Up-to-date: /home/rsa2021/py_pub_sub/install/comp3431_interfaces/share/comp3431_interfaces/cmake/rosidl_cmake_export_typesupport_targets-extras.cmake
[24.346s] -- Up-to-date: /home/rsa2021/py_pub_sub/install/comp3431_interfaces/share/comp3431_interfaces/cmake/comp3431_interfacesConfig.cmake
[24.347s] -- Up-to-date: /home/rsa2021/py_pub_sub/install/comp3431_interfaces/share/comp3431_interfaces/cmake/comp3431_interfacesConfig-version.cmake
[24.347s] -- Up-to-date: /home/rsa2021/py_pub_sub/install/comp3431_interfaces/share/comp3431_interfaces/package.xml
[24.358s] Invoked command in '/home/rsa2021/py_pub_sub/build/comp3431_interfaces' returned '0': CMAKE_PREFIX_PATH=/home/rsa2021/py_pub_sub/install/zbar_ros:/home/rsa2021/py_pub_sub/install/zbar_ros_interfaces:/home/rsa2021/py_pub_sub/install/publisher3431:/home/rsa2021/py_pub_sub/install/map_server:/home/rsa2021/dev_ws/install/py_srvcli:/home/rsa2021/dev_ws/install/py_pubsub:/home/rsa2021/dev_ws/install/learning_tf2_py:/home/rsa2021/dev_ws/install/my_package:/opt/ros/foxy:/home/rsa2021/py_pub_sub/install/image_publisher:/home/rsa2021/py_pub_sub/install/comp3431_interfaces:/home/rsa2021/py_pub_sub/install/comp3431_ass3_worlds:/home/rsa2021/dev_ws/install/tutorial_interfaces:/home/rsa2021/dev_ws/install/turtlesim:/home/rsa2021/dev_ws/install/comp3431_interfaces /usr/bin/cmake --install /home/rsa2021/py_pub_sub/build/comp3431_interfaces
