[0.034s] Invoking command in '/home/rsa2021/py_pub_sub/build/zbar_ros': CMAKE_PREFIX_PATH=/home/rsa2021/py_pub_sub/install/zbar_ros_interfaces:/home/rsa2021/py_pub_sub/install/zbar_ros:/home/rsa2021/py_pub_sub/install/publisher3431:/opt/ros/foxy:/home/rsa2021/py_pub_sub/install/image_publisher /usr/bin/cmake --build /home/rsa2021/py_pub_sub/build/zbar_ros -- -j3 -l3
[0.233s] [ 50%] Built target barcode_reader_node
[0.322s] [100%] Built target barcode_reader
[0.353s] Invoked command in '/home/rsa2021/py_pub_sub/build/zbar_ros' returned '0': CMAKE_PREFIX_PATH=/home/rsa2021/py_pub_sub/install/zbar_ros_interfaces:/home/rsa2021/py_pub_sub/install/zbar_ros:/home/rsa2021/py_pub_sub/install/publisher3431:/opt/ros/foxy:/home/rsa2021/py_pub_sub/install/image_publisher /usr/bin/cmake --build /home/rsa2021/py_pub_sub/build/zbar_ros -- -j3 -l3
[0.432s] Invoking command in '/home/rsa2021/py_pub_sub/build/zbar_ros': CMAKE_PREFIX_PATH=/home/rsa2021/py_pub_sub/install/zbar_ros_interfaces:/home/rsa2021/py_pub_sub/install/zbar_ros:/home/rsa2021/py_pub_sub/install/publisher3431:/opt/ros/foxy:/home/rsa2021/py_pub_sub/install/image_publisher /usr/bin/cmake --install /home/rsa2021/py_pub_sub/build/zbar_ros
[0.454s] -- Install configuration: ""
[0.458s] -- Up-to-date: /home/rsa2021/py_pub_sub/install/zbar_ros/lib/zbar_ros/barcode_reader
[0.459s] -- Up-to-date: /home/rsa2021/py_pub_sub/install/zbar_ros/include/
[0.460s] -- Up-to-date: /home/rsa2021/py_pub_sub/install/zbar_ros/include//zbar_ros
[0.460s] -- Up-to-date: /home/rsa2021/py_pub_sub/install/zbar_ros/include//zbar_ros/barcode_reader_node.hpp
[0.460s] -- Up-to-date: /home/rsa2021/py_pub_sub/install/zbar_ros/lib/libbarcode_reader_node.a
[0.460s] -- Up-to-date: /home/rsa2021/py_pub_sub/install/zbar_ros/share/ament_index/resource_index/package_run_dependencies/zbar_ros
[0.461s] -- Up-to-date: /home/rsa2021/py_pub_sub/install/zbar_ros/share/ament_index/resource_index/parent_prefix_path/zbar_ros
[0.462s] -- Up-to-date: /home/rsa2021/py_pub_sub/install/zbar_ros/share/zbar_ros/environment/ament_prefix_path.sh
[0.462s] -- Up-to-date: /home/rsa2021/py_pub_sub/install/zbar_ros/share/zbar_ros/environment/ament_prefix_path.dsv
[0.462s] -- Up-to-date: /home/rsa2021/py_pub_sub/install/zbar_ros/share/zbar_ros/environment/path.sh
[0.464s] -- Up-to-date: /home/rsa2021/py_pub_sub/install/zbar_ros/share/zbar_ros/environment/path.dsv
[0.464s] -- Up-to-date: /home/rsa2021/py_pub_sub/install/zbar_ros/share/zbar_ros/local_setup.bash
[0.464s] -- Up-to-date: /home/rsa2021/py_pub_sub/install/zbar_ros/share/zbar_ros/local_setup.sh
[0.464s] -- Up-to-date: /home/rsa2021/py_pub_sub/install/zbar_ros/share/zbar_ros/local_setup.zsh
[0.464s] -- Up-to-date: /home/rsa2021/py_pub_sub/install/zbar_ros/share/zbar_ros/local_setup.dsv
[0.464s] -- Installing: /home/rsa2021/py_pub_sub/install/zbar_ros/share/zbar_ros/package.dsv
[0.465s] -- Up-to-date: /home/rsa2021/py_pub_sub/install/zbar_ros/share/ament_index/resource_index/packages/zbar_ros
[0.465s] -- Up-to-date: /home/rsa2021/py_pub_sub/install/zbar_ros/share/zbar_ros/cmake/zbar_rosConfig.cmake
[0.465s] -- Up-to-date: /home/rsa2021/py_pub_sub/install/zbar_ros/share/zbar_ros/cmake/zbar_rosConfig-version.cmake
[0.465s] -- Up-to-date: /home/rsa2021/py_pub_sub/install/zbar_ros/share/zbar_ros/package.xml
[0.469s] Invoked command in '/home/rsa2021/py_pub_sub/build/zbar_ros' returned '0': CMAKE_PREFIX_PATH=/home/rsa2021/py_pub_sub/install/zbar_ros_interfaces:/home/rsa2021/py_pub_sub/install/zbar_ros:/home/rsa2021/py_pub_sub/install/publisher3431:/opt/ros/foxy:/home/rsa2021/py_pub_sub/install/image_publisher /usr/bin/cmake --install /home/rsa2021/py_pub_sub/build/zbar_ros
