[0.124s] Invoking command in '/home/rsa2021/py_pub_sub/build/comp3431_interfaces': CMAKE_PREFIX_PATH=/home/rsa2021/py_pub_sub/install/zbar_ros:/home/rsa2021/py_pub_sub/install/zbar_ros_interfaces:/home/rsa2021/py_pub_sub/install/publisher3431:/home/rsa2021/py_pub_sub/install/map_server:/home/rsa2021/dev_ws/install/py_srvcli:/home/rsa2021/dev_ws/install/py_pubsub:/home/rsa2021/dev_ws/install/learning_tf2_py:/home/rsa2021/dev_ws/install/my_package:/opt/ros/foxy:/home/rsa2021/py_pub_sub/install/image_publisher:/home/rsa2021/py_pub_sub/install/comp3431_interfaces:/home/rsa2021/py_pub_sub/install/comp3431_ass3_worlds:/home/rsa2021/dev_ws/install/tutorial_interfaces:/home/rsa2021/dev_ws/install/turtlesim:/home/rsa2021/dev_ws/install/comp3431_interfaces /usr/bin/cmake --build /home/rsa2021/py_pub_sub/build/comp3431_interfaces -- -j3 -l3
[0.373s] [ 10%] Built target comp3431_interfaces__rosidl_generator_c
[0.460s] [ 12%] Built target comp3431_interfaces__cpp
[0.536s] [ 23%] Built target comp3431_interfaces__rosidl_typesupport_c
[0.637s] [ 34%] Built target comp3431_interfaces__rosidl_typesupport_introspection_c
[0.658s] [ 44%] Built target comp3431_interfaces__rosidl_typesupport_cpp
[0.760s] [ 55%] Built target comp3431_interfaces__rosidl_typesupport_fastrtps_cpp
[0.809s] [ 65%] Built target comp3431_interfaces__rosidl_typesupport_introspection_cpp
[0.907s] [ 76%] Built target comp3431_interfaces__rosidl_typesupport_fastrtps_c
[0.995s] [ 76%] Built target comp3431_interfaces
[1.088s] [ 78%] Built target comp3431_interfaces__py
[1.216s] [ 87%] Built target comp3431_interfaces__python
[1.415s] [ 91%] Built target comp3431_interfaces__rosidl_typesupport_fastrtps_c__pyext
[1.415s] [ 95%] Built target comp3431_interfaces__rosidl_typesupport_c__pyext
[1.436s] [100%] Built target comp3431_interfaces__rosidl_typesupport_introspection_c__pyext
[2.230s] Invoked command in '/home/rsa2021/py_pub_sub/build/comp3431_interfaces' returned '0': CMAKE_PREFIX_PATH=/home/rsa2021/py_pub_sub/install/zbar_ros:/home/rsa2021/py_pub_sub/install/zbar_ros_interfaces:/home/rsa2021/py_pub_sub/install/publisher3431:/home/rsa2021/py_pub_sub/install/map_server:/home/rsa2021/dev_ws/install/py_srvcli:/home/rsa2021/dev_ws/install/py_pubsub:/home/rsa2021/dev_ws/install/learning_tf2_py:/home/rsa2021/dev_ws/install/my_package:/opt/ros/foxy:/home/rsa2021/py_pub_sub/install/image_publisher:/home/rsa2021/py_pub_sub/install/comp3431_interfaces:/home/rsa2021/py_pub_sub/install/comp3431_ass3_worlds:/home/rsa2021/dev_ws/install/tutorial_interfaces:/home/rsa2021/dev_ws/install/turtlesim:/home/rsa2021/dev_ws/install/comp3431_interfaces /usr/bin/cmake --build /home/rsa2021/py_pub_sub/build/comp3431_interfaces -- -j3 -l3
[2.662s] Invoking command in '/home/rsa2021/py_pub_sub/build/comp3431_interfaces': CMAKE_PREFIX_PATH=/home/rsa2021/py_pub_sub/install/zbar_ros:/home/rsa2021/py_pub_sub/install/zbar_ros_interfaces:/home/rsa2021/py_pub_sub/install/publisher3431:/home/rsa2021/py_pub_sub/install/map_server:/home/rsa2021/dev_ws/install/py_srvcli:/home/rsa2021/dev_ws/install/py_pubsub:/home/rsa2021/dev_ws/install/learning_tf2_py:/home/rsa2021/dev_ws/install/my_package:/opt/ros/foxy:/home/rsa2021/py_pub_sub/install/image_publisher:/home/rsa2021/py_pub_sub/install/comp3431_interfaces:/home/rsa2021/py_pub_sub/install/comp3431_ass3_worlds:/home/rsa2021/dev_ws/install/tutorial_interfaces:/home/rsa2021/dev_ws/install/turtlesim:/home/rsa2021/dev_ws/install/comp3431_interfaces /usr/bin/cmake --install /home/rsa2021/py_pub_sub/build/comp3431_interfaces
[2.705s] -- Install configuration: ""
[2.705s] -- Up-to-date: /home/rsa2021/py_pub_sub/install/comp3431_interfaces/share/ament_index/resource_index/rosidl_interfaces/comp3431_interfaces
[2.706s] -- Up-to-date: /home/rsa2021/py_pub_sub/install/comp3431_interfaces/include/comp3431_interfaces
[2.707s] -- Up-to-date: /home/rsa2021/py_pub_sub/install/comp3431_interfaces/include/comp3431_interfaces/action
[2.707s] -- Up-to-date: /home/rsa2021/py_pub_sub/install/comp3431_interfaces/include/comp3431_interfaces/action/move_object_to_room.h
[2.709s] -- Up-to-date: /home/rsa2021/py_pub_sub/install/comp3431_interfaces/include/comp3431_interfaces/action/detail
[2.710s] -- Up-to-date: /home/rsa2021/py_pub_sub/install/comp3431_interfaces/include/comp3431_interfaces/action/detail/move_object_to_room__struct.h
[2.711s] -- Up-to-date: /home/rsa2021/py_pub_sub/install/comp3431_interfaces/include/comp3431_interfaces/action/detail/move_object_to_room__functions.h
[2.712s] -- Up-to-date: /home/rsa2021/py_pub_sub/install/comp3431_interfaces/include/comp3431_interfaces/action/detail/move_object_to_room__type_support.h
[2.712s] -- Up-to-date: /home/rsa2021/py_pub_sub/install/comp3431_interfaces/include/comp3431_interfaces/action/detail/move_object_to_room__functions.c
[2.713s] -- Up-to-date: /home/rsa2021/py_pub_sub/install/comp3431_interfaces/include/comp3431_interfaces/srv
[2.720s] -- Up-to-date: /home/rsa2021/py_pub_sub/install/comp3431_interfaces/include/comp3431_interfaces/srv/map_info.h
[2.721s] -- Up-to-date: /home/rsa2021/py_pub_sub/install/comp3431_interfaces/include/comp3431_interfaces/srv/detail
[2.722s] -- Up-to-date: /home/rsa2021/py_pub_sub/install/comp3431_interfaces/include/comp3431_interfaces/srv/detail/map_info__functions.c
[2.722s] -- Up-to-date: /home/rsa2021/py_pub_sub/install/comp3431_interfaces/include/comp3431_interfaces/srv/detail/map_info__functions.h
[2.723s] -- Up-to-date: /home/rsa2021/py_pub_sub/install/comp3431_interfaces/include/comp3431_interfaces/srv/detail/map_info__struct.h
[2.724s] -- Up-to-date: /home/rsa2021/py_pub_sub/install/comp3431_interfaces/include/comp3431_interfaces/srv/detail/map_info__type_support.h
[2.725s] -- Up-to-date: /home/rsa2021/py_pub_sub/install/comp3431_interfaces/include/comp3431_interfaces/msg
[2.725s] -- Up-to-date: /home/rsa2021/py_pub_sub/install/comp3431_interfaces/include/comp3431_interfaces/msg/qr_code_block.h
[2.726s] -- Up-to-date: /home/rsa2021/py_pub_sub/install/comp3431_interfaces/include/comp3431_interfaces/msg/detail
[2.727s] -- Up-to-date: /home/rsa2021/py_pub_sub/install/comp3431_interfaces/include/comp3431_interfaces/msg/detail/qr_code_block__type_support.h
[2.737s] -- Up-to-date: /home/rsa2021/py_pub_sub/install/comp3431_interfaces/include/comp3431_interfaces/msg/detail/qr_code_block__struct.h
[2.738s] -- Up-to-date: /home/rsa2021/py_pub_sub/install/comp3431_interfaces/include/comp3431_interfaces/msg/detail/qr_code_block__functions.c
[2.746s] -- Up-to-date: /home/rsa2021/py_pub_sub/install/comp3431_interfaces/include/comp3431_interfaces/msg/detail/qr_code_block__functions.h
[2.747s] -- Up-to-date: /home/rsa2021/py_pub_sub/install/comp3431_interfaces/include/comp3431_interfaces/msg/rosidl_generator_c__visibility_control.h
[2.748s] -- Up-to-date: /home/rsa2021/py_pub_sub/install/comp3431_interfaces/share/comp3431_interfaces/environment/library_path.sh
[2.748s] -- Up-to-date: /home/rsa2021/py_pub_sub/install/comp3431_interfaces/share/comp3431_interfaces/environment/library_path.dsv
[2.748s] -- Up-to-date: /home/rsa2021/py_pub_sub/install/comp3431_interfaces/lib/libcomp3431_interfaces__rosidl_generator_c.so
[2.749s] -- Up-to-date: /home/rsa2021/py_pub_sub/install/comp3431_interfaces/include/comp3431_interfaces
[2.749s] -- Up-to-date: /home/rsa2021/py_pub_sub/install/comp3431_interfaces/include/comp3431_interfaces/action
[2.750s] -- Up-to-date: /home/rsa2021/py_pub_sub/install/comp3431_interfaces/include/comp3431_interfaces/action/detail
[2.750s] -- Up-to-date: /home/rsa2021/py_pub_sub/install/comp3431_interfaces/include/comp3431_interfaces/action/detail/move_object_to_room__rosidl_typesupport_fastrtps_c.h
[2.755s] -- Up-to-date: /home/rsa2021/py_pub_sub/install/comp3431_interfaces/include/comp3431_interfaces/srv
[2.756s] -- Up-to-date: /home/rsa2021/py_pub_sub/install/comp3431_interfaces/include/comp3431_interfaces/srv/detail
[2.756s] -- Up-to-date: /home/rsa2021/py_pub_sub/install/comp3431_interfaces/include/comp3431_interfaces/srv/detail/map_info__rosidl_typesupport_fastrtps_c.h
[2.756s] -- Up-to-date: /home/rsa2021/py_pub_sub/install/comp3431_interfaces/include/comp3431_interfaces/msg
[2.756s] -- Up-to-date: /home/rsa2021/py_pub_sub/install/comp3431_interfaces/include/comp3431_interfaces/msg/detail
[2.757s] -- Up-to-date: /home/rsa2021/py_pub_sub/install/comp3431_interfaces/include/comp3431_interfaces/msg/detail/qr_code_block__rosidl_typesupport_fastrtps_c.h
[2.757s] -- Up-to-date: /home/rsa2021/py_pub_sub/install/comp3431_interfaces/include/comp3431_interfaces/msg/rosidl_typesupport_fastrtps_c__visibility_control.h
[2.757s] -- Up-to-date: /home/rsa2021/py_pub_sub/install/comp3431_interfaces/lib/libcomp3431_interfaces__rosidl_typesupport_fastrtps_c.so
[2.757s] -- Up-to-date: /home/rsa2021/py_pub_sub/install/comp3431_interfaces/include/comp3431_interfaces
[2.758s] -- Up-to-date: /home/rsa2021/py_pub_sub/install/comp3431_interfaces/include/comp3431_interfaces/action
[2.758s] -- Up-to-date: /home/rsa2021/py_pub_sub/install/comp3431_interfaces/include/comp3431_interfaces/action/detail
[2.758s] -- Up-to-date: /home/rsa2021/py_pub_sub/install/comp3431_interfaces/include/comp3431_interfaces/action/detail/dds_fastrtps
[2.759s] -- Up-to-date: /home/rsa2021/py_pub_sub/install/comp3431_interfaces/include/comp3431_interfaces/action/detail/move_object_to_room__rosidl_typesupport_fastrtps_cpp.hpp
[2.759s] -- Up-to-date: /home/rsa2021/py_pub_sub/install/comp3431_interfaces/include/comp3431_interfaces/srv
[2.759s] -- Up-to-date: /home/rsa2021/py_pub_sub/install/comp3431_interfaces/include/comp3431_interfaces/srv/detail
[2.760s] -- Up-to-date: /home/rsa2021/py_pub_sub/install/comp3431_interfaces/include/comp3431_interfaces/srv/detail/dds_fastrtps
[2.760s] -- Up-to-date: /home/rsa2021/py_pub_sub/install/comp3431_interfaces/include/comp3431_interfaces/srv/detail/map_info__rosidl_typesupport_fastrtps_cpp.hpp
[2.760s] -- Up-to-date: /home/rsa2021/py_pub_sub/install/comp3431_interfaces/include/comp3431_interfaces/msg
[2.761s] -- Up-to-date: /home/rsa2021/py_pub_sub/install/comp3431_interfaces/include/comp3431_interfaces/msg/rosidl_typesupport_fastrtps_cpp__visibility_control.h
[2.761s] -- Up-to-date: /home/rsa2021/py_pub_sub/install/comp3431_interfaces/include/comp3431_interfaces/msg/detail
[2.761s] -- Up-to-date: /home/rsa2021/py_pub_sub/install/comp3431_interfaces/include/comp3431_interfaces/msg/detail/dds_fastrtps
[2.762s] -- Up-to-date: /home/rsa2021/py_pub_sub/install/comp3431_interfaces/include/comp3431_interfaces/msg/detail/qr_code_block__rosidl_typesupport_fastrtps_cpp.hpp
[2.762s] -- Up-to-date: /home/rsa2021/py_pub_sub/install/comp3431_interfaces/lib/libcomp3431_interfaces__rosidl_typesupport_fastrtps_cpp.so
[2.762s] -- Up-to-date: /home/rsa2021/py_pub_sub/install/comp3431_interfaces/include/comp3431_interfaces
[2.763s] -- Up-to-date: /home/rsa2021/py_pub_sub/install/comp3431_interfaces/include/comp3431_interfaces/action
[2.763s] -- Up-to-date: /home/rsa2021/py_pub_sub/install/comp3431_interfaces/include/comp3431_interfaces/action/detail
[2.763s] -- Up-to-date: /home/rsa2021/py_pub_sub/install/comp3431_interfaces/include/comp3431_interfaces/action/detail/move_object_to_room__rosidl_typesupport_introspection_c.h
[2.764s] -- Up-to-date: /home/rsa2021/py_pub_sub/install/comp3431_interfaces/include/comp3431_interfaces/action/detail/move_object_to_room__type_support.c
[2.774s] -- Up-to-date: /home/rsa2021/py_pub_sub/install/comp3431_interfaces/include/comp3431_interfaces/srv
[2.777s] -- Up-to-date: /home/rsa2021/py_pub_sub/install/comp3431_interfaces/include/comp3431_interfaces/srv/detail
[2.777s] -- Up-to-date: /home/rsa2021/py_pub_sub/install/comp3431_interfaces/include/comp3431_interfaces/srv/detail/map_info__type_support.c
[2.777s] -- Up-to-date: /home/rsa2021/py_pub_sub/install/comp3431_interfaces/include/comp3431_interfaces/srv/detail/map_info__rosidl_typesupport_introspection_c.h
[2.778s] -- Up-to-date: /home/rsa2021/py_pub_sub/install/comp3431_interfaces/include/comp3431_interfaces/msg
[2.778s] -- Up-to-date: /home/rsa2021/py_pub_sub/install/comp3431_interfaces/include/comp3431_interfaces/msg/detail
[2.779s] -- Up-to-date: /home/rsa2021/py_pub_sub/install/comp3431_interfaces/include/comp3431_interfaces/msg/detail/qr_code_block__type_support.c
[2.780s] -- Up-to-date: /home/rsa2021/py_pub_sub/install/comp3431_interfaces/include/comp3431_interfaces/msg/detail/qr_code_block__rosidl_typesupport_introspection_c.h
[2.780s] -- Up-to-date: /home/rsa2021/py_pub_sub/install/comp3431_interfaces/include/comp3431_interfaces/msg/rosidl_typesupport_introspection_c__visibility_control.h
[2.780s] -- Up-to-date: /home/rsa2021/py_pub_sub/install/comp3431_interfaces/lib/libcomp3431_interfaces__rosidl_typesupport_introspection_c.so
[2.780s] -- Up-to-date: /home/rsa2021/py_pub_sub/install/comp3431_interfaces/lib/libcomp3431_interfaces__rosidl_typesupport_c.so
[2.780s] -- Up-to-date: /home/rsa2021/py_pub_sub/install/comp3431_interfaces/include/comp3431_interfaces
[2.781s] -- Up-to-date: /home/rsa2021/py_pub_sub/install/comp3431_interfaces/include/comp3431_interfaces/action
[2.781s] -- Up-to-date: /home/rsa2021/py_pub_sub/install/comp3431_interfaces/include/comp3431_interfaces/action/move_object_to_room.hpp
[2.781s] -- Up-to-date: /home/rsa2021/py_pub_sub/install/comp3431_interfaces/include/comp3431_interfaces/action/detail
[2.781s] -- Up-to-date: /home/rsa2021/py_pub_sub/install/comp3431_interfaces/include/comp3431_interfaces/action/detail/move_object_to_room__struct.hpp
[2.782s] -- Up-to-date: /home/rsa2021/py_pub_sub/install/comp3431_interfaces/include/comp3431_interfaces/action/detail/move_object_to_room__builder.hpp
[2.782s] -- Up-to-date: /home/rsa2021/py_pub_sub/install/comp3431_interfaces/include/comp3431_interfaces/action/detail/move_object_to_room__traits.hpp
[2.782s] -- Up-to-date: /home/rsa2021/py_pub_sub/install/comp3431_interfaces/include/comp3431_interfaces/srv
[2.782s] -- Up-to-date: /home/rsa2021/py_pub_sub/install/comp3431_interfaces/include/comp3431_interfaces/srv/map_info.hpp
[2.782s] -- Up-to-date: /home/rsa2021/py_pub_sub/install/comp3431_interfaces/include/comp3431_interfaces/srv/detail
[2.782s] -- Up-to-date: /home/rsa2021/py_pub_sub/install/comp3431_interfaces/include/comp3431_interfaces/srv/detail/map_info__builder.hpp
[2.783s] -- Up-to-date: /home/rsa2021/py_pub_sub/install/comp3431_interfaces/include/comp3431_interfaces/srv/detail/map_info__traits.hpp
[2.783s] -- Up-to-date: /home/rsa2021/py_pub_sub/install/comp3431_interfaces/include/comp3431_interfaces/srv/detail/map_info__struct.hpp
[2.783s] -- Up-to-date: /home/rsa2021/py_pub_sub/install/comp3431_interfaces/include/comp3431_interfaces/msg
[2.783s] -- Up-to-date: /home/rsa2021/py_pub_sub/install/comp3431_interfaces/include/comp3431_interfaces/msg/qr_code_block.hpp
[2.783s] -- Up-to-date: /home/rsa2021/py_pub_sub/install/comp3431_interfaces/include/comp3431_interfaces/msg/detail
[2.784s] -- Up-to-date: /home/rsa2021/py_pub_sub/install/comp3431_interfaces/include/comp3431_interfaces/msg/detail/qr_code_block__traits.hpp
[2.784s] -- Up-to-date: /home/rsa2021/py_pub_sub/install/comp3431_interfaces/include/comp3431_interfaces/msg/detail/qr_code_block__struct.hpp
[2.784s] -- Up-to-date: /home/rsa2021/py_pub_sub/install/comp3431_interfaces/include/comp3431_interfaces/msg/detail/qr_code_block__builder.hpp
[2.784s] -- Up-to-date: /home/rsa2021/py_pub_sub/install/comp3431_interfaces/include/comp3431_interfaces
[2.785s] -- Up-to-date: /home/rsa2021/py_pub_sub/install/comp3431_interfaces/include/comp3431_interfaces/action
[2.785s] -- Up-to-date: /home/rsa2021/py_pub_sub/install/comp3431_interfaces/include/comp3431_interfaces/action/detail
[2.785s] -- Up-to-date: /home/rsa2021/py_pub_sub/install/comp3431_interfaces/include/comp3431_interfaces/action/detail/move_object_to_room__type_support.cpp
[2.785s] -- Up-to-date: /home/rsa2021/py_pub_sub/install/comp3431_interfaces/include/comp3431_interfaces/action/detail/move_object_to_room__rosidl_typesupport_introspection_cpp.hpp
[2.785s] -- Up-to-date: /home/rsa2021/py_pub_sub/install/comp3431_interfaces/include/comp3431_interfaces/srv
[2.786s] -- Up-to-date: /home/rsa2021/py_pub_sub/install/comp3431_interfaces/include/comp3431_interfaces/srv/detail
[2.786s] -- Up-to-date: /home/rsa2021/py_pub_sub/install/comp3431_interfaces/include/comp3431_interfaces/srv/detail/map_info__rosidl_typesupport_introspection_cpp.hpp
[2.786s] -- Up-to-date: /home/rsa2021/py_pub_sub/install/comp3431_interfaces/include/comp3431_interfaces/srv/detail/map_info__type_support.cpp
[2.786s] -- Up-to-date: /home/rsa2021/py_pub_sub/install/comp3431_interfaces/include/comp3431_interfaces/msg
[2.786s] -- Up-to-date: /home/rsa2021/py_pub_sub/install/comp3431_interfaces/include/comp3431_interfaces/msg/detail
[2.786s] -- Up-to-date: /home/rsa2021/py_pub_sub/install/comp3431_interfaces/include/comp3431_interfaces/msg/detail/qr_code_block__rosidl_typesupport_introspection_cpp.hpp
[2.787s] -- Up-to-date: /home/rsa2021/py_pub_sub/install/comp3431_interfaces/include/comp3431_interfaces/msg/detail/qr_code_block__type_support.cpp
[2.787s] -- Up-to-date: /home/rsa2021/py_pub_sub/install/comp3431_interfaces/lib/libcomp3431_interfaces__rosidl_typesupport_introspection_cpp.so
[2.787s] -- Up-to-date: /home/rsa2021/py_pub_sub/install/comp3431_interfaces/lib/libcomp3431_interfaces__rosidl_typesupport_cpp.so
[2.787s] -- Up-to-date: /home/rsa2021/py_pub_sub/install/comp3431_interfaces/share/comp3431_interfaces/environment/pythonpath.sh
[2.788s] -- Up-to-date: /home/rsa2021/py_pub_sub/install/comp3431_interfaces/share/comp3431_interfaces/environment/pythonpath.dsv
[2.802s] -- Up-to-date: /home/rsa2021/py_pub_sub/install/comp3431_interfaces/lib/python3.8/site-packages/comp3431_interfaces/__init__.py
[2.921s] -- Up-to-date: /home/rsa2021/py_pub_sub/install/comp3431_interfaces/lib/python3.8/site-packages/comp3431_interfaces/msg
[2.921s] -- Up-to-date: /home/rsa2021/py_pub_sub/install/comp3431_interfaces/lib/python3.8/site-packages/comp3431_interfaces/msg/__init__.py
[2.921s] -- Up-to-date: /home/rsa2021/py_pub_sub/install/comp3431_interfaces/lib/python3.8/site-packages/comp3431_interfaces/msg/_qr_code_block.py
[2.922s] -- Up-to-date: /home/rsa2021/py_pub_sub/install/comp3431_interfaces/lib/python3.8/site-packages/comp3431_interfaces/msg/_qr_code_block_s.c
[2.922s] -- Up-to-date: /home/rsa2021/py_pub_sub/install/comp3431_interfaces/lib/python3.8/site-packages/comp3431_interfaces/srv
[2.922s] -- Up-to-date: /home/rsa2021/py_pub_sub/install/comp3431_interfaces/lib/python3.8/site-packages/comp3431_interfaces/srv/__init__.py
[2.923s] -- Up-to-date: /home/rsa2021/py_pub_sub/install/comp3431_interfaces/lib/python3.8/site-packages/comp3431_interfaces/srv/_map_info_s.c
[2.924s] -- Up-to-date: /home/rsa2021/py_pub_sub/install/comp3431_interfaces/lib/python3.8/site-packages/comp3431_interfaces/srv/_map_info.py
[2.924s] -- Up-to-date: /home/rsa2021/py_pub_sub/install/comp3431_interfaces/lib/python3.8/site-packages/comp3431_interfaces/action
[2.925s] -- Up-to-date: /home/rsa2021/py_pub_sub/install/comp3431_interfaces/lib/python3.8/site-packages/comp3431_interfaces/action/__init__.py
[2.925s] -- Up-to-date: /home/rsa2021/py_pub_sub/install/comp3431_interfaces/lib/python3.8/site-packages/comp3431_interfaces/action/_move_object_to_room.py
[2.925s] -- Up-to-date: /home/rsa2021/py_pub_sub/install/comp3431_interfaces/lib/python3.8/site-packages/comp3431_interfaces/action/_move_object_to_room_s.c
[2.926s] -- Up-to-date: /home/rsa2021/py_pub_sub/install/comp3431_interfaces/lib/python3.8/site-packages/comp3431_interfaces/comp3431_interfaces_s__rosidl_typesupport_fastrtps_c.cpython-38-x86_64-linux-gnu.so
[2.928s] -- Up-to-date: /home/rsa2021/py_pub_sub/install/comp3431_interfaces/lib/python3.8/site-packages/comp3431_interfaces/comp3431_interfaces_s__rosidl_typesupport_introspection_c.cpython-38-x86_64-linux-gnu.so
[2.932s] -- Up-to-date: /home/rsa2021/py_pub_sub/install/comp3431_interfaces/lib/python3.8/site-packages/comp3431_interfaces/comp3431_interfaces_s__rosidl_typesupport_c.cpython-38-x86_64-linux-gnu.so
[2.935s] -- Up-to-date: /home/rsa2021/py_pub_sub/install/comp3431_interfaces/lib/libcomp3431_interfaces__python.so
[2.936s] -- Up-to-date: /home/rsa2021/py_pub_sub/install/comp3431_interfaces/share/comp3431_interfaces/msg/QRCodeBlock.idl
[2.937s] -- Up-to-date: /home/rsa2021/py_pub_sub/install/comp3431_interfaces/share/comp3431_interfaces/srv/MapInfo.idl
[2.938s] -- Up-to-date: /home/rsa2021/py_pub_sub/install/comp3431_interfaces/share/comp3431_interfaces/action/MoveObjectToRoom.idl
[2.939s] -- Up-to-date: /home/rsa2021/py_pub_sub/install/comp3431_interfaces/share/comp3431_interfaces/msg/QRCodeBlock.msg
[2.940s] -- Up-to-date: /home/rsa2021/py_pub_sub/install/comp3431_interfaces/share/comp3431_interfaces/srv/MapInfo.srv
[2.941s] -- Up-to-date: /home/rsa2021/py_pub_sub/install/comp3431_interfaces/share/comp3431_interfaces/srv/MapInfo_Request.msg
[2.941s] -- Up-to-date: /home/rsa2021/py_pub_sub/install/comp3431_interfaces/share/comp3431_interfaces/srv/MapInfo_Response.msg
[2.943s] -- Up-to-date: /home/rsa2021/py_pub_sub/install/comp3431_interfaces/share/comp3431_interfaces/action/MoveObjectToRoom.action
[2.943s] -- Up-to-date: /home/rsa2021/py_pub_sub/install/comp3431_interfaces/share/ament_index/resource_index/package_run_dependencies/comp3431_interfaces
[2.943s] -- Up-to-date: /home/rsa2021/py_pub_sub/install/comp3431_interfaces/share/ament_index/resource_index/parent_prefix_path/comp3431_interfaces
[2.944s] -- Up-to-date: /home/rsa2021/py_pub_sub/install/comp3431_interfaces/share/comp3431_interfaces/environment/ament_prefix_path.sh
[2.945s] -- Up-to-date: /home/rsa2021/py_pub_sub/install/comp3431_interfaces/share/comp3431_interfaces/environment/ament_prefix_path.dsv
[2.947s] -- Up-to-date: /home/rsa2021/py_pub_sub/install/comp3431_interfaces/share/comp3431_interfaces/environment/path.sh
[2.948s] -- Up-to-date: /home/rsa2021/py_pub_sub/install/comp3431_interfaces/share/comp3431_interfaces/environment/path.dsv
[2.948s] -- Up-to-date: /home/rsa2021/py_pub_sub/install/comp3431_interfaces/share/comp3431_interfaces/local_setup.bash
[2.949s] -- Up-to-date: /home/rsa2021/py_pub_sub/install/comp3431_interfaces/share/comp3431_interfaces/local_setup.sh
[2.949s] -- Up-to-date: /home/rsa2021/py_pub_sub/install/comp3431_interfaces/share/comp3431_interfaces/local_setup.zsh
[2.950s] -- Up-to-date: /home/rsa2021/py_pub_sub/install/comp3431_interfaces/share/comp3431_interfaces/local_setup.dsv
[2.951s] -- Installing: /home/rsa2021/py_pub_sub/install/comp3431_interfaces/share/comp3431_interfaces/package.dsv
[2.952s] -- Up-to-date: /home/rsa2021/py_pub_sub/install/comp3431_interfaces/share/ament_index/resource_index/packages/comp3431_interfaces
[2.954s] -- Up-to-date: /home/rsa2021/py_pub_sub/install/comp3431_interfaces/share/comp3431_interfaces/cmake/comp3431_interfaces__rosidl_generator_cExport.cmake
[2.955s] -- Up-to-date: /home/rsa2021/py_pub_sub/install/comp3431_interfaces/share/comp3431_interfaces/cmake/comp3431_interfaces__rosidl_generator_cExport-noconfig.cmake
[2.957s] -- Up-to-date: /home/rsa2021/py_pub_sub/install/comp3431_interfaces/share/comp3431_interfaces/cmake/comp3431_interfaces__rosidl_typesupport_introspection_cExport.cmake
[2.958s] -- Up-to-date: /home/rsa2021/py_pub_sub/install/comp3431_interfaces/share/comp3431_interfaces/cmake/comp3431_interfaces__rosidl_typesupport_introspection_cExport-noconfig.cmake
[2.960s] -- Up-to-date: /home/rsa2021/py_pub_sub/install/comp3431_interfaces/share/comp3431_interfaces/cmake/comp3431_interfaces__rosidl_typesupport_cExport.cmake
[2.961s] -- Up-to-date: /home/rsa2021/py_pub_sub/install/comp3431_interfaces/share/comp3431_interfaces/cmake/comp3431_interfaces__rosidl_typesupport_cExport-noconfig.cmake
[2.962s] -- Up-to-date: /home/rsa2021/py_pub_sub/install/comp3431_interfaces/share/comp3431_interfaces/cmake/comp3431_interfaces__rosidl_generator_cppExport.cmake
[2.964s] -- Up-to-date: /home/rsa2021/py_pub_sub/install/comp3431_interfaces/share/comp3431_interfaces/cmake/comp3431_interfaces__rosidl_typesupport_introspection_cppExport.cmake
[2.965s] -- Up-to-date: /home/rsa2021/py_pub_sub/install/comp3431_interfaces/share/comp3431_interfaces/cmake/comp3431_interfaces__rosidl_typesupport_introspection_cppExport-noconfig.cmake
[2.966s] -- Up-to-date: /home/rsa2021/py_pub_sub/install/comp3431_interfaces/share/comp3431_interfaces/cmake/comp3431_interfaces__rosidl_typesupport_cppExport.cmake
[2.967s] -- Up-to-date: /home/rsa2021/py_pub_sub/install/comp3431_interfaces/share/comp3431_interfaces/cmake/comp3431_interfaces__rosidl_typesupport_cppExport-noconfig.cmake
[2.968s] -- Up-to-date: /home/rsa2021/py_pub_sub/install/comp3431_interfaces/share/comp3431_interfaces/cmake/rosidl_cmake-extras.cmake
[2.969s] -- Up-to-date: /home/rsa2021/py_pub_sub/install/comp3431_interfaces/share/comp3431_interfaces/cmake/ament_cmake_export_dependencies-extras.cmake
[2.970s] -- Up-to-date: /home/rsa2021/py_pub_sub/install/comp3431_interfaces/share/comp3431_interfaces/cmake/ament_cmake_export_libraries-extras.cmake
[2.971s] -- Up-to-date: /home/rsa2021/py_pub_sub/install/comp3431_interfaces/share/comp3431_interfaces/cmake/ament_cmake_export_targets-extras.cmake
[2.977s] -- Up-to-date: /home/rsa2021/py_pub_sub/install/comp3431_interfaces/share/comp3431_interfaces/cmake/ament_cmake_export_include_directories-extras.cmake
[2.977s] -- Up-to-date: /home/rsa2021/py_pub_sub/install/comp3431_interfaces/share/comp3431_interfaces/cmake/rosidl_cmake_export_typesupport_libraries-extras.cmake
[2.977s] -- Up-to-date: /home/rsa2021/py_pub_sub/install/comp3431_interfaces/share/comp3431_interfaces/cmake/rosidl_cmake_export_typesupport_targets-extras.cmake
[2.979s] -- Up-to-date: /home/rsa2021/py_pub_sub/install/comp3431_interfaces/share/comp3431_interfaces/cmake/comp3431_interfacesConfig.cmake
[2.979s] -- Up-to-date: /home/rsa2021/py_pub_sub/install/comp3431_interfaces/share/comp3431_interfaces/cmake/comp3431_interfacesConfig-version.cmake
[2.980s] -- Up-to-date: /home/rsa2021/py_pub_sub/install/comp3431_interfaces/share/comp3431_interfaces/package.xml
[2.993s] Invoked command in '/home/rsa2021/py_pub_sub/build/comp3431_interfaces' returned '0': CMAKE_PREFIX_PATH=/home/rsa2021/py_pub_sub/install/zbar_ros:/home/rsa2021/py_pub_sub/install/zbar_ros_interfaces:/home/rsa2021/py_pub_sub/install/publisher3431:/home/rsa2021/py_pub_sub/install/map_server:/home/rsa2021/dev_ws/install/py_srvcli:/home/rsa2021/dev_ws/install/py_pubsub:/home/rsa2021/dev_ws/install/learning_tf2_py:/home/rsa2021/dev_ws/install/my_package:/opt/ros/foxy:/home/rsa2021/py_pub_sub/install/image_publisher:/home/rsa2021/py_pub_sub/install/comp3431_interfaces:/home/rsa2021/py_pub_sub/install/comp3431_ass3_worlds:/home/rsa2021/dev_ws/install/tutorial_interfaces:/home/rsa2021/dev_ws/install/turtlesim:/home/rsa2021/dev_ws/install/comp3431_interfaces /usr/bin/cmake --install /home/rsa2021/py_pub_sub/build/comp3431_interfaces
