[1.727s] Invoking command in '/home/rsa2021/py_pub_sub/src/publisher3431': PYTHONPATH=/home/rsa2021/py_pub_sub/install/publisher3431/lib/python3.8/site-packages:${PYTHONPATH} /usr/bin/python3 setup.py egg_info --egg-base ../../build/publisher3431 build --build-base /home/rsa2021/py_pub_sub/build/publisher3431/build install --prefix /home/rsa2021/py_pub_sub/install/publisher3431 --record /home/rsa2021/py_pub_sub/build/publisher3431/install.log --single-version-externally-managed
[3.503s] running egg_info
[3.506s] writing ../../build/publisher3431/publisher3431.egg-info/PKG-INFO
[3.507s] writing dependency_links to ../../build/publisher3431/publisher3431.egg-info/dependency_links.txt
[3.514s] writing entry points to ../../build/publisher3431/publisher3431.egg-info/entry_points.txt
[3.515s] writing requirements to ../../build/publisher3431/publisher3431.egg-info/requires.txt
[3.515s] writing top-level names to ../../build/publisher3431/publisher3431.egg-info/top_level.txt
[3.774s] reading manifest file '../../build/publisher3431/publisher3431.egg-info/SOURCES.txt'
[3.779s] writing manifest file '../../build/publisher3431/publisher3431.egg-info/SOURCES.txt'
[3.787s] running build
[3.789s] running build_py
[3.792s] copying publisher3431/subscriber_ass2.py -> /home/rsa2021/py_pub_sub/build/publisher3431/build/lib/publisher3431
[3.823s] running install
[3.845s] running install_lib
[3.846s] copying /home/rsa2021/py_pub_sub/build/publisher3431/build/lib/publisher3431/subscriber_ass2.py -> /home/rsa2021/py_pub_sub/install/publisher3431/lib/python3.8/site-packages/publisher3431
[3.847s] byte-compiling /home/rsa2021/py_pub_sub/install/publisher3431/lib/python3.8/site-packages/publisher3431/subscriber_ass2.py to subscriber_ass2.cpython-38.pyc
[3.860s] running install_data
[3.866s] running install_egg_info
[3.873s] removing '/home/rsa2021/py_pub_sub/install/publisher3431/lib/python3.8/site-packages/publisher3431-0.0.0-py3.8.egg-info' (and everything under it)
[3.874s] Copying ../../build/publisher3431/publisher3431.egg-info to /home/rsa2021/py_pub_sub/install/publisher3431/lib/python3.8/site-packages/publisher3431-0.0.0-py3.8.egg-info
[3.879s] running install_scripts
[3.986s] Installing listener script to /home/rsa2021/py_pub_sub/install/publisher3431/lib/publisher3431
[3.996s] Installing listener_ass2 script to /home/rsa2021/py_pub_sub/install/publisher3431/lib/publisher3431
[4.006s] Installing talker script to /home/rsa2021/py_pub_sub/install/publisher3431/lib/publisher3431
[4.007s] writing list of installed files to '/home/rsa2021/py_pub_sub/build/publisher3431/install.log'
[4.193s] Invoked command in '/home/rsa2021/py_pub_sub/src/publisher3431' returned '0': PYTHONPATH=/home/rsa2021/py_pub_sub/install/publisher3431/lib/python3.8/site-packages:${PYTHONPATH} /usr/bin/python3 setup.py egg_info --egg-base ../../build/publisher3431 build --build-base /home/rsa2021/py_pub_sub/build/publisher3431/build install --prefix /home/rsa2021/py_pub_sub/install/publisher3431 --record /home/rsa2021/py_pub_sub/build/publisher3431/install.log --single-version-externally-managed
