[0.560s] Invoking command in '/home/rsa2021/py_pub_sub/src/publisher3431': PYTHONPATH=/home/rsa2021/py_pub_sub/install/publisher3431/lib/python3.8/site-packages:${PYTHONPATH} /usr/bin/python3 setup.py egg_info --egg-base ../../build/publisher3431 build --build-base /home/rsa2021/py_pub_sub/build/publisher3431/build install --prefix /home/rsa2021/py_pub_sub/install/publisher3431 --record /home/rsa2021/py_pub_sub/build/publisher3431/install.log --single-version-externally-managed
[0.871s] running egg_info
[0.871s] writing ../../build/publisher3431/publisher3431.egg-info/PKG-INFO
[0.875s] writing dependency_links to ../../build/publisher3431/publisher3431.egg-info/dependency_links.txt
[0.875s] writing entry points to ../../build/publisher3431/publisher3431.egg-info/entry_points.txt
[0.875s] writing requirements to ../../build/publisher3431/publisher3431.egg-info/requires.txt
[0.876s] writing top-level names to ../../build/publisher3431/publisher3431.egg-info/top_level.txt
[0.948s] reading manifest file '../../build/publisher3431/publisher3431.egg-info/SOURCES.txt'
[0.949s] writing manifest file '../../build/publisher3431/publisher3431.egg-info/SOURCES.txt'
[0.950s] running build
[0.950s] running build_py
[0.952s] copying publisher3431/subscriber_ass2.py -> /home/rsa2021/py_pub_sub/build/publisher3431/build/lib/publisher3431
[0.953s] copying publisher3431/subscriber.py -> /home/rsa2021/py_pub_sub/build/publisher3431/build/lib/publisher3431
[0.953s] running install
[0.955s] running install_lib
[0.958s] copying /home/rsa2021/py_pub_sub/build/publisher3431/build/lib/publisher3431/subscriber_ass2.py -> /home/rsa2021/py_pub_sub/install/publisher3431/lib/python3.8/site-packages/publisher3431
[0.958s] copying /home/rsa2021/py_pub_sub/build/publisher3431/build/lib/publisher3431/subscriber.py -> /home/rsa2021/py_pub_sub/install/publisher3431/lib/python3.8/site-packages/publisher3431
[0.960s] byte-compiling /home/rsa2021/py_pub_sub/install/publisher3431/lib/python3.8/site-packages/publisher3431/subscriber_ass2.py to subscriber_ass2.cpython-38.pyc
[0.963s] byte-compiling /home/rsa2021/py_pub_sub/install/publisher3431/lib/python3.8/site-packages/publisher3431/subscriber.py to subscriber.cpython-38.pyc
[0.963s] running install_data
[0.967s] running install_egg_info
[0.971s] removing '/home/rsa2021/py_pub_sub/install/publisher3431/lib/python3.8/site-packages/publisher3431-0.0.0-py3.8.egg-info' (and everything under it)
[0.972s] Copying ../../build/publisher3431/publisher3431.egg-info to /home/rsa2021/py_pub_sub/install/publisher3431/lib/python3.8/site-packages/publisher3431-0.0.0-py3.8.egg-info
[0.973s] running install_scripts
[1.014s] Installing listener script to /home/rsa2021/py_pub_sub/install/publisher3431/lib/publisher3431
[1.016s] Installing listener_ass2 script to /home/rsa2021/py_pub_sub/install/publisher3431/lib/publisher3431
[1.016s] Installing talker script to /home/rsa2021/py_pub_sub/install/publisher3431/lib/publisher3431
[1.017s] writing list of installed files to '/home/rsa2021/py_pub_sub/build/publisher3431/install.log'
[1.079s] Invoked command in '/home/rsa2021/py_pub_sub/src/publisher3431' returned '0': PYTHONPATH=/home/rsa2021/py_pub_sub/install/publisher3431/lib/python3.8/site-packages:${PYTHONPATH} /usr/bin/python3 setup.py egg_info --egg-base ../../build/publisher3431 build --build-base /home/rsa2021/py_pub_sub/build/publisher3431/build install --prefix /home/rsa2021/py_pub_sub/install/publisher3431 --record /home/rsa2021/py_pub_sub/build/publisher3431/install.log --single-version-externally-managed
