[0.405s] Invoking command in '/home/rsa2021/py_pub_sub/src/publisher3431': PYTHONPATH=/home/rsa2021/py_pub_sub/install/publisher3431/lib/python3.8/site-packages:${PYTHONPATH} /usr/bin/python3 setup.py egg_info --egg-base ../../build/publisher3431 build --build-base /home/rsa2021/py_pub_sub/build/publisher3431/build install --prefix /home/rsa2021/py_pub_sub/install/publisher3431 --record /home/rsa2021/py_pub_sub/build/publisher3431/install.log --single-version-externally-managed
[0.711s] running egg_info
[0.712s] writing ../../build/publisher3431/publisher3431.egg-info/PKG-INFO
[0.712s] writing dependency_links to ../../build/publisher3431/publisher3431.egg-info/dependency_links.txt
[0.713s] writing entry points to ../../build/publisher3431/publisher3431.egg-info/entry_points.txt
[0.714s] writing requirements to ../../build/publisher3431/publisher3431.egg-info/requires.txt
[0.715s] writing top-level names to ../../build/publisher3431/publisher3431.egg-info/top_level.txt
[0.764s] reading manifest file '../../build/publisher3431/publisher3431.egg-info/SOURCES.txt'
[0.765s] writing manifest file '../../build/publisher3431/publisher3431.egg-info/SOURCES.txt'
[0.766s] running build
[0.766s] running build_py
[0.767s] copying publisher3431/subscriber_ass2.py -> /home/rsa2021/py_pub_sub/build/publisher3431/build/lib/publisher3431
[0.767s] running install
[0.769s] running install_lib
[0.770s] copying /home/rsa2021/py_pub_sub/build/publisher3431/build/lib/publisher3431/subscriber_ass2.py -> /home/rsa2021/py_pub_sub/install/publisher3431/lib/python3.8/site-packages/publisher3431
[0.771s] byte-compiling /home/rsa2021/py_pub_sub/install/publisher3431/lib/python3.8/site-packages/publisher3431/publisher_ass2.py to publisher_ass2.cpython-38.pyc
[0.772s]   File "/home/rsa2021/py_pub_sub/install/publisher3431/lib/python3.8/site-packages/publisher3431/publisher_ass2.py", line 40
[0.772s] byte-compiling /home/rsa2021/py_pub_sub/install/publisher3431/lib/python3.8/site-packages/publisher3431/subscriber_ass2.py to subscriber_ass2.cpython-38.pyc
[0.773s]     global scanner = LaserScan()
[0.773s]                    ^
[0.773s] SyntaxError: invalid syntax
[0.773s] 
[0.774s] running install_data
[0.774s] running install_egg_info
[0.776s] removing '/home/rsa2021/py_pub_sub/install/publisher3431/lib/python3.8/site-packages/publisher3431-0.0.0-py3.8.egg-info' (and everything under it)
[0.777s] Copying ../../build/publisher3431/publisher3431.egg-info to /home/rsa2021/py_pub_sub/install/publisher3431/lib/python3.8/site-packages/publisher3431-0.0.0-py3.8.egg-info
[0.778s] running install_scripts
[0.805s] Installing listener script to /home/rsa2021/py_pub_sub/install/publisher3431/lib/publisher3431
[0.806s] Installing listener_ass2 script to /home/rsa2021/py_pub_sub/install/publisher3431/lib/publisher3431
[0.806s] Installing talker script to /home/rsa2021/py_pub_sub/install/publisher3431/lib/publisher3431
[0.807s] Installing talker_ass2 script to /home/rsa2021/py_pub_sub/install/publisher3431/lib/publisher3431
[0.807s] writing list of installed files to '/home/rsa2021/py_pub_sub/build/publisher3431/install.log'
[0.842s] Invoked command in '/home/rsa2021/py_pub_sub/src/publisher3431' returned '0': PYTHONPATH=/home/rsa2021/py_pub_sub/install/publisher3431/lib/python3.8/site-packages:${PYTHONPATH} /usr/bin/python3 setup.py egg_info --egg-base ../../build/publisher3431 build --build-base /home/rsa2021/py_pub_sub/build/publisher3431/build install --prefix /home/rsa2021/py_pub_sub/install/publisher3431 --record /home/rsa2021/py_pub_sub/build/publisher3431/install.log --single-version-externally-managed
