[0.109s] Invoking command in '/home/rsa2021/py_pub_sub/build/image_proc': /usr/bin/cmake /home/rsa2021/py_pub_sub/src/image_proc -DCATKIN_INSTALL_INTO_PREFIX_ROOT=0 -DCMAKE_INSTALL_PREFIX=/home/rsa2021/py_pub_sub/install/image_proc
[1.022s] -- The C compiler identification is GNU 9.3.0
[1.313s] -- The CXX compiler identification is GNU 9.3.0
[1.335s] -- Check for working C compiler: /usr/bin/cc
[1.544s] -- Check for working C compiler: /usr/bin/cc -- works
[1.551s] -- Detecting C compiler ABI info
[1.784s] -- Detecting C compiler ABI info - done
[1.839s] -- Detecting C compile features
[1.844s] -- Detecting C compile features - done
[1.868s] -- Check for working CXX compiler: /usr/bin/c++
[2.203s] -- Check for working CXX compiler: /usr/bin/c++ -- works
[2.208s] -- Detecting CXX compiler ABI info
[2.532s] -- Detecting CXX compiler ABI info - done
[2.579s] -- Detecting CXX compile features
[2.583s] -- Detecting CXX compile features - done
[2.645s] CMake Error at CMakeLists.txt:4 (find_package):
[2.646s]   By not providing "Findcatkin.cmake" in CMAKE_MODULE_PATH this project has
[2.646s]   asked CMake to find a package configuration file provided by "catkin", but
[2.647s]   CMake did not find one.
[2.647s] 
[2.647s]   Could not find a package configuration file provided by "catkin" with any
[2.648s]   of the following names:
[2.649s] 
[2.649s]     catkinConfig.cmake
[2.649s]     catkin-config.cmake
[2.649s] 
[2.650s]   Add the installation prefix of "catkin" to CMAKE_PREFIX_PATH or set
[2.650s]   "catkin_DIR" to a directory containing one of the above files.  If "catkin"
[2.651s]   provides a separate development package or SDK, be sure it has been
[2.651s]   installed.
[2.651s] 
[2.651s] 
[2.654s] -- Configuring incomplete, errors occurred!
[2.654s] See also "/home/rsa2021/py_pub_sub/build/image_proc/CMakeFiles/CMakeOutput.log".
[2.671s] Invoked command in '/home/rsa2021/py_pub_sub/build/image_proc' returned '1': /usr/bin/cmake /home/rsa2021/py_pub_sub/src/image_proc -DCATKIN_INSTALL_INTO_PREFIX_ROOT=0 -DCMAKE_INSTALL_PREFIX=/home/rsa2021/py_pub_sub/install/image_proc
