[0.071s] Invoking command in '/home/rsa2021/py_pub_sub/build/zbar_ros_interfaces': CMAKE_PREFIX_PATH=/home/rsa2021/py_pub_sub/install/zbar_ros:/home/rsa2021/py_pub_sub/install/zbar_ros_interfaces:/home/rsa2021/py_pub_sub/install/publisher3431:/opt/ros/foxy:/home/rsa2021/py_pub_sub/install/image_publisher /usr/bin/cmake --build /home/rsa2021/py_pub_sub/build/zbar_ros_interfaces -- -j3 -l3
[1.055s] [  3%] Built target zbar_ros_interfaces__cpp
[1.056s] [ 12%] Built target zbar_ros_interfaces__rosidl_generator_c
[1.056s] [ 22%] Built target zbar_ros_interfaces__rosidl_typesupport_fastrtps_cpp
[1.056s] [ 32%] Built target zbar_ros_interfaces__rosidl_typesupport_introspection_cpp
[1.057s] [ 41%] Built target zbar_ros_interfaces__rosidl_typesupport_introspection_c
[1.057s] [ 51%] Built target zbar_ros_interfaces__rosidl_typesupport_c
[1.057s] [ 61%] Built target zbar_ros_interfaces__rosidl_typesupport_fastrtps_c
[1.058s] [ 70%] Built target zbar_ros_interfaces__rosidl_typesupport_cpp
[1.081s] [ 70%] Built target zbar_ros_interfaces
[1.252s] [ 74%] Built target zbar_ros_interfaces__py
[1.431s] [ 80%] Built target zbar_ros_interfaces__python
[1.660s] [ 87%] Built target zbar_ros_interfaces__rosidl_typesupport_introspection_c__pyext
[1.883s] [ 93%] Built target zbar_ros_interfaces__rosidl_typesupport_c__pyext
[2.059s] [100%] Built target zbar_ros_interfaces__rosidl_typesupport_fastrtps_c__pyext
[2.165s] Invoked command in '/home/rsa2021/py_pub_sub/build/zbar_ros_interfaces' returned '0': CMAKE_PREFIX_PATH=/home/rsa2021/py_pub_sub/install/zbar_ros:/home/rsa2021/py_pub_sub/install/zbar_ros_interfaces:/home/rsa2021/py_pub_sub/install/publisher3431:/opt/ros/foxy:/home/rsa2021/py_pub_sub/install/image_publisher /usr/bin/cmake --build /home/rsa2021/py_pub_sub/build/zbar_ros_interfaces -- -j3 -l3
[2.414s] Invoking command in '/home/rsa2021/py_pub_sub/build/zbar_ros_interfaces': CMAKE_PREFIX_PATH=/home/rsa2021/py_pub_sub/install/zbar_ros:/home/rsa2021/py_pub_sub/install/zbar_ros_interfaces:/home/rsa2021/py_pub_sub/install/publisher3431:/opt/ros/foxy:/home/rsa2021/py_pub_sub/install/image_publisher /usr/bin/cmake --install /home/rsa2021/py_pub_sub/build/zbar_ros_interfaces
[2.493s] -- Install configuration: ""
[2.494s] -- Up-to-date: /home/rsa2021/py_pub_sub/install/zbar_ros_interfaces/share/ament_index/resource_index/rosidl_interfaces/zbar_ros_interfaces
[2.494s] -- Up-to-date: /home/rsa2021/py_pub_sub/install/zbar_ros_interfaces/include/zbar_ros_interfaces
[2.494s] -- Up-to-date: /home/rsa2021/py_pub_sub/install/zbar_ros_interfaces/include/zbar_ros_interfaces/msg
[2.495s] -- Up-to-date: /home/rsa2021/py_pub_sub/install/zbar_ros_interfaces/include/zbar_ros_interfaces/msg/symbol.h
[2.495s] -- Up-to-date: /home/rsa2021/py_pub_sub/install/zbar_ros_interfaces/include/zbar_ros_interfaces/msg/detail
[2.495s] -- Up-to-date: /home/rsa2021/py_pub_sub/install/zbar_ros_interfaces/include/zbar_ros_interfaces/msg/detail/symbol__struct.h
[2.496s] -- Up-to-date: /home/rsa2021/py_pub_sub/install/zbar_ros_interfaces/include/zbar_ros_interfaces/msg/detail/symbol__functions.c
[2.496s] -- Up-to-date: /home/rsa2021/py_pub_sub/install/zbar_ros_interfaces/include/zbar_ros_interfaces/msg/detail/symbol__type_support.h
[2.496s] -- Up-to-date: /home/rsa2021/py_pub_sub/install/zbar_ros_interfaces/include/zbar_ros_interfaces/msg/detail/symbol__functions.h
[2.496s] -- Up-to-date: /home/rsa2021/py_pub_sub/install/zbar_ros_interfaces/include/zbar_ros_interfaces/msg/rosidl_generator_c__visibility_control.h
[2.510s] -- Up-to-date: /home/rsa2021/py_pub_sub/install/zbar_ros_interfaces/share/zbar_ros_interfaces/environment/library_path.sh
[2.510s] -- Up-to-date: /home/rsa2021/py_pub_sub/install/zbar_ros_interfaces/share/zbar_ros_interfaces/environment/library_path.dsv
[2.511s] -- Up-to-date: /home/rsa2021/py_pub_sub/install/zbar_ros_interfaces/lib/libzbar_ros_interfaces__rosidl_generator_c.so
[2.512s] -- Up-to-date: /home/rsa2021/py_pub_sub/install/zbar_ros_interfaces/include/zbar_ros_interfaces
[2.512s] -- Up-to-date: /home/rsa2021/py_pub_sub/install/zbar_ros_interfaces/include/zbar_ros_interfaces/msg
[2.512s] -- Up-to-date: /home/rsa2021/py_pub_sub/install/zbar_ros_interfaces/include/zbar_ros_interfaces/msg/detail
[2.513s] -- Up-to-date: /home/rsa2021/py_pub_sub/install/zbar_ros_interfaces/include/zbar_ros_interfaces/msg/detail/symbol__rosidl_typesupport_fastrtps_c.h
[2.513s] -- Up-to-date: /home/rsa2021/py_pub_sub/install/zbar_ros_interfaces/include/zbar_ros_interfaces/msg/rosidl_typesupport_fastrtps_c__visibility_control.h
[2.522s] -- Up-to-date: /home/rsa2021/py_pub_sub/install/zbar_ros_interfaces/lib/libzbar_ros_interfaces__rosidl_typesupport_fastrtps_c.so
[2.523s] -- Up-to-date: /home/rsa2021/py_pub_sub/install/zbar_ros_interfaces/include/zbar_ros_interfaces
[2.524s] -- Up-to-date: /home/rsa2021/py_pub_sub/install/zbar_ros_interfaces/include/zbar_ros_interfaces/msg
[2.524s] -- Up-to-date: /home/rsa2021/py_pub_sub/install/zbar_ros_interfaces/include/zbar_ros_interfaces/msg/rosidl_typesupport_fastrtps_cpp__visibility_control.h
[2.525s] -- Up-to-date: /home/rsa2021/py_pub_sub/install/zbar_ros_interfaces/include/zbar_ros_interfaces/msg/detail
[2.527s] -- Up-to-date: /home/rsa2021/py_pub_sub/install/zbar_ros_interfaces/include/zbar_ros_interfaces/msg/detail/dds_fastrtps
[2.528s] -- Up-to-date: /home/rsa2021/py_pub_sub/install/zbar_ros_interfaces/include/zbar_ros_interfaces/msg/detail/symbol__rosidl_typesupport_fastrtps_cpp.hpp
[2.529s] -- Up-to-date: /home/rsa2021/py_pub_sub/install/zbar_ros_interfaces/lib/libzbar_ros_interfaces__rosidl_typesupport_fastrtps_cpp.so
[2.532s] -- Up-to-date: /home/rsa2021/py_pub_sub/install/zbar_ros_interfaces/include/zbar_ros_interfaces
[2.532s] -- Up-to-date: /home/rsa2021/py_pub_sub/install/zbar_ros_interfaces/include/zbar_ros_interfaces/msg
[2.533s] -- Up-to-date: /home/rsa2021/py_pub_sub/install/zbar_ros_interfaces/include/zbar_ros_interfaces/msg/detail
[2.533s] -- Up-to-date: /home/rsa2021/py_pub_sub/install/zbar_ros_interfaces/include/zbar_ros_interfaces/msg/detail/symbol__rosidl_typesupport_introspection_c.h
[2.533s] -- Up-to-date: /home/rsa2021/py_pub_sub/install/zbar_ros_interfaces/include/zbar_ros_interfaces/msg/detail/symbol__type_support.c
[2.533s] -- Up-to-date: /home/rsa2021/py_pub_sub/install/zbar_ros_interfaces/include/zbar_ros_interfaces/msg/rosidl_typesupport_introspection_c__visibility_control.h
[2.536s] -- Up-to-date: /home/rsa2021/py_pub_sub/install/zbar_ros_interfaces/lib/libzbar_ros_interfaces__rosidl_typesupport_introspection_c.so
[2.538s] -- Up-to-date: /home/rsa2021/py_pub_sub/install/zbar_ros_interfaces/lib/libzbar_ros_interfaces__rosidl_typesupport_c.so
[2.540s] -- Up-to-date: /home/rsa2021/py_pub_sub/install/zbar_ros_interfaces/include/zbar_ros_interfaces
[2.541s] -- Up-to-date: /home/rsa2021/py_pub_sub/install/zbar_ros_interfaces/include/zbar_ros_interfaces/msg
[2.541s] -- Up-to-date: /home/rsa2021/py_pub_sub/install/zbar_ros_interfaces/include/zbar_ros_interfaces/msg/symbol.hpp
[2.541s] -- Up-to-date: /home/rsa2021/py_pub_sub/install/zbar_ros_interfaces/include/zbar_ros_interfaces/msg/detail
[2.542s] -- Up-to-date: /home/rsa2021/py_pub_sub/install/zbar_ros_interfaces/include/zbar_ros_interfaces/msg/detail/symbol__traits.hpp
[2.542s] -- Up-to-date: /home/rsa2021/py_pub_sub/install/zbar_ros_interfaces/include/zbar_ros_interfaces/msg/detail/symbol__builder.hpp
[2.542s] -- Up-to-date: /home/rsa2021/py_pub_sub/install/zbar_ros_interfaces/include/zbar_ros_interfaces/msg/detail/symbol__struct.hpp
[2.543s] -- Up-to-date: /home/rsa2021/py_pub_sub/install/zbar_ros_interfaces/include/zbar_ros_interfaces
[2.546s] -- Up-to-date: /home/rsa2021/py_pub_sub/install/zbar_ros_interfaces/include/zbar_ros_interfaces/msg
[2.546s] -- Up-to-date: /home/rsa2021/py_pub_sub/install/zbar_ros_interfaces/include/zbar_ros_interfaces/msg/detail
[2.546s] -- Up-to-date: /home/rsa2021/py_pub_sub/install/zbar_ros_interfaces/include/zbar_ros_interfaces/msg/detail/symbol__type_support.cpp
[2.547s] -- Up-to-date: /home/rsa2021/py_pub_sub/install/zbar_ros_interfaces/include/zbar_ros_interfaces/msg/detail/symbol__rosidl_typesupport_introspection_cpp.hpp
[2.548s] -- Up-to-date: /home/rsa2021/py_pub_sub/install/zbar_ros_interfaces/lib/libzbar_ros_interfaces__rosidl_typesupport_introspection_cpp.so
[2.550s] -- Up-to-date: /home/rsa2021/py_pub_sub/install/zbar_ros_interfaces/lib/libzbar_ros_interfaces__rosidl_typesupport_cpp.so
[2.553s] -- Up-to-date: /home/rsa2021/py_pub_sub/install/zbar_ros_interfaces/share/zbar_ros_interfaces/environment/pythonpath.sh
[2.554s] -- Up-to-date: /home/rsa2021/py_pub_sub/install/zbar_ros_interfaces/share/zbar_ros_interfaces/environment/pythonpath.dsv
[2.554s] -- Up-to-date: /home/rsa2021/py_pub_sub/install/zbar_ros_interfaces/lib/python3.8/site-packages/zbar_ros_interfaces/__init__.py
[2.634s] -- Up-to-date: /home/rsa2021/py_pub_sub/install/zbar_ros_interfaces/lib/python3.8/site-packages/zbar_ros_interfaces/msg
[2.635s] -- Up-to-date: /home/rsa2021/py_pub_sub/install/zbar_ros_interfaces/lib/python3.8/site-packages/zbar_ros_interfaces/msg/__init__.py
[2.635s] -- Up-to-date: /home/rsa2021/py_pub_sub/install/zbar_ros_interfaces/lib/python3.8/site-packages/zbar_ros_interfaces/msg/_symbol.py
[2.637s] -- Up-to-date: /home/rsa2021/py_pub_sub/install/zbar_ros_interfaces/lib/python3.8/site-packages/zbar_ros_interfaces/msg/_symbol_s.c
[2.637s] -- Up-to-date: /home/rsa2021/py_pub_sub/install/zbar_ros_interfaces/lib/python3.8/site-packages/zbar_ros_interfaces/zbar_ros_interfaces_s__rosidl_typesupport_fastrtps_c.cpython-38-x86_64-linux-gnu.so
[2.639s] -- Up-to-date: /home/rsa2021/py_pub_sub/install/zbar_ros_interfaces/lib/python3.8/site-packages/zbar_ros_interfaces/zbar_ros_interfaces_s__rosidl_typesupport_introspection_c.cpython-38-x86_64-linux-gnu.so
[2.641s] -- Up-to-date: /home/rsa2021/py_pub_sub/install/zbar_ros_interfaces/lib/python3.8/site-packages/zbar_ros_interfaces/zbar_ros_interfaces_s__rosidl_typesupport_c.cpython-38-x86_64-linux-gnu.so
[2.644s] -- Up-to-date: /home/rsa2021/py_pub_sub/install/zbar_ros_interfaces/lib/libzbar_ros_interfaces__python.so
[2.645s] -- Up-to-date: /home/rsa2021/py_pub_sub/install/zbar_ros_interfaces/share/zbar_ros_interfaces/msg/Symbol.idl
[2.645s] -- Up-to-date: /home/rsa2021/py_pub_sub/install/zbar_ros_interfaces/share/zbar_ros_interfaces/msg/Symbol.msg
[2.646s] -- Up-to-date: /home/rsa2021/py_pub_sub/install/zbar_ros_interfaces/share/ament_index/resource_index/package_run_dependencies/zbar_ros_interfaces
[2.647s] -- Up-to-date: /home/rsa2021/py_pub_sub/install/zbar_ros_interfaces/share/ament_index/resource_index/parent_prefix_path/zbar_ros_interfaces
[2.649s] -- Up-to-date: /home/rsa2021/py_pub_sub/install/zbar_ros_interfaces/share/zbar_ros_interfaces/environment/ament_prefix_path.sh
[2.649s] -- Up-to-date: /home/rsa2021/py_pub_sub/install/zbar_ros_interfaces/share/zbar_ros_interfaces/environment/ament_prefix_path.dsv
[2.650s] -- Up-to-date: /home/rsa2021/py_pub_sub/install/zbar_ros_interfaces/share/zbar_ros_interfaces/environment/path.sh
[2.651s] -- Up-to-date: /home/rsa2021/py_pub_sub/install/zbar_ros_interfaces/share/zbar_ros_interfaces/environment/path.dsv
[2.651s] -- Up-to-date: /home/rsa2021/py_pub_sub/install/zbar_ros_interfaces/share/zbar_ros_interfaces/local_setup.bash
[2.652s] -- Up-to-date: /home/rsa2021/py_pub_sub/install/zbar_ros_interfaces/share/zbar_ros_interfaces/local_setup.sh
[2.653s] -- Up-to-date: /home/rsa2021/py_pub_sub/install/zbar_ros_interfaces/share/zbar_ros_interfaces/local_setup.zsh
[2.654s] -- Up-to-date: /home/rsa2021/py_pub_sub/install/zbar_ros_interfaces/share/zbar_ros_interfaces/local_setup.dsv
[2.655s] -- Installing: /home/rsa2021/py_pub_sub/install/zbar_ros_interfaces/share/zbar_ros_interfaces/package.dsv
[2.656s] -- Up-to-date: /home/rsa2021/py_pub_sub/install/zbar_ros_interfaces/share/ament_index/resource_index/packages/zbar_ros_interfaces
[2.661s] -- Up-to-date: /home/rsa2021/py_pub_sub/install/zbar_ros_interfaces/share/zbar_ros_interfaces/cmake/zbar_ros_interfaces__rosidl_generator_cExport.cmake
[2.662s] -- Up-to-date: /home/rsa2021/py_pub_sub/install/zbar_ros_interfaces/share/zbar_ros_interfaces/cmake/zbar_ros_interfaces__rosidl_generator_cExport-noconfig.cmake
[2.665s] -- Up-to-date: /home/rsa2021/py_pub_sub/install/zbar_ros_interfaces/share/zbar_ros_interfaces/cmake/zbar_ros_interfaces__rosidl_typesupport_introspection_cExport.cmake
[2.665s] -- Up-to-date: /home/rsa2021/py_pub_sub/install/zbar_ros_interfaces/share/zbar_ros_interfaces/cmake/zbar_ros_interfaces__rosidl_typesupport_introspection_cExport-noconfig.cmake
[2.668s] -- Up-to-date: /home/rsa2021/py_pub_sub/install/zbar_ros_interfaces/share/zbar_ros_interfaces/cmake/zbar_ros_interfaces__rosidl_typesupport_cExport.cmake
[2.669s] -- Up-to-date: /home/rsa2021/py_pub_sub/install/zbar_ros_interfaces/share/zbar_ros_interfaces/cmake/zbar_ros_interfaces__rosidl_typesupport_cExport-noconfig.cmake
[2.669s] -- Up-to-date: /home/rsa2021/py_pub_sub/install/zbar_ros_interfaces/share/zbar_ros_interfaces/cmake/zbar_ros_interfaces__rosidl_generator_cppExport.cmake
[2.672s] -- Up-to-date: /home/rsa2021/py_pub_sub/install/zbar_ros_interfaces/share/zbar_ros_interfaces/cmake/zbar_ros_interfaces__rosidl_typesupport_introspection_cppExport.cmake
[2.672s] -- Up-to-date: /home/rsa2021/py_pub_sub/install/zbar_ros_interfaces/share/zbar_ros_interfaces/cmake/zbar_ros_interfaces__rosidl_typesupport_introspection_cppExport-noconfig.cmake
[2.673s] -- Up-to-date: /home/rsa2021/py_pub_sub/install/zbar_ros_interfaces/share/zbar_ros_interfaces/cmake/zbar_ros_interfaces__rosidl_typesupport_cppExport.cmake
[2.676s] -- Up-to-date: /home/rsa2021/py_pub_sub/install/zbar_ros_interfaces/share/zbar_ros_interfaces/cmake/zbar_ros_interfaces__rosidl_typesupport_cppExport-noconfig.cmake
[2.677s] -- Up-to-date: /home/rsa2021/py_pub_sub/install/zbar_ros_interfaces/share/zbar_ros_interfaces/cmake/rosidl_cmake-extras.cmake
[2.677s] -- Up-to-date: /home/rsa2021/py_pub_sub/install/zbar_ros_interfaces/share/zbar_ros_interfaces/cmake/ament_cmake_export_dependencies-extras.cmake
[2.678s] -- Up-to-date: /home/rsa2021/py_pub_sub/install/zbar_ros_interfaces/share/zbar_ros_interfaces/cmake/ament_cmake_export_libraries-extras.cmake
[2.679s] -- Up-to-date: /home/rsa2021/py_pub_sub/install/zbar_ros_interfaces/share/zbar_ros_interfaces/cmake/ament_cmake_export_targets-extras.cmake
[2.680s] -- Up-to-date: /home/rsa2021/py_pub_sub/install/zbar_ros_interfaces/share/zbar_ros_interfaces/cmake/ament_cmake_export_include_directories-extras.cmake
[2.682s] -- Up-to-date: /home/rsa2021/py_pub_sub/install/zbar_ros_interfaces/share/zbar_ros_interfaces/cmake/rosidl_cmake_export_typesupport_libraries-extras.cmake
[2.683s] -- Up-to-date: /home/rsa2021/py_pub_sub/install/zbar_ros_interfaces/share/zbar_ros_interfaces/cmake/rosidl_cmake_export_typesupport_targets-extras.cmake
[2.683s] -- Up-to-date: /home/rsa2021/py_pub_sub/install/zbar_ros_interfaces/share/zbar_ros_interfaces/cmake/zbar_ros_interfacesConfig.cmake
[2.683s] -- Up-to-date: /home/rsa2021/py_pub_sub/install/zbar_ros_interfaces/share/zbar_ros_interfaces/cmake/zbar_ros_interfacesConfig-version.cmake
[2.684s] -- Up-to-date: /home/rsa2021/py_pub_sub/install/zbar_ros_interfaces/share/zbar_ros_interfaces/package.xml
[2.700s] Invoked command in '/home/rsa2021/py_pub_sub/build/zbar_ros_interfaces' returned '0': CMAKE_PREFIX_PATH=/home/rsa2021/py_pub_sub/install/zbar_ros:/home/rsa2021/py_pub_sub/install/zbar_ros_interfaces:/home/rsa2021/py_pub_sub/install/publisher3431:/opt/ros/foxy:/home/rsa2021/py_pub_sub/install/image_publisher /usr/bin/cmake --install /home/rsa2021/py_pub_sub/build/zbar_ros_interfaces
