[0.877s] Invoking command in '/home/rsa2021/py_pub_sub/src/publisher3431': PYTHONPATH=/home/rsa2021/py_pub_sub/install/publisher3431/lib/python3.8/site-packages:${PYTHONPATH} /usr/bin/python3 setup.py egg_info --egg-base ../../build/publisher3431 build --build-base /home/rsa2021/py_pub_sub/build/publisher3431/build install --prefix /home/rsa2021/py_pub_sub/install/publisher3431 --record /home/rsa2021/py_pub_sub/build/publisher3431/install.log --single-version-externally-managed
[1.941s] running egg_info
[1.943s] writing ../../build/publisher3431/publisher3431.egg-info/PKG-INFO
[1.945s] writing dependency_links to ../../build/publisher3431/publisher3431.egg-info/dependency_links.txt
[1.946s] writing entry points to ../../build/publisher3431/publisher3431.egg-info/entry_points.txt
[1.947s] writing requirements to ../../build/publisher3431/publisher3431.egg-info/requires.txt
[1.948s] writing top-level names to ../../build/publisher3431/publisher3431.egg-info/top_level.txt
[2.112s] reading manifest file '../../build/publisher3431/publisher3431.egg-info/SOURCES.txt'
[2.116s] writing manifest file '../../build/publisher3431/publisher3431.egg-info/SOURCES.txt'
[2.117s] running build
[2.117s] running build_py
[2.119s] running install
[2.123s] running install_lib
[2.129s] running install_data
[2.131s] running install_egg_info
[2.138s] removing '/home/rsa2021/py_pub_sub/install/publisher3431/lib/python3.8/site-packages/publisher3431-0.0.0-py3.8.egg-info' (and everything under it)
[2.139s] Copying ../../build/publisher3431/publisher3431.egg-info to /home/rsa2021/py_pub_sub/install/publisher3431/lib/python3.8/site-packages/publisher3431-0.0.0-py3.8.egg-info
[2.143s] running install_scripts
[2.219s] Installing listener script to /home/rsa2021/py_pub_sub/install/publisher3431/lib/publisher3431
[2.221s] Installing listener_ass2 script to /home/rsa2021/py_pub_sub/install/publisher3431/lib/publisher3431
[2.221s] Installing talker script to /home/rsa2021/py_pub_sub/install/publisher3431/lib/publisher3431
[2.223s] writing list of installed files to '/home/rsa2021/py_pub_sub/build/publisher3431/install.log'
[2.486s] Invoked command in '/home/rsa2021/py_pub_sub/src/publisher3431' returned '0': PYTHONPATH=/home/rsa2021/py_pub_sub/install/publisher3431/lib/python3.8/site-packages:${PYTHONPATH} /usr/bin/python3 setup.py egg_info --egg-base ../../build/publisher3431 build --build-base /home/rsa2021/py_pub_sub/build/publisher3431/build install --prefix /home/rsa2021/py_pub_sub/install/publisher3431 --record /home/rsa2021/py_pub_sub/build/publisher3431/install.log --single-version-externally-managed
