[3.073s] Invoking command in '/home/rsa2021/py_pub_sub/src/publisher3431': PYTHONPATH=/home/rsa2021/py_pub_sub/install/publisher3431/lib/python3.8/site-packages:${PYTHONPATH} /usr/bin/python3 setup.py egg_info --egg-base ../../build/publisher3431 build --build-base /home/rsa2021/py_pub_sub/build/publisher3431/build install --prefix /home/rsa2021/py_pub_sub/install/publisher3431 --record /home/rsa2021/py_pub_sub/build/publisher3431/install.log --single-version-externally-managed
[6.148s] running egg_info
[6.155s] writing ../../build/publisher3431/publisher3431.egg-info/PKG-INFO
[6.155s] writing dependency_links to ../../build/publisher3431/publisher3431.egg-info/dependency_links.txt
[6.156s] writing entry points to ../../build/publisher3431/publisher3431.egg-info/entry_points.txt
[6.169s] writing requirements to ../../build/publisher3431/publisher3431.egg-info/requires.txt
[6.169s] writing top-level names to ../../build/publisher3431/publisher3431.egg-info/top_level.txt
[6.407s] reading manifest file '../../build/publisher3431/publisher3431.egg-info/SOURCES.txt'
[6.410s] writing manifest file '../../build/publisher3431/publisher3431.egg-info/SOURCES.txt'
[6.411s] running build
[6.411s] running build_py
[6.412s] running install
[6.426s] running install_lib
[6.447s] running install_data
[6.452s] running install_egg_info
[6.547s] removing '/home/rsa2021/py_pub_sub/install/publisher3431/lib/python3.8/site-packages/publisher3431-0.0.0-py3.8.egg-info' (and everything under it)
[6.551s] Copying ../../build/publisher3431/publisher3431.egg-info to /home/rsa2021/py_pub_sub/install/publisher3431/lib/python3.8/site-packages/publisher3431-0.0.0-py3.8.egg-info
[6.562s] running install_scripts
[6.876s] Installing listener script to /home/rsa2021/py_pub_sub/install/publisher3431/lib/publisher3431
[6.878s] Installing talker script to /home/rsa2021/py_pub_sub/install/publisher3431/lib/publisher3431
[6.883s] writing list of installed files to '/home/rsa2021/py_pub_sub/build/publisher3431/install.log'
[7.044s] Invoked command in '/home/rsa2021/py_pub_sub/src/publisher3431' returned '0': PYTHONPATH=/home/rsa2021/py_pub_sub/install/publisher3431/lib/python3.8/site-packages:${PYTHONPATH} /usr/bin/python3 setup.py egg_info --egg-base ../../build/publisher3431 build --build-base /home/rsa2021/py_pub_sub/build/publisher3431/build install --prefix /home/rsa2021/py_pub_sub/install/publisher3431 --record /home/rsa2021/py_pub_sub/build/publisher3431/install.log --single-version-externally-managed
