[0.064s] Invoking command in '/home/rsa2021/py_pub_sub/build/zbar_ros': CMAKE_PREFIX_PATH=/home/rsa2021/py_pub_sub/install/zbar_ros_interfaces:/home/rsa2021/py_pub_sub/install/zbar_ros:/home/rsa2021/py_pub_sub/install/publisher3431:/opt/ros/foxy:/home/rsa2021/py_pub_sub/install/image_publisher /usr/bin/cmake --build /home/rsa2021/py_pub_sub/build/zbar_ros -- -j3 -l3
[0.543s] [ 50%] Built target barcode_reader_node
[0.799s] [100%] Built target barcode_reader
[0.883s] Invoked command in '/home/rsa2021/py_pub_sub/build/zbar_ros' returned '0': CMAKE_PREFIX_PATH=/home/rsa2021/py_pub_sub/install/zbar_ros_interfaces:/home/rsa2021/py_pub_sub/install/zbar_ros:/home/rsa2021/py_pub_sub/install/publisher3431:/opt/ros/foxy:/home/rsa2021/py_pub_sub/install/image_publisher /usr/bin/cmake --build /home/rsa2021/py_pub_sub/build/zbar_ros -- -j3 -l3
[1.067s] Invoking command in '/home/rsa2021/py_pub_sub/build/zbar_ros': CMAKE_PREFIX_PATH=/home/rsa2021/py_pub_sub/install/zbar_ros_interfaces:/home/rsa2021/py_pub_sub/install/zbar_ros:/home/rsa2021/py_pub_sub/install/publisher3431:/opt/ros/foxy:/home/rsa2021/py_pub_sub/install/image_publisher /usr/bin/cmake --install /home/rsa2021/py_pub_sub/build/zbar_ros
[1.121s] -- Install configuration: ""
[1.122s] -- Up-to-date: /home/rsa2021/py_pub_sub/install/zbar_ros/lib/zbar_ros/barcode_reader
[1.123s] -- Up-to-date: /home/rsa2021/py_pub_sub/install/zbar_ros/include/
[1.124s] -- Up-to-date: /home/rsa2021/py_pub_sub/install/zbar_ros/include//zbar_ros
[1.124s] -- Up-to-date: /home/rsa2021/py_pub_sub/install/zbar_ros/include//zbar_ros/barcode_reader_node.hpp
[1.125s] -- Up-to-date: /home/rsa2021/py_pub_sub/install/zbar_ros/lib/libbarcode_reader_node.a
[1.130s] -- Up-to-date: /home/rsa2021/py_pub_sub/install/zbar_ros/share/ament_index/resource_index/package_run_dependencies/zbar_ros
[1.131s] -- Up-to-date: /home/rsa2021/py_pub_sub/install/zbar_ros/share/ament_index/resource_index/parent_prefix_path/zbar_ros
[1.131s] -- Up-to-date: /home/rsa2021/py_pub_sub/install/zbar_ros/share/zbar_ros/environment/ament_prefix_path.sh
[1.131s] -- Up-to-date: /home/rsa2021/py_pub_sub/install/zbar_ros/share/zbar_ros/environment/ament_prefix_path.dsv
[1.132s] -- Up-to-date: /home/rsa2021/py_pub_sub/install/zbar_ros/share/zbar_ros/environment/path.sh
[1.134s] -- Up-to-date: /home/rsa2021/py_pub_sub/install/zbar_ros/share/zbar_ros/environment/path.dsv
[1.134s] -- Up-to-date: /home/rsa2021/py_pub_sub/install/zbar_ros/share/zbar_ros/local_setup.bash
[1.134s] -- Up-to-date: /home/rsa2021/py_pub_sub/install/zbar_ros/share/zbar_ros/local_setup.sh
[1.135s] -- Up-to-date: /home/rsa2021/py_pub_sub/install/zbar_ros/share/zbar_ros/local_setup.zsh
[1.139s] -- Up-to-date: /home/rsa2021/py_pub_sub/install/zbar_ros/share/zbar_ros/local_setup.dsv
[1.140s] -- Installing: /home/rsa2021/py_pub_sub/install/zbar_ros/share/zbar_ros/package.dsv
[1.141s] -- Up-to-date: /home/rsa2021/py_pub_sub/install/zbar_ros/share/ament_index/resource_index/packages/zbar_ros
[1.142s] -- Up-to-date: /home/rsa2021/py_pub_sub/install/zbar_ros/share/zbar_ros/cmake/zbar_rosConfig.cmake
[1.143s] -- Up-to-date: /home/rsa2021/py_pub_sub/install/zbar_ros/share/zbar_ros/cmake/zbar_rosConfig-version.cmake
[1.143s] -- Up-to-date: /home/rsa2021/py_pub_sub/install/zbar_ros/share/zbar_ros/package.xml
[1.150s] Invoked command in '/home/rsa2021/py_pub_sub/build/zbar_ros' returned '0': CMAKE_PREFIX_PATH=/home/rsa2021/py_pub_sub/install/zbar_ros_interfaces:/home/rsa2021/py_pub_sub/install/zbar_ros:/home/rsa2021/py_pub_sub/install/publisher3431:/opt/ros/foxy:/home/rsa2021/py_pub_sub/install/image_publisher /usr/bin/cmake --install /home/rsa2021/py_pub_sub/build/zbar_ros
