[0.296s] DEBUG:colcon:Command line arguments: ['/usr/bin/colcon', 'build']
[0.296s] DEBUG:colcon:Parsed command line arguments: Namespace(ament_cmake_args=None, base_paths=['.'], build_base='build', catkin_cmake_args=None, catkin_skip_building_tests=False, cmake_args=None, cmake_clean_cache=False, cmake_clean_first=False, cmake_force_configure=False, cmake_target=None, cmake_target_skip_unavailable=False, continue_on_error=False, event_handlers=None, executor='parallel', ignore_user_meta=False, install_base='install', log_base=None, log_level=None, main=<bound method BuildVerb.main of <colcon_core.verb.build.BuildVerb object at 0x7f036cffcca0>>, merge_install=False, metas=['./colcon.meta'], packages_above=None, packages_above_and_dependencies=None, packages_above_depth=None, packages_end=None, packages_ignore=None, packages_ignore_regex=None, packages_select=None, packages_select_build_failed=False, packages_select_by_dep=None, packages_select_regex=None, packages_select_test_failures=False, packages_skip=None, packages_skip_build_finished=False, packages_skip_by_dep=None, packages_skip_regex=None, packages_skip_test_passed=False, packages_skip_up_to=None, packages_start=None, packages_up_to=None, packages_up_to_regex=None, parallel_workers=3, paths=None, symlink_install=False, test_result_base=None, verb_extension=<colcon_core.verb.build.BuildVerb object at 0x7f036cffcca0>, verb_name='build', verb_parser=<colcon_defaults.argument_parser.defaults.DefaultArgumentsDecorator object at 0x7f036d00a250>)
[0.301s] Level 1:colcon.colcon_core.package_discovery:discover_packages(colcon_meta) check parameters
[0.301s] Level 1:colcon.colcon_core.package_discovery:discover_packages(recursive) check parameters
[0.301s] Level 1:colcon.colcon_core.package_discovery:discover_packages(ignore) check parameters
[0.301s] Level 1:colcon.colcon_core.package_discovery:discover_packages(path) check parameters
[0.301s] Level 1:colcon.colcon_core.package_discovery:discover_packages(colcon_meta) discover
[0.301s] Level 1:colcon.colcon_core.package_discovery:discover_packages(recursive) discover
[0.301s] INFO:colcon.colcon_core.package_discovery:Crawling recursively for packages in '/home/rsa2021/python_ws'
[0.301s] Level 1:colcon.colcon_core.package_identification:_identify(.) by extensions ['ignore', 'ignore_ament_install']
[0.301s] Level 1:colcon.colcon_core.package_identification:_identify(.) by extension 'ignore'
[0.301s] Level 1:colcon.colcon_core.package_identification:_identify(.) by extension 'ignore_ament_install'
[0.301s] Level 1:colcon.colcon_core.package_identification:_identify(.) by extensions ['colcon_pkg']
[0.301s] Level 1:colcon.colcon_core.package_identification:_identify(.) by extension 'colcon_pkg'
[0.302s] Level 1:colcon.colcon_core.package_identification:_identify(.) by extensions ['colcon_meta']
[0.302s] Level 1:colcon.colcon_core.package_identification:_identify(.) by extension 'colcon_meta'
[0.302s] Level 1:colcon.colcon_core.package_identification:_identify(.) by extensions ['ros']
[0.302s] Level 1:colcon.colcon_core.package_identification:_identify(.) by extension 'ros'
[0.313s] Level 1:colcon.colcon_core.package_identification:_identify(.) by extensions ['cmake', 'python']
[0.314s] Level 1:colcon.colcon_core.package_identification:_identify(.) by extension 'cmake'
[0.314s] Level 1:colcon.colcon_core.package_identification:_identify(.) by extension 'python'
[0.314s] Level 1:colcon.colcon_core.package_identification:_identify(.) by extensions ['python_setup_py']
[0.314s] Level 1:colcon.colcon_core.package_identification:_identify(.) by extension 'python_setup_py'
[0.314s] Level 1:colcon.colcon_core.package_identification:_identify(build) by extensions ['ignore', 'ignore_ament_install']
[0.314s] Level 1:colcon.colcon_core.package_identification:_identify(build) by extension 'ignore'
[0.314s] Level 1:colcon.colcon_core.package_identification:_identify(build) ignored
[0.314s] Level 1:colcon.colcon_core.package_identification:_identify(install) by extensions ['ignore', 'ignore_ament_install']
[0.314s] Level 1:colcon.colcon_core.package_identification:_identify(install) by extension 'ignore'
[0.314s] Level 1:colcon.colcon_core.package_identification:_identify(install) ignored
[0.314s] Level 1:colcon.colcon_core.package_identification:_identify(log) by extensions ['ignore', 'ignore_ament_install']
[0.314s] Level 1:colcon.colcon_core.package_identification:_identify(log) by extension 'ignore'
[0.314s] Level 1:colcon.colcon_core.package_identification:_identify(log) ignored
[0.315s] Level 1:colcon.colcon_core.package_identification:_identify(src) by extensions ['ignore', 'ignore_ament_install']
[0.315s] Level 1:colcon.colcon_core.package_identification:_identify(src) by extension 'ignore'
[0.315s] Level 1:colcon.colcon_core.package_identification:_identify(src) by extension 'ignore_ament_install'
[0.315s] Level 1:colcon.colcon_core.package_identification:_identify(src) by extensions ['colcon_pkg']
[0.315s] Level 1:colcon.colcon_core.package_identification:_identify(src) by extension 'colcon_pkg'
[0.315s] Level 1:colcon.colcon_core.package_identification:_identify(src) by extensions ['colcon_meta']
[0.315s] Level 1:colcon.colcon_core.package_identification:_identify(src) by extension 'colcon_meta'
[0.315s] Level 1:colcon.colcon_core.package_identification:_identify(src) by extensions ['ros']
[0.315s] Level 1:colcon.colcon_core.package_identification:_identify(src) by extension 'ros'
[0.315s] Level 1:colcon.colcon_core.package_identification:_identify(src) by extensions ['cmake', 'python']
[0.315s] Level 1:colcon.colcon_core.package_identification:_identify(src) by extension 'cmake'
[0.315s] Level 1:colcon.colcon_core.package_identification:_identify(src) by extension 'python'
[0.315s] Level 1:colcon.colcon_core.package_identification:_identify(src) by extensions ['python_setup_py']
[0.315s] Level 1:colcon.colcon_core.package_identification:_identify(src) by extension 'python_setup_py'
[0.315s] Level 1:colcon.colcon_core.package_identification:_identify(src/image_publisher) by extensions ['ignore', 'ignore_ament_install']
[0.316s] Level 1:colcon.colcon_core.package_identification:_identify(src/image_publisher) by extension 'ignore'
[0.316s] Level 1:colcon.colcon_core.package_identification:_identify(src/image_publisher) by extension 'ignore_ament_install'
[0.316s] Level 1:colcon.colcon_core.package_identification:_identify(src/image_publisher) by extensions ['colcon_pkg']
[0.316s] Level 1:colcon.colcon_core.package_identification:_identify(src/image_publisher) by extension 'colcon_pkg'
[0.316s] Level 1:colcon.colcon_core.package_identification:_identify(src/image_publisher) by extensions ['colcon_meta']
[0.316s] Level 1:colcon.colcon_core.package_identification:_identify(src/image_publisher) by extension 'colcon_meta'
[0.316s] Level 1:colcon.colcon_core.package_identification:_identify(src/image_publisher) by extensions ['ros']
[0.316s] Level 1:colcon.colcon_core.package_identification:_identify(src/image_publisher) by extension 'ros'
[0.319s] DEBUG:colcon.colcon_core.package_identification:Package 'src/image_publisher' with type 'ros.ament_cmake' and name 'image_publisher'
[0.319s] Level 1:colcon.colcon_core.package_identification:_identify(src/publisher3431) by extensions ['ignore', 'ignore_ament_install']
[0.320s] Level 1:colcon.colcon_core.package_identification:_identify(src/publisher3431) by extension 'ignore'
[0.320s] Level 1:colcon.colcon_core.package_identification:_identify(src/publisher3431) by extension 'ignore_ament_install'
[0.320s] Level 1:colcon.colcon_core.package_identification:_identify(src/publisher3431) by extensions ['colcon_pkg']
[0.320s] Level 1:colcon.colcon_core.package_identification:_identify(src/publisher3431) by extension 'colcon_pkg'
[0.320s] Level 1:colcon.colcon_core.package_identification:_identify(src/publisher3431) by extensions ['colcon_meta']
[0.320s] Level 1:colcon.colcon_core.package_identification:_identify(src/publisher3431) by extension 'colcon_meta'
[0.320s] Level 1:colcon.colcon_core.package_identification:_identify(src/publisher3431) by extensions ['ros']
[0.320s] Level 1:colcon.colcon_core.package_identification:_identify(src/publisher3431) by extension 'ros'
[0.321s] DEBUG:colcon.colcon_core.package_identification:Package 'src/publisher3431' with type 'ros.ament_python' and name 'publisher3431'
[0.321s] Level 1:colcon.colcon_core.package_identification:_identify(src/zbar_ros) by extensions ['ignore', 'ignore_ament_install']
[0.321s] Level 1:colcon.colcon_core.package_identification:_identify(src/zbar_ros) by extension 'ignore'
[0.321s] Level 1:colcon.colcon_core.package_identification:_identify(src/zbar_ros) by extension 'ignore_ament_install'
[0.321s] Level 1:colcon.colcon_core.package_identification:_identify(src/zbar_ros) by extensions ['colcon_pkg']
[0.321s] Level 1:colcon.colcon_core.package_identification:_identify(src/zbar_ros) by extension 'colcon_pkg'
[0.321s] Level 1:colcon.colcon_core.package_identification:_identify(src/zbar_ros) by extensions ['colcon_meta']
[0.321s] Level 1:colcon.colcon_core.package_identification:_identify(src/zbar_ros) by extension 'colcon_meta'
[0.321s] Level 1:colcon.colcon_core.package_identification:_identify(src/zbar_ros) by extensions ['ros']
[0.321s] Level 1:colcon.colcon_core.package_identification:_identify(src/zbar_ros) by extension 'ros'
[0.322s] DEBUG:colcon.colcon_core.package_identification:Package 'src/zbar_ros' with type 'ros.ament_cmake' and name 'zbar_ros'
[0.322s] Level 1:colcon.colcon_core.package_identification:_identify(src/zbar_ros_interfaces) by extensions ['ignore', 'ignore_ament_install']
[0.322s] Level 1:colcon.colcon_core.package_identification:_identify(src/zbar_ros_interfaces) by extension 'ignore'
[0.322s] Level 1:colcon.colcon_core.package_identification:_identify(src/zbar_ros_interfaces) by extension 'ignore_ament_install'
[0.322s] Level 1:colcon.colcon_core.package_identification:_identify(src/zbar_ros_interfaces) by extensions ['colcon_pkg']
[0.322s] Level 1:colcon.colcon_core.package_identification:_identify(src/zbar_ros_interfaces) by extension 'colcon_pkg'
[0.322s] Level 1:colcon.colcon_core.package_identification:_identify(src/zbar_ros_interfaces) by extensions ['colcon_meta']
[0.322s] Level 1:colcon.colcon_core.package_identification:_identify(src/zbar_ros_interfaces) by extension 'colcon_meta'
[0.322s] Level 1:colcon.colcon_core.package_identification:_identify(src/zbar_ros_interfaces) by extensions ['ros']
[0.322s] Level 1:colcon.colcon_core.package_identification:_identify(src/zbar_ros_interfaces) by extension 'ros'
[0.323s] DEBUG:colcon.colcon_core.package_identification:Package 'src/zbar_ros_interfaces' with type 'ros.ament_cmake' and name 'zbar_ros_interfaces'
[0.323s] Level 1:colcon.colcon_core.package_discovery:discover_packages(recursive) using defaults
[0.323s] Level 1:colcon.colcon_core.package_discovery:discover_packages(ignore) discover
[0.323s] Level 1:colcon.colcon_core.package_discovery:discover_packages(ignore) using defaults
[0.323s] Level 1:colcon.colcon_core.package_discovery:discover_packages(path) discover
[0.323s] Level 1:colcon.colcon_core.package_discovery:discover_packages(path) using defaults
[0.341s] Level 5:colcon.colcon_core.verb:set package 'image_publisher' build argument 'cmake_args' from command line to 'None'
[0.341s] Level 5:colcon.colcon_core.verb:set package 'image_publisher' build argument 'cmake_target' from command line to 'None'
[0.341s] Level 5:colcon.colcon_core.verb:set package 'image_publisher' build argument 'cmake_target_skip_unavailable' from command line to 'False'
[0.342s] Level 5:colcon.colcon_core.verb:set package 'image_publisher' build argument 'cmake_clean_cache' from command line to 'False'
[0.342s] Level 5:colcon.colcon_core.verb:set package 'image_publisher' build argument 'cmake_clean_first' from command line to 'False'
[0.342s] Level 5:colcon.colcon_core.verb:set package 'image_publisher' build argument 'cmake_force_configure' from command line to 'False'
[0.342s] Level 5:colcon.colcon_core.verb:set package 'image_publisher' build argument 'ament_cmake_args' from command line to 'None'
[0.342s] Level 5:colcon.colcon_core.verb:set package 'image_publisher' build argument 'catkin_cmake_args' from command line to 'None'
[0.342s] Level 5:colcon.colcon_core.verb:set package 'image_publisher' build argument 'catkin_skip_building_tests' from command line to 'False'
[0.342s] DEBUG:colcon.colcon_core.verb:Building package 'image_publisher' with the following arguments: {'ament_cmake_args': None, 'build_base': '/home/rsa2021/python_ws/build/image_publisher', 'catkin_cmake_args': None, 'catkin_skip_building_tests': False, 'cmake_args': None, 'cmake_clean_cache': False, 'cmake_clean_first': False, 'cmake_force_configure': False, 'cmake_target': None, 'cmake_target_skip_unavailable': False, 'install_base': '/home/rsa2021/python_ws/install/image_publisher', 'merge_install': False, 'path': '/home/rsa2021/python_ws/src/image_publisher', 'symlink_install': False, 'test_result_base': None}
[0.344s] Level 5:colcon.colcon_core.verb:set package 'publisher3431' build argument 'cmake_args' from command line to 'None'
[0.344s] Level 5:colcon.colcon_core.verb:set package 'publisher3431' build argument 'cmake_target' from command line to 'None'
[0.344s] Level 5:colcon.colcon_core.verb:set package 'publisher3431' build argument 'cmake_target_skip_unavailable' from command line to 'False'
[0.344s] Level 5:colcon.colcon_core.verb:set package 'publisher3431' build argument 'cmake_clean_cache' from command line to 'False'
[0.344s] Level 5:colcon.colcon_core.verb:set package 'publisher3431' build argument 'cmake_clean_first' from command line to 'False'
[0.344s] Level 5:colcon.colcon_core.verb:set package 'publisher3431' build argument 'cmake_force_configure' from command line to 'False'
[0.344s] Level 5:colcon.colcon_core.verb:set package 'publisher3431' build argument 'ament_cmake_args' from command line to 'None'
[0.344s] Level 5:colcon.colcon_core.verb:set package 'publisher3431' build argument 'catkin_cmake_args' from command line to 'None'
[0.344s] Level 5:colcon.colcon_core.verb:set package 'publisher3431' build argument 'catkin_skip_building_tests' from command line to 'False'
[0.344s] DEBUG:colcon.colcon_core.verb:Building package 'publisher3431' with the following arguments: {'ament_cmake_args': None, 'build_base': '/home/rsa2021/python_ws/build/publisher3431', 'catkin_cmake_args': None, 'catkin_skip_building_tests': False, 'cmake_args': None, 'cmake_clean_cache': False, 'cmake_clean_first': False, 'cmake_force_configure': False, 'cmake_target': None, 'cmake_target_skip_unavailable': False, 'install_base': '/home/rsa2021/python_ws/install/publisher3431', 'merge_install': False, 'path': '/home/rsa2021/python_ws/src/publisher3431', 'symlink_install': False, 'test_result_base': None}
[0.346s] Level 5:colcon.colcon_core.verb:set package 'zbar_ros_interfaces' build argument 'cmake_args' from command line to 'None'
[0.346s] Level 5:colcon.colcon_core.verb:set package 'zbar_ros_interfaces' build argument 'cmake_target' from command line to 'None'
[0.346s] Level 5:colcon.colcon_core.verb:set package 'zbar_ros_interfaces' build argument 'cmake_target_skip_unavailable' from command line to 'False'
[0.347s] Level 5:colcon.colcon_core.verb:set package 'zbar_ros_interfaces' build argument 'cmake_clean_cache' from command line to 'False'
[0.347s] Level 5:colcon.colcon_core.verb:set package 'zbar_ros_interfaces' build argument 'cmake_clean_first' from command line to 'False'
[0.347s] Level 5:colcon.colcon_core.verb:set package 'zbar_ros_interfaces' build argument 'cmake_force_configure' from command line to 'False'
[0.347s] Level 5:colcon.colcon_core.verb:set package 'zbar_ros_interfaces' build argument 'ament_cmake_args' from command line to 'None'
[0.347s] Level 5:colcon.colcon_core.verb:set package 'zbar_ros_interfaces' build argument 'catkin_cmake_args' from command line to 'None'
[0.347s] Level 5:colcon.colcon_core.verb:set package 'zbar_ros_interfaces' build argument 'catkin_skip_building_tests' from command line to 'False'
[0.347s] DEBUG:colcon.colcon_core.verb:Building package 'zbar_ros_interfaces' with the following arguments: {'ament_cmake_args': None, 'build_base': '/home/rsa2021/python_ws/build/zbar_ros_interfaces', 'catkin_cmake_args': None, 'catkin_skip_building_tests': False, 'cmake_args': None, 'cmake_clean_cache': False, 'cmake_clean_first': False, 'cmake_force_configure': False, 'cmake_target': None, 'cmake_target_skip_unavailable': False, 'install_base': '/home/rsa2021/python_ws/install/zbar_ros_interfaces', 'merge_install': False, 'path': '/home/rsa2021/python_ws/src/zbar_ros_interfaces', 'symlink_install': False, 'test_result_base': None}
[0.349s] Level 5:colcon.colcon_core.verb:set package 'zbar_ros' build argument 'cmake_args' from command line to 'None'
[0.349s] Level 5:colcon.colcon_core.verb:set package 'zbar_ros' build argument 'cmake_target' from command line to 'None'
[0.349s] Level 5:colcon.colcon_core.verb:set package 'zbar_ros' build argument 'cmake_target_skip_unavailable' from command line to 'False'
[0.349s] Level 5:colcon.colcon_core.verb:set package 'zbar_ros' build argument 'cmake_clean_cache' from command line to 'False'
[0.349s] Level 5:colcon.colcon_core.verb:set package 'zbar_ros' build argument 'cmake_clean_first' from command line to 'False'
[0.349s] Level 5:colcon.colcon_core.verb:set package 'zbar_ros' build argument 'cmake_force_configure' from command line to 'False'
[0.349s] Level 5:colcon.colcon_core.verb:set package 'zbar_ros' build argument 'ament_cmake_args' from command line to 'None'
[0.349s] Level 5:colcon.colcon_core.verb:set package 'zbar_ros' build argument 'catkin_cmake_args' from command line to 'None'
[0.349s] Level 5:colcon.colcon_core.verb:set package 'zbar_ros' build argument 'catkin_skip_building_tests' from command line to 'False'
[0.349s] DEBUG:colcon.colcon_core.verb:Building package 'zbar_ros' with the following arguments: {'ament_cmake_args': None, 'build_base': '/home/rsa2021/python_ws/build/zbar_ros', 'catkin_cmake_args': None, 'catkin_skip_building_tests': False, 'cmake_args': None, 'cmake_clean_cache': False, 'cmake_clean_first': False, 'cmake_force_configure': False, 'cmake_target': None, 'cmake_target_skip_unavailable': False, 'install_base': '/home/rsa2021/python_ws/install/zbar_ros', 'merge_install': False, 'path': '/home/rsa2021/python_ws/src/zbar_ros', 'symlink_install': False, 'test_result_base': None}
[0.349s] INFO:colcon.colcon_core.executor:Executing jobs using 'parallel' executor
[0.351s] DEBUG:colcon.colcon_parallel_executor.executor.parallel:run_until_complete
[0.351s] INFO:colcon.colcon_ros.task.ament_cmake.build:Building ROS package in '/home/rsa2021/python_ws/src/zbar_ros_interfaces' with build type 'ament_cmake'
[0.351s] INFO:colcon.colcon_cmake.task.cmake.build:Building CMake package in '/home/rsa2021/python_ws/src/zbar_ros_interfaces'
[0.355s] INFO:colcon.colcon_core.plugin_system:Skipping extension 'colcon_core.shell.bat': Not used on non-Windows systems
[0.356s] INFO:colcon.colcon_core.shell:Skip shell extension 'powershell' for command environment: Not usable outside of PowerShell
[0.356s] DEBUG:colcon.colcon_core.shell:Skip shell extension 'dsv' for command environment
[0.358s] DEBUG:colcon.colcon_core.shell:Ignoring prefix path '/opt/ros/foxy'
[0.361s] INFO:colcon.colcon_ros.task.ament_cmake.build:Building ROS package in '/home/rsa2021/python_ws/src/image_publisher' with build type 'ament_cmake'
[0.362s] INFO:colcon.colcon_cmake.task.cmake.build:Building CMake package in '/home/rsa2021/python_ws/src/image_publisher'
[0.363s] INFO:colcon.colcon_core.shell:Skip shell extension 'powershell' for command environment: Not usable outside of PowerShell
[0.363s] DEBUG:colcon.colcon_core.shell:Skip shell extension 'dsv' for command environment
[0.366s] DEBUG:colcon.colcon_core.shell:Ignoring prefix path '/opt/ros/foxy'
[0.369s] INFO:colcon.colcon_ros.task.ament_python.build:Building ROS package in '/home/rsa2021/python_ws/src/publisher3431' with build type 'ament_python'
[0.369s] Level 1:colcon.colcon_core.shell:create_environment_hook('publisher3431', 'ament_prefix_path')
[0.370s] INFO:colcon.colcon_core.shell:Creating environment hook '/home/rsa2021/python_ws/install/publisher3431/share/publisher3431/hook/ament_prefix_path.ps1'
[0.371s] INFO:colcon.colcon_core.shell:Creating environment descriptor '/home/rsa2021/python_ws/install/publisher3431/share/publisher3431/hook/ament_prefix_path.dsv'
[0.372s] INFO:colcon.colcon_core.shell:Creating environment hook '/home/rsa2021/python_ws/install/publisher3431/share/publisher3431/hook/ament_prefix_path.sh'
[0.373s] INFO:colcon.colcon_core.shell:Skip shell extension 'powershell' for command environment: Not usable outside of PowerShell
[0.373s] DEBUG:colcon.colcon_core.shell:Skip shell extension 'dsv' for command environment
[0.375s] DEBUG:colcon.colcon_core.shell:Ignoring prefix path '/opt/ros/foxy'
[0.386s] DEBUG:colcon.colcon_core.event_handler.log_command:Invoking command in '/home/rsa2021/python_ws/build/zbar_ros_interfaces': CMAKE_PREFIX_PATH=${CMAKE_PREFIX_PATH}:/home/rsa2021/python_ws/install/publisher3431:/opt/ros/foxy /usr/bin/cmake --build /home/rsa2021/python_ws/build/zbar_ros_interfaces -- -j3 -l3
[0.392s] DEBUG:colcon.colcon_core.event_handler.log_command:Invoking command in '/home/rsa2021/python_ws/build/image_publisher': CMAKE_PREFIX_PATH=${CMAKE_PREFIX_PATH}:/home/rsa2021/python_ws/install/publisher3431:/opt/ros/foxy /usr/bin/cmake --build /home/rsa2021/python_ws/build/image_publisher -- -j3 -l3
[0.660s] INFO:colcon.colcon_core.task.python.build:Building Python package in '/home/rsa2021/python_ws/src/publisher3431'
[0.661s] INFO:colcon.colcon_core.shell:Skip shell extension 'powershell' for command environment: Not usable outside of PowerShell
[0.661s] DEBUG:colcon.colcon_core.shell:Skip shell extension 'dsv' for command environment
[0.663s] DEBUG:colcon.colcon_core.shell:Ignoring prefix path '/opt/ros/foxy'
[0.670s] DEBUG:colcon.colcon_core.event_handler.log_command:Invoked command in '/home/rsa2021/python_ws/build/image_publisher' returned '0': CMAKE_PREFIX_PATH=${CMAKE_PREFIX_PATH}:/home/rsa2021/python_ws/install/publisher3431:/opt/ros/foxy /usr/bin/cmake --build /home/rsa2021/python_ws/build/image_publisher -- -j3 -l3
[0.675s] DEBUG:colcon.colcon_core.event_handler.log_command:Invoking command in '/home/rsa2021/python_ws/src/publisher3431': PYTHONPATH=/home/rsa2021/python_ws/install/publisher3431/lib/python3.8/site-packages:${PYTHONPATH} /usr/bin/python3 setup.py egg_info --egg-base ../../build/publisher3431 build --build-base /home/rsa2021/python_ws/build/publisher3431/build install --prefix /home/rsa2021/python_ws/install/publisher3431 --record /home/rsa2021/python_ws/build/publisher3431/install.log --single-version-externally-managed
[0.712s] DEBUG:colcon.colcon_core.event_handler.log_command:Invoking command in '/home/rsa2021/python_ws/build/image_publisher': CMAKE_PREFIX_PATH=${CMAKE_PREFIX_PATH}:/home/rsa2021/python_ws/install/publisher3431:/opt/ros/foxy /usr/bin/cmake --install /home/rsa2021/python_ws/build/image_publisher
[0.780s] Level 1:colcon.colcon_core.environment:create_environment_scripts_only(image_publisher)
[0.782s] DEBUG:colcon.colcon_core.event_handler.log_command:Invoked command in '/home/rsa2021/python_ws/build/image_publisher' returned '0': CMAKE_PREFIX_PATH=${CMAKE_PREFIX_PATH}:/home/rsa2021/python_ws/install/publisher3431:/opt/ros/foxy /usr/bin/cmake --install /home/rsa2021/python_ws/build/image_publisher
[0.786s] Level 1:colcon.colcon_core.environment:checking '/home/rsa2021/python_ws/install/image_publisher' for CMake module files
[0.786s] Level 1:colcon.colcon_core.environment:checking '/home/rsa2021/python_ws/install/image_publisher' for CMake config files
[0.787s] Level 1:colcon.colcon_core.shell:create_environment_hook('image_publisher', 'cmake_prefix_path')
[0.787s] INFO:colcon.colcon_core.shell:Creating environment hook '/home/rsa2021/python_ws/install/image_publisher/share/image_publisher/hook/cmake_prefix_path.ps1'
[0.789s] INFO:colcon.colcon_core.shell:Creating environment descriptor '/home/rsa2021/python_ws/install/image_publisher/share/image_publisher/hook/cmake_prefix_path.dsv'
[0.790s] INFO:colcon.colcon_core.shell:Creating environment hook '/home/rsa2021/python_ws/install/image_publisher/share/image_publisher/hook/cmake_prefix_path.sh'
[0.793s] Level 1:colcon.colcon_core.environment:checking '/home/rsa2021/python_ws/install/image_publisher/lib'
[0.793s] Level 1:colcon.colcon_core.shell:create_environment_hook('image_publisher', 'ld_library_path_lib')
[0.793s] INFO:colcon.colcon_core.shell:Creating environment hook '/home/rsa2021/python_ws/install/image_publisher/share/image_publisher/hook/ld_library_path_lib.ps1'
[0.794s] INFO:colcon.colcon_core.shell:Creating environment descriptor '/home/rsa2021/python_ws/install/image_publisher/share/image_publisher/hook/ld_library_path_lib.dsv'
[0.794s] INFO:colcon.colcon_core.shell:Creating environment hook '/home/rsa2021/python_ws/install/image_publisher/share/image_publisher/hook/ld_library_path_lib.sh'
[0.795s] Level 1:colcon.colcon_core.environment:checking '/home/rsa2021/python_ws/install/image_publisher/bin'
[0.795s] Level 1:colcon.colcon_core.environment:checking '/home/rsa2021/python_ws/install/image_publisher/lib/pkgconfig/image_publisher.pc'
[0.795s] Level 1:colcon.colcon_core.environment:checking '/home/rsa2021/python_ws/install/image_publisher/lib/python3.8/site-packages'
[0.796s] INFO:colcon.colcon_core.shell:Creating package script '/home/rsa2021/python_ws/install/image_publisher/share/image_publisher/package.ps1'
[0.797s] INFO:colcon.colcon_core.shell:Creating package descriptor '/home/rsa2021/python_ws/install/image_publisher/share/image_publisher/package.dsv'
[0.798s] INFO:colcon.colcon_core.shell:Creating package script '/home/rsa2021/python_ws/install/image_publisher/share/image_publisher/package.sh'
[0.800s] INFO:colcon.colcon_core.shell:Creating package script '/home/rsa2021/python_ws/install/image_publisher/share/image_publisher/package.bash'
[0.801s] INFO:colcon.colcon_core.shell:Creating package script '/home/rsa2021/python_ws/install/image_publisher/share/image_publisher/package.zsh'
[0.802s] Level 1:colcon.colcon_core.environment:create_file_with_runtime_dependencies(/home/rsa2021/python_ws/install/image_publisher/share/colcon-core/packages/image_publisher)
[0.816s] DEBUG:colcon.colcon_core.event_handler.log_command:Invoked command in '/home/rsa2021/python_ws/build/zbar_ros_interfaces' returned '0': CMAKE_PREFIX_PATH=${CMAKE_PREFIX_PATH}:/home/rsa2021/python_ws/install/publisher3431:/opt/ros/foxy /usr/bin/cmake --build /home/rsa2021/python_ws/build/zbar_ros_interfaces -- -j3 -l3
[0.863s] Level 1:colcon.colcon_core.environment:create_environment_scripts_only(image_publisher)
[0.863s] Level 1:colcon.colcon_core.environment:checking '/home/rsa2021/python_ws/install/image_publisher' for CMake module files
[0.864s] Level 1:colcon.colcon_core.environment:checking '/home/rsa2021/python_ws/install/image_publisher' for CMake config files
[0.864s] Level 1:colcon.colcon_core.shell:create_environment_hook('image_publisher', 'cmake_prefix_path')
[0.865s] INFO:colcon.colcon_core.shell:Creating environment hook '/home/rsa2021/python_ws/install/image_publisher/share/image_publisher/hook/cmake_prefix_path.ps1'
[0.866s] INFO:colcon.colcon_core.shell:Creating environment descriptor '/home/rsa2021/python_ws/install/image_publisher/share/image_publisher/hook/cmake_prefix_path.dsv'
[0.868s] INFO:colcon.colcon_core.shell:Creating environment hook '/home/rsa2021/python_ws/install/image_publisher/share/image_publisher/hook/cmake_prefix_path.sh'
[0.870s] Level 1:colcon.colcon_core.environment:checking '/home/rsa2021/python_ws/install/image_publisher/lib'
[0.871s] Level 1:colcon.colcon_core.shell:create_environment_hook('image_publisher', 'ld_library_path_lib')
[0.871s] INFO:colcon.colcon_core.shell:Creating environment hook '/home/rsa2021/python_ws/install/image_publisher/share/image_publisher/hook/ld_library_path_lib.ps1'
[0.872s] INFO:colcon.colcon_core.shell:Creating environment descriptor '/home/rsa2021/python_ws/install/image_publisher/share/image_publisher/hook/ld_library_path_lib.dsv'
[0.872s] INFO:colcon.colcon_core.shell:Creating environment hook '/home/rsa2021/python_ws/install/image_publisher/share/image_publisher/hook/ld_library_path_lib.sh'
[0.873s] Level 1:colcon.colcon_core.environment:checking '/home/rsa2021/python_ws/install/image_publisher/bin'
[0.873s] Level 1:colcon.colcon_core.environment:checking '/home/rsa2021/python_ws/install/image_publisher/lib/pkgconfig/image_publisher.pc'
[0.873s] Level 1:colcon.colcon_core.environment:checking '/home/rsa2021/python_ws/install/image_publisher/lib/python3.8/site-packages'
[0.874s] INFO:colcon.colcon_core.shell:Creating package script '/home/rsa2021/python_ws/install/image_publisher/share/image_publisher/package.ps1'
[0.877s] INFO:colcon.colcon_core.shell:Creating package descriptor '/home/rsa2021/python_ws/install/image_publisher/share/image_publisher/package.dsv'
[0.878s] INFO:colcon.colcon_core.shell:Creating package script '/home/rsa2021/python_ws/install/image_publisher/share/image_publisher/package.sh'
[0.879s] INFO:colcon.colcon_core.shell:Creating package script '/home/rsa2021/python_ws/install/image_publisher/share/image_publisher/package.bash'
[0.879s] INFO:colcon.colcon_core.shell:Creating package script '/home/rsa2021/python_ws/install/image_publisher/share/image_publisher/package.zsh'
[0.880s] Level 1:colcon.colcon_core.environment:create_file_with_runtime_dependencies(/home/rsa2021/python_ws/install/image_publisher/share/colcon-core/packages/image_publisher)
[0.915s] DEBUG:colcon.colcon_core.event_handler.log_command:Invoking command in '/home/rsa2021/python_ws/build/zbar_ros_interfaces': CMAKE_PREFIX_PATH=${CMAKE_PREFIX_PATH}:/home/rsa2021/python_ws/install/publisher3431:/opt/ros/foxy /usr/bin/cmake --install /home/rsa2021/python_ws/build/zbar_ros_interfaces
[1.000s] Level 1:colcon.colcon_core.environment:create_environment_scripts_only(zbar_ros_interfaces)
[1.001s] Level 1:colcon.colcon_core.environment:checking '/home/rsa2021/python_ws/install/zbar_ros_interfaces' for CMake module files
[1.004s] Level 1:colcon.colcon_core.environment:checking '/home/rsa2021/python_ws/install/zbar_ros_interfaces' for CMake config files
[1.007s] DEBUG:colcon.colcon_core.event_handler.log_command:Invoked command in '/home/rsa2021/python_ws/build/zbar_ros_interfaces' returned '0': CMAKE_PREFIX_PATH=${CMAKE_PREFIX_PATH}:/home/rsa2021/python_ws/install/publisher3431:/opt/ros/foxy /usr/bin/cmake --install /home/rsa2021/python_ws/build/zbar_ros_interfaces
[1.009s] Level 1:colcon.colcon_core.shell:create_environment_hook('zbar_ros_interfaces', 'cmake_prefix_path')
[1.010s] INFO:colcon.colcon_core.shell:Creating environment hook '/home/rsa2021/python_ws/install/zbar_ros_interfaces/share/zbar_ros_interfaces/hook/cmake_prefix_path.ps1'
[1.011s] INFO:colcon.colcon_core.shell:Creating environment descriptor '/home/rsa2021/python_ws/install/zbar_ros_interfaces/share/zbar_ros_interfaces/hook/cmake_prefix_path.dsv'
[1.011s] INFO:colcon.colcon_core.shell:Creating environment hook '/home/rsa2021/python_ws/install/zbar_ros_interfaces/share/zbar_ros_interfaces/hook/cmake_prefix_path.sh'
[1.012s] Level 1:colcon.colcon_core.environment:checking '/home/rsa2021/python_ws/install/zbar_ros_interfaces/lib'
[1.012s] Level 1:colcon.colcon_core.shell:create_environment_hook('zbar_ros_interfaces', 'ld_library_path_lib')
[1.013s] INFO:colcon.colcon_core.shell:Creating environment hook '/home/rsa2021/python_ws/install/zbar_ros_interfaces/share/zbar_ros_interfaces/hook/ld_library_path_lib.ps1'
[1.013s] INFO:colcon.colcon_core.shell:Creating environment descriptor '/home/rsa2021/python_ws/install/zbar_ros_interfaces/share/zbar_ros_interfaces/hook/ld_library_path_lib.dsv'
[1.014s] INFO:colcon.colcon_core.shell:Creating environment hook '/home/rsa2021/python_ws/install/zbar_ros_interfaces/share/zbar_ros_interfaces/hook/ld_library_path_lib.sh'
[1.014s] Level 1:colcon.colcon_core.environment:checking '/home/rsa2021/python_ws/install/zbar_ros_interfaces/bin'
[1.014s] Level 1:colcon.colcon_core.environment:checking '/home/rsa2021/python_ws/install/zbar_ros_interfaces/lib/pkgconfig/zbar_ros_interfaces.pc'
[1.014s] Level 1:colcon.colcon_core.environment:checking '/home/rsa2021/python_ws/install/zbar_ros_interfaces/lib/python3.8/site-packages'
[1.014s] Level 1:colcon.colcon_core.shell:create_environment_hook('zbar_ros_interfaces', 'pythonpath')
[1.015s] INFO:colcon.colcon_core.shell:Creating environment hook '/home/rsa2021/python_ws/install/zbar_ros_interfaces/share/zbar_ros_interfaces/hook/pythonpath.ps1'
[1.015s] INFO:colcon.colcon_core.shell:Creating environment descriptor '/home/rsa2021/python_ws/install/zbar_ros_interfaces/share/zbar_ros_interfaces/hook/pythonpath.dsv'
[1.016s] INFO:colcon.colcon_core.shell:Creating environment hook '/home/rsa2021/python_ws/install/zbar_ros_interfaces/share/zbar_ros_interfaces/hook/pythonpath.sh'
[1.017s] INFO:colcon.colcon_core.shell:Creating package script '/home/rsa2021/python_ws/install/zbar_ros_interfaces/share/zbar_ros_interfaces/package.ps1'
[1.018s] INFO:colcon.colcon_core.shell:Creating package descriptor '/home/rsa2021/python_ws/install/zbar_ros_interfaces/share/zbar_ros_interfaces/package.dsv'
[1.019s] INFO:colcon.colcon_core.shell:Creating package script '/home/rsa2021/python_ws/install/zbar_ros_interfaces/share/zbar_ros_interfaces/package.sh'
[1.020s] INFO:colcon.colcon_core.shell:Creating package script '/home/rsa2021/python_ws/install/zbar_ros_interfaces/share/zbar_ros_interfaces/package.bash'
[1.021s] INFO:colcon.colcon_core.shell:Creating package script '/home/rsa2021/python_ws/install/zbar_ros_interfaces/share/zbar_ros_interfaces/package.zsh'
[1.022s] Level 1:colcon.colcon_core.environment:create_file_with_runtime_dependencies(/home/rsa2021/python_ws/install/zbar_ros_interfaces/share/colcon-core/packages/zbar_ros_interfaces)
[1.084s] Level 1:colcon.colcon_core.environment:checking '/home/rsa2021/python_ws/install/publisher3431' for CMake module files
[1.085s] Level 1:colcon.colcon_core.environment:checking '/home/rsa2021/python_ws/install/publisher3431' for CMake config files
[1.085s] Level 1:colcon.colcon_core.environment:checking '/home/rsa2021/python_ws/install/publisher3431/lib'
[1.085s] Level 1:colcon.colcon_core.environment:checking '/home/rsa2021/python_ws/install/publisher3431/bin'
[1.085s] Level 1:colcon.colcon_core.environment:checking '/home/rsa2021/python_ws/install/publisher3431/lib/pkgconfig/publisher3431.pc'
[1.085s] Level 1:colcon.colcon_core.environment:checking '/home/rsa2021/python_ws/install/publisher3431/lib/python3.8/site-packages'
[1.086s] Level 1:colcon.colcon_core.shell:create_environment_hook('publisher3431', 'pythonpath')
[1.087s] INFO:colcon.colcon_core.shell:Creating environment hook '/home/rsa2021/python_ws/install/publisher3431/share/publisher3431/hook/pythonpath.ps1'
[1.089s] INFO:colcon.colcon_core.shell:Creating environment descriptor '/home/rsa2021/python_ws/install/publisher3431/share/publisher3431/hook/pythonpath.dsv'
[1.089s] INFO:colcon.colcon_core.shell:Creating environment hook '/home/rsa2021/python_ws/install/publisher3431/share/publisher3431/hook/pythonpath.sh'
[1.090s] Level 1:colcon.colcon_core.environment:create_environment_scripts_only(publisher3431)
[1.090s] INFO:colcon.colcon_core.shell:Creating package script '/home/rsa2021/python_ws/install/publisher3431/share/publisher3431/package.ps1'
[1.091s] INFO:colcon.colcon_core.shell:Creating package descriptor '/home/rsa2021/python_ws/install/publisher3431/share/publisher3431/package.dsv'
[1.091s] INFO:colcon.colcon_core.shell:Creating package script '/home/rsa2021/python_ws/install/publisher3431/share/publisher3431/package.sh'
[1.092s] INFO:colcon.colcon_core.shell:Creating package script '/home/rsa2021/python_ws/install/publisher3431/share/publisher3431/package.bash'
[1.092s] INFO:colcon.colcon_core.shell:Creating package script '/home/rsa2021/python_ws/install/publisher3431/share/publisher3431/package.zsh'
[1.093s] Level 1:colcon.colcon_core.environment:create_file_with_runtime_dependencies(/home/rsa2021/python_ws/install/publisher3431/share/colcon-core/packages/publisher3431)
[1.095s] DEBUG:colcon.colcon_core.event_handler.log_command:Invoked command in '/home/rsa2021/python_ws/src/publisher3431' returned '0': PYTHONPATH=/home/rsa2021/python_ws/install/publisher3431/lib/python3.8/site-packages:${PYTHONPATH} /usr/bin/python3 setup.py egg_info --egg-base ../../build/publisher3431 build --build-base /home/rsa2021/python_ws/build/publisher3431/build install --prefix /home/rsa2021/python_ws/install/publisher3431 --record /home/rsa2021/python_ws/build/publisher3431/install.log --single-version-externally-managed
[1.129s] Level 1:colcon.colcon_core.environment:create_environment_scripts_only(zbar_ros_interfaces)
[1.130s] Level 1:colcon.colcon_core.environment:checking '/home/rsa2021/python_ws/install/zbar_ros_interfaces' for CMake module files
[1.130s] Level 1:colcon.colcon_core.environment:checking '/home/rsa2021/python_ws/install/zbar_ros_interfaces' for CMake config files
[1.131s] Level 1:colcon.colcon_core.shell:create_environment_hook('zbar_ros_interfaces', 'cmake_prefix_path')
[1.131s] INFO:colcon.colcon_core.shell:Creating environment hook '/home/rsa2021/python_ws/install/zbar_ros_interfaces/share/zbar_ros_interfaces/hook/cmake_prefix_path.ps1'
[1.132s] INFO:colcon.colcon_core.shell:Creating environment descriptor '/home/rsa2021/python_ws/install/zbar_ros_interfaces/share/zbar_ros_interfaces/hook/cmake_prefix_path.dsv'
[1.132s] INFO:colcon.colcon_core.shell:Creating environment hook '/home/rsa2021/python_ws/install/zbar_ros_interfaces/share/zbar_ros_interfaces/hook/cmake_prefix_path.sh'
[1.133s] Level 1:colcon.colcon_core.environment:checking '/home/rsa2021/python_ws/install/zbar_ros_interfaces/lib'
[1.133s] Level 1:colcon.colcon_core.shell:create_environment_hook('zbar_ros_interfaces', 'ld_library_path_lib')
[1.134s] INFO:colcon.colcon_core.shell:Creating environment hook '/home/rsa2021/python_ws/install/zbar_ros_interfaces/share/zbar_ros_interfaces/hook/ld_library_path_lib.ps1'
[1.134s] INFO:colcon.colcon_core.shell:Creating environment descriptor '/home/rsa2021/python_ws/install/zbar_ros_interfaces/share/zbar_ros_interfaces/hook/ld_library_path_lib.dsv'
[1.135s] INFO:colcon.colcon_core.shell:Creating environment hook '/home/rsa2021/python_ws/install/zbar_ros_interfaces/share/zbar_ros_interfaces/hook/ld_library_path_lib.sh'
[1.136s] Level 1:colcon.colcon_core.environment:checking '/home/rsa2021/python_ws/install/zbar_ros_interfaces/bin'
[1.136s] Level 1:colcon.colcon_core.environment:checking '/home/rsa2021/python_ws/install/zbar_ros_interfaces/lib/pkgconfig/zbar_ros_interfaces.pc'
[1.136s] Level 1:colcon.colcon_core.environment:checking '/home/rsa2021/python_ws/install/zbar_ros_interfaces/lib/python3.8/site-packages'
[1.136s] Level 1:colcon.colcon_core.shell:create_environment_hook('zbar_ros_interfaces', 'pythonpath')
[1.137s] INFO:colcon.colcon_core.shell:Creating environment hook '/home/rsa2021/python_ws/install/zbar_ros_interfaces/share/zbar_ros_interfaces/hook/pythonpath.ps1'
[1.138s] INFO:colcon.colcon_core.shell:Creating environment descriptor '/home/rsa2021/python_ws/install/zbar_ros_interfaces/share/zbar_ros_interfaces/hook/pythonpath.dsv'
[1.138s] INFO:colcon.colcon_core.shell:Creating environment hook '/home/rsa2021/python_ws/install/zbar_ros_interfaces/share/zbar_ros_interfaces/hook/pythonpath.sh'
[1.139s] INFO:colcon.colcon_core.shell:Creating package script '/home/rsa2021/python_ws/install/zbar_ros_interfaces/share/zbar_ros_interfaces/package.ps1'
[1.140s] INFO:colcon.colcon_core.shell:Creating package descriptor '/home/rsa2021/python_ws/install/zbar_ros_interfaces/share/zbar_ros_interfaces/package.dsv'
[1.141s] INFO:colcon.colcon_core.shell:Creating package script '/home/rsa2021/python_ws/install/zbar_ros_interfaces/share/zbar_ros_interfaces/package.sh'
[1.141s] INFO:colcon.colcon_core.shell:Creating package script '/home/rsa2021/python_ws/install/zbar_ros_interfaces/share/zbar_ros_interfaces/package.bash'
[1.142s] INFO:colcon.colcon_core.shell:Creating package script '/home/rsa2021/python_ws/install/zbar_ros_interfaces/share/zbar_ros_interfaces/package.zsh'
[1.143s] Level 1:colcon.colcon_core.environment:create_file_with_runtime_dependencies(/home/rsa2021/python_ws/install/zbar_ros_interfaces/share/colcon-core/packages/zbar_ros_interfaces)
[1.144s] INFO:colcon.colcon_ros.task.ament_cmake.build:Building ROS package in '/home/rsa2021/python_ws/src/zbar_ros' with build type 'ament_cmake'
[1.144s] INFO:colcon.colcon_cmake.task.cmake.build:Building CMake package in '/home/rsa2021/python_ws/src/zbar_ros'
[1.145s] INFO:colcon.colcon_core.shell:Skip shell extension 'powershell' for command environment: Not usable outside of PowerShell
[1.145s] DEBUG:colcon.colcon_core.shell:Skip shell extension 'dsv' for command environment
[1.148s] DEBUG:colcon.colcon_core.shell:Ignoring prefix path '/opt/ros/foxy'
[1.178s] DEBUG:colcon.colcon_core.event_handler.log_command:Invoking command in '/home/rsa2021/python_ws/build/zbar_ros': CMAKE_PREFIX_PATH=/home/rsa2021/python_ws/install/zbar_ros_interfaces:/home/rsa2021/python_ws/install/zbar_ros:/home/rsa2021/python_ws/install/image_publisher:/home/rsa2021/dev_ws/install/zbar_ros:/home/rsa2021/dev_ws/install/dev_pkg:/home/rsa2021/dev_ws/install/zbar_ros_interfaces:/home/rsa2021/python_ws/install/publisher3431:/opt/ros/foxy LD_LIBRARY_PATH=/home/rsa2021/python_ws/install/zbar_ros_interfaces/lib:/home/rsa2021/python_ws/install/image_publisher/lib:/home/rsa2021/dev_ws/install/zbar_ros_interfaces/lib:/usr/lib/x86_64-linux-gnu/gazebo-11/plugins:/opt/ros/foxy/opt/yaml_cpp_vendor/lib:/opt/ros/foxy/opt/rviz_ogre_vendor/lib:/opt/ros/foxy/lib/x86_64-linux-gnu:/opt/ros/foxy/lib /usr/bin/cmake --build /home/rsa2021/python_ws/build/zbar_ros -- -j3 -l3
[1.307s] DEBUG:colcon.colcon_core.event_handler.log_command:Invoked command in '/home/rsa2021/python_ws/build/zbar_ros' returned '0': CMAKE_PREFIX_PATH=/home/rsa2021/python_ws/install/zbar_ros_interfaces:/home/rsa2021/python_ws/install/zbar_ros:/home/rsa2021/python_ws/install/image_publisher:/home/rsa2021/dev_ws/install/zbar_ros:/home/rsa2021/dev_ws/install/dev_pkg:/home/rsa2021/dev_ws/install/zbar_ros_interfaces:/home/rsa2021/python_ws/install/publisher3431:/opt/ros/foxy LD_LIBRARY_PATH=/home/rsa2021/python_ws/install/zbar_ros_interfaces/lib:/home/rsa2021/python_ws/install/image_publisher/lib:/home/rsa2021/dev_ws/install/zbar_ros_interfaces/lib:/usr/lib/x86_64-linux-gnu/gazebo-11/plugins:/opt/ros/foxy/opt/yaml_cpp_vendor/lib:/opt/ros/foxy/opt/rviz_ogre_vendor/lib:/opt/ros/foxy/lib/x86_64-linux-gnu:/opt/ros/foxy/lib /usr/bin/cmake --build /home/rsa2021/python_ws/build/zbar_ros -- -j3 -l3
[1.341s] DEBUG:colcon.colcon_core.event_handler.log_command:Invoking command in '/home/rsa2021/python_ws/build/zbar_ros': CMAKE_PREFIX_PATH=/home/rsa2021/python_ws/install/zbar_ros_interfaces:/home/rsa2021/python_ws/install/zbar_ros:/home/rsa2021/python_ws/install/image_publisher:/home/rsa2021/dev_ws/install/zbar_ros:/home/rsa2021/dev_ws/install/dev_pkg:/home/rsa2021/dev_ws/install/zbar_ros_interfaces:/home/rsa2021/python_ws/install/publisher3431:/opt/ros/foxy LD_LIBRARY_PATH=/home/rsa2021/python_ws/install/zbar_ros_interfaces/lib:/home/rsa2021/python_ws/install/image_publisher/lib:/home/rsa2021/dev_ws/install/zbar_ros_interfaces/lib:/usr/lib/x86_64-linux-gnu/gazebo-11/plugins:/opt/ros/foxy/opt/yaml_cpp_vendor/lib:/opt/ros/foxy/opt/rviz_ogre_vendor/lib:/opt/ros/foxy/lib/x86_64-linux-gnu:/opt/ros/foxy/lib /usr/bin/cmake --install /home/rsa2021/python_ws/build/zbar_ros
[1.358s] Level 1:colcon.colcon_core.environment:create_environment_scripts_only(zbar_ros)
[1.359s] Level 1:colcon.colcon_core.environment:checking '/home/rsa2021/python_ws/install/zbar_ros' for CMake module files
[1.360s] DEBUG:colcon.colcon_core.event_handler.log_command:Invoked command in '/home/rsa2021/python_ws/build/zbar_ros' returned '0': CMAKE_PREFIX_PATH=/home/rsa2021/python_ws/install/zbar_ros_interfaces:/home/rsa2021/python_ws/install/zbar_ros:/home/rsa2021/python_ws/install/image_publisher:/home/rsa2021/dev_ws/install/zbar_ros:/home/rsa2021/dev_ws/install/dev_pkg:/home/rsa2021/dev_ws/install/zbar_ros_interfaces:/home/rsa2021/python_ws/install/publisher3431:/opt/ros/foxy LD_LIBRARY_PATH=/home/rsa2021/python_ws/install/zbar_ros_interfaces/lib:/home/rsa2021/python_ws/install/image_publisher/lib:/home/rsa2021/dev_ws/install/zbar_ros_interfaces/lib:/usr/lib/x86_64-linux-gnu/gazebo-11/plugins:/opt/ros/foxy/opt/yaml_cpp_vendor/lib:/opt/ros/foxy/opt/rviz_ogre_vendor/lib:/opt/ros/foxy/lib/x86_64-linux-gnu:/opt/ros/foxy/lib /usr/bin/cmake --install /home/rsa2021/python_ws/build/zbar_ros
[1.360s] Level 1:colcon.colcon_core.environment:checking '/home/rsa2021/python_ws/install/zbar_ros' for CMake config files
[1.360s] Level 1:colcon.colcon_core.shell:create_environment_hook('zbar_ros', 'cmake_prefix_path')
[1.361s] INFO:colcon.colcon_core.shell:Creating environment hook '/home/rsa2021/python_ws/install/zbar_ros/share/zbar_ros/hook/cmake_prefix_path.ps1'
[1.362s] INFO:colcon.colcon_core.shell:Creating environment descriptor '/home/rsa2021/python_ws/install/zbar_ros/share/zbar_ros/hook/cmake_prefix_path.dsv'
[1.362s] INFO:colcon.colcon_core.shell:Creating environment hook '/home/rsa2021/python_ws/install/zbar_ros/share/zbar_ros/hook/cmake_prefix_path.sh'
[1.363s] Level 1:colcon.colcon_core.environment:checking '/home/rsa2021/python_ws/install/zbar_ros/lib'
[1.363s] Level 1:colcon.colcon_core.environment:checking '/home/rsa2021/python_ws/install/zbar_ros/bin'
[1.363s] Level 1:colcon.colcon_core.environment:checking '/home/rsa2021/python_ws/install/zbar_ros/lib/pkgconfig/zbar_ros.pc'
[1.363s] Level 1:colcon.colcon_core.environment:checking '/home/rsa2021/python_ws/install/zbar_ros/lib/python3.8/site-packages'
[1.364s] INFO:colcon.colcon_core.shell:Creating package script '/home/rsa2021/python_ws/install/zbar_ros/share/zbar_ros/package.ps1'
[1.364s] INFO:colcon.colcon_core.shell:Creating package descriptor '/home/rsa2021/python_ws/install/zbar_ros/share/zbar_ros/package.dsv'
[1.365s] INFO:colcon.colcon_core.shell:Creating package script '/home/rsa2021/python_ws/install/zbar_ros/share/zbar_ros/package.sh'
[1.365s] INFO:colcon.colcon_core.shell:Creating package script '/home/rsa2021/python_ws/install/zbar_ros/share/zbar_ros/package.bash'
[1.366s] INFO:colcon.colcon_core.shell:Creating package script '/home/rsa2021/python_ws/install/zbar_ros/share/zbar_ros/package.zsh'
[1.366s] Level 1:colcon.colcon_core.environment:create_file_with_runtime_dependencies(/home/rsa2021/python_ws/install/zbar_ros/share/colcon-core/packages/zbar_ros)
[1.397s] Level 1:colcon.colcon_core.environment:create_environment_scripts_only(zbar_ros)
[1.398s] Level 1:colcon.colcon_core.environment:checking '/home/rsa2021/python_ws/install/zbar_ros' for CMake module files
[1.398s] Level 1:colcon.colcon_core.environment:checking '/home/rsa2021/python_ws/install/zbar_ros' for CMake config files
[1.399s] Level 1:colcon.colcon_core.shell:create_environment_hook('zbar_ros', 'cmake_prefix_path')
[1.399s] INFO:colcon.colcon_core.shell:Creating environment hook '/home/rsa2021/python_ws/install/zbar_ros/share/zbar_ros/hook/cmake_prefix_path.ps1'
[1.400s] INFO:colcon.colcon_core.shell:Creating environment descriptor '/home/rsa2021/python_ws/install/zbar_ros/share/zbar_ros/hook/cmake_prefix_path.dsv'
[1.400s] INFO:colcon.colcon_core.shell:Creating environment hook '/home/rsa2021/python_ws/install/zbar_ros/share/zbar_ros/hook/cmake_prefix_path.sh'
[1.401s] Level 1:colcon.colcon_core.environment:checking '/home/rsa2021/python_ws/install/zbar_ros/lib'
[1.401s] Level 1:colcon.colcon_core.environment:checking '/home/rsa2021/python_ws/install/zbar_ros/bin'
[1.401s] Level 1:colcon.colcon_core.environment:checking '/home/rsa2021/python_ws/install/zbar_ros/lib/pkgconfig/zbar_ros.pc'
[1.401s] Level 1:colcon.colcon_core.environment:checking '/home/rsa2021/python_ws/install/zbar_ros/lib/python3.8/site-packages'
[1.402s] INFO:colcon.colcon_core.shell:Creating package script '/home/rsa2021/python_ws/install/zbar_ros/share/zbar_ros/package.ps1'
[1.402s] INFO:colcon.colcon_core.shell:Creating package descriptor '/home/rsa2021/python_ws/install/zbar_ros/share/zbar_ros/package.dsv'
[1.403s] INFO:colcon.colcon_core.shell:Creating package script '/home/rsa2021/python_ws/install/zbar_ros/share/zbar_ros/package.sh'
[1.403s] INFO:colcon.colcon_core.shell:Creating package script '/home/rsa2021/python_ws/install/zbar_ros/share/zbar_ros/package.bash'
[1.404s] INFO:colcon.colcon_core.shell:Creating package script '/home/rsa2021/python_ws/install/zbar_ros/share/zbar_ros/package.zsh'
[1.404s] Level 1:colcon.colcon_core.environment:create_file_with_runtime_dependencies(/home/rsa2021/python_ws/install/zbar_ros/share/colcon-core/packages/zbar_ros)
[1.405s] DEBUG:colcon.colcon_parallel_executor.executor.parallel:closing loop
[1.406s] DEBUG:colcon.colcon_parallel_executor.executor.parallel:loop closed
[1.406s] DEBUG:colcon.colcon_parallel_executor.executor.parallel:run_until_complete finished with '0'
[1.406s] DEBUG:colcon.colcon_core.event_reactor:joining thread
[1.412s] INFO:colcon.colcon_core.plugin_system:Skipping extension 'colcon_notification.desktop_notification.terminal_notifier': Not used on non-Darwin systems
[1.412s] INFO:colcon.colcon_core.plugin_system:Skipping extension 'colcon_notification.desktop_notification.win32': Not used on non-Windows systems
[1.412s] INFO:colcon.colcon_notification.desktop_notification:Sending desktop notification using 'notify2'
[1.431s] DEBUG:colcon.colcon_core.event_reactor:joined thread
[1.432s] INFO:colcon.colcon_core.shell:Creating prefix script '/home/rsa2021/python_ws/install/local_setup.ps1'
[1.433s] INFO:colcon.colcon_core.shell:Creating prefix util module '/home/rsa2021/python_ws/install/_local_setup_util_ps1.py'
[1.435s] INFO:colcon.colcon_core.shell:Creating prefix chain script '/home/rsa2021/python_ws/install/setup.ps1'
[1.437s] INFO:colcon.colcon_core.shell:Creating prefix script '/home/rsa2021/python_ws/install/local_setup.sh'
[1.438s] INFO:colcon.colcon_core.shell:Creating prefix util module '/home/rsa2021/python_ws/install/_local_setup_util_sh.py'
[1.439s] INFO:colcon.colcon_core.shell:Creating prefix chain script '/home/rsa2021/python_ws/install/setup.sh'
[1.441s] INFO:colcon.colcon_core.shell:Creating prefix script '/home/rsa2021/python_ws/install/local_setup.bash'
[1.442s] INFO:colcon.colcon_core.shell:Creating prefix chain script '/home/rsa2021/python_ws/install/setup.bash'
[1.444s] INFO:colcon.colcon_core.shell:Creating prefix script '/home/rsa2021/python_ws/install/local_setup.zsh'
[1.445s] INFO:colcon.colcon_core.shell:Creating prefix chain script '/home/rsa2021/python_ws/install/setup.zsh'
