[0.203s] Invoking command in '/home/rsa2021/py_pub_sub/build/zbar_ros_interfaces': CMAKE_PREFIX_PATH=/home/rsa2021/py_pub_sub/install/zbar_ros:/home/rsa2021/py_pub_sub/install/zbar_ros_interfaces:/home/rsa2021/py_pub_sub/install/publisher3431:/opt/ros/foxy:/home/rsa2021/py_pub_sub/install/image_publisher /usr/bin/cmake --build /home/rsa2021/py_pub_sub/build/zbar_ros_interfaces -- -j3 -l3
[0.842s] [  3%] Built target zbar_ros_interfaces__cpp
[1.091s] [ 12%] Built target zbar_ros_interfaces__rosidl_generator_c
[1.214s] [ 22%] Built target zbar_ros_interfaces__rosidl_typesupport_fastrtps_cpp
[1.512s] [ 32%] Built target zbar_ros_interfaces__rosidl_typesupport_introspection_cpp
[1.707s] [ 41%] Built target zbar_ros_interfaces__rosidl_typesupport_introspection_c
[1.922s] [ 51%] Built target zbar_ros_interfaces__rosidl_typesupport_c
[2.107s] [ 61%] Built target zbar_ros_interfaces__rosidl_typesupport_fastrtps_c
[2.395s] [ 70%] Built target zbar_ros_interfaces__rosidl_typesupport_cpp
[2.562s] [ 70%] Built target zbar_ros_interfaces
[2.660s] [ 74%] Built target zbar_ros_interfaces__py
[3.016s] [ 80%] Built target zbar_ros_interfaces__python
[3.330s] [ 87%] Built target zbar_ros_interfaces__rosidl_typesupport_introspection_c__pyext
[3.601s] [ 93%] Built target zbar_ros_interfaces__rosidl_typesupport_c__pyext
[3.839s] [100%] Built target zbar_ros_interfaces__rosidl_typesupport_fastrtps_c__pyext
[3.962s] Invoked command in '/home/rsa2021/py_pub_sub/build/zbar_ros_interfaces' returned '0': CMAKE_PREFIX_PATH=/home/rsa2021/py_pub_sub/install/zbar_ros:/home/rsa2021/py_pub_sub/install/zbar_ros_interfaces:/home/rsa2021/py_pub_sub/install/publisher3431:/opt/ros/foxy:/home/rsa2021/py_pub_sub/install/image_publisher /usr/bin/cmake --build /home/rsa2021/py_pub_sub/build/zbar_ros_interfaces -- -j3 -l3
[4.312s] Invoking command in '/home/rsa2021/py_pub_sub/build/zbar_ros_interfaces': CMAKE_PREFIX_PATH=/home/rsa2021/py_pub_sub/install/zbar_ros:/home/rsa2021/py_pub_sub/install/zbar_ros_interfaces:/home/rsa2021/py_pub_sub/install/publisher3431:/opt/ros/foxy:/home/rsa2021/py_pub_sub/install/image_publisher /usr/bin/cmake --install /home/rsa2021/py_pub_sub/build/zbar_ros_interfaces
[4.395s] -- Install configuration: ""
[4.395s] -- Up-to-date: /home/rsa2021/py_pub_sub/install/zbar_ros_interfaces/share/ament_index/resource_index/rosidl_interfaces/zbar_ros_interfaces
[4.396s] -- Up-to-date: /home/rsa2021/py_pub_sub/install/zbar_ros_interfaces/include/zbar_ros_interfaces
[4.396s] -- Up-to-date: /home/rsa2021/py_pub_sub/install/zbar_ros_interfaces/include/zbar_ros_interfaces/msg
[4.396s] -- Up-to-date: /home/rsa2021/py_pub_sub/install/zbar_ros_interfaces/include/zbar_ros_interfaces/msg/symbol.h
[4.399s] -- Up-to-date: /home/rsa2021/py_pub_sub/install/zbar_ros_interfaces/include/zbar_ros_interfaces/msg/detail
[4.399s] -- Up-to-date: /home/rsa2021/py_pub_sub/install/zbar_ros_interfaces/include/zbar_ros_interfaces/msg/detail/symbol__struct.h
[4.399s] -- Up-to-date: /home/rsa2021/py_pub_sub/install/zbar_ros_interfaces/include/zbar_ros_interfaces/msg/detail/symbol__functions.c
[4.401s] -- Up-to-date: /home/rsa2021/py_pub_sub/install/zbar_ros_interfaces/include/zbar_ros_interfaces/msg/detail/symbol__type_support.h
[4.402s] -- Up-to-date: /home/rsa2021/py_pub_sub/install/zbar_ros_interfaces/include/zbar_ros_interfaces/msg/detail/symbol__functions.h
[4.402s] -- Up-to-date: /home/rsa2021/py_pub_sub/install/zbar_ros_interfaces/include/zbar_ros_interfaces/msg/rosidl_generator_c__visibility_control.h
[4.403s] -- Up-to-date: /home/rsa2021/py_pub_sub/install/zbar_ros_interfaces/share/zbar_ros_interfaces/environment/library_path.sh
[4.403s] -- Up-to-date: /home/rsa2021/py_pub_sub/install/zbar_ros_interfaces/share/zbar_ros_interfaces/environment/library_path.dsv
[4.406s] -- Up-to-date: /home/rsa2021/py_pub_sub/install/zbar_ros_interfaces/lib/libzbar_ros_interfaces__rosidl_generator_c.so
[4.407s] -- Up-to-date: /home/rsa2021/py_pub_sub/install/zbar_ros_interfaces/include/zbar_ros_interfaces
[4.407s] -- Up-to-date: /home/rsa2021/py_pub_sub/install/zbar_ros_interfaces/include/zbar_ros_interfaces/msg
[4.413s] -- Up-to-date: /home/rsa2021/py_pub_sub/install/zbar_ros_interfaces/include/zbar_ros_interfaces/msg/detail
[4.421s] -- Up-to-date: /home/rsa2021/py_pub_sub/install/zbar_ros_interfaces/include/zbar_ros_interfaces/msg/detail/symbol__rosidl_typesupport_fastrtps_c.h
[4.423s] -- Up-to-date: /home/rsa2021/py_pub_sub/install/zbar_ros_interfaces/include/zbar_ros_interfaces/msg/rosidl_typesupport_fastrtps_c__visibility_control.h
[4.423s] -- Up-to-date: /home/rsa2021/py_pub_sub/install/zbar_ros_interfaces/lib/libzbar_ros_interfaces__rosidl_typesupport_fastrtps_c.so
[4.423s] -- Up-to-date: /home/rsa2021/py_pub_sub/install/zbar_ros_interfaces/include/zbar_ros_interfaces
[4.423s] -- Up-to-date: /home/rsa2021/py_pub_sub/install/zbar_ros_interfaces/include/zbar_ros_interfaces/msg
[4.424s] -- Up-to-date: /home/rsa2021/py_pub_sub/install/zbar_ros_interfaces/include/zbar_ros_interfaces/msg/rosidl_typesupport_fastrtps_cpp__visibility_control.h
[4.424s] -- Up-to-date: /home/rsa2021/py_pub_sub/install/zbar_ros_interfaces/include/zbar_ros_interfaces/msg/detail
[4.425s] -- Up-to-date: /home/rsa2021/py_pub_sub/install/zbar_ros_interfaces/include/zbar_ros_interfaces/msg/detail/dds_fastrtps
[4.445s] -- Up-to-date: /home/rsa2021/py_pub_sub/install/zbar_ros_interfaces/include/zbar_ros_interfaces/msg/detail/symbol__rosidl_typesupport_fastrtps_cpp.hpp
[4.446s] -- Up-to-date: /home/rsa2021/py_pub_sub/install/zbar_ros_interfaces/lib/libzbar_ros_interfaces__rosidl_typesupport_fastrtps_cpp.so
[4.446s] -- Up-to-date: /home/rsa2021/py_pub_sub/install/zbar_ros_interfaces/include/zbar_ros_interfaces
[4.446s] -- Up-to-date: /home/rsa2021/py_pub_sub/install/zbar_ros_interfaces/include/zbar_ros_interfaces/msg
[4.446s] -- Up-to-date: /home/rsa2021/py_pub_sub/install/zbar_ros_interfaces/include/zbar_ros_interfaces/msg/detail
[4.447s] -- Up-to-date: /home/rsa2021/py_pub_sub/install/zbar_ros_interfaces/include/zbar_ros_interfaces/msg/detail/symbol__rosidl_typesupport_introspection_c.h
[4.447s] -- Up-to-date: /home/rsa2021/py_pub_sub/install/zbar_ros_interfaces/include/zbar_ros_interfaces/msg/detail/symbol__type_support.c
[4.448s] -- Up-to-date: /home/rsa2021/py_pub_sub/install/zbar_ros_interfaces/include/zbar_ros_interfaces/msg/rosidl_typesupport_introspection_c__visibility_control.h
[4.449s] -- Up-to-date: /home/rsa2021/py_pub_sub/install/zbar_ros_interfaces/lib/libzbar_ros_interfaces__rosidl_typesupport_introspection_c.so
[4.464s] -- Up-to-date: /home/rsa2021/py_pub_sub/install/zbar_ros_interfaces/lib/libzbar_ros_interfaces__rosidl_typesupport_c.so
[4.465s] -- Up-to-date: /home/rsa2021/py_pub_sub/install/zbar_ros_interfaces/include/zbar_ros_interfaces
[4.465s] -- Up-to-date: /home/rsa2021/py_pub_sub/install/zbar_ros_interfaces/include/zbar_ros_interfaces/msg
[4.476s] -- Up-to-date: /home/rsa2021/py_pub_sub/install/zbar_ros_interfaces/include/zbar_ros_interfaces/msg/symbol.hpp
[4.476s] -- Up-to-date: /home/rsa2021/py_pub_sub/install/zbar_ros_interfaces/include/zbar_ros_interfaces/msg/detail
[4.476s] -- Up-to-date: /home/rsa2021/py_pub_sub/install/zbar_ros_interfaces/include/zbar_ros_interfaces/msg/detail/symbol__traits.hpp
[4.477s] -- Up-to-date: /home/rsa2021/py_pub_sub/install/zbar_ros_interfaces/include/zbar_ros_interfaces/msg/detail/symbol__builder.hpp
[4.477s] -- Up-to-date: /home/rsa2021/py_pub_sub/install/zbar_ros_interfaces/include/zbar_ros_interfaces/msg/detail/symbol__struct.hpp
[4.478s] -- Up-to-date: /home/rsa2021/py_pub_sub/install/zbar_ros_interfaces/include/zbar_ros_interfaces
[4.478s] -- Up-to-date: /home/rsa2021/py_pub_sub/install/zbar_ros_interfaces/include/zbar_ros_interfaces/msg
[4.478s] -- Up-to-date: /home/rsa2021/py_pub_sub/install/zbar_ros_interfaces/include/zbar_ros_interfaces/msg/detail
[4.484s] -- Up-to-date: /home/rsa2021/py_pub_sub/install/zbar_ros_interfaces/include/zbar_ros_interfaces/msg/detail/symbol__type_support.cpp
[4.485s] -- Up-to-date: /home/rsa2021/py_pub_sub/install/zbar_ros_interfaces/include/zbar_ros_interfaces/msg/detail/symbol__rosidl_typesupport_introspection_cpp.hpp
[4.486s] -- Up-to-date: /home/rsa2021/py_pub_sub/install/zbar_ros_interfaces/lib/libzbar_ros_interfaces__rosidl_typesupport_introspection_cpp.so
[4.486s] -- Up-to-date: /home/rsa2021/py_pub_sub/install/zbar_ros_interfaces/lib/libzbar_ros_interfaces__rosidl_typesupport_cpp.so
[4.487s] -- Up-to-date: /home/rsa2021/py_pub_sub/install/zbar_ros_interfaces/share/zbar_ros_interfaces/environment/pythonpath.sh
[4.487s] -- Up-to-date: /home/rsa2021/py_pub_sub/install/zbar_ros_interfaces/share/zbar_ros_interfaces/environment/pythonpath.dsv
[4.488s] -- Up-to-date: /home/rsa2021/py_pub_sub/install/zbar_ros_interfaces/lib/python3.8/site-packages/zbar_ros_interfaces/__init__.py
[4.687s] -- Up-to-date: /home/rsa2021/py_pub_sub/install/zbar_ros_interfaces/lib/python3.8/site-packages/zbar_ros_interfaces/msg
[4.688s] -- Up-to-date: /home/rsa2021/py_pub_sub/install/zbar_ros_interfaces/lib/python3.8/site-packages/zbar_ros_interfaces/msg/__init__.py
[4.688s] -- Up-to-date: /home/rsa2021/py_pub_sub/install/zbar_ros_interfaces/lib/python3.8/site-packages/zbar_ros_interfaces/msg/_symbol.py
[4.689s] -- Up-to-date: /home/rsa2021/py_pub_sub/install/zbar_ros_interfaces/lib/python3.8/site-packages/zbar_ros_interfaces/msg/_symbol_s.c
[4.689s] -- Up-to-date: /home/rsa2021/py_pub_sub/install/zbar_ros_interfaces/lib/python3.8/site-packages/zbar_ros_interfaces/zbar_ros_interfaces_s__rosidl_typesupport_fastrtps_c.cpython-38-x86_64-linux-gnu.so
[4.700s] -- Up-to-date: /home/rsa2021/py_pub_sub/install/zbar_ros_interfaces/lib/python3.8/site-packages/zbar_ros_interfaces/zbar_ros_interfaces_s__rosidl_typesupport_introspection_c.cpython-38-x86_64-linux-gnu.so
[4.705s] -- Up-to-date: /home/rsa2021/py_pub_sub/install/zbar_ros_interfaces/lib/python3.8/site-packages/zbar_ros_interfaces/zbar_ros_interfaces_s__rosidl_typesupport_c.cpython-38-x86_64-linux-gnu.so
[4.706s] -- Up-to-date: /home/rsa2021/py_pub_sub/install/zbar_ros_interfaces/lib/libzbar_ros_interfaces__python.so
[4.707s] -- Up-to-date: /home/rsa2021/py_pub_sub/install/zbar_ros_interfaces/share/zbar_ros_interfaces/msg/Symbol.idl
[4.708s] -- Up-to-date: /home/rsa2021/py_pub_sub/install/zbar_ros_interfaces/share/zbar_ros_interfaces/msg/Symbol.msg
[4.709s] -- Up-to-date: /home/rsa2021/py_pub_sub/install/zbar_ros_interfaces/share/ament_index/resource_index/package_run_dependencies/zbar_ros_interfaces
[4.710s] -- Up-to-date: /home/rsa2021/py_pub_sub/install/zbar_ros_interfaces/share/ament_index/resource_index/parent_prefix_path/zbar_ros_interfaces
[4.711s] -- Up-to-date: /home/rsa2021/py_pub_sub/install/zbar_ros_interfaces/share/zbar_ros_interfaces/environment/ament_prefix_path.sh
[4.711s] -- Up-to-date: /home/rsa2021/py_pub_sub/install/zbar_ros_interfaces/share/zbar_ros_interfaces/environment/ament_prefix_path.dsv
[4.712s] -- Up-to-date: /home/rsa2021/py_pub_sub/install/zbar_ros_interfaces/share/zbar_ros_interfaces/environment/path.sh
[4.712s] -- Up-to-date: /home/rsa2021/py_pub_sub/install/zbar_ros_interfaces/share/zbar_ros_interfaces/environment/path.dsv
[4.713s] -- Up-to-date: /home/rsa2021/py_pub_sub/install/zbar_ros_interfaces/share/zbar_ros_interfaces/local_setup.bash
[4.713s] -- Up-to-date: /home/rsa2021/py_pub_sub/install/zbar_ros_interfaces/share/zbar_ros_interfaces/local_setup.sh
[4.713s] -- Up-to-date: /home/rsa2021/py_pub_sub/install/zbar_ros_interfaces/share/zbar_ros_interfaces/local_setup.zsh
[4.714s] -- Up-to-date: /home/rsa2021/py_pub_sub/install/zbar_ros_interfaces/share/zbar_ros_interfaces/local_setup.dsv
[4.716s] -- Installing: /home/rsa2021/py_pub_sub/install/zbar_ros_interfaces/share/zbar_ros_interfaces/package.dsv
[4.716s] -- Up-to-date: /home/rsa2021/py_pub_sub/install/zbar_ros_interfaces/share/ament_index/resource_index/packages/zbar_ros_interfaces
[4.720s] -- Up-to-date: /home/rsa2021/py_pub_sub/install/zbar_ros_interfaces/share/zbar_ros_interfaces/cmake/zbar_ros_interfaces__rosidl_generator_cExport.cmake
[4.721s] -- Up-to-date: /home/rsa2021/py_pub_sub/install/zbar_ros_interfaces/share/zbar_ros_interfaces/cmake/zbar_ros_interfaces__rosidl_generator_cExport-noconfig.cmake
[4.721s] -- Up-to-date: /home/rsa2021/py_pub_sub/install/zbar_ros_interfaces/share/zbar_ros_interfaces/cmake/zbar_ros_interfaces__rosidl_typesupport_introspection_cExport.cmake
[4.721s] -- Up-to-date: /home/rsa2021/py_pub_sub/install/zbar_ros_interfaces/share/zbar_ros_interfaces/cmake/zbar_ros_interfaces__rosidl_typesupport_introspection_cExport-noconfig.cmake
[4.722s] -- Up-to-date: /home/rsa2021/py_pub_sub/install/zbar_ros_interfaces/share/zbar_ros_interfaces/cmake/zbar_ros_interfaces__rosidl_typesupport_cExport.cmake
[4.722s] -- Up-to-date: /home/rsa2021/py_pub_sub/install/zbar_ros_interfaces/share/zbar_ros_interfaces/cmake/zbar_ros_interfaces__rosidl_typesupport_cExport-noconfig.cmake
[4.722s] -- Up-to-date: /home/rsa2021/py_pub_sub/install/zbar_ros_interfaces/share/zbar_ros_interfaces/cmake/zbar_ros_interfaces__rosidl_generator_cppExport.cmake
[4.726s] -- Up-to-date: /home/rsa2021/py_pub_sub/install/zbar_ros_interfaces/share/zbar_ros_interfaces/cmake/zbar_ros_interfaces__rosidl_typesupport_introspection_cppExport.cmake
[4.727s] -- Up-to-date: /home/rsa2021/py_pub_sub/install/zbar_ros_interfaces/share/zbar_ros_interfaces/cmake/zbar_ros_interfaces__rosidl_typesupport_introspection_cppExport-noconfig.cmake
[4.728s] -- Up-to-date: /home/rsa2021/py_pub_sub/install/zbar_ros_interfaces/share/zbar_ros_interfaces/cmake/zbar_ros_interfaces__rosidl_typesupport_cppExport.cmake
[4.728s] -- Up-to-date: /home/rsa2021/py_pub_sub/install/zbar_ros_interfaces/share/zbar_ros_interfaces/cmake/zbar_ros_interfaces__rosidl_typesupport_cppExport-noconfig.cmake
[4.729s] -- Up-to-date: /home/rsa2021/py_pub_sub/install/zbar_ros_interfaces/share/zbar_ros_interfaces/cmake/rosidl_cmake-extras.cmake
[4.729s] -- Up-to-date: /home/rsa2021/py_pub_sub/install/zbar_ros_interfaces/share/zbar_ros_interfaces/cmake/ament_cmake_export_dependencies-extras.cmake
[4.729s] -- Up-to-date: /home/rsa2021/py_pub_sub/install/zbar_ros_interfaces/share/zbar_ros_interfaces/cmake/ament_cmake_export_libraries-extras.cmake
[4.730s] -- Up-to-date: /home/rsa2021/py_pub_sub/install/zbar_ros_interfaces/share/zbar_ros_interfaces/cmake/ament_cmake_export_targets-extras.cmake
[4.736s] -- Up-to-date: /home/rsa2021/py_pub_sub/install/zbar_ros_interfaces/share/zbar_ros_interfaces/cmake/ament_cmake_export_include_directories-extras.cmake
[4.737s] -- Up-to-date: /home/rsa2021/py_pub_sub/install/zbar_ros_interfaces/share/zbar_ros_interfaces/cmake/rosidl_cmake_export_typesupport_libraries-extras.cmake
[4.737s] -- Up-to-date: /home/rsa2021/py_pub_sub/install/zbar_ros_interfaces/share/zbar_ros_interfaces/cmake/rosidl_cmake_export_typesupport_targets-extras.cmake
[4.738s] -- Up-to-date: /home/rsa2021/py_pub_sub/install/zbar_ros_interfaces/share/zbar_ros_interfaces/cmake/zbar_ros_interfacesConfig.cmake
[4.738s] -- Up-to-date: /home/rsa2021/py_pub_sub/install/zbar_ros_interfaces/share/zbar_ros_interfaces/cmake/zbar_ros_interfacesConfig-version.cmake
[4.745s] -- Up-to-date: /home/rsa2021/py_pub_sub/install/zbar_ros_interfaces/share/zbar_ros_interfaces/package.xml
[4.764s] Invoked command in '/home/rsa2021/py_pub_sub/build/zbar_ros_interfaces' returned '0': CMAKE_PREFIX_PATH=/home/rsa2021/py_pub_sub/install/zbar_ros:/home/rsa2021/py_pub_sub/install/zbar_ros_interfaces:/home/rsa2021/py_pub_sub/install/publisher3431:/opt/ros/foxy:/home/rsa2021/py_pub_sub/install/image_publisher /usr/bin/cmake --install /home/rsa2021/py_pub_sub/build/zbar_ros_interfaces
