[0.061s] Invoking command in '/home/rsa2021/py_pub_sub/build/zbar_ros': CMAKE_PREFIX_PATH=/home/rsa2021/py_pub_sub/install/zbar_ros_interfaces:/home/rsa2021/py_pub_sub/install/zbar_ros:/home/rsa2021/py_pub_sub/install/publisher3431:/opt/ros/foxy:/home/rsa2021/py_pub_sub/install/image_publisher /usr/bin/cmake --build /home/rsa2021/py_pub_sub/build/zbar_ros -- -j3 -l3
[0.391s] [ 50%] Built target barcode_reader_node
[0.599s] [100%] Built target barcode_reader
[0.672s] Invoked command in '/home/rsa2021/py_pub_sub/build/zbar_ros' returned '0': CMAKE_PREFIX_PATH=/home/rsa2021/py_pub_sub/install/zbar_ros_interfaces:/home/rsa2021/py_pub_sub/install/zbar_ros:/home/rsa2021/py_pub_sub/install/publisher3431:/opt/ros/foxy:/home/rsa2021/py_pub_sub/install/image_publisher /usr/bin/cmake --build /home/rsa2021/py_pub_sub/build/zbar_ros -- -j3 -l3
[0.852s] Invoking command in '/home/rsa2021/py_pub_sub/build/zbar_ros': CMAKE_PREFIX_PATH=/home/rsa2021/py_pub_sub/install/zbar_ros_interfaces:/home/rsa2021/py_pub_sub/install/zbar_ros:/home/rsa2021/py_pub_sub/install/publisher3431:/opt/ros/foxy:/home/rsa2021/py_pub_sub/install/image_publisher /usr/bin/cmake --install /home/rsa2021/py_pub_sub/build/zbar_ros
[0.905s] -- Install configuration: ""
[0.915s] -- Up-to-date: /home/rsa2021/py_pub_sub/install/zbar_ros/lib/zbar_ros/barcode_reader
[0.917s] -- Up-to-date: /home/rsa2021/py_pub_sub/install/zbar_ros/include/
[0.938s] -- Up-to-date: /home/rsa2021/py_pub_sub/install/zbar_ros/include//zbar_ros
[0.939s] -- Up-to-date: /home/rsa2021/py_pub_sub/install/zbar_ros/include//zbar_ros/barcode_reader_node.hpp
[0.941s] -- Up-to-date: /home/rsa2021/py_pub_sub/install/zbar_ros/lib/libbarcode_reader_node.a
[0.942s] -- Up-to-date: /home/rsa2021/py_pub_sub/install/zbar_ros/share/ament_index/resource_index/package_run_dependencies/zbar_ros
[0.958s] -- Up-to-date: /home/rsa2021/py_pub_sub/install/zbar_ros/share/ament_index/resource_index/parent_prefix_path/zbar_ros
[0.964s] -- Up-to-date: /home/rsa2021/py_pub_sub/install/zbar_ros/share/zbar_ros/environment/ament_prefix_path.sh
[0.965s] -- Up-to-date: /home/rsa2021/py_pub_sub/install/zbar_ros/share/zbar_ros/environment/ament_prefix_path.dsv
[0.966s] -- Up-to-date: /home/rsa2021/py_pub_sub/install/zbar_ros/share/zbar_ros/environment/path.sh
[0.966s] -- Up-to-date: /home/rsa2021/py_pub_sub/install/zbar_ros/share/zbar_ros/environment/path.dsv
[0.967s] -- Up-to-date: /home/rsa2021/py_pub_sub/install/zbar_ros/share/zbar_ros/local_setup.bash
[0.967s] -- Up-to-date: /home/rsa2021/py_pub_sub/install/zbar_ros/share/zbar_ros/local_setup.sh
[0.968s] -- Up-to-date: /home/rsa2021/py_pub_sub/install/zbar_ros/share/zbar_ros/local_setup.zsh
[0.969s] -- Up-to-date: /home/rsa2021/py_pub_sub/install/zbar_ros/share/zbar_ros/local_setup.dsv
[0.970s] -- Installing: /home/rsa2021/py_pub_sub/install/zbar_ros/share/zbar_ros/package.dsv
[0.971s] -- Up-to-date: /home/rsa2021/py_pub_sub/install/zbar_ros/share/ament_index/resource_index/packages/zbar_ros
[0.971s] -- Up-to-date: /home/rsa2021/py_pub_sub/install/zbar_ros/share/zbar_ros/cmake/zbar_rosConfig.cmake
[0.981s] -- Up-to-date: /home/rsa2021/py_pub_sub/install/zbar_ros/share/zbar_ros/cmake/zbar_rosConfig-version.cmake
[0.981s] -- Up-to-date: /home/rsa2021/py_pub_sub/install/zbar_ros/share/zbar_ros/package.xml
[0.982s] Invoked command in '/home/rsa2021/py_pub_sub/build/zbar_ros' returned '0': CMAKE_PREFIX_PATH=/home/rsa2021/py_pub_sub/install/zbar_ros_interfaces:/home/rsa2021/py_pub_sub/install/zbar_ros:/home/rsa2021/py_pub_sub/install/publisher3431:/opt/ros/foxy:/home/rsa2021/py_pub_sub/install/image_publisher /usr/bin/cmake --install /home/rsa2021/py_pub_sub/build/zbar_ros
