[0.053s] Invoking command in '/home/rsa2021/py_pub_sub/build/image_publisher': /usr/bin/cmake /home/rsa2021/py_pub_sub/src/image_publisher -DCATKIN_INSTALL_INTO_PREFIX_ROOT=0 -DCMAKE_INSTALL_PREFIX=/home/rsa2021/py_pub_sub/install/image_publisher
[0.182s] CMake Error at CMakeLists.txt:4 (find_package):
[0.183s]   By not providing "Findcatkin.cmake" in CMAKE_MODULE_PATH this project has
[0.183s]   asked CMake to find a package configuration file provided by "catkin", but
[0.183s]   CMake did not find one.
[0.184s] 
[0.184s]   Could not find a package configuration file provided by "catkin" with any
[0.184s]   of the following names:
[0.185s] 
[0.185s]     catkinConfig.cmake
[0.185s]     catkin-config.cmake
[0.186s] 
[0.186s]   Add the installation prefix of "catkin" to CMAKE_PREFIX_PATH or set
[0.187s] -- Configuring incomplete, errors occurred!
[0.187s] See also "/home/rsa2021/py_pub_sub/build/image_publisher/CMakeFiles/CMakeOutput.log".
[0.189s]   "catkin_DIR" to a directory containing one of the above files.  If "catkin"
[0.189s]   provides a separate development package or SDK, be sure it has been
[0.190s]   installed.
[0.191s] 
[0.191s] 
[0.197s] Invoked command in '/home/rsa2021/py_pub_sub/build/image_publisher' returned '1': /usr/bin/cmake /home/rsa2021/py_pub_sub/src/image_publisher -DCATKIN_INSTALL_INTO_PREFIX_ROOT=0 -DCMAKE_INSTALL_PREFIX=/home/rsa2021/py_pub_sub/install/image_publisher
