[0.376s] DEBUG:colcon:Command line arguments: ['/usr/bin/colcon', 'build']
[0.376s] DEBUG:colcon:Parsed command line arguments: Namespace(ament_cmake_args=None, base_paths=['.'], build_base='build', catkin_cmake_args=None, catkin_skip_building_tests=False, cmake_args=None, cmake_clean_cache=False, cmake_clean_first=False, cmake_force_configure=False, cmake_target=None, cmake_target_skip_unavailable=False, continue_on_error=False, event_handlers=None, executor='parallel', ignore_user_meta=False, install_base='install', log_base=None, log_level=None, main=<bound method BuildVerb.main of <colcon_core.verb.build.BuildVerb object at 0x7fdc15a38cd0>>, merge_install=False, metas=['./colcon.meta'], packages_above=None, packages_above_and_dependencies=None, packages_above_depth=None, packages_end=None, packages_ignore=None, packages_ignore_regex=None, packages_select=None, packages_select_build_failed=False, packages_select_by_dep=None, packages_select_regex=None, packages_select_test_failures=False, packages_skip=None, packages_skip_build_finished=False, packages_skip_by_dep=None, packages_skip_regex=None, packages_skip_test_passed=False, packages_skip_up_to=None, packages_start=None, packages_up_to=None, packages_up_to_regex=None, parallel_workers=3, paths=None, symlink_install=False, test_result_base=None, verb_extension=<colcon_core.verb.build.BuildVerb object at 0x7fdc15a38cd0>, verb_name='build', verb_parser=<colcon_defaults.argument_parser.defaults.DefaultArgumentsDecorator object at 0x7fdc15a47280>)
[0.381s] Level 1:colcon.colcon_core.package_discovery:discover_packages(colcon_meta) check parameters
[0.382s] Level 1:colcon.colcon_core.package_discovery:discover_packages(recursive) check parameters
[0.382s] Level 1:colcon.colcon_core.package_discovery:discover_packages(ignore) check parameters
[0.382s] Level 1:colcon.colcon_core.package_discovery:discover_packages(path) check parameters
[0.382s] Level 1:colcon.colcon_core.package_discovery:discover_packages(colcon_meta) discover
[0.382s] Level 1:colcon.colcon_core.package_discovery:discover_packages(recursive) discover
[0.382s] INFO:colcon.colcon_core.package_discovery:Crawling recursively for packages in '/home/rsa2021/python_ws'
[0.382s] Level 1:colcon.colcon_core.package_identification:_identify(.) by extensions ['ignore', 'ignore_ament_install']
[0.382s] Level 1:colcon.colcon_core.package_identification:_identify(.) by extension 'ignore'
[0.382s] Level 1:colcon.colcon_core.package_identification:_identify(.) by extension 'ignore_ament_install'
[0.382s] Level 1:colcon.colcon_core.package_identification:_identify(.) by extensions ['colcon_pkg']
[0.383s] Level 1:colcon.colcon_core.package_identification:_identify(.) by extension 'colcon_pkg'
[0.383s] Level 1:colcon.colcon_core.package_identification:_identify(.) by extensions ['colcon_meta']
[0.383s] Level 1:colcon.colcon_core.package_identification:_identify(.) by extension 'colcon_meta'
[0.383s] Level 1:colcon.colcon_core.package_identification:_identify(.) by extensions ['ros']
[0.383s] Level 1:colcon.colcon_core.package_identification:_identify(.) by extension 'ros'
[0.397s] Level 1:colcon.colcon_core.package_identification:_identify(.) by extensions ['cmake', 'python']
[0.398s] Level 1:colcon.colcon_core.package_identification:_identify(.) by extension 'cmake'
[0.398s] Level 1:colcon.colcon_core.package_identification:_identify(.) by extension 'python'
[0.398s] Level 1:colcon.colcon_core.package_identification:_identify(.) by extensions ['python_setup_py']
[0.398s] Level 1:colcon.colcon_core.package_identification:_identify(.) by extension 'python_setup_py'
[0.398s] Level 1:colcon.colcon_core.package_identification:_identify(build) by extensions ['ignore', 'ignore_ament_install']
[0.398s] Level 1:colcon.colcon_core.package_identification:_identify(build) by extension 'ignore'
[0.398s] Level 1:colcon.colcon_core.package_identification:_identify(build) ignored
[0.398s] Level 1:colcon.colcon_core.package_identification:_identify(install) by extensions ['ignore', 'ignore_ament_install']
[0.398s] Level 1:colcon.colcon_core.package_identification:_identify(install) by extension 'ignore'
[0.398s] Level 1:colcon.colcon_core.package_identification:_identify(install) ignored
[0.398s] Level 1:colcon.colcon_core.package_identification:_identify(log) by extensions ['ignore', 'ignore_ament_install']
[0.398s] Level 1:colcon.colcon_core.package_identification:_identify(log) by extension 'ignore'
[0.398s] Level 1:colcon.colcon_core.package_identification:_identify(log) ignored
[0.399s] Level 1:colcon.colcon_core.package_identification:_identify(src) by extensions ['ignore', 'ignore_ament_install']
[0.399s] Level 1:colcon.colcon_core.package_identification:_identify(src) by extension 'ignore'
[0.399s] Level 1:colcon.colcon_core.package_identification:_identify(src) by extension 'ignore_ament_install'
[0.399s] Level 1:colcon.colcon_core.package_identification:_identify(src) by extensions ['colcon_pkg']
[0.399s] Level 1:colcon.colcon_core.package_identification:_identify(src) by extension 'colcon_pkg'
[0.399s] Level 1:colcon.colcon_core.package_identification:_identify(src) by extensions ['colcon_meta']
[0.399s] Level 1:colcon.colcon_core.package_identification:_identify(src) by extension 'colcon_meta'
[0.399s] Level 1:colcon.colcon_core.package_identification:_identify(src) by extensions ['ros']
[0.399s] Level 1:colcon.colcon_core.package_identification:_identify(src) by extension 'ros'
[0.399s] Level 1:colcon.colcon_core.package_identification:_identify(src) by extensions ['cmake', 'python']
[0.399s] Level 1:colcon.colcon_core.package_identification:_identify(src) by extension 'cmake'
[0.399s] Level 1:colcon.colcon_core.package_identification:_identify(src) by extension 'python'
[0.399s] Level 1:colcon.colcon_core.package_identification:_identify(src) by extensions ['python_setup_py']
[0.400s] Level 1:colcon.colcon_core.package_identification:_identify(src) by extension 'python_setup_py'
[0.400s] Level 1:colcon.colcon_core.package_identification:_identify(src/image_publisher) by extensions ['ignore', 'ignore_ament_install']
[0.400s] Level 1:colcon.colcon_core.package_identification:_identify(src/image_publisher) by extension 'ignore'
[0.400s] Level 1:colcon.colcon_core.package_identification:_identify(src/image_publisher) by extension 'ignore_ament_install'
[0.400s] Level 1:colcon.colcon_core.package_identification:_identify(src/image_publisher) by extensions ['colcon_pkg']
[0.400s] Level 1:colcon.colcon_core.package_identification:_identify(src/image_publisher) by extension 'colcon_pkg'
[0.400s] Level 1:colcon.colcon_core.package_identification:_identify(src/image_publisher) by extensions ['colcon_meta']
[0.400s] Level 1:colcon.colcon_core.package_identification:_identify(src/image_publisher) by extension 'colcon_meta'
[0.400s] Level 1:colcon.colcon_core.package_identification:_identify(src/image_publisher) by extensions ['ros']
[0.400s] Level 1:colcon.colcon_core.package_identification:_identify(src/image_publisher) by extension 'ros'
[0.411s] DEBUG:colcon.colcon_core.package_identification:Package 'src/image_publisher' with type 'ros.ament_cmake' and name 'image_publisher'
[0.412s] Level 1:colcon.colcon_core.package_identification:_identify(src/publisher3431) by extensions ['ignore', 'ignore_ament_install']
[0.412s] Level 1:colcon.colcon_core.package_identification:_identify(src/publisher3431) by extension 'ignore'
[0.412s] Level 1:colcon.colcon_core.package_identification:_identify(src/publisher3431) by extension 'ignore_ament_install'
[0.412s] Level 1:colcon.colcon_core.package_identification:_identify(src/publisher3431) by extensions ['colcon_pkg']
[0.412s] Level 1:colcon.colcon_core.package_identification:_identify(src/publisher3431) by extension 'colcon_pkg'
[0.412s] Level 1:colcon.colcon_core.package_identification:_identify(src/publisher3431) by extensions ['colcon_meta']
[0.412s] Level 1:colcon.colcon_core.package_identification:_identify(src/publisher3431) by extension 'colcon_meta'
[0.412s] Level 1:colcon.colcon_core.package_identification:_identify(src/publisher3431) by extensions ['ros']
[0.412s] Level 1:colcon.colcon_core.package_identification:_identify(src/publisher3431) by extension 'ros'
[0.413s] DEBUG:colcon.colcon_core.package_identification:Package 'src/publisher3431' with type 'ros.ament_python' and name 'publisher3431'
[0.413s] Level 1:colcon.colcon_core.package_identification:_identify(src/zbar_ros) by extensions ['ignore', 'ignore_ament_install']
[0.413s] Level 1:colcon.colcon_core.package_identification:_identify(src/zbar_ros) by extension 'ignore'
[0.413s] Level 1:colcon.colcon_core.package_identification:_identify(src/zbar_ros) by extension 'ignore_ament_install'
[0.414s] Level 1:colcon.colcon_core.package_identification:_identify(src/zbar_ros) by extensions ['colcon_pkg']
[0.414s] Level 1:colcon.colcon_core.package_identification:_identify(src/zbar_ros) by extension 'colcon_pkg'
[0.414s] Level 1:colcon.colcon_core.package_identification:_identify(src/zbar_ros) by extensions ['colcon_meta']
[0.414s] Level 1:colcon.colcon_core.package_identification:_identify(src/zbar_ros) by extension 'colcon_meta'
[0.414s] Level 1:colcon.colcon_core.package_identification:_identify(src/zbar_ros) by extensions ['ros']
[0.414s] Level 1:colcon.colcon_core.package_identification:_identify(src/zbar_ros) by extension 'ros'
[0.415s] DEBUG:colcon.colcon_core.package_identification:Package 'src/zbar_ros' with type 'ros.ament_cmake' and name 'zbar_ros'
[0.415s] Level 1:colcon.colcon_core.package_identification:_identify(src/zbar_ros_interfaces) by extensions ['ignore', 'ignore_ament_install']
[0.415s] Level 1:colcon.colcon_core.package_identification:_identify(src/zbar_ros_interfaces) by extension 'ignore'
[0.415s] Level 1:colcon.colcon_core.package_identification:_identify(src/zbar_ros_interfaces) by extension 'ignore_ament_install'
[0.415s] Level 1:colcon.colcon_core.package_identification:_identify(src/zbar_ros_interfaces) by extensions ['colcon_pkg']
[0.415s] Level 1:colcon.colcon_core.package_identification:_identify(src/zbar_ros_interfaces) by extension 'colcon_pkg'
[0.415s] Level 1:colcon.colcon_core.package_identification:_identify(src/zbar_ros_interfaces) by extensions ['colcon_meta']
[0.415s] Level 1:colcon.colcon_core.package_identification:_identify(src/zbar_ros_interfaces) by extension 'colcon_meta'
[0.415s] Level 1:colcon.colcon_core.package_identification:_identify(src/zbar_ros_interfaces) by extensions ['ros']
[0.415s] Level 1:colcon.colcon_core.package_identification:_identify(src/zbar_ros_interfaces) by extension 'ros'
[0.416s] DEBUG:colcon.colcon_core.package_identification:Package 'src/zbar_ros_interfaces' with type 'ros.ament_cmake' and name 'zbar_ros_interfaces'
[0.416s] Level 1:colcon.colcon_core.package_discovery:discover_packages(recursive) using defaults
[0.416s] Level 1:colcon.colcon_core.package_discovery:discover_packages(ignore) discover
[0.416s] Level 1:colcon.colcon_core.package_discovery:discover_packages(ignore) using defaults
[0.416s] Level 1:colcon.colcon_core.package_discovery:discover_packages(path) discover
[0.416s] Level 1:colcon.colcon_core.package_discovery:discover_packages(path) using defaults
[0.438s] Level 5:colcon.colcon_core.verb:set package 'image_publisher' build argument 'cmake_args' from command line to 'None'
[0.438s] Level 5:colcon.colcon_core.verb:set package 'image_publisher' build argument 'cmake_target' from command line to 'None'
[0.438s] Level 5:colcon.colcon_core.verb:set package 'image_publisher' build argument 'cmake_target_skip_unavailable' from command line to 'False'
[0.438s] Level 5:colcon.colcon_core.verb:set package 'image_publisher' build argument 'cmake_clean_cache' from command line to 'False'
[0.438s] Level 5:colcon.colcon_core.verb:set package 'image_publisher' build argument 'cmake_clean_first' from command line to 'False'
[0.438s] Level 5:colcon.colcon_core.verb:set package 'image_publisher' build argument 'cmake_force_configure' from command line to 'False'
[0.438s] Level 5:colcon.colcon_core.verb:set package 'image_publisher' build argument 'ament_cmake_args' from command line to 'None'
[0.438s] Level 5:colcon.colcon_core.verb:set package 'image_publisher' build argument 'catkin_cmake_args' from command line to 'None'
[0.438s] Level 5:colcon.colcon_core.verb:set package 'image_publisher' build argument 'catkin_skip_building_tests' from command line to 'False'
[0.438s] DEBUG:colcon.colcon_core.verb:Building package 'image_publisher' with the following arguments: {'ament_cmake_args': None, 'build_base': '/home/rsa2021/python_ws/build/image_publisher', 'catkin_cmake_args': None, 'catkin_skip_building_tests': False, 'cmake_args': None, 'cmake_clean_cache': False, 'cmake_clean_first': False, 'cmake_force_configure': False, 'cmake_target': None, 'cmake_target_skip_unavailable': False, 'install_base': '/home/rsa2021/python_ws/install/image_publisher', 'merge_install': False, 'path': '/home/rsa2021/python_ws/src/image_publisher', 'symlink_install': False, 'test_result_base': None}
[0.441s] Level 5:colcon.colcon_core.verb:set package 'publisher3431' build argument 'cmake_args' from command line to 'None'
[0.441s] Level 5:colcon.colcon_core.verb:set package 'publisher3431' build argument 'cmake_target' from command line to 'None'
[0.441s] Level 5:colcon.colcon_core.verb:set package 'publisher3431' build argument 'cmake_target_skip_unavailable' from command line to 'False'
[0.441s] Level 5:colcon.colcon_core.verb:set package 'publisher3431' build argument 'cmake_clean_cache' from command line to 'False'
[0.441s] Level 5:colcon.colcon_core.verb:set package 'publisher3431' build argument 'cmake_clean_first' from command line to 'False'
[0.441s] Level 5:colcon.colcon_core.verb:set package 'publisher3431' build argument 'cmake_force_configure' from command line to 'False'
[0.441s] Level 5:colcon.colcon_core.verb:set package 'publisher3431' build argument 'ament_cmake_args' from command line to 'None'
[0.441s] Level 5:colcon.colcon_core.verb:set package 'publisher3431' build argument 'catkin_cmake_args' from command line to 'None'
[0.441s] Level 5:colcon.colcon_core.verb:set package 'publisher3431' build argument 'catkin_skip_building_tests' from command line to 'False'
[0.441s] DEBUG:colcon.colcon_core.verb:Building package 'publisher3431' with the following arguments: {'ament_cmake_args': None, 'build_base': '/home/rsa2021/python_ws/build/publisher3431', 'catkin_cmake_args': None, 'catkin_skip_building_tests': False, 'cmake_args': None, 'cmake_clean_cache': False, 'cmake_clean_first': False, 'cmake_force_configure': False, 'cmake_target': None, 'cmake_target_skip_unavailable': False, 'install_base': '/home/rsa2021/python_ws/install/publisher3431', 'merge_install': False, 'path': '/home/rsa2021/python_ws/src/publisher3431', 'symlink_install': False, 'test_result_base': None}
[0.443s] Level 5:colcon.colcon_core.verb:set package 'zbar_ros_interfaces' build argument 'cmake_args' from command line to 'None'
[0.443s] Level 5:colcon.colcon_core.verb:set package 'zbar_ros_interfaces' build argument 'cmake_target' from command line to 'None'
[0.443s] Level 5:colcon.colcon_core.verb:set package 'zbar_ros_interfaces' build argument 'cmake_target_skip_unavailable' from command line to 'False'
[0.444s] Level 5:colcon.colcon_core.verb:set package 'zbar_ros_interfaces' build argument 'cmake_clean_cache' from command line to 'False'
[0.444s] Level 5:colcon.colcon_core.verb:set package 'zbar_ros_interfaces' build argument 'cmake_clean_first' from command line to 'False'
[0.444s] Level 5:colcon.colcon_core.verb:set package 'zbar_ros_interfaces' build argument 'cmake_force_configure' from command line to 'False'
[0.444s] Level 5:colcon.colcon_core.verb:set package 'zbar_ros_interfaces' build argument 'ament_cmake_args' from command line to 'None'
[0.444s] Level 5:colcon.colcon_core.verb:set package 'zbar_ros_interfaces' build argument 'catkin_cmake_args' from command line to 'None'
[0.444s] Level 5:colcon.colcon_core.verb:set package 'zbar_ros_interfaces' build argument 'catkin_skip_building_tests' from command line to 'False'
[0.444s] DEBUG:colcon.colcon_core.verb:Building package 'zbar_ros_interfaces' with the following arguments: {'ament_cmake_args': None, 'build_base': '/home/rsa2021/python_ws/build/zbar_ros_interfaces', 'catkin_cmake_args': None, 'catkin_skip_building_tests': False, 'cmake_args': None, 'cmake_clean_cache': False, 'cmake_clean_first': False, 'cmake_force_configure': False, 'cmake_target': None, 'cmake_target_skip_unavailable': False, 'install_base': '/home/rsa2021/python_ws/install/zbar_ros_interfaces', 'merge_install': False, 'path': '/home/rsa2021/python_ws/src/zbar_ros_interfaces', 'symlink_install': False, 'test_result_base': None}
[0.446s] Level 5:colcon.colcon_core.verb:set package 'zbar_ros' build argument 'cmake_args' from command line to 'None'
[0.446s] Level 5:colcon.colcon_core.verb:set package 'zbar_ros' build argument 'cmake_target' from command line to 'None'
[0.446s] Level 5:colcon.colcon_core.verb:set package 'zbar_ros' build argument 'cmake_target_skip_unavailable' from command line to 'False'
[0.446s] Level 5:colcon.colcon_core.verb:set package 'zbar_ros' build argument 'cmake_clean_cache' from command line to 'False'
[0.446s] Level 5:colcon.colcon_core.verb:set package 'zbar_ros' build argument 'cmake_clean_first' from command line to 'False'
[0.446s] Level 5:colcon.colcon_core.verb:set package 'zbar_ros' build argument 'cmake_force_configure' from command line to 'False'
[0.446s] Level 5:colcon.colcon_core.verb:set package 'zbar_ros' build argument 'ament_cmake_args' from command line to 'None'
[0.446s] Level 5:colcon.colcon_core.verb:set package 'zbar_ros' build argument 'catkin_cmake_args' from command line to 'None'
[0.446s] Level 5:colcon.colcon_core.verb:set package 'zbar_ros' build argument 'catkin_skip_building_tests' from command line to 'False'
[0.447s] DEBUG:colcon.colcon_core.verb:Building package 'zbar_ros' with the following arguments: {'ament_cmake_args': None, 'build_base': '/home/rsa2021/python_ws/build/zbar_ros', 'catkin_cmake_args': None, 'catkin_skip_building_tests': False, 'cmake_args': None, 'cmake_clean_cache': False, 'cmake_clean_first': False, 'cmake_force_configure': False, 'cmake_target': None, 'cmake_target_skip_unavailable': False, 'install_base': '/home/rsa2021/python_ws/install/zbar_ros', 'merge_install': False, 'path': '/home/rsa2021/python_ws/src/zbar_ros', 'symlink_install': False, 'test_result_base': None}
[0.447s] INFO:colcon.colcon_core.executor:Executing jobs using 'parallel' executor
[0.449s] DEBUG:colcon.colcon_parallel_executor.executor.parallel:run_until_complete
[0.450s] INFO:colcon.colcon_ros.task.ament_cmake.build:Building ROS package in '/home/rsa2021/python_ws/src/zbar_ros_interfaces' with build type 'ament_cmake'
[0.450s] INFO:colcon.colcon_cmake.task.cmake.build:Building CMake package in '/home/rsa2021/python_ws/src/zbar_ros_interfaces'
[0.454s] INFO:colcon.colcon_core.plugin_system:Skipping extension 'colcon_core.shell.bat': Not used on non-Windows systems
[0.454s] INFO:colcon.colcon_core.shell:Skip shell extension 'powershell' for command environment: Not usable outside of PowerShell
[0.455s] DEBUG:colcon.colcon_core.shell:Skip shell extension 'dsv' for command environment
[0.458s] DEBUG:colcon.colcon_core.shell:Ignoring prefix path '/opt/ros/foxy'
[0.463s] INFO:colcon.colcon_ros.task.ament_cmake.build:Building ROS package in '/home/rsa2021/python_ws/src/image_publisher' with build type 'ament_cmake'
[0.463s] INFO:colcon.colcon_cmake.task.cmake.build:Building CMake package in '/home/rsa2021/python_ws/src/image_publisher'
[0.464s] INFO:colcon.colcon_core.shell:Skip shell extension 'powershell' for command environment: Not usable outside of PowerShell
[0.464s] DEBUG:colcon.colcon_core.shell:Skip shell extension 'dsv' for command environment
[0.467s] DEBUG:colcon.colcon_core.shell:Ignoring prefix path '/opt/ros/foxy'
[0.473s] INFO:colcon.colcon_ros.task.ament_python.build:Building ROS package in '/home/rsa2021/python_ws/src/publisher3431' with build type 'ament_python'
[0.473s] Level 1:colcon.colcon_core.shell:create_environment_hook('publisher3431', 'ament_prefix_path')
[0.474s] INFO:colcon.colcon_core.shell:Creating environment hook '/home/rsa2021/python_ws/install/publisher3431/share/publisher3431/hook/ament_prefix_path.ps1'
[0.475s] INFO:colcon.colcon_core.shell:Creating environment descriptor '/home/rsa2021/python_ws/install/publisher3431/share/publisher3431/hook/ament_prefix_path.dsv'
[0.476s] INFO:colcon.colcon_core.shell:Creating environment hook '/home/rsa2021/python_ws/install/publisher3431/share/publisher3431/hook/ament_prefix_path.sh'
[0.477s] INFO:colcon.colcon_core.shell:Skip shell extension 'powershell' for command environment: Not usable outside of PowerShell
[0.477s] DEBUG:colcon.colcon_core.shell:Skip shell extension 'dsv' for command environment
[0.480s] DEBUG:colcon.colcon_core.shell:Ignoring prefix path '/opt/ros/foxy'
[0.494s] DEBUG:colcon.colcon_core.event_handler.log_command:Invoking command in '/home/rsa2021/python_ws/build/zbar_ros_interfaces': CMAKE_PREFIX_PATH=${CMAKE_PREFIX_PATH}:/home/rsa2021/python_ws/install/publisher3431:/opt/ros/foxy /usr/bin/cmake --build /home/rsa2021/python_ws/build/zbar_ros_interfaces -- -j3 -l3
[0.507s] DEBUG:colcon.colcon_core.event_handler.log_command:Invoking command in '/home/rsa2021/python_ws/build/image_publisher': CMAKE_PREFIX_PATH=${CMAKE_PREFIX_PATH}:/home/rsa2021/python_ws/install/publisher3431:/opt/ros/foxy /usr/bin/cmake --build /home/rsa2021/python_ws/build/image_publisher -- -j3 -l3
[1.088s] INFO:colcon.colcon_core.task.python.build:Building Python package in '/home/rsa2021/python_ws/src/publisher3431'
[1.090s] INFO:colcon.colcon_core.shell:Skip shell extension 'powershell' for command environment: Not usable outside of PowerShell
[1.090s] DEBUG:colcon.colcon_core.shell:Skip shell extension 'dsv' for command environment
[1.093s] DEBUG:colcon.colcon_core.shell:Ignoring prefix path '/opt/ros/foxy'
[1.113s] DEBUG:colcon.colcon_core.event_handler.log_command:Invoked command in '/home/rsa2021/python_ws/build/image_publisher' returned '0': CMAKE_PREFIX_PATH=${CMAKE_PREFIX_PATH}:/home/rsa2021/python_ws/install/publisher3431:/opt/ros/foxy /usr/bin/cmake --build /home/rsa2021/python_ws/build/image_publisher -- -j3 -l3
[1.152s] DEBUG:colcon.colcon_core.event_handler.log_command:Invoking command in '/home/rsa2021/python_ws/src/publisher3431': PYTHONPATH=/home/rsa2021/python_ws/install/publisher3431/lib/python3.8/site-packages:${PYTHONPATH} /usr/bin/python3 setup.py egg_info --egg-base ../../build/publisher3431 build --build-base /home/rsa2021/python_ws/build/publisher3431/build install --prefix /home/rsa2021/python_ws/install/publisher3431 --record /home/rsa2021/python_ws/build/publisher3431/install.log --single-version-externally-managed
[1.523s] DEBUG:colcon.colcon_core.event_handler.log_command:Invoking command in '/home/rsa2021/python_ws/build/image_publisher': CMAKE_PREFIX_PATH=${CMAKE_PREFIX_PATH}:/home/rsa2021/python_ws/install/publisher3431:/opt/ros/foxy /usr/bin/cmake --install /home/rsa2021/python_ws/build/image_publisher
[1.563s] Level 1:colcon.colcon_core.environment:create_environment_scripts_only(image_publisher)
[1.567s] Level 1:colcon.colcon_core.environment:checking '/home/rsa2021/python_ws/install/image_publisher' for CMake module files
[1.568s] Level 1:colcon.colcon_core.environment:checking '/home/rsa2021/python_ws/install/image_publisher' for CMake config files
[1.568s] Level 1:colcon.colcon_core.shell:create_environment_hook('image_publisher', 'cmake_prefix_path')
[1.569s] INFO:colcon.colcon_core.shell:Creating environment hook '/home/rsa2021/python_ws/install/image_publisher/share/image_publisher/hook/cmake_prefix_path.ps1'
[1.570s] INFO:colcon.colcon_core.shell:Creating environment descriptor '/home/rsa2021/python_ws/install/image_publisher/share/image_publisher/hook/cmake_prefix_path.dsv'
[1.573s] INFO:colcon.colcon_core.shell:Creating environment hook '/home/rsa2021/python_ws/install/image_publisher/share/image_publisher/hook/cmake_prefix_path.sh'
[1.574s] Level 1:colcon.colcon_core.environment:checking '/home/rsa2021/python_ws/install/image_publisher/lib'
[1.574s] Level 1:colcon.colcon_core.shell:create_environment_hook('image_publisher', 'ld_library_path_lib')
[1.575s] INFO:colcon.colcon_core.shell:Creating environment hook '/home/rsa2021/python_ws/install/image_publisher/share/image_publisher/hook/ld_library_path_lib.ps1'
[1.576s] INFO:colcon.colcon_core.shell:Creating environment descriptor '/home/rsa2021/python_ws/install/image_publisher/share/image_publisher/hook/ld_library_path_lib.dsv'
[1.576s] INFO:colcon.colcon_core.shell:Creating environment hook '/home/rsa2021/python_ws/install/image_publisher/share/image_publisher/hook/ld_library_path_lib.sh'
[1.577s] Level 1:colcon.colcon_core.environment:checking '/home/rsa2021/python_ws/install/image_publisher/bin'
[1.577s] Level 1:colcon.colcon_core.environment:checking '/home/rsa2021/python_ws/install/image_publisher/lib/pkgconfig/image_publisher.pc'
[1.577s] Level 1:colcon.colcon_core.environment:checking '/home/rsa2021/python_ws/install/image_publisher/lib/python3.8/site-packages'
[1.579s] INFO:colcon.colcon_core.shell:Creating package script '/home/rsa2021/python_ws/install/image_publisher/share/image_publisher/package.ps1'
[1.580s] INFO:colcon.colcon_core.shell:Creating package descriptor '/home/rsa2021/python_ws/install/image_publisher/share/image_publisher/package.dsv'
[1.581s] INFO:colcon.colcon_core.shell:Creating package script '/home/rsa2021/python_ws/install/image_publisher/share/image_publisher/package.sh'
[1.583s] INFO:colcon.colcon_core.shell:Creating package script '/home/rsa2021/python_ws/install/image_publisher/share/image_publisher/package.bash'
[1.600s] DEBUG:colcon.colcon_core.event_handler.log_command:Invoked command in '/home/rsa2021/python_ws/build/image_publisher' returned '0': CMAKE_PREFIX_PATH=${CMAKE_PREFIX_PATH}:/home/rsa2021/python_ws/install/publisher3431:/opt/ros/foxy /usr/bin/cmake --install /home/rsa2021/python_ws/build/image_publisher
[1.600s] INFO:colcon.colcon_core.shell:Creating package script '/home/rsa2021/python_ws/install/image_publisher/share/image_publisher/package.zsh'
[1.601s] Level 1:colcon.colcon_core.environment:create_file_with_runtime_dependencies(/home/rsa2021/python_ws/install/image_publisher/share/colcon-core/packages/image_publisher)
[1.715s] Level 1:colcon.colcon_core.environment:create_environment_scripts_only(image_publisher)
[1.716s] Level 1:colcon.colcon_core.environment:checking '/home/rsa2021/python_ws/install/image_publisher' for CMake module files
[1.717s] Level 1:colcon.colcon_core.environment:checking '/home/rsa2021/python_ws/install/image_publisher' for CMake config files
[1.717s] Level 1:colcon.colcon_core.shell:create_environment_hook('image_publisher', 'cmake_prefix_path')
[1.718s] INFO:colcon.colcon_core.shell:Creating environment hook '/home/rsa2021/python_ws/install/image_publisher/share/image_publisher/hook/cmake_prefix_path.ps1'
[1.719s] INFO:colcon.colcon_core.shell:Creating environment descriptor '/home/rsa2021/python_ws/install/image_publisher/share/image_publisher/hook/cmake_prefix_path.dsv'
[1.719s] INFO:colcon.colcon_core.shell:Creating environment hook '/home/rsa2021/python_ws/install/image_publisher/share/image_publisher/hook/cmake_prefix_path.sh'
[1.720s] Level 1:colcon.colcon_core.environment:checking '/home/rsa2021/python_ws/install/image_publisher/lib'
[1.724s] Level 1:colcon.colcon_core.shell:create_environment_hook('image_publisher', 'ld_library_path_lib')
[1.738s] INFO:colcon.colcon_core.shell:Creating environment hook '/home/rsa2021/python_ws/install/image_publisher/share/image_publisher/hook/ld_library_path_lib.ps1'
[1.738s] INFO:colcon.colcon_core.shell:Creating environment descriptor '/home/rsa2021/python_ws/install/image_publisher/share/image_publisher/hook/ld_library_path_lib.dsv'
[1.745s] INFO:colcon.colcon_core.shell:Creating environment hook '/home/rsa2021/python_ws/install/image_publisher/share/image_publisher/hook/ld_library_path_lib.sh'
[1.748s] Level 1:colcon.colcon_core.environment:checking '/home/rsa2021/python_ws/install/image_publisher/bin'
[1.748s] Level 1:colcon.colcon_core.environment:checking '/home/rsa2021/python_ws/install/image_publisher/lib/pkgconfig/image_publisher.pc'
[1.749s] Level 1:colcon.colcon_core.environment:checking '/home/rsa2021/python_ws/install/image_publisher/lib/python3.8/site-packages'
[1.754s] INFO:colcon.colcon_core.shell:Creating package script '/home/rsa2021/python_ws/install/image_publisher/share/image_publisher/package.ps1'
[1.762s] INFO:colcon.colcon_core.shell:Creating package descriptor '/home/rsa2021/python_ws/install/image_publisher/share/image_publisher/package.dsv'
[1.765s] INFO:colcon.colcon_core.shell:Creating package script '/home/rsa2021/python_ws/install/image_publisher/share/image_publisher/package.sh'
[1.768s] INFO:colcon.colcon_core.shell:Creating package script '/home/rsa2021/python_ws/install/image_publisher/share/image_publisher/package.bash'
[1.774s] INFO:colcon.colcon_core.shell:Creating package script '/home/rsa2021/python_ws/install/image_publisher/share/image_publisher/package.zsh'
[1.776s] Level 1:colcon.colcon_core.environment:create_file_with_runtime_dependencies(/home/rsa2021/python_ws/install/image_publisher/share/colcon-core/packages/image_publisher)
[2.036s] DEBUG:colcon.colcon_core.event_handler.log_command:Invoked command in '/home/rsa2021/python_ws/build/zbar_ros_interfaces' returned '0': CMAKE_PREFIX_PATH=${CMAKE_PREFIX_PATH}:/home/rsa2021/python_ws/install/publisher3431:/opt/ros/foxy /usr/bin/cmake --build /home/rsa2021/python_ws/build/zbar_ros_interfaces -- -j3 -l3
[2.165s] Level 1:colcon.colcon_core.environment:checking '/home/rsa2021/python_ws/install/publisher3431' for CMake module files
[2.165s] DEBUG:colcon.colcon_core.event_handler.log_command:Invoked command in '/home/rsa2021/python_ws/src/publisher3431' returned '0': PYTHONPATH=/home/rsa2021/python_ws/install/publisher3431/lib/python3.8/site-packages:${PYTHONPATH} /usr/bin/python3 setup.py egg_info --egg-base ../../build/publisher3431 build --build-base /home/rsa2021/python_ws/build/publisher3431/build install --prefix /home/rsa2021/python_ws/install/publisher3431 --record /home/rsa2021/python_ws/build/publisher3431/install.log --single-version-externally-managed
[2.169s] Level 1:colcon.colcon_core.environment:checking '/home/rsa2021/python_ws/install/publisher3431' for CMake config files
[2.169s] Level 1:colcon.colcon_core.environment:checking '/home/rsa2021/python_ws/install/publisher3431/lib'
[2.170s] Level 1:colcon.colcon_core.environment:checking '/home/rsa2021/python_ws/install/publisher3431/bin'
[2.170s] Level 1:colcon.colcon_core.environment:checking '/home/rsa2021/python_ws/install/publisher3431/lib/pkgconfig/publisher3431.pc'
[2.170s] Level 1:colcon.colcon_core.environment:checking '/home/rsa2021/python_ws/install/publisher3431/lib/python3.8/site-packages'
[2.170s] Level 1:colcon.colcon_core.shell:create_environment_hook('publisher3431', 'pythonpath')
[2.171s] INFO:colcon.colcon_core.shell:Creating environment hook '/home/rsa2021/python_ws/install/publisher3431/share/publisher3431/hook/pythonpath.ps1'
[2.173s] INFO:colcon.colcon_core.shell:Creating environment descriptor '/home/rsa2021/python_ws/install/publisher3431/share/publisher3431/hook/pythonpath.dsv'
[2.173s] INFO:colcon.colcon_core.shell:Creating environment hook '/home/rsa2021/python_ws/install/publisher3431/share/publisher3431/hook/pythonpath.sh'
[2.174s] Level 1:colcon.colcon_core.environment:create_environment_scripts_only(publisher3431)
[2.175s] INFO:colcon.colcon_core.shell:Creating package script '/home/rsa2021/python_ws/install/publisher3431/share/publisher3431/package.ps1'
[2.179s] INFO:colcon.colcon_core.shell:Creating package descriptor '/home/rsa2021/python_ws/install/publisher3431/share/publisher3431/package.dsv'
[2.180s] INFO:colcon.colcon_core.shell:Creating package script '/home/rsa2021/python_ws/install/publisher3431/share/publisher3431/package.sh'
[2.187s] INFO:colcon.colcon_core.shell:Creating package script '/home/rsa2021/python_ws/install/publisher3431/share/publisher3431/package.bash'
[2.189s] INFO:colcon.colcon_core.shell:Creating package script '/home/rsa2021/python_ws/install/publisher3431/share/publisher3431/package.zsh'
[2.190s] Level 1:colcon.colcon_core.environment:create_file_with_runtime_dependencies(/home/rsa2021/python_ws/install/publisher3431/share/colcon-core/packages/publisher3431)
[2.248s] DEBUG:colcon.colcon_core.event_handler.log_command:Invoking command in '/home/rsa2021/python_ws/build/zbar_ros_interfaces': CMAKE_PREFIX_PATH=${CMAKE_PREFIX_PATH}:/home/rsa2021/python_ws/install/publisher3431:/opt/ros/foxy /usr/bin/cmake --install /home/rsa2021/python_ws/build/zbar_ros_interfaces
[2.393s] Level 1:colcon.colcon_core.environment:create_environment_scripts_only(zbar_ros_interfaces)
[2.395s] Level 1:colcon.colcon_core.environment:checking '/home/rsa2021/python_ws/install/zbar_ros_interfaces' for CMake module files
[2.395s] DEBUG:colcon.colcon_core.event_handler.log_command:Invoked command in '/home/rsa2021/python_ws/build/zbar_ros_interfaces' returned '0': CMAKE_PREFIX_PATH=${CMAKE_PREFIX_PATH}:/home/rsa2021/python_ws/install/publisher3431:/opt/ros/foxy /usr/bin/cmake --install /home/rsa2021/python_ws/build/zbar_ros_interfaces
[2.397s] Level 1:colcon.colcon_core.environment:checking '/home/rsa2021/python_ws/install/zbar_ros_interfaces' for CMake config files
[2.397s] Level 1:colcon.colcon_core.shell:create_environment_hook('zbar_ros_interfaces', 'cmake_prefix_path')
[2.398s] INFO:colcon.colcon_core.shell:Creating environment hook '/home/rsa2021/python_ws/install/zbar_ros_interfaces/share/zbar_ros_interfaces/hook/cmake_prefix_path.ps1'
[2.399s] INFO:colcon.colcon_core.shell:Creating environment descriptor '/home/rsa2021/python_ws/install/zbar_ros_interfaces/share/zbar_ros_interfaces/hook/cmake_prefix_path.dsv'
[2.400s] INFO:colcon.colcon_core.shell:Creating environment hook '/home/rsa2021/python_ws/install/zbar_ros_interfaces/share/zbar_ros_interfaces/hook/cmake_prefix_path.sh'
[2.401s] Level 1:colcon.colcon_core.environment:checking '/home/rsa2021/python_ws/install/zbar_ros_interfaces/lib'
[2.401s] Level 1:colcon.colcon_core.shell:create_environment_hook('zbar_ros_interfaces', 'ld_library_path_lib')
[2.401s] INFO:colcon.colcon_core.shell:Creating environment hook '/home/rsa2021/python_ws/install/zbar_ros_interfaces/share/zbar_ros_interfaces/hook/ld_library_path_lib.ps1'
[2.404s] INFO:colcon.colcon_core.shell:Creating environment descriptor '/home/rsa2021/python_ws/install/zbar_ros_interfaces/share/zbar_ros_interfaces/hook/ld_library_path_lib.dsv'
[2.404s] INFO:colcon.colcon_core.shell:Creating environment hook '/home/rsa2021/python_ws/install/zbar_ros_interfaces/share/zbar_ros_interfaces/hook/ld_library_path_lib.sh'
[2.405s] Level 1:colcon.colcon_core.environment:checking '/home/rsa2021/python_ws/install/zbar_ros_interfaces/bin'
[2.405s] Level 1:colcon.colcon_core.environment:checking '/home/rsa2021/python_ws/install/zbar_ros_interfaces/lib/pkgconfig/zbar_ros_interfaces.pc'
[2.405s] Level 1:colcon.colcon_core.environment:checking '/home/rsa2021/python_ws/install/zbar_ros_interfaces/lib/python3.8/site-packages'
[2.405s] Level 1:colcon.colcon_core.shell:create_environment_hook('zbar_ros_interfaces', 'pythonpath')
[2.408s] INFO:colcon.colcon_core.shell:Creating environment hook '/home/rsa2021/python_ws/install/zbar_ros_interfaces/share/zbar_ros_interfaces/hook/pythonpath.ps1'
[2.409s] INFO:colcon.colcon_core.shell:Creating environment descriptor '/home/rsa2021/python_ws/install/zbar_ros_interfaces/share/zbar_ros_interfaces/hook/pythonpath.dsv'
[2.410s] INFO:colcon.colcon_core.shell:Creating environment hook '/home/rsa2021/python_ws/install/zbar_ros_interfaces/share/zbar_ros_interfaces/hook/pythonpath.sh'
[2.411s] INFO:colcon.colcon_core.shell:Creating package script '/home/rsa2021/python_ws/install/zbar_ros_interfaces/share/zbar_ros_interfaces/package.ps1'
[2.412s] INFO:colcon.colcon_core.shell:Creating package descriptor '/home/rsa2021/python_ws/install/zbar_ros_interfaces/share/zbar_ros_interfaces/package.dsv'
[2.416s] INFO:colcon.colcon_core.shell:Creating package script '/home/rsa2021/python_ws/install/zbar_ros_interfaces/share/zbar_ros_interfaces/package.sh'
[2.416s] INFO:colcon.colcon_core.shell:Creating package script '/home/rsa2021/python_ws/install/zbar_ros_interfaces/share/zbar_ros_interfaces/package.bash'
[2.417s] INFO:colcon.colcon_core.shell:Creating package script '/home/rsa2021/python_ws/install/zbar_ros_interfaces/share/zbar_ros_interfaces/package.zsh'
[2.418s] Level 1:colcon.colcon_core.environment:create_file_with_runtime_dependencies(/home/rsa2021/python_ws/install/zbar_ros_interfaces/share/colcon-core/packages/zbar_ros_interfaces)
[2.518s] Level 1:colcon.colcon_core.environment:create_environment_scripts_only(zbar_ros_interfaces)
[2.520s] Level 1:colcon.colcon_core.environment:checking '/home/rsa2021/python_ws/install/zbar_ros_interfaces' for CMake module files
[2.521s] Level 1:colcon.colcon_core.environment:checking '/home/rsa2021/python_ws/install/zbar_ros_interfaces' for CMake config files
[2.522s] Level 1:colcon.colcon_core.shell:create_environment_hook('zbar_ros_interfaces', 'cmake_prefix_path')
[2.524s] INFO:colcon.colcon_core.shell:Creating environment hook '/home/rsa2021/python_ws/install/zbar_ros_interfaces/share/zbar_ros_interfaces/hook/cmake_prefix_path.ps1'
[2.526s] INFO:colcon.colcon_core.shell:Creating environment descriptor '/home/rsa2021/python_ws/install/zbar_ros_interfaces/share/zbar_ros_interfaces/hook/cmake_prefix_path.dsv'
[2.559s] INFO:colcon.colcon_core.shell:Creating environment hook '/home/rsa2021/python_ws/install/zbar_ros_interfaces/share/zbar_ros_interfaces/hook/cmake_prefix_path.sh'
[2.562s] Level 1:colcon.colcon_core.environment:checking '/home/rsa2021/python_ws/install/zbar_ros_interfaces/lib'
[2.562s] Level 1:colcon.colcon_core.shell:create_environment_hook('zbar_ros_interfaces', 'ld_library_path_lib')
[2.563s] INFO:colcon.colcon_core.shell:Creating environment hook '/home/rsa2021/python_ws/install/zbar_ros_interfaces/share/zbar_ros_interfaces/hook/ld_library_path_lib.ps1'
[2.563s] INFO:colcon.colcon_core.shell:Creating environment descriptor '/home/rsa2021/python_ws/install/zbar_ros_interfaces/share/zbar_ros_interfaces/hook/ld_library_path_lib.dsv'
[2.564s] INFO:colcon.colcon_core.shell:Creating environment hook '/home/rsa2021/python_ws/install/zbar_ros_interfaces/share/zbar_ros_interfaces/hook/ld_library_path_lib.sh'
[2.564s] Level 1:colcon.colcon_core.environment:checking '/home/rsa2021/python_ws/install/zbar_ros_interfaces/bin'
[2.564s] Level 1:colcon.colcon_core.environment:checking '/home/rsa2021/python_ws/install/zbar_ros_interfaces/lib/pkgconfig/zbar_ros_interfaces.pc'
[2.564s] Level 1:colcon.colcon_core.environment:checking '/home/rsa2021/python_ws/install/zbar_ros_interfaces/lib/python3.8/site-packages'
[2.565s] Level 1:colcon.colcon_core.shell:create_environment_hook('zbar_ros_interfaces', 'pythonpath')
[2.565s] INFO:colcon.colcon_core.shell:Creating environment hook '/home/rsa2021/python_ws/install/zbar_ros_interfaces/share/zbar_ros_interfaces/hook/pythonpath.ps1'
[2.566s] INFO:colcon.colcon_core.shell:Creating environment descriptor '/home/rsa2021/python_ws/install/zbar_ros_interfaces/share/zbar_ros_interfaces/hook/pythonpath.dsv'
[2.566s] INFO:colcon.colcon_core.shell:Creating environment hook '/home/rsa2021/python_ws/install/zbar_ros_interfaces/share/zbar_ros_interfaces/hook/pythonpath.sh'
[2.568s] INFO:colcon.colcon_core.shell:Creating package script '/home/rsa2021/python_ws/install/zbar_ros_interfaces/share/zbar_ros_interfaces/package.ps1'
[2.571s] INFO:colcon.colcon_core.shell:Creating package descriptor '/home/rsa2021/python_ws/install/zbar_ros_interfaces/share/zbar_ros_interfaces/package.dsv'
[2.571s] INFO:colcon.colcon_core.shell:Creating package script '/home/rsa2021/python_ws/install/zbar_ros_interfaces/share/zbar_ros_interfaces/package.sh'
[2.572s] INFO:colcon.colcon_core.shell:Creating package script '/home/rsa2021/python_ws/install/zbar_ros_interfaces/share/zbar_ros_interfaces/package.bash'
[2.573s] INFO:colcon.colcon_core.shell:Creating package script '/home/rsa2021/python_ws/install/zbar_ros_interfaces/share/zbar_ros_interfaces/package.zsh'
[2.574s] Level 1:colcon.colcon_core.environment:create_file_with_runtime_dependencies(/home/rsa2021/python_ws/install/zbar_ros_interfaces/share/colcon-core/packages/zbar_ros_interfaces)
[2.575s] INFO:colcon.colcon_ros.task.ament_cmake.build:Building ROS package in '/home/rsa2021/python_ws/src/zbar_ros' with build type 'ament_cmake'
[2.575s] INFO:colcon.colcon_cmake.task.cmake.build:Building CMake package in '/home/rsa2021/python_ws/src/zbar_ros'
[2.575s] INFO:colcon.colcon_core.shell:Skip shell extension 'powershell' for command environment: Not usable outside of PowerShell
[2.576s] DEBUG:colcon.colcon_core.shell:Skip shell extension 'dsv' for command environment
[2.579s] DEBUG:colcon.colcon_core.shell:Ignoring prefix path '/opt/ros/foxy'
[2.598s] DEBUG:colcon.colcon_core.event_handler.log_command:Invoking command in '/home/rsa2021/python_ws/build/zbar_ros': CMAKE_PREFIX_PATH=/home/rsa2021/python_ws/install/zbar_ros_interfaces:/home/rsa2021/python_ws/install/zbar_ros:/home/rsa2021/python_ws/install/image_publisher:/home/rsa2021/dev_ws/install/zbar_ros:/home/rsa2021/dev_ws/install/dev_pkg:/home/rsa2021/dev_ws/install/zbar_ros_interfaces:/home/rsa2021/python_ws/install/publisher3431:/opt/ros/foxy LD_LIBRARY_PATH=/home/rsa2021/python_ws/install/zbar_ros_interfaces/lib:/home/rsa2021/python_ws/install/image_publisher/lib:/home/rsa2021/dev_ws/install/zbar_ros_interfaces/lib:/usr/lib/x86_64-linux-gnu/gazebo-11/plugins:/opt/ros/foxy/opt/yaml_cpp_vendor/lib:/opt/ros/foxy/opt/rviz_ogre_vendor/lib:/opt/ros/foxy/lib/x86_64-linux-gnu:/opt/ros/foxy/lib /usr/bin/cmake --build /home/rsa2021/python_ws/build/zbar_ros -- -j3 -l3
[2.777s] DEBUG:colcon.colcon_core.event_handler.log_command:Invoked command in '/home/rsa2021/python_ws/build/zbar_ros' returned '0': CMAKE_PREFIX_PATH=/home/rsa2021/python_ws/install/zbar_ros_interfaces:/home/rsa2021/python_ws/install/zbar_ros:/home/rsa2021/python_ws/install/image_publisher:/home/rsa2021/dev_ws/install/zbar_ros:/home/rsa2021/dev_ws/install/dev_pkg:/home/rsa2021/dev_ws/install/zbar_ros_interfaces:/home/rsa2021/python_ws/install/publisher3431:/opt/ros/foxy LD_LIBRARY_PATH=/home/rsa2021/python_ws/install/zbar_ros_interfaces/lib:/home/rsa2021/python_ws/install/image_publisher/lib:/home/rsa2021/dev_ws/install/zbar_ros_interfaces/lib:/usr/lib/x86_64-linux-gnu/gazebo-11/plugins:/opt/ros/foxy/opt/yaml_cpp_vendor/lib:/opt/ros/foxy/opt/rviz_ogre_vendor/lib:/opt/ros/foxy/lib/x86_64-linux-gnu:/opt/ros/foxy/lib /usr/bin/cmake --build /home/rsa2021/python_ws/build/zbar_ros -- -j3 -l3
[2.875s] DEBUG:colcon.colcon_core.event_handler.log_command:Invoking command in '/home/rsa2021/python_ws/build/zbar_ros': CMAKE_PREFIX_PATH=/home/rsa2021/python_ws/install/zbar_ros_interfaces:/home/rsa2021/python_ws/install/zbar_ros:/home/rsa2021/python_ws/install/image_publisher:/home/rsa2021/dev_ws/install/zbar_ros:/home/rsa2021/dev_ws/install/dev_pkg:/home/rsa2021/dev_ws/install/zbar_ros_interfaces:/home/rsa2021/python_ws/install/publisher3431:/opt/ros/foxy LD_LIBRARY_PATH=/home/rsa2021/python_ws/install/zbar_ros_interfaces/lib:/home/rsa2021/python_ws/install/image_publisher/lib:/home/rsa2021/dev_ws/install/zbar_ros_interfaces/lib:/usr/lib/x86_64-linux-gnu/gazebo-11/plugins:/opt/ros/foxy/opt/yaml_cpp_vendor/lib:/opt/ros/foxy/opt/rviz_ogre_vendor/lib:/opt/ros/foxy/lib/x86_64-linux-gnu:/opt/ros/foxy/lib /usr/bin/cmake --install /home/rsa2021/python_ws/build/zbar_ros
[2.891s] Level 1:colcon.colcon_core.environment:create_environment_scripts_only(zbar_ros)
[2.893s] Level 1:colcon.colcon_core.environment:checking '/home/rsa2021/python_ws/install/zbar_ros' for CMake module files
[2.894s] Level 1:colcon.colcon_core.environment:checking '/home/rsa2021/python_ws/install/zbar_ros' for CMake config files
[2.894s] Level 1:colcon.colcon_core.shell:create_environment_hook('zbar_ros', 'cmake_prefix_path')
[2.896s] INFO:colcon.colcon_core.shell:Creating environment hook '/home/rsa2021/python_ws/install/zbar_ros/share/zbar_ros/hook/cmake_prefix_path.ps1'
[2.896s] DEBUG:colcon.colcon_core.event_handler.log_command:Invoked command in '/home/rsa2021/python_ws/build/zbar_ros' returned '0': CMAKE_PREFIX_PATH=/home/rsa2021/python_ws/install/zbar_ros_interfaces:/home/rsa2021/python_ws/install/zbar_ros:/home/rsa2021/python_ws/install/image_publisher:/home/rsa2021/dev_ws/install/zbar_ros:/home/rsa2021/dev_ws/install/dev_pkg:/home/rsa2021/dev_ws/install/zbar_ros_interfaces:/home/rsa2021/python_ws/install/publisher3431:/opt/ros/foxy LD_LIBRARY_PATH=/home/rsa2021/python_ws/install/zbar_ros_interfaces/lib:/home/rsa2021/python_ws/install/image_publisher/lib:/home/rsa2021/dev_ws/install/zbar_ros_interfaces/lib:/usr/lib/x86_64-linux-gnu/gazebo-11/plugins:/opt/ros/foxy/opt/yaml_cpp_vendor/lib:/opt/ros/foxy/opt/rviz_ogre_vendor/lib:/opt/ros/foxy/lib/x86_64-linux-gnu:/opt/ros/foxy/lib /usr/bin/cmake --install /home/rsa2021/python_ws/build/zbar_ros
[2.897s] INFO:colcon.colcon_core.shell:Creating environment descriptor '/home/rsa2021/python_ws/install/zbar_ros/share/zbar_ros/hook/cmake_prefix_path.dsv'
[2.897s] INFO:colcon.colcon_core.shell:Creating environment hook '/home/rsa2021/python_ws/install/zbar_ros/share/zbar_ros/hook/cmake_prefix_path.sh'
[2.898s] Level 1:colcon.colcon_core.environment:checking '/home/rsa2021/python_ws/install/zbar_ros/lib'
[2.898s] Level 1:colcon.colcon_core.environment:checking '/home/rsa2021/python_ws/install/zbar_ros/bin'
[2.898s] Level 1:colcon.colcon_core.environment:checking '/home/rsa2021/python_ws/install/zbar_ros/lib/pkgconfig/zbar_ros.pc'
[2.898s] Level 1:colcon.colcon_core.environment:checking '/home/rsa2021/python_ws/install/zbar_ros/lib/python3.8/site-packages'
[2.899s] INFO:colcon.colcon_core.shell:Creating package script '/home/rsa2021/python_ws/install/zbar_ros/share/zbar_ros/package.ps1'
[2.900s] INFO:colcon.colcon_core.shell:Creating package descriptor '/home/rsa2021/python_ws/install/zbar_ros/share/zbar_ros/package.dsv'
[2.900s] INFO:colcon.colcon_core.shell:Creating package script '/home/rsa2021/python_ws/install/zbar_ros/share/zbar_ros/package.sh'
[2.901s] INFO:colcon.colcon_core.shell:Creating package script '/home/rsa2021/python_ws/install/zbar_ros/share/zbar_ros/package.bash'
[2.901s] INFO:colcon.colcon_core.shell:Creating package script '/home/rsa2021/python_ws/install/zbar_ros/share/zbar_ros/package.zsh'
[2.902s] Level 1:colcon.colcon_core.environment:create_file_with_runtime_dependencies(/home/rsa2021/python_ws/install/zbar_ros/share/colcon-core/packages/zbar_ros)
[2.947s] Level 1:colcon.colcon_core.environment:create_environment_scripts_only(zbar_ros)
[2.948s] Level 1:colcon.colcon_core.environment:checking '/home/rsa2021/python_ws/install/zbar_ros' for CMake module files
[2.949s] Level 1:colcon.colcon_core.environment:checking '/home/rsa2021/python_ws/install/zbar_ros' for CMake config files
[2.949s] Level 1:colcon.colcon_core.shell:create_environment_hook('zbar_ros', 'cmake_prefix_path')
[2.950s] INFO:colcon.colcon_core.shell:Creating environment hook '/home/rsa2021/python_ws/install/zbar_ros/share/zbar_ros/hook/cmake_prefix_path.ps1'
[2.950s] INFO:colcon.colcon_core.shell:Creating environment descriptor '/home/rsa2021/python_ws/install/zbar_ros/share/zbar_ros/hook/cmake_prefix_path.dsv'
[2.951s] INFO:colcon.colcon_core.shell:Creating environment hook '/home/rsa2021/python_ws/install/zbar_ros/share/zbar_ros/hook/cmake_prefix_path.sh'
[2.952s] Level 1:colcon.colcon_core.environment:checking '/home/rsa2021/python_ws/install/zbar_ros/lib'
[2.952s] Level 1:colcon.colcon_core.environment:checking '/home/rsa2021/python_ws/install/zbar_ros/bin'
[2.952s] Level 1:colcon.colcon_core.environment:checking '/home/rsa2021/python_ws/install/zbar_ros/lib/pkgconfig/zbar_ros.pc'
[2.952s] Level 1:colcon.colcon_core.environment:checking '/home/rsa2021/python_ws/install/zbar_ros/lib/python3.8/site-packages'
[2.952s] INFO:colcon.colcon_core.shell:Creating package script '/home/rsa2021/python_ws/install/zbar_ros/share/zbar_ros/package.ps1'
[2.953s] INFO:colcon.colcon_core.shell:Creating package descriptor '/home/rsa2021/python_ws/install/zbar_ros/share/zbar_ros/package.dsv'
[2.953s] INFO:colcon.colcon_core.shell:Creating package script '/home/rsa2021/python_ws/install/zbar_ros/share/zbar_ros/package.sh'
[2.954s] INFO:colcon.colcon_core.shell:Creating package script '/home/rsa2021/python_ws/install/zbar_ros/share/zbar_ros/package.bash'
[2.957s] INFO:colcon.colcon_core.shell:Creating package script '/home/rsa2021/python_ws/install/zbar_ros/share/zbar_ros/package.zsh'
[2.958s] Level 1:colcon.colcon_core.environment:create_file_with_runtime_dependencies(/home/rsa2021/python_ws/install/zbar_ros/share/colcon-core/packages/zbar_ros)
[2.958s] DEBUG:colcon.colcon_parallel_executor.executor.parallel:closing loop
[2.960s] DEBUG:colcon.colcon_parallel_executor.executor.parallel:loop closed
[2.960s] DEBUG:colcon.colcon_parallel_executor.executor.parallel:run_until_complete finished with '0'
[2.960s] DEBUG:colcon.colcon_core.event_reactor:joining thread
[2.973s] INFO:colcon.colcon_core.plugin_system:Skipping extension 'colcon_notification.desktop_notification.terminal_notifier': Not used on non-Darwin systems
[2.973s] INFO:colcon.colcon_core.plugin_system:Skipping extension 'colcon_notification.desktop_notification.win32': Not used on non-Windows systems
[2.973s] INFO:colcon.colcon_notification.desktop_notification:Sending desktop notification using 'notify2'
[2.996s] DEBUG:colcon.colcon_core.event_reactor:joined thread
[2.997s] INFO:colcon.colcon_core.shell:Creating prefix script '/home/rsa2021/python_ws/install/local_setup.ps1'
[2.998s] INFO:colcon.colcon_core.shell:Creating prefix util module '/home/rsa2021/python_ws/install/_local_setup_util_ps1.py'
[3.000s] INFO:colcon.colcon_core.shell:Creating prefix chain script '/home/rsa2021/python_ws/install/setup.ps1'
[3.006s] INFO:colcon.colcon_core.shell:Creating prefix script '/home/rsa2021/python_ws/install/local_setup.sh'
[3.007s] INFO:colcon.colcon_core.shell:Creating prefix util module '/home/rsa2021/python_ws/install/_local_setup_util_sh.py'
[3.007s] INFO:colcon.colcon_core.shell:Creating prefix chain script '/home/rsa2021/python_ws/install/setup.sh'
[3.010s] INFO:colcon.colcon_core.shell:Creating prefix script '/home/rsa2021/python_ws/install/local_setup.bash'
[3.014s] INFO:colcon.colcon_core.shell:Creating prefix chain script '/home/rsa2021/python_ws/install/setup.bash'
[3.017s] INFO:colcon.colcon_core.shell:Creating prefix script '/home/rsa2021/python_ws/install/local_setup.zsh'
[3.018s] INFO:colcon.colcon_core.shell:Creating prefix chain script '/home/rsa2021/python_ws/install/setup.zsh'
